George Eyre & Andrew Strahan,George Eyre ; Andrew Strahan,
George Eyre & Andrew Strahan,George Eyre ; Andrew Strahan,
George Eyre & Andrew Strahan,George Eyre ; Andrew Strahan,
George Eyre & Andrew Strahan,George Eyre ; Andrew Strahan,
George Eyre & Andrew Strahan,George Eyre ; Andrew Strahan,
George Eyre & Andrew Strahan,George Eyre ; Andrew Strahan,
George Eyre & Andrew Strahan,George Eyre ; Andrew Strahan,
George Eyre & Andrew Strahan,George Eyre ; Andrew Strahan,
George Eyre & Andrew Strahan,George Eyre ; Andrew Strahan,
George Eyre & Andrew Strahan,George Eyre ; Andrew Strahan,
George Eyre & Andrew Strahan,George Eyre ; Andrew Strahan,
George Eyre & Andrew Strahan,George Eyre ; Andrew Strahan,
George Eyre & Andrew Strahan,George Eyre ; Andrew Strahan,
George Eyre & Andrew Strahan,George Eyre ; Andrew Strahan,
George Eyre & Andrew Strahan,George Eyre ; Andrew Strahan,
George Eyre & Andrew Strahan,George Eyre ; Andrew Strahan,
George Eyre & Andrew Strahan,George Eyre ; Andrew Strahan,
George Eyre & Andrew Strahan,George Eyre ; Andrew Strahan,
George Eyre & Andrew Strahan,George Eyre ; Andrew Strahan,
George Eyre & Andrew Strahan,George Eyre ; Andrew Strahan,
George Eyre & Andrew Strahan,George Eyre ; Andrew Strahan,
George Eyre & Andrew Strahan,George Eyre ; Andrew Strahan,
George Eyre & Andrew Strahan,George Eyre ; Andrew Strahan,
George Eyre & Andrew Strahan,George Eyre ; Andrew Strahan,
George Eyre & Andrew Strahan,George Eyre ; Andrew Strahan,
George Eyre & Andrew Strahan,George Eyre ; Andrew Strahan,
George Eyre & Andrew Strahan,George Eyre ; Andrew Strahan,
George Eyre & Andrew Strahan,George Eyre ; Andrew Strahan,
George Eyre & Andrew Strahan,George Eyre ; Andrew Strahan,
George Eyre & Andrew Strahan,George Eyre ; Andrew Strahan,
George Eyre & Andrew Strahan,George Eyre ; Andrew Strahan,
George Eyre & Andrew Strahan,George Eyre ; Andrew Strahan,
George Eyre & Andrew Strahan,George Eyre ; Andrew Strahan,
George Eyre & Andrew Strahan,George Eyre ; Andrew Strahan,
George Eyre & Andrew Strahan,George Eyre ; Andrew Strahan,
George Eyre & Andrew Strahan,George Eyre ; Andrew Strahan,
George Eyre & Andrew Strahan,George Eyre ; Andrew Strahan,
George Eyre & Andrew Strahan,George Eyre ; Andrew Strahan,
George Eyre & Andrew Strahan,George Eyre ; Andrew Strahan,
George Eyre & Andrew Strahan,George Eyre ; Andrew Strahan,
George Eyre & Andrew Strahan,George Eyre ; Andrew Strahan,
George Eyre & Andrew Strahan,George Eyre ; Andrew Strahan,
George Eyre & Andrew Strahan,George Eyre ; Andrew Strahan,
George Eyre & Andrew Strahan,George Eyre ; Andrew Strahan,
George Eyre & Andrew Strahan,George Eyre ; Andrew Strahan,
George Eyre & Andrew Strahan,George Eyre ; Andrew Strahan,
George Eyre & Andrew Strahan,George Eyre ; Andrew Strahan,
George Eyre & Andrew Strahan,George Eyre ; Andrew Strahan,
George Eyre & Andrew Strahan,George Eyre ; Andrew Strahan,
George Eyre & Andrew Strahan,George Eyre ; Andrew Strahan,
George Eyre & Andrew Strahan,George Eyre ; Andrew Strahan,
George Eyre & Andrew Strahan,George Eyre ; Andrew Strahan,
George Eyre & Andrew Strahan,George Eyre ; Andrew Strahan,
George Eyre & Andrew Strahan,George Eyre ; Andrew Strahan,
George Eyre & Andrew Strahan,George Eyre ; Andrew Strahan,
George Eyre & Andrew Strahan,George Eyre ; Andrew Strahan,
George Eyre & Andrew Strahan,George Eyre ; Andrew Strahan,
George Eyre & Andrew Strahan,George Eyre ; Andrew Strahan,
George Eyre & Andrew Strahan,George Eyre ; Andrew Strahan,
George Eyre & Andrew Strahan,George Eyre ; Andrew Strahan,
George Eyre & Andrew Strahan,George Eyre ; Andrew Strahan,
George Eyre & Andrew Strahan,George Eyre ; Andrew Strahan,
George Eyre & Andrew Strahan,George Eyre ; Andrew Strahan,
George Eyre & Andrew Strahan,George Eyre ; Andrew Strahan,
George Eyre & Andrew Strahan,George Eyre ; Andrew Strahan,
George Eyre & Andrew Strahan,George Eyre ; Andrew Strahan,
George Eyre & Andrew Strahan,George Eyre ; Andrew Strahan,
George Eyre & Andrew Strahan,George Eyre ; Andrew Strahan,
George Eyre & Andrew Strahan,George Eyre ; Andrew Strahan,
George Eyre & Andrew Strahan,George Eyre ; Andrew Strahan,
George Eyre & Andrew Strahan,George Eyre ; Andrew Strahan,
George Eyre & Andrew Strahan,George Eyre ; Andrew Strahan,
George Eyre & Andrew Strahan,George Eyre ; Andrew Strahan,
George Eyre & Andrew Strahan,George Eyre ; Andrew Strahan,
George Eyre & Andrew Strahan,George Eyre ; Andrew Strahan,
George Eyre & Andrew Strahan,George Eyre ; Andrew Strahan,
George Eyre & Andrew Strahan,George Eyre ; Andrew Strahan,
George Eyre & Andrew Strahan,George Eyre ; Andrew Strahan,
George Eyre & Andrew Strahan,George Eyre ; Andrew Strahan,
George Eyre & Andrew Strahan,George Eyre ; Andrew Strahan,
George Eyre & Andrew Strahan,George Eyre ; Andrew Strahan,
George Eyre & Andrew Strahan,George Eyre ; Andrew Strahan,
George Eyre & Andrew Strahan,George Eyre ; Andrew Strahan,
George Eyre & Andrew Strahan,George Eyre ; Andrew Strahan,
George Eyre & Andrew Strahan,George Eyre ; Andrew Strahan,
George Eyre & Andrew Strahan,George Eyre ; Andrew Strahan,
George Eyre & Andrew Strahan,George Eyre ; Andrew Strahan,
George Eyre & Andrew Strahan,George Eyre ; Andrew Strahan,
George Eyre & Andrew Strahan,George Eyre ; Andrew Strahan,
George Eyre & Andrew Strahan,George Eyre ; Andrew Strahan,
George Eyre & Andrew Strahan,George Eyre ; Andrew Strahan,
George Eyre & Andrew Strahan,George Eyre ; Andrew Strahan,
George Eyre & Andrew Strahan,George Eyre ; Andrew Strahan,
George Eyre & Andrew Strahan,George Eyre ; Andrew Strahan,
George Eyre & Andrew Strahan,George Eyre ; Andrew Strahan,
George Eyre & Andrew Strahan,George Eyre ; Andrew Strahan,
George Eyre & Andrew Strahan,George Eyre ; Andrew Strahan,
George Eyre & Andrew Strahan,George Eyre ; Andrew Strahan,
George Eyre & Andrew Strahan,George Eyre ; Andrew Strahan,
George Eyre & Andrew Strahan,George Eyre ; Andrew Strahan,
George Eyre & Andrew Strahan,George Eyre ; Andrew Strahan,
George Eyre & Andrew Strahan,George Eyre ; Andrew Strahan,
George Eyre & Andrew Strahan,George Eyre ; Andrew Strahan,
George Eyre & Andrew Strahan,George Eyre ; Andrew Strahan,
George Eyre & Andrew Strahan,George Eyre ; Andrew Strahan,
George Eyre & Andrew Strahan,George Eyre ; Andrew Strahan,
George Eyre & Andrew Strahan,George Eyre ; Andrew Strahan,
George Eyre & Andrew Strahan,George Eyre ; Andrew Strahan,
George Eyre & Andrew Strahan,George Eyre ; Andrew Strahan,
George Eyre & Andrew Strahan,George Eyre ; Andrew Strahan,
George Eyre & Andrew Strahan,George Eyre ; Andrew Strahan,
George Eyre & Andrew Strahan,George Eyre ; Andrew Strahan,
George Eyre & Andrew Strahan,George Eyre ; Andrew Strahan,
George Eyre & Andrew Strahan,George Eyre ; Andrew Strahan,
George Eyre & Andrew Strahan,George Eyre ; Andrew Strahan,
George Eyre & Andrew Strahan,George Eyre ; Andrew Strahan,
George Eyre & Andrew Strahan,George Eyre ; Andrew Strahan,
George Eyre & Andrew Strahan,George Eyre ; Andrew Strahan,
George Eyre & Andrew Strahan,George Eyre ; Andrew Strahan,
George Eyre & Andrew Strahan,George Eyre ; Andrew Strahan,
George Eyre & Andrew Strahan,George Eyre ; Andrew Strahan,
George Eyre & Andrew Strahan,George Eyre ; Andrew Strahan,
George Eyre & Andrew Strahan,George Eyre ; Andrew Strahan,
George Eyre & Andrew Strahan,George Eyre ; Andrew Strahan,
George Eyre & Andrew Strahan,George Eyre ; Andrew Strahan,
George Eyre & Andrew Strahan,George Eyre ; Andrew Strahan,
George Eyre & Andrew Strahan,George Eyre ; Andrew Strahan,
George Eyre & Andrew Strahan,George Eyre ; Andrew Strahan,
George Eyre & Andrew Strahan,George Eyre ; Andrew Strahan,
George Eyre & Andrew Strahan,George Eyre ; Andrew Strahan,
George Eyre & Andrew Strahan,George Eyre ; Andrew Strahan,
George Eyre & Andrew Strahan,George Eyre ; Andrew Strahan,
George Eyre & Andrew Strahan,George Eyre ; Andrew Strahan,
George Eyre & Andrew Strahan,George Eyre ; Andrew Strahan,
George Eyre & Andrew Strahan,George Eyre ; Andrew Strahan,
George Eyre & Andrew Strahan,George Eyre ; Andrew Strahan,
George Eyre & Andrew Strahan,George Eyre ; Andrew Strahan,
George Eyre & Andrew Strahan,George Eyre ; Andrew Strahan,
George Eyre & Andrew Strahan,George Eyre ; Andrew Strahan,
George Eyre & Andrew Strahan,George Eyre ; Andrew Strahan,
George Eyre & Andrew Strahan,George Eyre ; Andrew Strahan,
George Eyre & Andrew Strahan,George Eyre ; Andrew Strahan,
George Eyre & Andrew Strahan,George Eyre ; Andrew Strahan,
George Eyre & Andrew Strahan,George Eyre ; Andrew Strahan,
George Eyre & Andrew Strahan,George Eyre ; Andrew Strahan,
George Eyre & Andrew Strahan,George Eyre ; Andrew Strahan,
George Eyre & Andrew Strahan,George Eyre ; Andrew Strahan,
George Eyre & Andrew Strahan,George Eyre ; Andrew Strahan,
George Eyre & Andrew Strahan,George Eyre ; Andrew Strahan,
George Eyre & Andrew Strahan,George Eyre ; Andrew Strahan,
George Eyre & Andrew Strahan,George Eyre ; Andrew Strahan,
George Eyre & Andrew Strahan,George Eyre ; Andrew Strahan,
George Eyre & Andrew Strahan,George Eyre ; Andrew Strahan,
George Eyre & Andrew Strahan,George Eyre ; Andrew Strahan,
George Eyre & Andrew Strahan,George Eyre ; Andrew Strahan,
George Eyre & Andrew Strahan,George Eyre ; Andrew Strahan,
George Eyre & Andrew Strahan,George Eyre ; Andrew Strahan,
George Eyre & Andrew Strahan,George Eyre ; Andrew Strahan,
George Eyre & Andrew Strahan,George Eyre ; Andrew Strahan,
George Eyre & Andrew Strahan,George Eyre ; Andrew Strahan,
George Eyre & Andrew Strahan,George Eyre ; Andrew Strahan,
George Eyre & Andrew Strahan,George Eyre ; Andrew Strahan,
George Eyre & Andrew Strahan,George Eyre ; Andrew Strahan,
George Eyre & Andrew Strahan,George Eyre ; Andrew Strahan,
George Eyre & Andrew Strahan,George Eyre ; Andrew Strahan,
George Eyre & Andrew Strahan,George Eyre ; Andrew Strahan,
George Eyre & Andrew Strahan,George Eyre ; Andrew Strahan,
George Eyre & Andrew Strahan,George Eyre ; Andrew Strahan,
George Eyre & Andrew Strahan,George Eyre ; Andrew Strahan,
George Eyre & Andrew Strahan,George Eyre ; Andrew Strahan,
George Eyre & Andrew Strahan,George Eyre ; Andrew Strahan,
George Eyre & Andrew Strahan,George Eyre ; Andrew Strahan,
George Eyre & Andrew Strahan,George Eyre ; Andrew Strahan,
George Eyre & Andrew Strahan,George Eyre ; Andrew Strahan,
George Eyre & Andrew Strahan,George Eyre ; Andrew Strahan,
George Eyre & Andrew Strahan,George Eyre ; Andrew Strahan,
George Eyre & Andrew Strahan,George Eyre ; Andrew Strahan,
George Eyre & Andrew Strahan,George Eyre ; Andrew Strahan,
George Eyre & Andrew Strahan,George Eyre ; Andrew Strahan,
George Eyre & Andrew Strahan,George Eyre ; Andrew Strahan,
George Eyre & Andrew Strahan,George Eyre ; Andrew Strahan,
George Eyre & Andrew Strahan,George Eyre ; Andrew Strahan,
George Eyre & Andrew Strahan,George Eyre ; Andrew Strahan,
George Eyre & Andrew Strahan,George Eyre ; Andrew Strahan,
George Eyre & Andrew Strahan,George Eyre ; Andrew Strahan,
George Eyre & Andrew Strahan,George Eyre ; Andrew Strahan,
George Eyre & Andrew Strahan,George Eyre ; Andrew Strahan,
George Eyre & Andrew Strahan,George Eyre ; Andrew Strahan,
George Eyre & Andrew Strahan,George Eyre ; Andrew Strahan,
George Eyre & Andrew Strahan,George Eyre ; Andrew Strahan,
George Eyre & Andrew Strahan,George Eyre ; Andrew Strahan,
George Eyre & Andrew Strahan,George Eyre ; Andrew Strahan,
George Eyre & Andrew Strahan,George Eyre ; Andrew Strahan,
George Eyre & Andrew Strahan,George Eyre ; Andrew Strahan,
George Eyre & Andrew Strahan,George Eyre ; Andrew Strahan,
George Eyre & Andrew Strahan,George Eyre ; Andrew Strahan,
George Eyre & Andrew Strahan,George Eyre ; Andrew Strahan,
George Eyre & Andrew Strahan,George Eyre ; Andrew Strahan,
George Eyre & Andrew Strahan,George Eyre ; Andrew Strahan,
George Eyre & Andrew Strahan,George Eyre ; Andrew Strahan,
George Eyre & Andrew Strahan,George Eyre ; Andrew Strahan,
George Eyre & Andrew Strahan,George Eyre ; Andrew Strahan,
George Eyre & Andrew Strahan,George Eyre ; Andrew Strahan,
George Eyre & Andrew Strahan,George Eyre ; Andrew Strahan,
George Eyre & Andrew Strahan,George Eyre ; Andrew Strahan,
George Eyre & Andrew Strahan,George Eyre ; Andrew Strahan,
George Eyre & Andrew Strahan,George Eyre ; Andrew Strahan,
George Eyre & Andrew Strahan,George Eyre ; Andrew Strahan,
George Eyre & Andrew Strahan,George Eyre ; Andrew Strahan,
George Eyre & Andrew Strahan,George Eyre ; Andrew Strahan,
George Eyre & Andrew Strahan,George Eyre ; Andrew Strahan,
George Eyre & Andrew Strahan,George Eyre ; Andrew Strahan,
George Eyre & Andrew Strahan,George Eyre ; Andrew Strahan,
George Eyre & Andrew Strahan,George Eyre ; Andrew Strahan,
George Eyre & Andrew Strahan,George Eyre ; Andrew Strahan,
George Eyre & Andrew Strahan,George Eyre ; Andrew Strahan,
George Eyre & Andrew Strahan,George Eyre ; Andrew Strahan,
George Eyre & Andrew Strahan,George Eyre ; Andrew Strahan,
George Eyre & Andrew Strahan,George Eyre ; Andrew Strahan,
George Eyre & Andrew Strahan,George Eyre ; Andrew Strahan,
George Eyre & Andrew Strahan,George Eyre ; Andrew Strahan,
George Eyre & Andrew Strahan,George Eyre ; Andrew Strahan,
George Eyre & Andrew Strahan,George Eyre ; Andrew Strahan,
George Eyre & Andrew Strahan,George Eyre ; Andrew Strahan,
George Eyre & Andrew Strahan,George Eyre ; Andrew Strahan,
George Eyre & Andrew Strahan,George Eyre ; Andrew Strahan,
George Eyre & Andrew Strahan,George Eyre ; Andrew Strahan,
George Eyre & Andrew Strahan,George Eyre ; Andrew Strahan,
George Eyre & Andrew Strahan,George Eyre ; Andrew Strahan,
George Eyre & Andrew Strahan,George Eyre ; Andrew Strahan,
George Eyre & Andrew Strahan,George Eyre ; Andrew Strahan,
George Eyre & Andrew Strahan,George Eyre ; Andrew Strahan,
George Eyre & Andrew Strahan,George Eyre ; Andrew Strahan,
George Eyre & Andrew Strahan,George Eyre ; Andrew Strahan,
George Eyre & Andrew Strahan,George Eyre ; Andrew Strahan,
George Eyre & Andrew Strahan,George Eyre ; Andrew Strahan,
George Eyre & Andrew Strahan,George Eyre ; Andrew Strahan,
George Eyre & Andrew Strahan,George Eyre ; Andrew Strahan,
George Eyre & Andrew Strahan,George Eyre ; Andrew Strahan,
George Eyre & Andrew Strahan,George Eyre ; Andrew Strahan,
George Eyre & Andrew Strahan,George Eyre ; Andrew Strahan,
George Eyre & Andrew Strahan,George Eyre ; Andrew Strahan,
George Eyre & Andrew Strahan,George Eyre ; Andrew Strahan,
George Eyre & Andrew Strahan,George Eyre ; Andrew Strahan,
George Eyre & Andrew Strahan,George Eyre ; Andrew Strahan,
George Eyre & Andrew Strahan,George Eyre ; Andrew Strahan,
George Eyre & Andrew Strahan,George Eyre ; Andrew Strahan,
George Eyre & Andrew Strahan,George Eyre ; Andrew Strahan,
George Eyre & Andrew Strahan,George Eyre ; Andrew Strahan,
George Eyre & Andrew Strahan,George Eyre ; Andrew Strahan,
George Eyre & Andrew Strahan,George Eyre ; Andrew Strahan,
George Eyre & Andrew Strahan,George Eyre ; Andrew Strahan,
George Eyre & Andrew Strahan,George Eyre ; Andrew Strahan,
George Eyre & Andrew Strahan,George Eyre ; Andrew Strahan,
George Eyre & Andrew Strahan,George Eyre ; Andrew Strahan,
George Eyre & Andrew Strahan,George Eyre ; Andrew Strahan,
George Eyre & Andrew Strahan,George Eyre ; Andrew Strahan,
George Eyre & Andrew Strahan,George Eyre ; Andrew Strahan,
George Eyre & Andrew Strahan,George Eyre ; Andrew Strahan,
George Eyre & Andrew Strahan,George Eyre ; Andrew Strahan,
George Eyre & Andrew Strahan,George Eyre ; Andrew Strahan,
George Eyre & Andrew Strahan,George Eyre ; Andrew Strahan,
George Eyre & Andrew Strahan,George Eyre ; Andrew Strahan,
George Eyre & Andrew Strahan,George Eyre ; Andrew Strahan,
George Eyre & Andrew Strahan,George Eyre ; Andrew Strahan,
George Eyre & Andrew Strahan,George Eyre ; Andrew Strahan,
George Eyre & Andrew Strahan,George Eyre ; Andrew Strahan,
George Eyre & Andrew Strahan,George Eyre ; Andrew Strahan,
George Eyre & Andrew Strahan,George Eyre ; Andrew Strahan,
George Eyre & Andrew Strahan,George Eyre ; Andrew Strahan,
George Eyre & Andrew Strahan,George Eyre ; Andrew Strahan,
George Eyre & Andrew Strahan,George Eyre ; Andrew Strahan,
George Eyre & Andrew Strahan,George Eyre ; Andrew Strahan,
George Eyre & Andrew Strahan,George Eyre ; Andrew Strahan,
George Eyre & Andrew Strahan,George Eyre ; Andrew Strahan,
George Eyre & Andrew Strahan,George Eyre ; Andrew Strahan,
George Eyre & Andrew Strahan,George Eyre ; Andrew Strahan,
George Eyre & Andrew Strahan,George Eyre ; Andrew Strahan,
George Eyre & Andrew Strahan,George Eyre ; Andrew Strahan,
George Eyre & Andrew Strahan,George Eyre ; Andrew Strahan,
George Eyre & Andrew Strahan,George Eyre ; Andrew Strahan,
George Eyre & Andrew Strahan,George Eyre ; Andrew Strahan,
George Eyre & Andrew Strahan,George Eyre ; Andrew Strahan,
George Eyre & Andrew Strahan,George Eyre ; Andrew Strahan,
George Eyre & Andrew Strahan,George Eyre ; Andrew Strahan,
George Eyre & Andrew Strahan,George Eyre ; Andrew Strahan,
George Eyre & Andrew Strahan,George Eyre ; Andrew Strahan,
George Eyre & Andrew Strahan,George Eyre ; Andrew Strahan,
George Eyre & Andrew Strahan,George Eyre ; Andrew Strahan,
George Eyre & Andrew Strahan,George Eyre ; Andrew Strahan,
George Eyre & Andrew Strahan,George Eyre ; Andrew Strahan,
George Eyre & Andrew Strahan,George Eyre ; Andrew Strahan,
George Eyre & Andrew Strahan,George Eyre ; Andrew Strahan,
George Eyre & Andrew Strahan,George Eyre ; Andrew Strahan,
George Eyre & Andrew Strahan,George Eyre ; Andrew Strahan,
George Eyre & Andrew Strahan,George Eyre ; Andrew Strahan,
George Eyre & Andrew Strahan,George Eyre ; Andrew Strahan,
George Eyre & Andrew Strahan,George Eyre ; Andrew Strahan,
George Eyre & Andrew Strahan,George Eyre ; Andrew Strahan,
George Eyre & Andrew Strahan,George Eyre ; Andrew Strahan,
George Eyre & Andrew Strahan,George Eyre ; Andrew Strahan,
George Eyre & Andrew Strahan,George Eyre ; Andrew Strahan,
George Eyre & Andrew Strahan,George Eyre ; Andrew Strahan,
George Eyre & Andrew Strahan,George Eyre ; Andrew Strahan,
George Eyre & Andrew Strahan,George Eyre ; Andrew Strahan,
George Eyre & Andrew Strahan,George Eyre ; Andrew Strahan,
George Eyre & Andrew Strahan,George Eyre ; Andrew Strahan,
George Eyre & Andrew Strahan,George Eyre ; Andrew Strahan,
George Eyre & Andrew Strahan,George Eyre ; Andrew Strahan,
George Eyre & Andrew Strahan,George Eyre ; Andrew Strahan,
George Eyre & Andrew Strahan,George Eyre ; Andrew Strahan,
George Eyre & Andrew Strahan,George Eyre ; Andrew Strahan,
George Eyre & Andrew Strahan,George Eyre ; Andrew Strahan,
George Eyre & Andrew Strahan,George Eyre ; Andrew Strahan,
George Eyre & Andrew Strahan,George Eyre ; Andrew Strahan,
George Eyre & Andrew Strahan,George Eyre ; Andrew Strahan,
George Eyre & Andrew Strahan,George Eyre ; Andrew Strahan,
George Eyre & Andrew Strahan,George Eyre ; Andrew Strahan,
George Eyre & Andrew Strahan,George Eyre ; Andrew Strahan,
George Eyre & Andrew Strahan,George Eyre ; Andrew Strahan,
George Eyre & Andrew Strahan,George Eyre ; Andrew Strahan,
George Eyre & Andrew Strahan,George Eyre ; Andrew Strahan,
George Eyre & Andrew Strahan,George Eyre ; Andrew Strahan,
George Eyre & Andrew Strahan,George Eyre ; Andrew Strahan,
George Eyre & Andrew Strahan,George Eyre ; Andrew Strahan,
George Eyre & Andrew Strahan,George Eyre ; Andrew Strahan,
George Eyre & Andrew Strahan,George Eyre ; Andrew Strahan,
George Eyre & Andrew Strahan,George Eyre ; Andrew Strahan,
George Eyre & Andrew Strahan,George Eyre ; Andrew Strahan,
George Eyre & Andrew Strahan,George Eyre ; Andrew Strahan,
George Eyre & Andrew Strahan,George Eyre ; Andrew Strahan,
George Eyre & Andrew Strahan,George Eyre ; Andrew Strahan,
George Eyre & Andrew Strahan,George Eyre ; Andrew Strahan,
George Eyre & Andrew Strahan,George Eyre ; Andrew Strahan,
George Eyre & Andrew Strahan,George Eyre ; Andrew Strahan,
George Eyre & Andrew Strahan,George Eyre ; Andrew Strahan,
George Eyre & Andrew Strahan ; King's most Excellent,George Eyre ; Andrew Strahan ; King's most Excellent,
George Eyre & Andrew Strahan ; King's most Excellent,George Eyre ; Andrew Strahan ; King's most Excellent,
George Eyre & Andrew Strahan ; King's most Excellent,George Eyre ; Andrew Strahan ; King's most Excellent,
George Eyre & Andrew Strahan ; King's most Excellent,George Eyre ; Andrew Strahan ; King's most Excellent,
George Eyre & Andrew Strahan ; King's most Excellent,George Eyre ; Andrew Strahan ; King's most Excellent,
George Eyre & Andrew Strahan ; King's most Excellent,George Eyre ; Andrew Strahan ; King's most Excellent,
George Eyre & Andrew Strahan ; King's most Excellent,George Eyre ; Andrew Strahan ; King's most Excellent,
George Eyre & Andrew Strahan ; King's most Excellent,George Eyre ; Andrew Strahan ; King's most Excellent,
George Eyre & Andrew Strahan ; King's most Excellent,George Eyre ; Andrew Strahan ; King's most Excellent,
George Eyre & Andrew Strahan ; King's most excellent,George Eyre ; Andrew Strahan ; King's most excellent,
George Eyre & Andrew Strahan ; King's Most Excellent,George Eyre ; Andrew Strahan ; King's Most Excellent,
George Eyre & Andrew Strahan ; King's most Excellent,George Eyre ; Andrew Strahan ; King's most Excellent,
George Eyre & Andrew Strahan ; King's most excellent,George Eyre ; Andrew Strahan ; King's most excellent,
George Eyre & Andrew Strahan ; King's most Excellent,George Eyre ; Andrew Strahan ; King's most Excellent,
George Eyre & Andrew Strahan ; King's most Excellent,George Eyre ; Andrew Strahan ; King's most Excellent,
George Eyre & Andrew Strahan ; King's most Excellent,George Eyre ; Andrew Strahan ; King's most Excellent,
George Eyre & Andrew Strahan ; King's most excellent,George Eyre ; Andrew Strahan ; King's most excellent,
George Eyre & Andrew Strahan ; King's most Excellent,George Eyre ; Andrew Strahan ; King's most Excellent,
George Eyre & Andrew Strahan ; King's Most Excellent,George Eyre ; Andrew Strahan ; King's Most Excellent,
George Eyre & Andrew Strahan ; King's Most Excellent,George Eyre ; Andrew Strahan ; King's Most Excellent,
George Eyre & Andrew Strahan ; King's Most Excellent,George Eyre ; Andrew Strahan ; King's Most Excellent,
George Eyre & Andrew Strahan ; King's most Excellent,George Eyre ; Andrew Strahan ; King's most Excellent,
George Eyre & Andrew Strahan ; King's most Excellent,George Eyre ; Andrew Strahan ; King's most Excellent,
George Eyre & Andrew Strahan ; King's most Excellent,George Eyre ; Andrew Strahan ; King's most Excellent,
George Eyre & Andrew Strahan ; King's most Excellent,George Eyre ; Andrew Strahan ; King's most Excellent,
George Eyre & Andrew Strahan ; King's most Excellent,George Eyre ; Andrew Strahan ; King's most Excellent,
George Eyre & Andrew Strahan ; King's Most Excellent,George Eyre ; Andrew Strahan ; King's Most Excellent,
George Eyre & Andrew Strahan ; King's most Excellent,George Eyre ; Andrew Strahan ; King's most Excellent,
George Eyre & Andrew Strahan ; King's most Excellent,George Eyre ; Andrew Strahan ; King's most Excellent,
George Eyre & Andrew Strahan ; King's Most Excellent,George Eyre ; Andrew Strahan ; King's Most Excellent,
George Eyre & Andrew Strahan ; King's Most Excellent,George Eyre ; Andrew Strahan ; King's Most Excellent,
George Eyre & Andrew Strahan ; King's most Excellent,George Eyre ; Andrew Strahan ; King's most Excellent,
George Eyre & Andrew Strahan ; King's most Excellent,George Eyre ; Andrew Strahan ; King's most Excellent,
George Eyre & Andrew Strahan ; King's most Excellent,George Eyre ; Andrew Strahan ; King's most Excellent,
George Eyre & Andrew Strahan ; King's most Excellent,George Eyre ; Andrew Strahan ; King's most Excellent,
George Eyre & Andrew Strahan ; King's most Excellent,George Eyre ; Andrew Strahan ; King's most Excellent,
George Eyre & Andrew Strahan ; King's most Excellent,George Eyre ; Andrew Strahan ; King's most Excellent,
George Eyre & Andrew Strahan ; King's most Excellent,George Eyre ; Andrew Strahan ; King's most Excellent,
George Eyre & Andrew Strahan ; King's most Excellent,George Eyre ; Andrew Strahan ; King's most Excellent,
George Eyre & Andrew Strahan ; King's most Excellent,George Eyre ; Andrew Strahan ; King's most Excellent,
George Eyre & Andrew Strahan ; King's most Excellent,George Eyre ; Andrew Strahan ; King's most Excellent,
George Eyre & Andrew Strahan ; King's most Excellent,George Eyre ; Andrew Strahan ; King's most Excellent,
George Eyre & Andrew Strahan ; King's most Excellent,George Eyre ; Andrew Strahan ; King's most Excellent,
George Eyre & Andrew Strahan ; King's most Excellent,George Eyre ; Andrew Strahan ; King's most Excellent,
George Eyre & Andrew Strahan ; King's most Excellent,George Eyre ; Andrew Strahan ; King's most Excellent,
George Eyre & Andrew Strahan ; King's most Excellent,George Eyre ; Andrew Strahan ; King's most Excellent,
George Eyre & Andrew Strahan ; King's most Excellent,George Eyre ; Andrew Strahan ; King's most Excellent,
George Eyre & Andrew Strahan ; King's most Excellent,George Eyre ; Andrew Strahan ; King's most Excellent,
George Eyre & Andrew Strahan ; King's most Excellent,George Eyre ; Andrew Strahan ; King's most Excellent,
George Eyre & Andrew Strahan ; King's most Excellent,George Eyre ; Andrew Strahan ; King's most Excellent,
George Eyre & Andrew Strahan ; King's most Excellent,George Eyre ; Andrew Strahan ; King's most Excellent,
George Eyre & Andrew Strahan ; King's most Excellent,George Eyre ; Andrew Strahan ; King's most Excellent,
George Eyre & Andrew Strahan ; King's most Excellent,George Eyre ; Andrew Strahan ; King's most Excellent,
George Eyre & Andrew Strahan ; King's most Excellent,George Eyre ; Andrew Strahan ; King's most Excellent,
George Eyre & Andrew Strahan ; King's Most Excellent,George Eyre ; Andrew Strahan ; King's Most Excellent,
George Eyre & Andrew Strahan ; King's Most Excellent,George Eyre ; Andrew Strahan ; King's Most Excellent,
George Eyre & Andrew Strahan ; King's most excellent,George Eyre ; Andrew Strahan ; King's most excellent,
George Eyre & Andrew Strahan ; King's most excellent ; tothe,George Eyre ; Andrew Strahan ; King's most excellent ; tothe,
George Goulding ; John Stockdale,George Goulding ; John Stockdale,
George Goulding ; John Stockdale,George Goulding ; John Stockdale,
George Goulding ; John Walker,George Goulding ; John Walker,
George Goulding, James Street, Covent Garden ; John Stockdale, opposite Burlington-House, Piccadilly,George Goulding, James Street, Covent Garden ; John Stockdale, opposite Burlington-House, Piccadilly,
George Goulding, James Street, Covent Garden ; John Stockdale, Piccadilly,George Goulding, James Street, Covent Garden ; John Stockdale, Piccadilly,
George Goulding, James Street, Covent Garden ; sold by John Stockdale, Piccadilly,George Goulding, James Street, Covent Garden ; John Stockdale, Piccadilly,
George Goulding, James-Street Covent-Garden ; John Walker, NO. 44, Paternoster-Row,George Goulding, James-Street Covent-Garden ; John Walker, NO. 44, Paternoster-Row,
George Goulding, James-Street, Covent-Garden ; John Walker, No. 44, Paternoster-Row,George Goulding, James-Street, Covent-Garden ; John Walker, No. 44, Paternoster-Row,
George Goulding, James-Street, Covent-Garden ; John Walker, No. 44, Paternoster-Row,George Goulding, James-Street, Covent-Garden ; John Walker, No. 44, Paternoster-Row,
George Goulding, James-Street, Covent-Garden ; John Walker, No. 44, Paternoster-Row,George Goulding, James-Street, Covent-Garden ; John Walker, No. 44, Paternoster-Row,
George Gower,George Gower,
George Gower,George Gower,
George Gower,George Gower,
George Greenhill ; Ludgate-Street ; sold by Robert Horsfield ; their Hall,George Greenhill ; Ludgate-Street ; Robert Horsfield ; their Hall,
George Greenhill ; Sold by Robert Horsfield ; their Hall,George Greenhill ; Sold Robert Horsfield ; their Hall,
George Greenhill ; sold by Robert Horsfield ; their Hall, Ludgate-Street,George Greenhill ; Robert Horsfield ; their Hall, Ludgate-Street,
George Herdsfield,George Herdsfield,
George Jermyn,George Jermyn,
George Jermyn,George Jermyn,
George Jermyn,George Jermyn,
George Jermyn,George Jermyn,
George Jermyn,George Jermyn,
George Jermyn,George Jermyn,
George Jermyn,George Jermyn,
George Jermyn,George Jermyn,
George Jermyn,George Jermyn,
George Jermyn,George Jermyn,
George Jermyn,George Jermyn,
George Jermyn,George Jermyn,
George Jermyn,George Jermyn,
George Jermyn,George Jermyn,
George Jermyn,George Jermyn,
George Jermyn,George Jermyn,
George Jermyn,George Jermyn,
George Jermyn,George Jermyn,
George Jermyn,George Jermyn,
George Jermyn,George Jermyn,
George Jermyn,George Jermyn,
George Jermyn,George Jermyn,
George Jermyn,George Jermyn,
George Jermyn,George Jermyn,
George Jermyn,George Jermyn,
George Jermyn,George Jermyn,
George Jermyn,George Jermyn,
George Jermyn,George Jermyn,
George Jermyn,George Jermyn,
George Jermyn,George Jermyn,
George Jermyn,George Jermyn,
George Jermyn,George Jermyn,
George Jermyn ; J. Johnson, No. 72, St. Paul's Church-Yard, London ; sold by B. Law, No. 13, Avemary-Lane,George Jermyn ; J. Johnson, No. 72, St. Paul's Church-Yard, London ; B. Law, No. 13, Avemary-Lane,
George Jermyn ; Messrs. Rivingtons, St. Paul's Church-Yard ; T. Conder, Bucklersbury, London ; sold by Messrs. Cadell & Davies, Strand,George Jermyn ; Messrs. Rivingtons, St. Paul's Church-Yard ; T. Conder, Bucklersbury, London ; Messrs. Cadell ; Davies,,
George Jermyn ; sold by F & C. Rivington, ST. Paul's Church-Yard, London,George Jermyn ; F ; C. Rivington, ST. Paul's Church-Yard, London,
George Kearsley,George Kearsley,
George Kearsley ; Johnson's Head Fleet-Street,George Kearsley ; Johnson's Head Fleet-Street,
George Kearsley ; Peter Hill, Edinburgh,George Kearsley ; Peter Hill,,
George Kearsley, Johnson's Head, Fleet-Street,George Kearsley, Johnson's Head, Fleet-Street,
George Lister, no. 46, Old Bailey ; Great-Britain & Ireland ; news-carriers ; sold,George Lister, no. 46, Old Bailey ; Great-Britain ; Ireland ; news-carriers,
George Nichol ; John Nichols ; Pall-Mall,George Nichol ; John Nichols ; Pall-Mall,
George Nicholson,George Nicholson,
George Nicholson,George Nicholson,
George Nicholson,George Nicholson,
George Nicholson,George Nicholson,
George Nicholson,George Nicholson,
George Nicholson,George Nicholson,
George Nicholson ; sold by him & T. Knott, No, 47. Lombard-Street, London,George Nicholson ; him ; T. Knott, No, 47. Lombard-Street, London,
George Nicholson ; sold by T. Knott, No. 47, Lombard-Street. London,George Nicholson ; T. Knott, No. 47, Lombard-Street. London,
George Nicholson ; T. Knott, No. 47, Lombard-Street, London ; sold by John Nicholson, Kirkgate, Bradforth,George Nicholson ; T. Knott, No. 47, Lombard-Street, London ; John Nicholson, Kirkgate, Bradforth,
George Nicholson, Bradford ; sold in London by J. Johnson, & T. Knott,George Nicholson, Bradford ; London J. Johnson, ; T. Knott,
George Nicholson, Bradford ; T. Knott, Lombard-Street ; sold in London by J. Johnson, St. Paul's Church-Yard,George Nicholson, Bradford ; T. Knott, Lombard-Street ; London J. Johnson, St. Paul's Church-Yard,
George Nicholson, sold by T. Knott, 47, Lombard-Street, London ; J. Clarke, Stockport ; J. Thomson, Manchester ; T. Boden,George Nicholson, T. Knott, 47, Lombard-Street, London ; J. Clarke, Stockport ; J. Thomson, Manchester ; T. Boden,
George Nicholson. Anno,George Nicholson. Anno,
George Nicholson's office, 9, Spring-Gardens,George Nicholson's office, 9, Spring-Gardens,
George Nicholson's Office, NO. 9, Spring-Gardens,George Nicholson's Office, NO. 9, Spring-Gardens,
George Nicol,George Nicol,
George Nicol,George Nicol,
George Nicol,George Nicol,
George Nicol,George Nicol,
George Nicol,George Nicol,
George Nicol,George Nicol,
George Nicol,George Nicol,
George Nicol,George Nicol,
George Nicol,George Nicol,
George Nicol,George Nicol,
George Nicol ; J. Johnson,George Nicol ; J. Johnson,
George Nicol ; J. Johnson, St. Paul's Churchyard,George Nicol ; J. Johnson, St. Paul's Churchyard,
George Nicol ; John & Josiah Boydell ; Shakespeare Printing-Office ; W. Bulmer ; types of W. Martin,George Nicol ; John ; Josiah Boydell ; Shakespeare Printing-Office ; W. Bulmer ; types of W. Martin,
George Nicol ; John & Josiah Boydell ; W. Bulmer ; types of W. Martin,George Nicol ; John ; Josiah Boydell ; W. Bulmer ; types of W. Martin,
George Nicol ; John Bell, Edinburgh ; John Nichols,George Nicol ; John Bell, ; John Nichols,
George Nicol ; John Nichols ; Pall-Mall,George Nicol ; John Nichols ; Pall-Mall,
George Nicol ; John Richardson,George Nicol ; John Richardson,
George Nicol ; Pall Mall,George Nicol ; Pall Mall,
George Nicol ; Shakspeare Printing-Office ; W. Bulmer,George Nicol ; Shakspeare Printing-Office ; W. Bulmer,
George Nicol ; W. Bulmer,George Nicol ; W. Bulmer,
George Nicol ; W. Bulmer,George Nicol ; W. Bulmer,
George Nicol ; W. Bulmer,George Nicol ; W. Bulmer,
George Nicol ; W. Bulmer,George Nicol ; W. Bulmer,
George Nicol ; W. Bulmer,George Nicol ; W. Bulmer,
George Nicol ; W. Bulmer,George Nicol ; W. Bulmer,
George Nicol ; W. Bulmer,George Nicol ; W. Bulmer,
George Nicol, Pall-Mall,George Nicol, Pall-Mall,
George Prince,George Prince,
George Prince ; Scale-Lane ; sold at the New Chapel, City Road, London,George Prince ; Scale-Lane ; at New Chapel, City Road, London,
George Riebau ; Hebrews,George Riebau ; Hebrews,
George Riebau, No. 34, Butcher-Row, Temple Bar,George Riebau, No. 34, Butcher-Row, Temple Bar,
George Riley,George Riley,
George Riley,George Riley,
George Riley,George Riley,
George Riley,George Riley,
George Riley,George Riley,
George Riley,George Riley,
George Riley, No 33, Ludgate-Street, where advertisements, letters ; news-carriers ; orders, are received & sold,George Riley, No 33, Ludgate-Street, where advertisements, letters ; news-carriers ; orders, are received ;,
George Roulstone,George Roulstone,
George Roulstone ; their office in Court Street,George Roulstone ; their office Court Street,
George Roulstone & John R. Parrington,George Roulstone ; John R. Parrington,
George Routh ; T. Mills,George Routh ; T. Mills,
George Stafford,George Stafford,
George Stafford,George Stafford,
George Stafford ; J. Debrett,George Stafford ; J. Debrett,
George Stafford ; J. Johnson ; L. Davis,George Stafford ; J. Johnson ; L. Davis,
George Stafford ; sold by Thomas Payne,George Stafford ; Thomas Payne,
George Stafford, Crane Court, Fleet Street,George Stafford, Crane Court, Fleet Street,
George Stafford, Crane Court, Fleet Street,George Stafford, Crane Court, Fleet Street,
George Stafford, Crane Court, Fleet-Street,George Stafford, Crane Court, Fleet-Street,
George Stafford, Crane-Court, Fleet-Street,George Stafford, Crane-Court, Fleet-Street,
George Stafford, Crane-Court, Fleet-Street,George Stafford, Crane-Court, Fleet-Street,
George Stafford, Crane-Court, Fleet-Street,George Stafford, Crane-Court, Fleet-Street,
George Stafford, Grant-Court, Fleet-Street,George Stafford, Grant-Court, Fleet-Street,
George street, Foster-lane, Cheapside ; J. Adlard, Duke-street, West Smithfield & sold by W. Treppass,George street, Foster-lane, Cheapside ; J. Adlard, Duke-street, West Smithfield ; W. Treppass,
George Walker, No. 106, Great Portland Street ; Hurst, No. 32, Paternoster Row,George Walker, No. 106, Great Portland Street ; Hurst, No. 32, Paternoster Row,
George Whitfield ; sold at the Methodist preaching-houses in town & country,George Whitfield ; at Methodist preaching-houses town ; country,
George Whitfield ; sold at the Methodist preaching-houses in town & country,George Whitfield ; at Methodist preaching-houses town ; country,
George Whitfield ; sold at the Methodist preaching-houses in town & country,George Whitfield ; at Methodist preaching-houses town ; country,
George Whitfield City-Road ; sold at the Methodist Preaching-Houses in Town & Country,George Whitfield City-Road ; at Methodist Preaching-Houses Town ; Country,
George Whitfield, City-Road ; sold at the Methodist preaching-houses in town & country,George Whitfield, City-Road ; at Methodist preaching-houses town ; country,
George Whitfield, City-Road ; sold at the Methodist preaching-houses in town & country,George Whitfield, City-Road ; at Methodist preaching-houses town ; country,
George Whitfield, City-Road ; sold at the Methodist preaching-houses in town & country,George Whitfield, City-Road ; at Methodist preaching-houses town ; country,
George Whitfield, City-Road ; sold at the Methodist preaching-houses in town & country,George Whitfield, City-Road ; at Methodist preaching-houses town ; country,
George Whitfield, City-Road ; sold at the Methodist preaching-houses in town & country,George Whitfield, City-Road ; at Methodist preaching-houses town ; country,
George Whitfield, City-Road ; sold at the preaching-houses in town & country,George Whitfield, City-Road ; at preaching-houses town ; country,
George Wilkie, Paternoster Row, & J. Bell, 148, Oxford Road ; T. Baker, Southampton,George Wilkie, Paternoster Row, ; J. Bell, 148, Oxford Road ; T. Baker, Southampton,
George Wilson ; sold by Governor Hill,George Wilson ; Governor Hill,
George Woodfall ; sold by J. Johnson,George Woodfall ; J. Johnson,
George Yard, Lombard street ; J. Phillips,George Yard, Lombard street ; J. Phillips,
George Yard, Lombard Street ; James Phillips,George Yard, Lombard Street ; James Phillips,
George Yard, Lombard Street ; James Phillips,George Yard, Lombard Street ; James Phillips,
George Yard, Lombard Street ; James Phillips,George Yard, Lombard Street ; James Phillips,
George Yard, Lombard Street ; James Phillips,George Yard, Lombard Street ; James Phillips,
George Yard, Lombard Street ; James Phillips,George Yard, Lombard Street ; James Phillips,
George Yard, Lombard Street ; James Phillips,George Yard, Lombard Street ; James Phillips,
George Yard, Lombard Street ; James Phillips,George Yard, Lombard Street ; James Phillips,
George Yard, Lombard Street ; James Phillips,George Yard, Lombard Street ; James Phillips,
George Yard, Lombard Street ; sold by James Phillips,George Yard, Lombard Street ; James Phillips,
George Yard, Lombard Street ; sold by James Phillips,George Yard, Lombard Street ; James Phillips,
George Yard, Lombard Street ; sold by James Phillips,George Yard, Lombard Street ; James Phillips,
George Yard, Lombard street ; sold by James Phillips,George Yard, Lombard street ; James Phillips,
George Yard, Lombard Street ; sold by James Phillips,George Yard, Lombard Street ; James Phillips,
George Yard, Lombard Street ; sold by James Phillips,George Yard, Lombard Street ; James Phillips,
George Yard, Lombard Street ; sold by James Phillips,George Yard, Lombard Street ; James Phillips,
George Yard, Lombard Street ; sold by James Phillips,George Yard, Lombard Street ; James Phillips,
George Yard, Lombard Street ; sold by James Phillips,George Yard, Lombard Street ; James Phillips,
George Yard, Lombard Street ; sold by James Phillips,George Yard, Lombard Street ; James Phillips,
George Yard, Lombard Street ; sold by James Phillips,George Yard, Lombard Street ; James Phillips,
George Yard, Lombard Street ; sold by James Phillips,George Yard, Lombard Street ; James Phillips,
George Yard, Lombard Street ; sold by James Phillips,George Yard, Lombard Street ; James Phillips,
George Yard, Lombard Street ; sold by James Phillips,George Yard, Lombard Street ; James Phillips,
George Yard, Lombard Street ; sold by James Phillips,George Yard, Lombard Street ; James Phillips,
George Yard, Lombard Street ; sold by James Phillips,George Yard, Lombard Street ; James Phillips,
George Yard, Lombard Street ; sold by James Phillips,George Yard, Lombard Street ; James Phillips,
George Yard, Lombard Street ; sold by James Phillips,George Yard, Lombard Street ; James Phillips,
George Yard, Lombard Street ; sold by James Phillips,George Yard, Lombard Street ; James Phillips,
George Yard, Lombard Street ; sold by James Phillips,George Yard, Lombard Street ; James Phillips,
George Yard, Lombard Street ; sold by James Phillips,George Yard, Lombard Street ; James Phillips,
George Yard, Lombard Street ; sold by James Phillips,George Yard, Lombard Street ; James Phillips,
George Yard, Lombard Street ; sold by James Phillips,George Yard, Lombard Street ; James Phillips,
George Yard, Lombard Street ; W. Phillips,George Yard, Lombard Street ; W. Phillips,
George Yard, Lombard Street ; York ; sold by James Phillips,George Yard, Lombard Street ; York ; James Phillips,
George-street, Foster-lane, Cheapside ; J. Adlard, Duke-street, West Smithfield ; sold by W. Treppass,George-street, Foster-lane, Cheapside ; J. Adlard, Duke-street, West Smithfield ; W. Treppass,
George-Yard Lombard Street ; James Phillips,George-Yard Lombard Street ; James Phillips,
George-Yard, Lombard-Street ; sold by James Phillips,George-Yard, Lombard-Street ; James Phillips,
George-Yard, Lombard-Street ; sold by James Phillips,George-Yard, Lombard-Street ; James Phillips,
George-Yard, Lombard-Street ; sold by James Phillips,George-Yard, Lombard-Street ; James Phillips,
George-Yard, Lombard-Street ; sold by James Phillips,George-Yard, Lombard-Street ; James Phillips,
George-Yard, Lombard-Street ; sold by James Phillips,George-Yard, Lombard-Street ; James Phillips,
George's-Court, St. John's-Lane, Clerkenwell ; T. Hodgson,George's-Court, St. John's-Lane, Clerkenwell ; T. Hodgson,
George's-Court, St. John's-Lane, Clerkenwell ; T. Hodgson,George's-Court, St. John's-Lane, Clerkenwell ; T. Hodgson,
George's-Court, St. John's-Lane, Clerkenwell ; T. Hodgson,George's-Court, St. John's-Lane, Clerkenwell ; T. Hodgson,
George's-Court, St. John's-Lane, Clerkenwell ; T. Hodgson,George's-Court, St. John's-Lane, Clerkenwell ; T. Hodgson,
George's-Court, St. John's-Lane, Clerkenwell ; T. Hodgson,George's-Court, St. John's-Lane, Clerkenwell ; T. Hodgson,
George's-Court, St. John's-Lane, Clerkenwell ; T. Hodgson,George's-Court, St. John's-Lane, Clerkenwell ; T. Hodgson,
Geroge Prince in Scale-Lane,Geroge Prince Scale-Lane,
Gicat Newport-Street ; Mr. Bishop ; Mr. Parsons, No. 21, Paternoster-Row ; Rev. Mr. Vidler, Battle, Sussex ; T. Gillet, No. 19, Bartholomew-Close ; Winckworth's-Buildings, City Road ; vestry of the chapel, Parliament-Court, Artillery-Street, Bishopsgate,Gicat Newport-Street ; Mr. Bishop ; Mr. Parsons, No. 21, Paternoster-Row ; Rev. Mr. Vidler, Battle, Sussex ; T. Gillet, No. 19, Bartholomew-Close ; Winckworth's-Buildings, City Road ; vestry of chapel, Parliament-Court, Artillery-Street, Bishopsgate,
gift of the Society for promoting Christian knowledge, Bartlett's-Buildings, Holborn,gift of Society for promoting Christian knowledge, Bartlett's-Buildings, Holborn,
Giguet ; J. Deboffe ; J. Wright ; T. Boosey ; l'imprimerie de T. Baylis ; trouve íæ Londres,Giguet ; J. Deboffe ; J. Wright ; T. Boosey ; l'imprimerie de T. Baylis ; trouve íæ Londres,
Gilbert & Plummer ; chapel,Gilbert ; Plummer ; chapel,
Gilbert in Dublin ; Messrs. Murray & Highley in Fleet-Street ; Meyler at Bath ; house, No. 50, Strand ; sold,Gilbert Dublin ; Messrs. Murray ; Highley Fleet-Street ; Meyler at Bath ; house, No. 50,,
Gilbert, Dublin ; R. Cruttwell ; sold by C. Dilly, Poultry, London,Gilbert, Dublin ; R. Cruttwell ; C. Dilly, Poultry, London,
Gilbert, mathematical instrument makers ; Messrs. Gregory, Wright ; Messrs. Nairne & Blunt ; Mr. Jones ; Mr. Ramsden ; Mr. Terry, engraver ; no.42, Penton Street Islington ; sold by Mr. Elmsly,Gilbert, mathematical instrument makers ; Messrs. Gregory, Wright ; Messrs. Nairne ; Blunt ; Mr. Jones ; Mr. Ramsden ; Mr. Terry, engraver ; no.42, Penton Street Islington ; Mr. Elmsly,
Gillet, imprimeur ; trouve chez Owen,Gillet, imprimeur ; trouve chez Owen,
Gillman & Etherington,Gillman ; Etherington,
Gillman & Etheringtons ; J. Blake, & Mrs. Walker, Maidstone ; Phoenix printing-office ; W. Bristow, Canterbury ; sold,Gillman ; Etheringtons ; J. Blake, ; Mrs. Walker, Maidstone ; Phoenix printing-office ; W. Bristow, Canterbury,
Gilman & Etherington ; James Evans, No. 32, Pater-Noster-Row ; John Murray ; sold,Gilman ; Etherington ; James Evans, No. 32, Pater-Noster-Row ; John Murray,
Gitton,Gitton,
Gitton,Gitton,
Given gratis,Given gratis,
given to the purchasers of those two epistles, but not sold,given to purchasers of those two epistles, but not,
given with the Medicine,given with Medicine,
Glendinning ; sold by Allen & West,Glendinning ; Allen ; West,
Glendinning, 9, Charles-Street, Hatton-Garden, London ; sold by Jordan, 166, Fleet-Street,Glendinning, 9, Charles-Street, Hatton-Garden, London ; Jordan, 166, Fleet-Street,
Glendinning, Charles-Street, Hatton-Garden, London ; Knaresborough & Harrogate ; Leeds, Ripon, Wakefield ; Mawman. Sold by E. Hargrove ; Wilson, Spence,Glendinning, Charles-Street, Hatton-Garden, London ; Knaresborough ; Harrogate ; Leeds, Ripon, Wakefield ; Mawman. Sold E. Hargrove ; Wilson, Spence,
Glindon ; H. D. Symmonds ; J. S. Jordan ; T. Bellamy ; W. Stewart ; sold,Glindon ; H. D. Symmonds ; J. S. Jordan ; T. Bellamy ; W. Stewart,
Glocester ; H. Gardner in London ; R. Raikes ; sold,Glocester ; H. Gardner London ; R. Raikes,
Glocester ; Raikes,Glocester ; Raikes,
Glocester & Cheltenham ; Miss Holt ; Upton ; sold ; sold by S. Harward,Glocester ; Cheltenham ; Miss Holt ; Upton ; S. Harward,
Glocester & Cheltenham ; sold ; sold by S. Harward,Glocester ; Cheltenham ; S. Harward,
Gloucester?bprinted by Raikes,Gloucester?bprinted Raikes,
Goadby & Lerpiniere,Goadby ; Lerpiniere,
Goadby & Lerpiniere,Goadby ; Lerpiniere,
Goadby & Lerpiniere,Goadby ; Lerpiniere,
Goadby & Lerpiniere,Goadby ; Lerpiniere,
Goadby & Lerpiniere ; M.DCCXCIII. Sherborne ; Poultry, London ; sold by C. Dilly,Goadby ; Lerpiniere ; M.DCCXCIII. Sherborne ; Poultry, London ; C. Dilly,
Goadby & Lerpiniere ; Messrs. Rivingtons, London ; sold by L. B. Seeley,Goadby ; Lerpiniere ; Messrs. Rivingtons, London ; L. B. Seeley,
Goadby & Lerpiniere ; Messrs. Rivingtons, London ; sold by R. Baldwin,Goadby ; Lerpiniere ; Messrs. Rivingtons, London ; R. Baldwin,
Goadby & Lerpiniere ; Messrs. Rivingtons, St. Paul's Church-Yard, London ; Mr. King, Yeovil ; Pater-noster-Row ; sold by R. Baldwin,Goadby ; Lerpiniere ; Messrs. Rivingtons, St. Paul's Church-Yard, London ; Mr. King, Yeovil ; Pater-noster-Row ; R. Baldwin,
Goadby & Lerpiniere ; Pater-Noster-Row, London ; sold by R. Baldwin,Goadby ; Lerpiniere ; Pater-Noster-Row, London ; R. Baldwin,
Goadby & Lerpiniere ; Poultry, London ; sold by C. Dilly,Goadby ; Lerpiniere ; Poultry, London ; C. Dilly,
Goadby & Lerpiniere ; sold by C. Dilly, London,Goadby ; Lerpiniere ; C. Dilly, London,
Goadby, Lerpiniere ; Langdon,Goadby, Lerpiniere ; Langdon,
Goadby, Lerpiniere ; Langdon,Goadby, Lerpiniere ; Langdon,
Goadby, Lerpiniere ; Langdon,Goadby, Lerpiniere ; Langdon,
Goadby, Lerpiniere ; Langdon,Goadby, Lerpiniere ; Langdon,
Goadby, Lerpiniere ; Langdon ; Messrs. Rivingtons, London ; sold by L. B. Seeley,Goadby, Lerpiniere ; Langdon ; Messrs. Rivingtons, London ; L. B. Seeley,
Goadby, Lerpiniere ; Langdon ; Seeley, No. 26, Pater-Noster-Row, London ; Steele, Tower-Hill ; sold by Messrs. Rivingtons, St. Paul's Church-Yard,Goadby, Lerpiniere ; Langdon ; Seeley, No. 26, Pater-Noster-Row, London ; Steele, Tower-Hill ; Messrs. Rivingtons, St. Paul's Church-Yard,
Goar-Lane ; James Bowling,Goar-Lane ; James Bowling,
Golden-Heart, Phoenix-Street, Spitalfields ; J. Burks, Crispin-Street ; R. Hawes ; general ; sold,Golden-Heart, Phoenix-Street, Spitalfields ; J. Burks, Crispin-Street ; R. Hawes ; general,
Goldsmith ; Leigh & Sotheby ; Murray ; Richardson ; Scatcherd & Whitaker ; Wilkie,Goldsmith ; Leigh ; Sotheby ; Murray ; Richardson ; Scatcherd ; Whitaker ; Wilkie,
good of the service,good of service,
Gordon, Oxford Road ; Upton, Cripplegate ; sold by Walker, Pater-Noster Row,Gordon, Oxford Road ; Upton, Cripplegate ; Walker, Pater-Noster Row,
Gore ; Liverpoole,Gore ; Liverpoole,
Gospel Magazine Office, No. 1, Paternoster-row ; sold by V. Griffiths,Gospel Magazine Office, No. 1, Paternoster-row ; V. Griffiths,
Gould, Dorchester ; Messrs. Rivingtons ; Sold by J. Cooke ; Woolmer, Exeter,Gould, Dorchester ; Messrs. Rivingtons ; Sold J. Cooke ; Woolmer, Exeter,
Grace Church-Street ; sold by Du rton & Harve,Grace Church-Street ; Du rton ; Harve,
Gracechurch Street ; J. Fletcher, Oxford ; J. Simco, Queen Street, Lincoln's Inn Fields ; Mews Gate ; T & J. Egerton, Whitehall ; W. Darton ; sold by T. Payne,Gracechurch Street ; J. Fletcher, Oxford ; J. Simco, Queen Street, Lincoln's Inn Fields ; Mews Gate ; T ; J. Egerton, Whitehall ; W. Darton ; T. Payne,
Gracechurch Street ; W. Darton,Gracechurch Street ; W. Darton,
Gracechurch-Street ; J. Bew, Pater-Noster-Row ; J. Forbes, Tavistock-Row, Covent-Garden ; W. Darton,Gracechurch-Street ; J. Bew, Pater-Noster-Row ; J. Forbes, Tavistock-Row, Covent-Garden ; W. Darton,
Gracechurch-Street ; sold by W. Darton,Gracechurch-Street ; W. Darton,
Grafton & Reddell ; sold,Grafton ; Reddell,
Grafton & Reddell ; sold by Mess. Lee & Hurst, Pater Noster Row, London,Grafton ; Reddell ; Mess. Lee ; Hurst, Pater Noster Row, London,
Grafton & Reddell, No.10, High-Street ; sold by Lee & Hurst, London,Grafton ; Reddell, No.10, High-Street ; Lee ; Hurst, London,
Graham Redmayne ; advertisements are taken ; performed in the neatest & expeditious manner ; printing-office in Creed-Lane, near St. Paul's ; where all persons who choose to be regularly served with this paper, are desired to apply ; where letters,Graham Redmayne ; advertisements are taken ; performed neatest ; expeditious manner ; printing-office Creed-Lane, near St. Paul's ; where all persons who choose to be regularly served with this paper, are desired to apply ; where letters,
Graisberry & Campbell, 10, Back-lane,Graisberry ; Campbell, 10, Back-lane,
Grand ; sold by W. Treppass, No. 31, St. Martin's,Grand ; W. Treppass, No. 31, St. Martin's,
Grandson of the late John Newbery ; assignment of F. Power ; sold by Darton & Harvey, No. 55, Grace-Church-Street,Grandson of late John Newbery ; assignment of F. Power ; Darton ; Harvey, No. 55, Grace-Church-Street,
Grant ; sold by Jordan,Grant ; Jordan,
gratification to the friends of the deceased,gratification to friends of deceased,
gratis ; order of the Society,gratis ; order of Society,
gratis ; order of the Society,gratis ; order of Society,
gratis by the Society for Constitutional Information,gratis Society for Constitutional Information,
gratis by the Society for Constitutional Information,gratis Society for Constitutional Information,
Gravel-Lane, Ratcliff-highway ; Mr. Gyfford ; sold by Mess. Rivingtons, St. Paul's Church-Yard,Gravel-Lane, Ratcliff-highway ; Mr. Gyfford ; Mess. Rivingtons, St. Paul's Church-Yard,
Gray's-Inn ; sold by Thomas Mabbat,Gray's-Inn ; Thomas Mabbat,
Great Britain, Scotland & Ireland ; Minerva Office ; William Lane & sold retail,Great Britain, Scotland ; Ireland ; Minerva Office ; William Lane ; retail,
Great Market, Bury St. Edmund's ; Hill, Edinburgh ; J & J. Merrill, Cambridge ; J. Fletcher ; Paternoster-Row ; Prince & Cooke, Oxford ; Thomas Evans, No. 46 ; W. M'kenzie, Dublin,Great Market, Bury St. Edmund's ; Hill, ; J ; J. Merrill, Cambridge ; J. Fletcher ; Paternoster-Row ; Prince ; Cooke, Oxford ; Thomas Evans, No. 46 ; W. M'kenzie, Dublin,
Great Market, Bury St. Edmund's ; Hill, Edinburgh ; J & J. Merrill, Cambridge ; J. Fletcher ; Prince & Cooke, Oxford ; Strand ; Thomas Evans, no.429 ; W. MkíÂnzie, Dublin,Great Market, Bury St. Edmund's ; Hill, ; J ; J. Merrill, Cambridge ; J. Fletcher ; Prince ; Cooke, Oxford ; Thomas Evans, no.429 ; W. MkíÂnzie, Dublin,
Great Market, Bury St. Edmund's ; Hill, Edinburgh ; J & J. Merrill, Cambridge ; J. Fletcher ; Prince & Cooke, Oxford ; Strand ; Thomas Evans, no.429 ; W. MK’óenzie, Dublin,Great Market, Bury St. Edmund's ; Hill, ; J ; J. Merrill, Cambridge ; J. Fletcher ; Prince ; Cooke, Oxford ; Thomas Evans, no.429 ; W. MK’óenzie, Dublin,
Great Market, Bury St. Edmund's ; Hill, Edinburgh ; J & J. Merrill, Cambridge ; J. Fletcher ; Prince & Cooke, Oxford ; T. Evans ; W. M'Kenzie, Dublin,Great Market, Bury St. Edmund's ; Hill, ; J ; J. Merrill, Cambridge ; J. Fletcher ; Prince ; Cooke, Oxford ; T. Evans ; W. M'Kenzie, Dublin,
Great Market, Bury St. Edmund's ; Hill, Edinburgh ; J & J. Merrill, Cambridge ; J. Fletcher ; Prince & Cooke, Oxford ; T. Evans in the Strand ; W. M'Kenzie, Dublin,Great Market, Bury St. Edmund's ; Hill, ; J ; J. Merrill, Cambridge ; J. Fletcher ; Prince ; Cooke, Oxford ; T. Evans ; W. M'Kenzie, Dublin,
Great Market, Bury St. Edmund's ; Hill, Edinburgh ; J & J. Merrill, Cambridge ; J. Fletcher ; Prince & Cooke, Oxford ; T. Evans in the Strand ; W. M¾Ëkenzie, Dublin,Great Market, Bury St. Edmund's ; Hill, ; J ; J. Merrill, Cambridge ; J. Fletcher ; Prince ; Cooke, Oxford ; T. Evans ; W. M¾Ëkenzie, Dublin,
Great Marlborough-street,Great Marlborough-street,
Great St. Helen's ; J. Wright, opposite Old Bond-Street, Piccadilly ; Messrs. Richardson, Royal-Exchange,Great St. Helen's ; J. Wright, opposite Old Bond-Street, Piccadilly ; Messrs. Richardson, Royal-Exchange,
Great Surry-Street, Blackfriars Road ; Mr. Murgatroyd, Chiswell-street ; Mr. Parsley ; Mr. Ridel, No. 13, Crown-street, Soho ; Road ; sold by Mr. Bruce,Great Surry-Street, Blackfriars Road ; Mr. Murgatroyd, Chiswell-street ; Mr. Parsley ; Mr. Ridel, No. 13, Crown-street, Soho ; Road ; Mr. Bruce,
Great Titchfield Street, Portland Chapel ; dai torchi di A. Grant. MDCC XC ; l'autore,Great Titchfield Street, Portland Chapel ; dai torchi di A. Grant. MDCC XC ; l'autore,
Great Turnstile, Holburn ; sold by W. Boag,Great Turnstile, Holburn ; W. Boag,
Great veriety of Songs & Histories are ; sold by W. Appleton,Great veriety of Songs ; Histories are ; W. Appleton,
Great-Britain ; Mess. Bells ; Mr. Foster ; Mr. M'Queen ; Mr. Westley ; booksell ; sold by C. Stalker ; sold by W. Kemmish,Great-Britain ; Mess. Bells ; Mr. Foster ; Mr. M'Queen ; Mr. Westley ; booksell ; C. Stalker ; W. Kemmish,
Great-Britain ; Newsmen ; bound ; sold at Mr. Lewis's printing-office, Wells,Great-Britain ; Newsmen ; bound ; at Mr. Lewis's printing-office, Wells,
Great-Britain & Ireland. Regiments on foreign service supplied by the respective agents ; Messrs. Hookham & Carpenter, Bond-street ; Messrs. Richardson, Royal Exchange ; newscarriers,Great-Britain ; Ireland. Regiments on foreign service supplied respective agents ; Messrs. Hookham ; Carpenter, Bond-street ; Messrs. Richardson, Royal Exchange ; newscarriers,
Great-Britain & Ireland. Regiments on foreign service supplied by the respective agents ; Messrs. Hookham & Carpenter, Bond-street ; Messrs. Richardson, Royal Exchange ; newscarriers,Great-Britain ; Ireland. Regiments on foreign service supplied respective agents ; Messrs. Hookham ; Carpenter, Bond-street ; Messrs. Richardson, Royal Exchange ; newscarriers,
Green-Street ; sold ; sold by R. Paddock,Green-Street ; R. Paddock,
Greenwood, Leeds ; J. Debrett, Piccadilly ; J. Deighton, Cambridge ; J. Edwards, Pall Mall. Sold ; Messrs. Binns ; Messrs. Dyer ; Trewman, Exeter ; W.H. Lunn, B. Flower,Greenwood, Leeds ; J. Debrett, Piccadilly ; J. Deighton, Cambridge ; J. Edwards, Pall Mall. Sold ; Messrs. Binns ; Messrs. Dyer ; Trewman, Exeter ; W.H. Lunn, B. Flower,
Griffin in St. Paul's Church-Yard ; H . Mozley, Gainsborough ; Osborne,Griffin St. Paul's Church-Yard ; H . Mozley, Gainsborough ; Osborne,
Griffith, Paternoster Row ; No.100, Houndsditch ; Peacock, No. 259, Oxford-Street ; sold by him, No.8, Little Queen-Street, Holborn,Griffith, Paternoster Row ; No.100, Houndsditch ; Peacock, No. 259, Oxford-Street ; him, No.8, Little Queen-Street, Holborn,
Grigg, Woolmer, Penny, Sweetland, Trewman, Manning ; Haddon, Bridport ; Hedgeland, Exeter ; Hoxland, Plymouth-Dock ; T. Brice & sold by Johnson, London,Grigg, Woolmer, Penny, Sweetland, Trewman, Manning ; Haddon, Bridport ; Hedgeland, Exeter ; Hoxland, Plymouth-Dock ; T. Brice ; Johnson, London,
Gross ; J. Tymbs ; Worcester, Glocester, Birmingham, Shrewsbury, Chester ; sold,Gross ; J. Tymbs ; Worcester, Glocester, Birmingham, Shrewsbury, Chester,
Grosvenor-Square ; J.P. Coghlan, No. 37, Duke-Streeet,Grosvenor-Square ; J.P. Coghlan, No. 37, Duke-Streeet,
Grove ; William Meyler,Grove ; William Meyler,
Grove, Great Guildford Street, Southwark ; M. Gurney, Holborn-Hill ; Mr. Button, Paternoster-Row ; sold,Grove, Great Guildford Street, Southwark ; M. Gurney, Holborn-Hill ; Mr. Button, Paternoster-Row,
Guil. Creech, íæ Edinbourg ; Tho. Kay,Guil. Creech, íæ Edinbourg ; Tho. Kay,
Guildford, Surrey ; sold by A. Martin,Guildford, Surrey ; A. Martin,
Guillaume Lane ; la presse Minerva,Guillaume Lane ; la presse Minerva,
Guillaume Lane ; la presse Minerva,Guillaume Lane ; la presse Minerva,
Gul. Browne ; Joh. Warren & prostant venales apud T. Payne & J. Edwards,Gul. Browne ; Joh. Warren ; prostant venales apud T. Payne ; J. Edwards,
Gul. Browne ; Joh. Warren & prostant venales apud T. Payne & J. Edwards,Gul. Browne ; Joh. Warren ; prostant venales apud T. Payne ; J. Edwards,
Gul. Bulmer,Gul. Bulmer,
Gul. Bulmer & Soc,Gul. Bulmer ; Soc,
Gul. Calcott, Oxonii ; Haly, Bristolií_ ; J. Deighton, Cantabrigií_ ; prostat venale apud C. Dilly,Gul. Calcott, Oxonii ; Haly, Bristolií_ ; J. Deighton, Cantabrigií_ ; prostat venale apud C. Dilly,
Gul. Calcott, Oxonii ; Haly, Bristolií_, Bibliopolas ; I. & J. Merrill, Cantabrigií_ ; J. Fletcher & Gul. Hanwell, J. Cooke ; prostant venales apud C. Dilly ; sumptibu, editoris,Gul. Calcott, Oxonii ; Haly, Bristolií_, Bibliopolas ; I. ; J. Merrill, Cantabrigií_ ; J. Fletcher ; Gul. Hanwell, J. Cooke ; prostant venales apud C. Dilly ; sumptibu, editoris,
Gul. Ginger ; J. Rivington & filios, G. G. J & J. Robinson ; excudit T. Pote,Gul. Ginger ; J. Rivington ; filios, G. G. J ; J. Robinson ; excudit T. Pote,
Gulielmi Bent,Gulielmi Bent,
Gulielmi Bulmer. Venales prostant apud G. Nicol, bibliopolam regium ; Pall-Mall,Gulielmi Bulmer. Venales prostant apud G. Nicol, bibliopolam regium ; Pall-Mall,
Gulielmi Pine, Anno Salutis,Gulielmi Pine, Anno Salutis,
Gurney ; widow. Sold by Button,Gurney ; widow. Sold Button,
Gurney, Holborn ; sold by Button, Paternoster Row,Gurney, Holborn ; Button, Paternoster Row,
Gurney, near Leather Lane, Holborn ; J.P. Bateman, Devonshire Street, Queen's Square ; Knott, Lombard Street ; Meredith, Tabernacle Row ; Pyner, North Street, Tottenham-Court ; W. Smith, King Street, Seven Dials ; sold by Stratton, No. 12, Tottenham-Court Road,Gurney, near Leather Lane, Holborn ; J.P. Bateman, Devonshire Street, Queen's Square ; Knott, Lombard Street ; Meredith, Tabernacle Row ; Pyner, North Street, Tottenham-Court ; W. Smith, King Street, Seven Dials ; Stratton, No. 12, Tottenham-Court Road,
Gwer ; Lamb, Bristol ; S. Hazard ; S. Hazard, Bath ; settlements & chapels of the congregations of the Brethren in Great-Britain & Ireland ; sold by Henry Haslop, London,Gwer ; Lamb, Bristol ; S. Hazard ; S. Hazard, Bath ; settlements ; chapels of congregations of Brethren Great-Britain ; Ireland ; Henry Haslop, London,
Gwerth Dau Swllt ; I. Daniel, Caerfyddin ; T. Sandford, Amwythig, Amwythig ; ar werth gan E. a T. Williams, Strand ; ereill o lyfrwerthwyr Cymru ; yn Llundain gan T. Rickaby,Gwerth Dau Swllt ; I. Daniel, Caerfyddin ; T. Sandford, Amwythig, Amwythig ; ar werth gan E. a T. Williams, ; ereill o lyfrwerthwyr Cymru ; yn Llundain gan T. Rickaby,
H & G. Mozley,H ; G. Mozley,
H & G. Mozley,H ; G. Mozley,
H & G. Mozley,H ; G. Mozley,
H & G. Mozley,H ; G. Mozley,
H & G. Mozley,H ; G. Mozley,
H & G. Mozley,H ; G. Mozley,
H & G. Mozley,H ; G. Mozley,
H & G. Mozley,H ; G. Mozley,
H & G. Mozley,H ; G. Mozley,
H & G. Mozley,H ; G. Mozley,
H & G. Mozley,H ; G. Mozley,
H & G. Mozley,H ; G. Mozley,
H & G. Mozley,H ; G. Mozley,
H & G. Mozley Gainsbrough ; W. Osborne, T. Griffin,H ; G. Mozley Gainsbrough ; W. Osborne, T. Griffin,
H & G. Mozley, Gainsbrough ; W. Osborne & T. Griffin,H ; G. Mozley, Gainsbrough ; W. Osborne ; T. Griffin,
H & G. Mozley, Gainsbrough ; W. Osborne & T. Griffin,H ; G. Mozley, Gainsbrough ; W. Osborne ; T. Griffin,
H & G. Mozley, Gainsbrough ; W. Osborne & T. Griffin,H ; G. Mozley, Gainsbrough ; W. Osborne ; T. Griffin,
H & G. Mozley, Gainsbrough ; W. Osborne, T. Griffin,H ; G. Mozley, Gainsbrough ; W. Osborne, T. Griffin,
H & G. Mozley. Gainsbrough ; W. Osborne, T. Griffin,H ; G. Mozley. Gainsbrough ; W. Osborne, T. Griffin,
H, Mozley, Gainsbro.' ; W. Osborne, T. Griffin,H, Mozley, Gainsbro.' ; W. Osborne, T. Griffin,
H. & T. Hodgson,H. ; T. Hodgson,
H. Allen, Clerkenwell,H. Allen, Clerkenwell,
H. Baldwin,H. Baldwin,
H. Baldwin,H. Baldwin,
H. Baldwin ; J. Nicholls, R. Baldwin, G. Nicol, F & C. Rivington, Leigh & Sotheby, T. Payne, J. Walker, J. Clarke ; M. Pote ; R. Faulder, Hookham & Carpenter, J. Scatcherd, B & J. White, J. Edwards, Cadell & Davies, C & G. Kearsley ; T. Longman, B. Law, J. Johnson, C. Dilly, G. G & J. Robinson, W. Otridge,H. Baldwin ; J. Nicholls, R. Baldwin, G. Nicol, F ; C. Rivington, Leigh ; Sotheby, T. Payne, J. Walker, J. Clarke ; M. Pote ; R. Faulder, Hookham ; Carpenter, J. Scatcherd, B ; J. White, J. Edwards, Cadell ; Davies, C ; G. Kearsley ; T. Longman, B. Law, J. Johnson, C. Dilly, G. G ; J. Robinson, W. Otridge,
H. Baldwin ; J. Seeley, Buckingham ; L. B. Seeley, Ave-Maria-Lane ; New Bridge-Street ; Oundle,H. Baldwin ; J. Seeley, Buckingham ; L. B. Seeley, Ave-Maria-Lane ; New Bridge-Street ; Oundle,
H. Baldwin ; Lee & Hurst ; Messrs. Longman, Dodsley, Law, Robson, Johnson, Nichols, Dilly, Robinson, Sewell, Baldwin, Faulder, Rivington, Otridge ; T. Payne, B & J. White, Macqueen, Hookham & Carpenter, W. Lowndes, Wynn, Kay, Newbery, J. Edwards, Vernor & Hood, Anderson, Pote, Cadell & Davies, Murray & Highley,H. Baldwin ; Lee ; Hurst ; Messrs. Longman, Dodsley, Law, Robson, Johnson, Nichols, Dilly, Robinson, Sewell, Baldwin, Faulder, Rivington, Otridge ; T. Payne, B ; J. White, Macqueen, Hookham ; Carpenter, W. Lowndes, Wynn, Kay, Newbery, J. Edwards, Vernor ; Hood, Anderson, Pote, Cadell ; Davies, Murray ; Highley,
H. Baldwin ; Mr. Cadell ; Strand ; T. Cadell, Jun & W. Davies,H. Baldwin ; T. Cadell ; T. Cadell, Jr. ; W. Davies,
H. Baldwin ; O. Rees, Paternoster-Row ; T.N. Longman,H. Baldwin ; O. Rees, Paternoster-Row ; T.N. Longman,
H. Baldwin ; press,H. Baldwin ; press,
H. Baldwin ; sold at the place of exhibition,H. Baldwin ; at place of exhibition,
H. Baldwin ; sold at the place of exhibition,H. Baldwin ; at place of exhibition,
H. Baldwin ; sold at their office, No. 19, Little-Moorfields,H. Baldwin ; at their office, No. 19, Little-Moorfields,
H. Baldwin ; Strand ; T. Cadell, Jun & W. Davies,H. Baldwin ; T. Cadell, Jr. ; W. Davies,
H. Baldwin ; T. N. Longman, Paternoster-Row,H. Baldwin ; T. N. Longman, Paternoster-Row,
H. Baldwin ; vestry of the Chapel,H. Baldwin ; vestry of Chapel,
H. Baldwin pro Societate Stationariorum,H. Baldwin pro Societate Stationariorum,
H. Baldwin, C. Dilly, G. G & J. Robinson, T. Cadell, J. Nichols, F & C. Rivington, W. Goldsmith, H. Murray, W. Otridge, W. Lowndes, S. Hayes, R. Faulder, G & T. Wilkie, P. Macqueen, B. Collins, Hookham & Carpenter, Darton & Harvey, Vernor & Hood, Cadell jun & Davies ; R. Jameson ; T. Longman, B,H. Baldwin, C. Dilly, G. G ; J. Robinson, T. Cadell, J. Nichols, F ; C. Rivington, W. Goldsmith, H. Murray, W. Otridge, W. Lowndes, S. Hayes, R. Faulder, G ; T. Wilkie, P. Macqueen, B. Collins, Hookham ; Carpenter, Darton ; Harvey, Vernor ; Hood, Cadell Jr. ; Davies ; R. Jameson ; T. Longman, B,
H. Baldwin, G. G. J & J. Robinson, T. Cadell, R. Baldwin, F & C. Rivington, G & T. Wilkie, W. Goldsmith, T. Payne, Jun. Scatcherd & Whitaker, W. Lowndes, Ogilvy & Speare, W. Bent ; Hookham & Carpenter ; T. Longman, B,H. Baldwin, G. G. J ; J. Robinson, T. Cadell, R. Baldwin, F ; C. Rivington, G ; T. Wilkie, W. Goldsmith, T. Payne, Jun. Scatcherd ; Whitaker, W. Lowndes, Ogilvy ; Speare, W. Bent ; Hookham ; Carpenter ; T. Longman, B,
H. Baldwin, J. Robson, C. Dilly ; T. Longman, B,H. Baldwin, J. Robson, C. Dilly ; T. Longman, B,
H. Brown ; J. Ridgway,H. Brown ; J. Ridgway,
H. Brown ; J. Ridgway, York-Street, St. James's-Square,H. Brown ; J. Ridgway, York-Street, St. James's-Square,
H. Brown ; J. Ridgway, York-Street, St. James's-Square,H. Brown ; J. Ridgway, York-Street, St. James's-Square,
H. Brown ; J. Ridgway, York-Street, ST. James's-Square,H. Brown ; J. Ridgway, York-Street, ST. James's-Square,
H. Brown ; J. Ridgway, York-Street, St. James's-Square,H. Brown ; J. Ridgway, York-Street, St. James's-Square,
H. Brown ; J. Ridgway, york-street, St. James's-Square,H. Brown ; J. Ridgway, york-street, St. James's-Square,
H. Chapman,H. Chapman,
H. Chapman, no. 65, Chandois-street, Covent-garden ; Mr. I. Walker, Pater-noster-Row ; T. King, New Broad-street ; place of sale ; price 6d. may be had of Mr. Sewell, Royal Exchange,H. Chapman, no. 65, Chandois-street, Covent-garden ; Mr. I. Walker, Pater-noster-Row ; T. King, New Broad-street ; place of sale ; price 6d. may be had of Mr. Sewell, Royal Exchange,
H. Chapman, no. 65, Chandos-Street, Covent-Garden ; Mr. Sewell, Cornhill ; Mr.J. Waiker ; Paternoster-row ; T. King, New Broad-Street ; place of sale ; then had of Mr. Faulder, New Bond-Street,H. Chapman, no. 65, Chandos-Street, Covent-Garden ; Mr. Sewell, Cornhill ; Mr.J. Waiker ; Paternoster-row ; T. King, New Broad-Street ; place of sale ; then had of Mr. Faulder, New Bond-Street,
H. D Symonds ; J. Nott ; Mrs. Hancock ; Peterborough-House Press ; Thompson ; sold by J. Matthews,H. D Symonds ; J. Nott ; Mrs. Hancock ; Peterborough-House Press ; Thompson ; J. Matthews,
H. D Symonds, Pater-Noster-Row, Scatcherd & Whitaker, Ave-Maria-Lane ; T. Hodgson ; sold by E. Bassam, No. 53, St John's-Street, West-Smithfield,H. D Symonds, Pater-Noster-Row, Scatcherd ; Whitaker, Ave-Maria-Lane ; T. Hodgson ; E. Bassam, No. 53, St John's-Street, West-Smithfield,
H. D. Simmonds ; H. Lemoine ; Messrs. Scatcherd & Whitaker,H. D. Simmonds ; H. Lemoine ; Messrs. Scatcherd ; Whitaker,
H. D. Simmonds, No. 20, Pater-noster-Row ; J. Luffman, Windmill-Street, Upper Moorfields,H. D. Simmonds, No. 20, Pater-noster-Row ; J. Luffman, Windmill-Street, Upper Moorfields,
H. D. Simmons, Pater-Noster Row,H. D. Simmons, Pater-Noster Row,
H. D. Simmons, Pater-Noster Row,H. D. Simmons, Pater-Noster Row,
H. D. Simmons, Pater-Noster Row,H. D. Simmons, Pater-Noster Row,
H. D. Simmons, Pater-Noster Row,H. D. Simmons, Pater-Noster Row,
H. D. Steel, No. 51, Lothbury,H. D. Steel, No. 51, Lothbury,
H. D. Steel, No. 51, Lothbury,H. D. Steel, No. 51, Lothbury,
H. D. Steel, No. 51, Lothbury,H. D. Steel, No. 51, Lothbury,
H. D. Steel, No. 51, Lothbury,H. D. Steel, No. 51, Lothbury,
H. D. Steel, No. 51, Lothbury,H. D. Steel, No. 51, Lothbury,
H. D. Symmonds ; J. Ridgeway,H. D. Symmonds ; J. Ridgeway,
H. D. Symmonds, Paternoster-Row,H. D. Symmonds, Paternoster-Row,
H. D. Symmonds, Paternoster-Row,H. D. Symmonds, Paternoster-Row,
H. D. Symmonds, Paternoster-Row,H. D. Symmonds, Paternoster-Row,
H. D. Symmonds, Paternoster-Row ; J. Forbes, Tavistock-Row, Covent-Garden ; J. Ridgway, York Street, St. James's-Square,H. D. Symmonds, Paternoster-Row ; J. Forbes, Tavistock-Row, Covent-Garden ; J. Ridgway, York Street, St. James's-Square,
H. D. Symmonds, Paternoster-Row ; J. Ridgeway, York-Street, St. James's Square,H. D. Symmonds, Paternoster-Row ; J. Ridgeway, York-Street, St. James's Square,
H. D. Symond's ; Pater-Noster Row,H. D. Symond's ; Pater-Noster Row,
H. D. Symonds,H. D. Symonds,
H. D. Symonds,H. D. Symonds,
H. D. Symonds,H. D. Symonds,
H. D. Symonds,H. D. Symonds,
H. D. Symonds,H. D. Symonds,
H. D. Symonds,H. D. Symonds,
H. D. Symonds,H. D. Symonds,
H. D. Symonds,H. D. Symonds,
H. D. Symonds,H. D. Symonds,
H. D. Symonds,H. D. Symonds,
H. D. Symonds,H. D. Symonds,
H. D. Symonds,H. D. Symonds,
H. D. Symonds,H. D. Symonds,
H. D. Symonds,H. D. Symonds,
H. D. Symonds,H. D. Symonds,
H. D. Symonds,H. D. Symonds,
H. D. Symonds,H. D. Symonds,
H. D. Symonds,H. D. Symonds,
H. D. Symonds,H. D. Symonds,
H. D. Symonds,H. D. Symonds,
H. D. Symonds,H. D. Symonds,
H. D. Symonds,H. D. Symonds,
H. D. Symonds,H. D. Symonds,
H. D. Symonds,H. D. Symonds,
H. D. Symonds,H. D. Symonds,
H. D. Symonds,H. D. Symonds,
H. D. Symonds,H. D. Symonds,
H. D. Symonds,H. D. Symonds,
H. D. Symonds,H. D. Symonds,
H. D. Symonds,H. D. Symonds,
H. D. Symonds,H. D. Symonds,
H. D. Symonds,H. D. Symonds,
H. D. Symonds,H. D. Symonds,
H. D. Symonds,H. D. Symonds,
H. D. Symonds,H. D. Symonds,
H. D. Symonds,H. D. Symonds,
H. D. Symonds,H. D. Symonds,
H. D. Symonds,H. D. Symonds,
H. D. Symonds,H. D. Symonds,
H. D. Symonds,H. D. Symonds,
H. D. Symonds,H. D. Symonds,
H. D. Symonds,H. D. Symonds,
H. D. Symonds,H. D. Symonds,
H. D. Symonds,H. D. Symonds,
H. D. Symonds,H. D. Symonds,
H. D. Symonds ; Higham ; J. Matthews ; J. Scatcherd, Ave-Maria-Lane ; Lackington ; T. N. Longman ; Vsic Griffiths, Pater-Noster Row ; W. Symonds J. Wallis ; W. Treppass,H. D. Symonds ; Higham ; J. Matthews ; J. Scatcherd, Ave-Maria-Lane ; Lackington ; T. N. Longman ; Vsic Griffiths, Pater-Noster Row ; W. Symonds J. Wallis ; W. Treppass,
H. D. Symonds ; J. Barfield ; sold by T. Gardiner,H. D. Symonds ; J. Barfield ; T. Gardiner,
H. D. Symonds ; J. Davis ; J. Wright,H. D. Symonds ; J. Davis ; J. Wright,
H. D. Symonds ; J. Gray,H. D. Symonds ; J. Gray,
H. D. Symonds ; J. Johnson ; S. Bladon ; W. March ; sold by J. Debrett,H. D. Symonds ; J. Johnson ; S. Bladon ; W. March ; J. Debrett,
H. D. Symonds ; J. Knot ; sold by C. Forster,H. D. Symonds ; J. Knot ; C. Forster,
H. D. Symonds ; J. Owen,H. D. Symonds ; J. Owen,
H. D. Symonds ; J. Owen,H. D. Symonds ; J. Owen,
H. D. Symonds ; J. Owen,H. D. Symonds ; J. Owen,
H. D. Symonds ; J. Owen ; T. Bellamy ; W. Flexney ; sold by B. Corcoran,H. D. Symonds ; J. Owen ; T. Bellamy ; W. Flexney ; B. Corcoran,
H. D. Symonds ; J. Parsons, J. Ridgway ; W. Wilson,H. D. Symonds ; J. Parsons, J. Ridgway ; W. Wilson,
H. D. Symonds ; J. Ridgeway,H. D. Symonds ; J. Ridgeway,
H. D. Symonds ; J. Ridgeway,H. D. Symonds ; J. Ridgeway,
H. D. Symonds ; J. Ridgway ; T. Spence,H. D. Symonds ; J. Ridgway ; T. Spence,
H. D. Symonds ; J. Smith ; T. Spence ; sold by J. Ridgeway,H. D. Symonds ; J. Smith ; T. Spence ; J. Ridgeway,
H. D. Symonds ; J. Wright,H. D. Symonds ; J. Wright,
H. D. Symonds ; J. Wright,H. D. Symonds ; J. Wright,
H. D. Symonds ; James Ridgeway,H. D. Symonds ; James Ridgeway,
H. D. Symonds ; James Ridgeway,H. D. Symonds ; James Ridgeway,
H. D. Symonds ; James Ridgway,H. D. Symonds ; James Ridgway,
H. D. Symonds ; James Ridgway,H. D. Symonds ; James Ridgway,
H. D. Symonds ; Lee & Hurst,H. D. Symonds ; Lee ; Hurst,
H. D. Symonds ; Paternoster Row ; Thomas Clio Rickman, No. 7, Upper Mary-Le-Bone Street,H. D. Symonds ; Paternoster Row ; Thomas Clio Rickman, No. 7, Upper Mary-Le-Bone Street,
H. D. Symonds ; Paternoster Row ; Thomas Clio Rickman, No. 7, upper Mary-Le-Bone Street,H. D. Symonds ; Paternoster Row ; Thomas Clio Rickman, No. 7, upper Mary-Le-Bone Street,
H. D. Symonds ; Paternoster Row ; Thomas Clio Rickman, No. 7, Upper Mary-Le-Bone Street,H. D. Symonds ; Paternoster Row ; Thomas Clio Rickman, No. 7, Upper Mary-Le-Bone Street,
H. D. Symonds ; Paternoster-Row ; Thomas Clio Rickman, No. 7, upper Mary-Le-Bone-Street,H. D. Symonds ; Paternoster-Row ; Thomas Clio Rickman, No. 7, upper Mary-Le-Bone-Street,
H. D. Symonds ; R. Faulder ; W. Richardson,H. D. Symonds ; R. Faulder ; W. Richardson,
H. D. Symonds ; R. Lyttlejohn ; R. Thomson,H. D. Symonds ; R. Lyttlejohn ; R. Thomson,
H. D. Symonds ; Rickman ; Thomas Elio,H. D. Symonds ; Rickman ; Thomas Elio,
H. D. Symonds ; Robertson & Berry, Edinburgh,H. D. Symonds ; Robertson ; Berry,,
H. D. Symonds ; sold by B. Crosby,H. D. Symonds ; B. Crosby,
H. D. Symonds ; sold by J. Owen,H. D. Symonds ; J. Owen,
H. D. Symonds ; sold by J. Ridgeway,H. D. Symonds ; J. Ridgeway,
H. D. Symonds ; T. Cox ; sold by Millar,H. D. Symonds ; T. Cox ; Millar,
H. D. Symonds ; T. Gardiner ; sold by J. Barfield,H. D. Symonds ; T. Gardiner ; J. Barfield,
H. D. Symonds ; Thomas Clio Rickman,H. D. Symonds ; Thomas Clio Rickman,
H. D. Symonds ; Thomas Clio Rickman,H. D. Symonds ; Thomas Clio Rickman,
H. D. Symonds ; Thomas Clio Rickman,H. D. Symonds ; Thomas Clio Rickman,
H. D. Symonds ; Thomas Clio Rickman,H. D. Symonds ; Thomas Clio Rickman,
H. D. Symonds ; Thomas Clio Rickman,H. D. Symonds ; Thomas Clio Rickman,
H. D. Symonds ; Thomas Clio Rickman,H. D. Symonds ; Thomas Clio Rickman,
H. D. Symonds & J. Owen,H. D. Symonds ; J. Owen,
H. D. Symonds & sold ; J. Ridgway,H. D. Symonds ; ; J. Ridgway,
H. D. Symonds, H. Lemoine ; W. Bailey,H. D. Symonds, H. Lemoine ; W. Bailey,
H. D. Symonds, J. Matthews ; J. Murray ; T. Chapman ; sold by J. P. Lepard,H. D. Symonds, J. Matthews ; J. Murray ; T. Chapman ; J. P. Lepard,
H. D. Symonds, No 10, Paternoster-Row,H. D. Symonds, No 10, Paternoster-Row,
H. D. Symonds, No 20 ; Knight ; Little John. Sold by Harrison ; Pater-Noster Row ; St. James's Street ; T. Hookham, New Bond Street ; T. Knott, Lombard Street ; T. Lewis, Russel Street, Covent Garden,H. D. Symonds, No 20 ; Knight ; Little John. Sold Harrison ; Pater-Noster Row ; St. James's Street ; T. Hookham, New Bond Street ; T. Knott, Lombard Street ; T. Lewis, Russel Street, Covent Garden,
H. D. Symonds, No 20, Paternoster Row,H. D. Symonds, No 20, Paternoster Row,
H. D. Symonds, No 20, Paternoster-Row,H. D. Symonds, No 20, Paternoster-Row,
H. D. Symonds, No 20, Paternoster-Row,H. D. Symonds, No 20, Paternoster-Row,
H. D. Symonds, No 20, Paternoster-Row,H. D. Symonds, No 20, Paternoster-Row,
H. D. Symonds, No 20, Paternoster-Row,H. D. Symonds, No 20, Paternoster-Row,
H. D. Symonds, No 20, Paternoster-Row,H. D. Symonds, No 20, Paternoster-Row,
H. D. Symonds, No 20, Paternoster-Row ; Robertson & Berry, No 39, Southbridge, Edinburgh,H. D. Symonds, No 20, Paternoster-Row ; Robertson ; Berry, No 39, Southbridge,,
H. D. Symonds, No 20, Paternoster-Row ; Robertson & Berry, No 39, Southbridge, Edinburgh,H. D. Symonds, No 20, Paternoster-Row ; Robertson ; Berry, No 39, Southbridge,,
H. D. Symonds, No 20, Paternoster-Row ; Robertson & Berry, No. 39, Southbridge, Edinburgh,H. D. Symonds, No 20, Paternoster-Row ; Robertson ; Berry, No. 39, Southbridge,,
H. D. Symonds, No. 20 Paternoster Row. - 14th July. First year of imprisonment in Newgate ; James Ridgway, York-Street, St. James's Square,H. D. Symonds, No. 20 Paternoster Row. - 14th July. First year of imprisonment Newgate ; James Ridgway, York-Street, St. James's Square,
H. D. Symonds, NO. 20, Pater Noster-Row,H. D. Symonds, NO. 20, Pater Noster-Row,
H. D. Symonds, No. 20, Pater-Noster-Row,H. D. Symonds, No. 20, Pater-Noster-Row,
H. D. Symonds, No. 20, Pater-Noster-Row,H. D. Symonds, No. 20, Pater-Noster-Row,
H. D. Symonds, No. 20, Pater-Noster-Row,H. D. Symonds, No. 20, Pater-Noster-Row,
H. D. Symonds, No. 20, Pater-Noster-Row,H. D. Symonds, No. 20, Pater-Noster-Row,
H. D. Symonds, No. 20, Pater-Noster-Row,H. D. Symonds, No. 20, Pater-Noster-Row,
H. D. Symonds, No. 20, Pater-Noster-Row,H. D. Symonds, No. 20, Pater-Noster-Row,
H. D. Symonds, No. 20, Pater-Noster-Row ; J. Gray, Glashouse Street, Golden Square,H. D. Symonds, No. 20, Pater-Noster-Row ; J. Gray, Glashouse Street, Golden Square,
H. D. Symonds, No. 20, Pater-Noster-Row ; J. Gregory, Brighton ; W. Symonds, Cliff, Lewes,H. D. Symonds, No. 20, Pater-Noster-Row ; J. Gregory, Brighton ; W. Symonds, Cliff, Lewes,
H. D. Symonds, No. 20, Pater-Noster-Row ; Mess. Cox & Phillipson, James-Street, Covent-Garden ; Mess. Egerton, Whitehall ; R. Ryan, No. 351, Oxford-Street ; Royal-Exchange ; W. Richardson ; sold at No. 62, Great Wild-Street, near Lincoln's-Inn-Fields,H. D. Symonds, No. 20, Pater-Noster-Row ; Mess. Cox ; Phillipson, James-Street, Covent-Garden ; Mess. Egerton, Whitehall ; R. Ryan, No. 351, Oxford-Street ; Royal-Exchange ; W. Richardson ; at No. 62, Great Wild-Street, near Lincoln's-Inn-Fields,
H. D. Symonds, No. 20, Pater-Noster-Row ; Mess. Cox & Phillipson, James-Street, Covent-Garden ; Mess. Egerton, Whitehall ; R. Ryan, No. 351, Oxford-Street ; Royal-Exchange ; W. Richardson ; sold at No.62, Great Wild-Street, near Lincoln's-Inn-Fields,H. D. Symonds, No. 20, Pater-Noster-Row ; Mess. Cox ; Phillipson, James-Street, Covent-Garden ; Mess. Egerton, Whitehall ; R. Ryan, No. 351, Oxford-Street ; Royal-Exchange ; W. Richardson ; at No.62, Great Wild-Street, near Lincoln's-Inn-Fields,
H. D. Symonds, No. 20, Pater-Noster-Row ; Mess. Cox & Phillipson, James-Street, Covent-Garden ; Mess. Egerton, Whitehall ; R. Ryan, No. 351, Oxford-Street ; Royal-Exchange ; W. Richardson ; sold at no.62, Great Wild-Street, near Lincoln's-Inn-Fields,H. D. Symonds, No. 20, Pater-Noster-Row ; Mess. Cox ; Phillipson, James-Street, Covent-Garden ; Mess. Egerton, Whitehall ; R. Ryan, No. 351, Oxford-Street ; Royal-Exchange ; W. Richardson ; at no.62, Great Wild-Street, near Lincoln's-Inn-Fields,
H. D. Symonds, No. 20, Pater-Noster-Row ; Owen, Piccadilly,H. D. Symonds, No. 20, Pater-Noster-Row ; Owen, Piccadilly,
H. D. Symonds, No. 20, Pater-Noster-Row ; sold by C. Lowndes, No. 66, Drury-Lane,H. D. Symonds, No. 20, Pater-Noster-Row ; C. Lowndes, No. 66, Drury-Lane,
H. D. Symonds, No. 20, Paternoster Row,H. D. Symonds, No. 20, Paternoster Row,
H. D. Symonds, No. 20, Paternoster Row,H. D. Symonds, No. 20, Paternoster Row,
H. D. Symonds, NO. 20, Paternoster Row,H. D. Symonds, NO. 20, Paternoster Row,
H. D. Symonds, NO. 20, Paternoster Row,H. D. Symonds, NO. 20, Paternoster Row,
H. D. Symonds, No. 20, Paternoster Row,H. D. Symonds, No. 20, Paternoster Row,
H. D. Symonds, No. 20, Paternoster Row,H. D. Symonds, No. 20, Paternoster Row,
H. D. Symonds, No. 20, Paternoster Row ; sold by J. Matthews, No. 18, Strand,H. D. Symonds, No. 20, Paternoster Row ; J. Matthews, No. 18,,
H. D. Symonds, No. 20, Paternoster_Row,H. D. Symonds, No. 20, Paternoster_Row,
H. D. Symonds, No. 20, Paternoster-Row,H. D. Symonds, No. 20, Paternoster-Row,
H. D. Symonds, No. 20, Paternoster-Row,H. D. Symonds, No. 20, Paternoster-Row,
H. D. Symonds, No. 20, Paternoster-Row,H. D. Symonds, No. 20, Paternoster-Row,
H. D. Symonds, No. 20, Paternoster-Row,H. D. Symonds, No. 20, Paternoster-Row,
H. D. Symonds, No. 20, Paternoster-Row,H. D. Symonds, No. 20, Paternoster-Row,
H. D. Symonds, NO. 20, Paternoster-Row,H. D. Symonds, NO. 20, Paternoster-Row,
H. D. Symonds, NO. 20, Paternoster-Row,H. D. Symonds, NO. 20, Paternoster-Row,
H. D. Symonds, NO. 20, Paternoster-Row,H. D. Symonds, NO. 20, Paternoster-Row,
H. D. Symonds, NO. 20, Paternoster-Row,H. D. Symonds, NO. 20, Paternoster-Row,
H. D. Symonds, No. 20, Paternoster-Row,H. D. Symonds, No. 20, Paternoster-Row,
H. D. Symonds, No. 20, Paternoster-Row,H. D. Symonds, No. 20, Paternoster-Row,
H. D. Symonds, No. 20, Paternoster-Row,H. D. Symonds, No. 20, Paternoster-Row,
H. D. Symonds, No. 20, Paternoster-Row ; J. Cottle, Bristol ; J. Luffman Alfred Buildings, Windmill Street, Moorfields ; J. Phillips, No. 27, City Road,H. D. Symonds, No. 20, Paternoster-Row ; J. Cottle, Bristol ; J. Luffman Alfred Buildings, Windmill Street, Moorfields ; J. Phillips, No. 27, City Road,
H. D. Symonds, No. 20, Paternoster-Row ; J. March, Norwich,H. D. Symonds, No. 20, Paternoster-Row ; J. March, Norwich,
H. D. Symonds, No. 20, Paternoster-Row ; J. March, Norwich,H. D. Symonds, No. 20, Paternoster-Row ; J. March, Norwich,
H. D. Symonds, No. 20, Paternoster-Row ; J. Owen, No. 168, Piccadilly,H. D. Symonds, No. 20, Paternoster-Row ; J. Owen, No. 168, Piccadilly,
H. D. Symonds, No. 20, Paternoster-Row ; J. Ridgway, No. 1, York-Street, St. James's-Square,H. D. Symonds, No. 20, Paternoster-Row ; J. Ridgway, No. 1, York-Street, St. James's-Square,
H. D. Symonds, No. 20, Paternoster-Row ; J. Ridgway, York-Street ; St. James's-Square,H. D. Symonds, No. 20, Paternoster-Row ; J. Ridgway, York-Street ; St. James's-Square,
H. D. Symonds, No. 20, Paternoster-Row ; sold,H. D. Symonds, No. 20, Paternoster-Row,
H. D. Symonds, No. 20, Paternoster-Row ; sold,H. D. Symonds, No. 20, Paternoster-Row,
H. D. Symonds, no. 20, Paternoster-Row ; sold,H. D. Symonds, no. 20, Paternoster-Row,
H. D. Symonds, No. 20, Paternoster-Row ; sold,H. D. Symonds, No. 20, Paternoster-Row,
H. D. Symonds, No. 20, Paternoster-Row ; sold,H. D. Symonds, No. 20, Paternoster-Row,
H. D. Symonds, No. 20, Paternoster-Row ; sold,H. D. Symonds, No. 20, Paternoster-Row,
H. D. Symonds, No. 20, Paternoster-Row ; sold,H. D. Symonds, No. 20, Paternoster-Row,
H. D. Symonds, No. 20, Paternoster-Row ; sold,H. D. Symonds, No. 20, Paternoster-Row,
H. D. Symonds, No. 20, Paternoster-Row ; T. Chapman ; sold by J. P. Lepard, No. 91, Newgate-Street,H. D. Symonds, No. 20, Paternoster-Row ; T. Chapman ; J. P. Lepard, No. 91, Newgate-Street,
H. D. Symonds, No. 20, Paternoster-Row, Mr. Slann, Chancery-Lane ; Mr. Annereau, Stones-End, Blackman Street, Southwark ; Mr. Ryan, near the Pantheon, Oxford-Street ; T. Bellamy, No. 32, Maiden-Lane, Covent-Garden,H. D. Symonds, No. 20, Paternoster-Row, Mr. Slann, Chancery-Lane ; Mr. Annereau, Stones-End, Blackman Street, Southwark ; Mr. Ryan, near Pantheon, Oxford-Street ; T. Bellamy, No. 32, Maiden-Lane, Covent-Garden,
H. D. Symonds, No. 20, Paternoster-Row, T. Bellamy, No. 32, Maiden-Lane, Covent-Garden,H. D. Symonds, No. 20, Paternoster-Row, T. Bellamy, No. 32, Maiden-Lane, Covent-Garden,
H. D. Symonds, No. 20. Pater-Noster-Row ; Mess. Cox & Phillipson James-Street, Covent-Garden ; Mess. Egerton, Whitehall ; R. Ryan, No. 351, Oxford-Street ; Royal-Exchange ; W. Richardson ; sold at no.62, Great Wild-Street, near Lincoln's-Inn-Fields,H. D. Symonds, No. 20. Pater-Noster-Row ; Mess. Cox ; Phillipson James-Street, Covent-Garden ; Mess. Egerton, Whitehall ; R. Ryan, No. 351, Oxford-Street ; Royal-Exchange ; W. Richardson ; at no.62, Great Wild-Street, near Lincoln's-Inn-Fields,
H. D. Symonds, No. 21, Paternoster - Row,H. D. Symonds, No. 21, Paternoster - Row,
H. D. Symonds, No. 23, Pater-Noster-Row,H. D. Symonds, No. 23, Pater-Noster-Row,
H. D. Symonds, Pater Noster Row,H. D. Symonds, Pater Noster Row,
H. D. Symonds, Pater-Noster Row,H. D. Symonds, Pater-Noster Row,
H. D. Symonds, Pater-Noster Row,H. D. Symonds, Pater-Noster Row,
H. D. Symonds, Pater-Noster Row,H. D. Symonds, Pater-Noster Row,
H. D. Symonds, Pater-Noster Row,H. D. Symonds, Pater-Noster Row,
H. D. Symonds, Pater-Noster Row ; H. Lowndes, No.77, Fleet-Street. Sold ; T. Axtell, Finch Lane, Cornhill ; W. J & J. Richardson, Royal Exchange,H. D. Symonds, Pater-Noster Row ; H. Lowndes, No.77, Fleet-Street. Sold ; T. Axtell, Finch Lane, Cornhill ; W. J ; J. Richardson, Royal Exchange,
H. D. Symonds, Pater-Noster Row ; H. Lowndes, No.77, Fleet-Street. Sold ; T. Axtell, Finch Lane, Cornhill ; W. J & J. Richardson, Royal Exchange,H. D. Symonds, Pater-Noster Row ; H. Lowndes, No.77, Fleet-Street. Sold ; T. Axtell, Finch Lane, Cornhill ; W. J ; J. Richardson, Royal Exchange,
H. D. Symonds, Pater-Noster Row ; J. Owen, opposite Bond Street, Piccadilly,H. D. Symonds, Pater-Noster Row ; J. Owen, opposite Bond Street, Piccadilly,
H. D. Symonds, Pater-Noster Row ; Messrs. Richardsons, Royal Exchange ; R. Faulder, New Bond Street,H. D. Symonds, Pater-Noster Row ; Messrs. Richardsons, Royal Exchange ; R. Faulder, New Bond Street,
H. D. Symonds, Pater-Noster Row ; Messrs. Richardsons, Royal Exchange ; R. Faulder, New Bond Street,H. D. Symonds, Pater-Noster Row ; Messrs. Richardsons, Royal Exchange ; R. Faulder, New Bond Street,
H. D. Symonds, Pater-Noster Row ; Messrs. Richardsons, Royal Exchange ; R. Faulder, New Bond Street,H. D. Symonds, Pater-Noster Row ; Messrs. Richardsons, Royal Exchange ; R. Faulder, New Bond Street,
H. D. Symonds, Pater-Noster Row ; sold by Barrois, Senior, Quai des Augustins, No. 19, Paris,H. D. Symonds, Pater-Noster Row ; Barrois, Senior, Quai des Augustins, No. 19, Paris,
H. D. Symonds, Pater-Noster Row ; St. James's Street ; sold by F. Knight,H. D. Symonds, Pater-Noster Row ; St. James's Street ; F. Knight,
H. D. Symonds, Pater-Noster-Row ; H. Macleish ; T. Axtell, Finch-Lane ; W. Stewart, opposite York-House, Piccadilly ; recorder Printing-Office, Duke's Court, Drury Lane ; sold by W. Miller, Old Bond-Street,H. D. Symonds, Pater-Noster-Row ; H. Macleish ; T. Axtell, Finch-Lane ; W. Stewart, opposite York-House, Piccadilly ; recorder Printing-Office, Duke's Court, Drury Lane ; W. Miller, Old Bond-Street,
H. D. Symonds, Pater-Noster-Row ; Inner-Temple-Lane ; J. Blackbourn ; J. Edwards, No. 17, Conduit-street, Hanover-Square ; John Tipp, their accountant ; Stock-Exchange ; Wells, Grosvenor & Chater, Cornhill ; sold by Hughes & Walsh,H. D. Symonds, Pater-Noster-Row ; Inner-Temple-Lane ; J. Blackbourn ; J. Edwards, No. 17, Conduit-street, Hanover-Square ; John Tipp, their accountant ; Stock-Exchange ; Wells, Grosvenor ; Chater, Cornhill ; Hughes ; Walsh,
H. D. Symonds, Pater-Noster-Row ; J. Barfield, No. 422, Oxford-Street ; Mr. Nutley, Kensington ; sold ; sold by him at No. 12, Great Distaff-Lane, Friday-Street,H. D. Symonds, Pater-Noster-Row ; J. Barfield, No. 422, Oxford-Street ; Mr. Nutley, Kensington ; him at No. 12, Great Distaff-Lane, Friday-Street,
H. D. Symonds, Pater-Noster-Row ; J. Barfield, No. 91, Wardour-Street, Soho ; Mr. Downes & Mr. Bush, Yarmouth ; sold by T. Gardiner, Princes-Street, Cavendish-Square,H. D. Symonds, Pater-Noster-Row ; J. Barfield, No. 91, Wardour-Street, Soho ; Mr. Downes ; Mr. Bush, Yarmouth ; T. Gardiner, Princes-Street, Cavendish-Square,
H. D. Symonds, Pater-Noster-Row ; J. Owen, Piccadilly,H. D. Symonds, Pater-Noster-Row ; J. Owen, Piccadilly,
H. D. Symonds, Pater-Noster-Row ; J. Ridgway, York-Street, ST. James's-Square,H. D. Symonds, Pater-Noster-Row ; J. Ridgway, York-Street, ST. James's-Square,
H. D. Symonds, Pater-Noster-Row ; J. Ridgway, York-Street, St. James's-Square,H. D. Symonds, Pater-Noster-Row ; J. Ridgway, York-Street, St. James's-Square,
H. D. Symonds, Pater-Noster-Row ; J. Robertson ; James Ridgeway, York-Street, St. James's Square ; sold at his office, No. 4. Horse-Wynd, Edinburgh,H. D. Symonds, Pater-Noster-Row ; J. Robertson ; James Ridgeway, York-Street, St. James's Square ; at his office, No. 4. Horse-Wynd,,
H. D. Symonds, Pater-Noster-Row ; J. Wright, opposite Bond-Street, Piccadilly,H. D. Symonds, Pater-Noster-Row ; J. Wright, opposite Bond-Street, Piccadilly,
H. D. Symonds, Pater-Noster-Row ; M. Lewis, Russel-Street, Covent-Garden,H. D. Symonds, Pater-Noster-Row ; M. Lewis, Russel-Street, Covent-Garden,
H. D. Symonds, Pater-Noster-Row ; R. Faulder, New Bond-Street ; Royal Exchange ; W. Richardson,H. D. Symonds, Pater-Noster-Row ; R. Faulder, New Bond-Street ; Royal Exchange ; W. Richardson,
H. D. Symonds, Pater-Noster-Row ; R. Hayward, Fisher-Street, Red-Lion-Square ; sold by J. Ridgeway, York-Street, ST. James's-Square,H. D. Symonds, Pater-Noster-Row ; R. Hayward, Fisher-Street, Red-Lion-Square ; J. Ridgeway, York-Street, ST. James's-Square,
H. D. Symonds, Pater-Noster-Row ; R. Hayward, Fisher-Street, Red-Lion-Square ; sold by J. Ridgeway, York-Street, St. James's-Square,H. D. Symonds, Pater-Noster-Row ; R. Hayward, Fisher-Street, Red-Lion-Square ; J. Ridgeway, York-Street, St. James's-Square,
H. D. Symonds, Pater-Noster-Row ; sold by J. Owen, No. 168, Piccadilly,H. D. Symonds, Pater-Noster-Row ; J. Owen, No. 168, Piccadilly,
H. D. Symonds, Pater-Noster-Row ; sold by J. Ridgeway, York-Street, St. James's-Square,H. D. Symonds, Pater-Noster-Row ; J. Ridgeway, York-Street, St. James's-Square,
H. D. Symonds, Pater-Noster-Row ; T. Kay, Strand,H. D. Symonds, Pater-Noster-Row ; T. Kay,,
H. D. Symonds, Pater-Noster-Row, Scatcherd & Whitaker, Ave-Maria-Lane ; T. Hodgson ; sold by Robert Bassam, No. 53, St. John Street, West-Smithfield,H. D. Symonds, Pater-Noster-Row, Scatcherd ; Whitaker, Ave-Maria-Lane ; T. Hodgson ; Robert Bassam, No. 53, St. John Street, West-Smithfield,
H. D. Symonds, Pater-Noster-Row, Scatcherd & Whitaker, Ave-Maria-Lane ; T. Hodgson ; sold by Robert Bassam, No. 53, St. John's-Street, West-Smithfield,H. D. Symonds, Pater-Noster-Row, Scatcherd ; Whitaker, Ave-Maria-Lane ; T. Hodgson ; Robert Bassam, No. 53, St. John's-Street, West-Smithfield,
H. D. Symonds, Paternoster Row ; defendant, Daniel Isaac Eaton, No. 81, Bishopsgate Street & sold by James Ridgway, York Street, St. James's,H. D. Symonds, Paternoster Row ; defendant, Daniel Isaac Eaton, No. 81, Bishopsgate Street ; James Ridgway, York Street, St. James's,
H. D. Symonds, Paternoster Row ; defendant, Daniel Isaac Eaton, No. 81, Bishopsgate street & sold by James Ridgway, York Street, St. James's,H. D. Symonds, Paternoster Row ; defendant, Daniel Isaac Eaton, No. 81, Bishopsgate street ; James Ridgway, York Street, St. James's,
H. D. Symonds, Paternoster Row ; R. Lyttlejohn, No. 19, Duke's Court, St. Martin's Lane ; R. Thomson, No. 4, Bell Yard, Temple-Bar,H. D. Symonds, Paternoster Row ; R. Lyttlejohn, No. 19, Duke's Court, St. Martin's Lane ; R. Thomson, No. 4, Bell Yard, Temple-Bar,
H. D. Symonds, Paternoster Row ; T. Bellamy, King Street, Covent Garden,H. D. Symonds, Paternoster Row ; T. Bellamy, King Street, Covent Garden,
H. D. Symonds, Paternoster Row ; W. Dale, Surry side of Black-Friars bridge,H. D. Symonds, Paternoster Row ; W. Dale, Surry side of Black-Friars bridge,
H. D. Symonds, Paternoster Row ; W. Winterbotham ; sold by J. Ridgway, York Street, ST. James's,H. D. Symonds, Paternoster Row ; W. Winterbotham ; J. Ridgway, York Street, ST. James's,
H. D. Symonds, Paternoster Row, London ; sold by T. Lockett,H. D. Symonds, Paternoster Row, London ; T. Lockett,
H. D. Symonds, Paternoster-Row,H. D. Symonds, Paternoster-Row,
H. D. Symonds, Paternoster-Row,H. D. Symonds, Paternoster-Row,
H. D. Symonds, Paternoster-Row,H. D. Symonds, Paternoster-Row,
H. D. Symonds, Paternoster-Row,H. D. Symonds, Paternoster-Row,
H. D. Symonds, Paternoster-Row,H. D. Symonds, Paternoster-Row,
H. D. Symonds, Paternoster-Row,H. D. Symonds, Paternoster-Row,
H. D. Symonds, Paternoster-Row,H. D. Symonds, Paternoster-Row,
H. D. Symonds, Paternoster-Row,H. D. Symonds, Paternoster-Row,
H. D. Symonds, Paternoster-Row,H. D. Symonds, Paternoster-Row,
H. D. Symonds, Paternoster-Row,H. D. Symonds, Paternoster-Row,
H. D. Symonds, Paternoster-Row,H. D. Symonds, Paternoster-Row,
H. D. Symonds, Paternoster-Row,H. D. Symonds, Paternoster-Row,
H. D. Symonds, Paternoster-Row,H. D. Symonds, Paternoster-Row,
H. D. Symonds, Paternoster-Row,H. D. Symonds, Paternoster-Row,
H. D. Symonds, Paternoster-Row,H. D. Symonds, Paternoster-Row,
H. D. Symonds, Paternoster-Row ; Hookham & Carpenter, Bond-Street ; J. Sewell, Cornhill,H. D. Symonds, Paternoster-Row ; Hookham ; Carpenter, Bond-Street ; J. Sewell, Cornhill,
H. D. Symonds, Paternoster-Row ; J & A Arch, Gracechurch-Street, Corner of Lombard-Street ; Knight & Triphook, St. James Street,H. D. Symonds, Paternoster-Row ; J ; A Arch, Gracechurch-Street, Corner of Lombard-Street ; Knight ; Triphook, St. James Street,
H. D. Symonds, Paternoster-Row ; J. Harding, St. James's-Street ; sold by W. J & J. Richardson, Royal-Exchange,H. D. Symonds, Paternoster-Row ; J. Harding, St. James's-Street ; W. J ; J. Richardson, Royal-Exchange,
H. D. Symonds, Paternoster-Row ; J. Marsom, High Holborn ; J. Ridgway, York-Street, St. James's Square ; J. Robertson, No. 4. Horsewynd, Edinburgh ; London Corresponding Society ; M. Margarot ; W. Ramsey, Bell-Yard, Temple-Bar,H. D. Symonds, Paternoster-Row ; J. Marsom, High Holborn ; J. Ridgway, York-Street, St. James's Square ; J. Robertson, No. 4. Horsewynd, ; London Corresponding Society ; M. Margarot ; W. Ramsey, Bell-Yard, Temple-Bar,
H. D. Symonds, Paternoster-Row ; J. Mcqueen, opposite Exeter-Change, Strand,H. D. Symonds, Paternoster-Row ; J. Mcqueen, opposite Exeter-Change,,
H. D. Symonds, Paternoster-Row ; J. Owen, NO. 168, Piccadilly,H. D. Symonds, Paternoster-Row ; J. Owen, NO. 168, Piccadilly,
H. D. Symonds, Paternoster-Row ; J. Owen, No. 168, Piccadilly,H. D. Symonds, Paternoster-Row ; J. Owen, No. 168, Piccadilly,
H. D. Symonds, Paternoster-Row ; J. Ridgway, York Street, St. James's,H. D. Symonds, Paternoster-Row ; J. Ridgway, York Street, St. James's,
H. D. Symonds, Paternoster-Row ; J. Ridgway, York-Street, St. James's Square,H. D. Symonds, Paternoster-Row ; J. Ridgway, York-Street, St. James's Square,
H. D. Symonds, Paternoster-Row ; James Ridgway, York-Street, St. James's Square,H. D. Symonds, Paternoster-Row ; James Ridgway, York-Street, St. James's Square,
H. D. Symonds, Paternoster-Row ; L. Wayland, Middle-Row, Holborn ; M. Gurney, Holborn ; sold by W. Ash, No 3, Middle Moorfields,H. D. Symonds, Paternoster-Row ; L. Wayland, Middle-Row, Holborn ; M. Gurney, Holborn ; W. Ash, No 3, Middle Moorfields,
H. D. Symonds, Paternoster-Row ; M'queen ; T. Bellamy, King-Street, Covent-Garden,H. D. Symonds, Paternoster-Row ; M'queen ; T. Bellamy, King-Street, Covent-Garden,
H. D. Symonds, Paternoster-Row ; Mcqueen, opposite Exeter-'change, Strand ; T. Bellamy, King-Street, Covent-Garden,H. D. Symonds, Paternoster-Row ; Mcqueen, opposite Exeter-'change, ; T. Bellamy, King-Street, Covent-Garden,
H. D. Symonds, Paternoster-Row ; Royalty Theatre ; sold by him at No. 4, Cross-Court, Bow-Street, Covent-Garden ; where may be had all his other publications,H. D. Symonds, Paternoster-Row ; Royalty Theatre ; him at No. 4, Cross-Court, Bow-Street, Covent-Garden ; where may be had all his other publications,
H. D. Symonds, Paternoster-Row ; sold by Darton & Harvey,H. D. Symonds, Paternoster-Row ; Darton ; Harvey,
H. D. Symonds, Paternoster-Row ; sold by Mr. Davis, Russel-Street, Covent-Garden,H. D. Symonds, Paternoster-Row ; Mr. Davis, Russel-Street, Covent-Garden,
H. D. Symonds, Paternoster-Row ; T. Bellamy, King-Street, Covent-Garden,H. D. Symonds, Paternoster-Row ; T. Bellamy, King-Street, Covent-Garden,
H. D. Symonds, Paternoster-Row ; T. Bellamy, King-Street, Covent-Garden,H. D. Symonds, Paternoster-Row ; T. Bellamy, King-Street, Covent-Garden,
H. D. Symonds, Paternoster-Row, P. Mcqueen, Exeter-Change ; T. Bellamy, King-Street, Covent-Garden,H. D. Symonds, Paternoster-Row, P. Mcqueen, Exeter-Change ; T. Bellamy, King-Street, Covent-Garden,
H. D. Symonds, Scatcherd & Whitaker ; T. Hodgson ; sold by Robert Bassam,H. D. Symonds, Scatcherd ; Whitaker ; T. Hodgson ; Robert Bassam,
H. D. Symonds, T. Hookham ; J. Murray ; Messrs. Robinsons ; W. Richardson ; sold ; sold by T. Wilkins,H. D. Symonds, T. Hookham ; J. Murray ; Messrs. Robinsons ; W. Richardson ; T. Wilkins,
H. D. Symonds. MDCCXCIV ; J. Parsons, J. Ridgway ; M. A. Meilan, Feb ; W. Wilson,H. D. Symonds. MDCCXCIV ; J. Parsons, J. Ridgway ; M. A. Meilan, Feb ; W. Wilson,
H. D.Symonds ; J.March, Norwich,H. D.Symonds ; J.March, Norwich,
