J. Jacob,J. Jacob,
J. Jacob,J. Jacob,
J. Jacob,J. Jacob,
J. Jacob ; sold by J. Matthews in the Strand, London,J. Jacob ; J. Matthews Strand, London,
J. Jacob ; W. Nicholson, Wisbech,J. Jacob ; W. Nicholson, Wisbech,
J. James,J. James,
J. James, Wine Street, Bristol ; Luckman & Suffield ; N. Merredew, Coventry ; Sold ; W. Button, No. 24, Paternoster-Row,J. James, Wine Street, Bristol ; Luckman ; Suffield ; N. Merredew, Coventry ; Sold ; W. Button, No. 24, Paternoster-Row,
J. Jarvis,J. Jarvis,
J. Jarvis,J. Jarvis,
J. Jarvis ; J. Parsons,J. Jarvis ; J. Parsons,
J. Jarvis ; J. Parsons,J. Jarvis ; J. Parsons,
J. Jarvis ; J. Parsons,J. Jarvis ; J. Parsons,
J. Jarvis ; J. Parsons,J. Jarvis ; J. Parsons,
J. Jarvis ; J. Parsons,J. Jarvis ; J. Parsons,
J. Jarvis ; J. Parsons,J. Jarvis ; J. Parsons,
J. Jarvis ; J. Parsons,J. Jarvis ; J. Parsons,
J. Jarvis ; J. Parsons,J. Jarvis ; J. Parsons,
J. Jarvis ; J. Parsons,J. Jarvis ; J. Parsons,
J. Jarvis ; J. Parsons, No 21, Paternoster-Row,J. Jarvis ; J. Parsons, No 21, Paternoster-Row,
J. Jarvis ; J. Parsons, No 21, Paternoster-Row,J. Jarvis ; J. Parsons, No 21, Paternoster-Row,
J. Jarvis ; J. Parsons, NO 21, Paternoster-Row,J. Jarvis ; J. Parsons, NO 21, Paternoster-Row,
J. Jarvis ; J. Parsons, No 21, Paternoster-Row,J. Jarvis ; J. Parsons, No 21, Paternoster-Row,
J. Jarvis ; J. Parsons, No 21, Paternoster-Row,J. Jarvis ; J. Parsons, No 21, Paternoster-Row,
J. Jarvis ; J. Parsons, No 21, Paternoster-Row,J. Jarvis ; J. Parsons, No 21, Paternoster-Row,
J. Jarvis ; J. Parsons, NO 21, Paternoster-Row,J. Jarvis ; J. Parsons, NO 21, Paternoster-Row,
J. Jarvis ; J. Parsons, No 21, Paternoster-Row,J. Jarvis ; J. Parsons, No 21, Paternoster-Row,
J. Jarvis ; J. Parsons, No 21, Paternoster-Row,J. Jarvis ; J. Parsons, No 21, Paternoster-Row,
J. Jarvis ; J. Parsons, No 21, Paternoster-Row,J. Jarvis ; J. Parsons, No 21, Paternoster-Row,
J. Jarvis ; J. Parsons, No 21, Paternoster-Row,J. Jarvis ; J. Parsons, No 21, Paternoster-Row,
J. Jarvis ; J. Parsons, No 21, Paternoster-Row,J. Jarvis ; J. Parsons, No 21, Paternoster-Row,
J. Jarvis ; J. Parsons, No 21, Paternoster-Row,J. Jarvis ; J. Parsons, No 21, Paternoster-Row,
J. Jarvis ; J. Parsons, No 21, Paternoster-Row,J. Jarvis ; J. Parsons, No 21, Paternoster-Row,
J. Jarvis ; J. Parsons, No 21, Paternoster-Row,J. Jarvis ; J. Parsons, No 21, Paternoster-Row,
J. Jarvis ; J. Parsons, No 21, Paternoster-Row,J. Jarvis ; J. Parsons, No 21, Paternoster-Row,
J. Jarvis ; J. Parsons, No 21, Paternoster-Row,J. Jarvis ; J. Parsons, No 21, Paternoster-Row,
J. Jarvis ; J. Parsons, No 21, Paternoster-Row,J. Jarvis ; J. Parsons, No 21, Paternoster-Row,
J. Jarvis ; J. Parsons, No 21, Paternoster-Row,J. Jarvis ; J. Parsons, No 21, Paternoster-Row,
J. Jarvis ; J. Parsons, No 21, Paternoster-Row,J. Jarvis ; J. Parsons, No 21, Paternoster-Row,
J. Jarvis ; J. Parsons, No 21, Paternoster-Row,J. Jarvis ; J. Parsons, No 21, Paternoster-Row,
J. Jarvis ; J. Parsons, No 21, Paternoster-Row,J. Jarvis ; J. Parsons, No 21, Paternoster-Row,
J. Jarvis ; J. Parsons, No 21, Paternoster-Row,J. Jarvis ; J. Parsons, No 21, Paternoster-Row,
J. Jarvis ; J. Parsons, No 21, Paternoster-Row,J. Jarvis ; J. Parsons, No 21, Paternoster-Row,
J. Jarvis ; J. Parsons, No 21, Paternoster-Row,J. Jarvis ; J. Parsons, No 21, Paternoster-Row,
J. Jarvis ; J. Parsons, No 21, Paternoster-Row,J. Jarvis ; J. Parsons, No 21, Paternoster-Row,
J. Jarvis ; J. Parsons, No 21, Paternoster-Row,J. Jarvis ; J. Parsons, No 21, Paternoster-Row,
J. Jarvis ; J. Parsons, No. 21, Paternoster-Row,J. Jarvis ; J. Parsons, No. 21, Paternoster-Row,
J. Jarvis ; J. Parsons, No. 21, Paternoster-Row,J. Jarvis ; J. Parsons, No. 21, Paternoster-Row,
J. Jarvis ; sold,J. Jarvis,
J. Jarvis, No. 7, Wild-Court, Lincoln's Inn-Fields,J. Jarvis, No. 7, Wild-Court, Lincoln's Inn-Fields,
J. Jarvis, No. 7, Wild-Court, Lincoln's Inn-Fields,J. Jarvis, No. 7, Wild-Court, Lincoln's Inn-Fields,
J. Jarvis, No. 7, Wild-Court, Lincoln's Inn-Fields,J. Jarvis, No. 7, Wild-Court, Lincoln's Inn-Fields,
J. Jarvis, No. 7, Wild-Court, Lincoln's-Inn-Fields,J. Jarvis, No. 7, Wild-Court, Lincoln's-Inn-Fields,
J. Jarvis, No. 7, Wild-Court, Lincoln's-Inn-Fields,J. Jarvis, No. 7, Wild-Court, Lincoln's-Inn-Fields,
J. Jeffery, Pall-Mall,J. Jeffery, Pall-Mall,
J. Jennings,J. Jennings,
J. Jennings ; J. Montgomery ; sold by A & E. Gales, Ridgard & Bennet, J. Smith, T. Pierson,J. Jennings ; J. Montgomery ; A ; E. Gales, Ridgard ; Bennet, J. Smith, T. Pierson,
J. Jennings, No. 15 Water-Lane, Fleet Street, London,J. Jennings, No. 15 Water-Lane, Fleet Street, London,
J. Johnon ; Johnson ; St. Paul's Church Yard,J. Johnon ; Johnson ; St. Paul's Church Yard,
J. Johnson,J. Johnson,
J. Johnson,J. Johnson,
J. Johnson,J. Johnson,
J. Johnson,J. Johnson,
J. Johnson,J. Johnson,
J. Johnson,J. Johnson,
J. Johnson,J. Johnson,
J. Johnson,J. Johnson,
J. Johnson,J. Johnson,
J. Johnson,J. Johnson,
J. Johnson,J. Johnson,
J. Johnson,J. Johnson,
J. Johnson,J. Johnson,
J. Johnson,J. Johnson,
J. Johnson,J. Johnson,
J. Johnson,J. Johnson,
J. Johnson,J. Johnson,
J. Johnson,J. Johnson,
J. Johnson,J. Johnson,
J. Johnson,J. Johnson,
J. Johnson,J. Johnson,
J. Johnson,J. Johnson,
J. Johnson,J. Johnson,
J. Johnson,J. Johnson,
J. Johnson,J. Johnson,
J. Johnson,J. Johnson,
J. Johnson,J. Johnson,
J. Johnson,J. Johnson,
J. Johnson,J. Johnson,
J. Johnson,J. Johnson,
J. Johnson,J. Johnson,
J. Johnson,J. Johnson,
J. Johnson,J. Johnson,
J. Johnson,J. Johnson,
J. Johnson,J. Johnson,
J. Johnson,J. Johnson,
J. Johnson,J. Johnson,
J. Johnson,J. Johnson,
J. Johnson,J. Johnson,
J. Johnson,J. Johnson,
J. Johnson,J. Johnson,
J. Johnson,J. Johnson,
J. Johnson,J. Johnson,
J. Johnson,J. Johnson,
J. Johnson,J. Johnson,
J. Johnson,J. Johnson,
J. Johnson,J. Johnson,
J. Johnson,J. Johnson,
J. Johnson,J. Johnson,
J. Johnson,J. Johnson,
J. Johnson,J. Johnson,
J. Johnson,J. Johnson,
J. Johnson,J. Johnson,
J. Johnson,J. Johnson,
J. Johnson,J. Johnson,
J. Johnson,J. Johnson,
J. Johnson,J. Johnson,
J. Johnson,J. Johnson,
J. Johnson,J. Johnson,
J. Johnson,J. Johnson,
J. Johnson,J. Johnson,
J. Johnson,J. Johnson,
J. Johnson,J. Johnson,
J. Johnson,J. Johnson,
J. Johnson,J. Johnson,
J. Johnson,J. Johnson,
J. Johnson,J. Johnson,
J. Johnson,J. Johnson,
J. Johnson,J. Johnson,
J. Johnson,J. Johnson,
J. Johnson,J. Johnson,
J. Johnson,J. Johnson,
J. Johnson,J. Johnson,
J. Johnson,J. Johnson,
J. Johnson,J. Johnson,
J. Johnson,J. Johnson,
J. Johnson,J. Johnson,
J. Johnson,J. Johnson,
J. Johnson,J. Johnson,
J. Johnson,J. Johnson,
J. Johnson,J. Johnson,
J. Johnson,J. Johnson,
J. Johnson,J. Johnson,
J. Johnson,J. Johnson,
J. Johnson,J. Johnson,
J. Johnson,J. Johnson,
J. Johnson,J. Johnson,
J. Johnson,J. Johnson,
J. Johnson,J. Johnson,
J. Johnson,J. Johnson,
J. Johnson,J. Johnson,
J. Johnson,J. Johnson,
J. Johnson,J. Johnson,
J. Johnson,J. Johnson,
J. Johnson,J. Johnson,
J. Johnson,J. Johnson,
J. Johnson,J. Johnson,
J. Johnson,J. Johnson,
J. Johnson,J. Johnson,
J. Johnson,J. Johnson,
J. Johnson,J. Johnson,
J. Johnson,J. Johnson,
J. Johnson,J. Johnson,
J. Johnson,J. Johnson,
J. Johnson,J. Johnson,
J. Johnson,J. Johnson,
J. Johnson,J. Johnson,
J. Johnson,J. Johnson,
J. Johnson,J. Johnson,
J. Johnson,J. Johnson,
J. Johnson,J. Johnson,
J. Johnson,J. Johnson,
J. Johnson,J. Johnson,
J. Johnson,J. Johnson,
J. Johnson,J. Johnson,
J. Johnson,J. Johnson,
J. Johnson,J. Johnson,
J. Johnson,J. Johnson,
J. Johnson,J. Johnson,
J. Johnson,J. Johnson,
J. Johnson,J. Johnson,
J. Johnson,J. Johnson,
J. Johnson,J. Johnson,
J. Johnson,J. Johnson,
J. Johnson,J. Johnson,
J. Johnson,J. Johnson,
J. Johnson,J. Johnson,
J. Johnson,J. Johnson,
J. Johnson,J. Johnson,
J. Johnson,J. Johnson,
J. Johnson,J. Johnson,
J. Johnson,J. Johnson,
J. Johnson,J. Johnson,
J. Johnson,J. Johnson,
J. Johnson,J. Johnson,
J. Johnson,J. Johnson,
J. Johnson,J. Johnson,
J. Johnson,J. Johnson,
J. Johnson,J. Johnson,
J. Johnson,J. Johnson,
J. Johnson,J. Johnson,
J. Johnson,J. Johnson,
J. Johnson,J. Johnson,
J. Johnson,J. Johnson,
J. Johnson,J. Johnson,
J. Johnson,J. Johnson,
J. Johnson ; J. Lloyd, Bristol,J. Johnson ; J. Lloyd, Bristol,
J. Johnson ; J. March ; St. Paul's Church-yard, London,J. Johnson ; J. March ; St. Paul's Church-yard, London,
J. Johnson ; J. Marsom ; T. Knott ; T. Thomas, London ; W. Watts, Abingdon ; sold ; sold by G. Norton,J. Johnson ; J. Marsom ; T. Knott ; T. Thomas, London ; W. Watts, Abingdon ; G. Norton,
J. Johnson ; J. Matthews. Sold ; Lock-Hospital,J. Johnson ; J. Matthews. Sold ; Lock-Hospital,
J. Johnson ; J. Nichols ; sold by G. Nicol,J. Johnson ; J. Nichols ; G. Nicol,
J. Johnson ; J. Owen,J. Johnson ; J. Owen,
J. Johnson ; J. Scatcherd ; T. Boosey ; Vernor & Hood,J. Johnson ; J. Scatcherd ; T. Boosey ; Vernor ; Hood,
J. Johnson ; J. Stockdale, London ; J. Todd, York ; W. Blanchard,J. Johnson ; J. Stockdale, London ; J. Todd, York ; W. Blanchard,
J. Johnson ; James & Johnson ; St. Paul's Church-Yard,J. Johnson ; James ; Johnson ; St. Paul's Church-Yard,
J. Johnson ; James & Johnson ; St. Paul's Church-Yard,J. Johnson ; James ; Johnson ; St. Paul's Church-Yard,
J. Johnson ; L & S. Wayland ; sold by C. Dilly,J. Johnson ; L ; S. Wayland ; C. Dilly,
J. Johnson ; Logographic Press ; W. Richardson ; sold by J. Walter,J. Johnson ; Logographic Press ; W. Richardson ; J. Walter,
J. Johnson ; M. Falkner ; ST. Paul's Church Yard,J. Johnson ; M. Falkner ; ST. Paul's Church Yard,
J. Johnson ; M. Falkner ; St. Paul's Church Yard,J. Johnson ; M. Falkner ; St. Paul's Church Yard,
J. Johnson ; M. Gurney ; Mr. Chapman, Hemel-Hempstead ; T. Knott ; sold by C. Dilly,J. Johnson ; M. Gurney ; Mr. Chapman, Hemel-Hempstead ; T. Knott ; C. Dilly,
J. Johnson ; Messrs Robinson, London ; Newcastle. - Sold ; sold by S. Hodgson,J. Johnson ; Messrs Robinson, London ; Newcastle. - Sold ; S. Hodgson,
J. Johnson ; Messrs Robinson, London ; Newcastle. - Sold ; sold by S. Hodgson,J. Johnson ; Messrs Robinson, London ; Newcastle. - Sold ; S. Hodgson,
J. Johnson ; Messrs. Egertons, London ; Messrs. Ridges, Newark ; Messrs. Robinsons ; sold by W. Sheardown. Sold,J. Johnson ; Messrs. Egertons, London ; Messrs. Ridges, Newark ; Messrs. Robinsons ; W. Sheardown. Sold,
J. Johnson ; Mr. Applin, Winbourn ; Mr. Campbell, Bath ; Mr. Collins, Salisbury ; Mr. Mathews, Strand ; Mr. Simmonds, Pater-Noster-Row, London ; sold by Mr. Mills, Bristol,J. Johnson ; Mr. Applin, Winbourn ; Mr. Campbell, Bath ; Mr. Collins, Salisbury ; Mr. Mathews, ; Mr. Simmonds, Pater-Noster-Row, London ; Mr. Mills, Bristol,
J. Johnson ; N. Biggs ; T. N. Longman, London ; W. Meyler, Bath ; sold by Joseph Cottle, Bristol,J. Johnson ; N. Biggs ; T. N. Longman, London ; W. Meyler, Bath ; Joseph Cottle, Bristol,
J. Johnson ; Northumberland Town, America,J. Johnson ; Northumberland Town, America,
J. Johnson ; Northumberland Town, America ; St. Paul's Church-Yard,J. Johnson ; Northumberland Town, America ; St. Paul's Church-Yard,
J. Johnson ; Parisiis, apud Barois juniorem,J. Johnson ; Parisiis, apud Barois juniorem,
J. Johnson ; R. Baldwin ; T. Longman,J. Johnson ; R. Baldwin ; T. Longman,
J. Johnson ; Scatcherd & Whitaker ; T. Boosey ; Vernor & Hood,J. Johnson ; Scatcherd ; Whitaker ; T. Boosey ; Vernor ; Hood,
J. Johnson ; Sold by C. Dilly,J. Johnson ; Sold C. Dilly,
J. Johnson ; sold by W. Richardson,J. Johnson ; W. Richardson,
J. Johnson ; sold by W. Richardson,J. Johnson ; W. Richardson,
J. Johnson ; St Paul's Church Yard,J. Johnson ; St Paul's Church Yard,
J. Johnson ; St. Paul's Chruch-Yard,J. Johnson ; St. Paul's Chruch-Yard,
J. Johnson ; St. Paul's Church - Yard,J. Johnson ; St. Paul's Church - Yard,
J. Johnson ; St. Paul's Church Yard,J. Johnson ; St. Paul's Church Yard,
J. Johnson ; St. Paul's Church yard,J. Johnson ; St. Paul's Church yard,
J. Johnson ; St. Paul's Church Yard,J. Johnson ; St. Paul's Church Yard,
J. Johnson ; St. Paul's Church Yard,J. Johnson ; St. Paul's Church Yard,
J. Johnson ; St. Paul's Church Yard,J. Johnson ; St. Paul's Church Yard,
J. Johnson ; St. Paul's Church Yard,J. Johnson ; St. Paul's Church Yard,
J. Johnson ; St. Paul's Church Yard,J. Johnson ; St. Paul's Church Yard,
J. Johnson ; ST. Paul's Church Yard,J. Johnson ; ST. Paul's Church Yard,
J. Johnson ; ST. Paul's Church Yard,J. Johnson ; ST. Paul's Church Yard,
J. Johnson ; St. Paul's Church Yard,J. Johnson ; St. Paul's Church Yard,
J. Johnson ; St. Paul's Church Yard,J. Johnson ; St. Paul's Church Yard,
J. Johnson ; St. Paul's Church Yard,J. Johnson ; St. Paul's Church Yard,
J. Johnson ; St. Paul's Church-Yard,J. Johnson ; St. Paul's Church-Yard,
J. Johnson ; St. Paul's Church-Yard,J. Johnson ; St. Paul's Church-Yard,
J. Johnson ; St. Paul's Church-Yard,J. Johnson ; St. Paul's Church-Yard,
J. Johnson ; St. Paul's Church-Yard,J. Johnson ; St. Paul's Church-Yard,
J. Johnson ; ST. Paul's Church-Yard,J. Johnson ; ST. Paul's Church-Yard,
J. Johnson ; St. Paul's Church-yard,J. Johnson ; St. Paul's Church-yard,
J. Johnson ; St. Paul's Church-Yard,J. Johnson ; St. Paul's Church-Yard,
J. Johnson ; St. Paul's Church-Yard,J. Johnson ; St. Paul's Church-Yard,
J. Johnson ; St. Paul's Church-Yard,J. Johnson ; St. Paul's Church-Yard,
J. Johnson ; St. Paul's Church-Yard,J. Johnson ; St. Paul's Church-Yard,
J. Johnson ; St. Paul's Church-Yard,J. Johnson ; St. Paul's Church-Yard,
J. Johnson ; St. Paul's Church-Yard,J. Johnson ; St. Paul's Church-Yard,
J. Johnson ; St. Paul's Church-Yard,J. Johnson ; St. Paul's Church-Yard,
J. Johnson ; St. Paul's Church-Yard,J. Johnson ; St. Paul's Church-Yard,
J. Johnson ; St. Paul's Church-Yard,J. Johnson ; St. Paul's Church-Yard,
J. Johnson ; St. Paul's Church-Yard,J. Johnson ; St. Paul's Church-Yard,
J. Johnson ; St. Paul's Church-Yard,J. Johnson ; St. Paul's Church-Yard,
J. Johnson ; St. Paul's Church-Yard,J. Johnson ; St. Paul's Church-Yard,
J. Johnson ; St. Paul's Church-Yard,J. Johnson ; St. Paul's Church-Yard,
J. Johnson ; St. Paul's Church-Yard,J. Johnson ; St. Paul's Church-Yard,
J. Johnson ; St. Paul's Church-Yard,J. Johnson ; St. Paul's Church-Yard,
J. Johnson ; St. Paul's Church-yard,J. Johnson ; St. Paul's Church-yard,
J. Johnson ; St. Paul's Church-Yard,J. Johnson ; St. Paul's Church-Yard,
J. Johnson ; St. Paul's Church-Yard,J. Johnson ; St. Paul's Church-Yard,
J. Johnson ; St. Paul's Church-Yard,J. Johnson ; St. Paul's Church-Yard,
J. Johnson ; St. Paul's Church-Yard,J. Johnson ; St. Paul's Church-Yard,
J. Johnson ; St. Paul's Church-Yard,J. Johnson ; St. Paul's Church-Yard,
J. Johnson ; St. Paul's Church-Yard,J. Johnson ; St. Paul's Church-Yard,
J. Johnson ; St. Paul's Church-Yard,J. Johnson ; St. Paul's Church-Yard,
J. Johnson ; St. Paul's Church-Yard,J. Johnson ; St. Paul's Church-Yard,
J. Johnson ; St. Paul's Church-Yard,J. Johnson ; St. Paul's Church-Yard,
J. Johnson ; St. Paul's Church-yard,J. Johnson ; St. Paul's Church-yard,
J. Johnson ; St. Paul's Church-Yard,J. Johnson ; St. Paul's Church-Yard,
J. Johnson ; St. Paul's Church-Yard,J. Johnson ; St. Paul's Church-Yard,
J. Johnson ; St. Paul's Church-Yard,J. Johnson ; St. Paul's Church-Yard,
J. Johnson ; St. Paul's Church-Yard,J. Johnson ; St. Paul's Church-Yard,
J. Johnson ; St. Paul's Church-Yard,J. Johnson ; St. Paul's Church-Yard,
J. Johnson ; St. Paul's Church-Yard,J. Johnson ; St. Paul's Church-Yard,
J. Johnson ; St. Paul's Church-Yard,J. Johnson ; St. Paul's Church-Yard,
J. Johnson ; St. Paul's Church-Yard,J. Johnson ; St. Paul's Church-Yard,
J. Johnson ; St. Paul's Church-Yard,J. Johnson ; St. Paul's Church-Yard,
J. Johnson ; St. Paul's Church-Yard,J. Johnson ; St. Paul's Church-Yard,
J. Johnson ; St. Paul's Church-Yard,J. Johnson ; St. Paul's Church-Yard,
J. Johnson ; St. Paul's Church-Yard,J. Johnson ; St. Paul's Church-Yard,
J. Johnson ; St. Paul's Church-Yard,J. Johnson ; St. Paul's Church-Yard,
J. Johnson ; ST. Paul's Church-Yard,J. Johnson ; ST. Paul's Church-Yard,
J. Johnson ; ST. Paul's Church-Yard,J. Johnson ; ST. Paul's Church-Yard,
J. Johnson ; St. Paul's Church-Yard,J. Johnson ; St. Paul's Church-Yard,
J. Johnson ; ST. Paul's Church-Yard,J. Johnson ; ST. Paul's Church-Yard,
J. Johnson ; St. Paul's Church-Yard,J. Johnson ; St. Paul's Church-Yard,
J. Johnson ; St. Paul's Church-Yard,J. Johnson ; St. Paul's Church-Yard,
J. Johnson ; St. Paul's Church-Yard,J. Johnson ; St. Paul's Church-Yard,
J. Johnson ; St. Paul's Church-yard,J. Johnson ; St. Paul's Church-yard,
J. Johnson ; St. Paul's Church-Yard ; sold by S. Woolmer & W. Grigg,J. Johnson ; St. Paul's Church-Yard ; S. Woolmer ; W. Grigg,
J. Johnson ; St. Paul's Church-Yard ; Thomas Bensley, Bdt-Ceat, Fleet-Street,J. Johnson ; St. Paul's Church-Yard ; Thomas Bensley, Bdt-Ceat, Fleet-Street,
J. Johnson ; St. Paul's Church-Yard ; William Brander. London,J. Johnson ; St. Paul's Church-Yard ; William Brander. London,
J. Johnson ; St. Paul's Churchyard,J. Johnson ; St. Paul's Churchyard,
J. Johnson ; St. Paul's-Church-Yard,J. Johnson ; St. Paul's-Church-Yard,
J. Johnson ; St. Pauls Church Yard,J. Johnson ; St. Pauls Church Yard,
J. Johnson ; T. Boosey ; Vernor & Hood,J. Johnson ; T. Boosey ; Vernor ; Hood,
J. Johnson ; T. Brice,J. Johnson ; T. Brice,
J. Johnson ; T. Knott,J. Johnson ; T. Knott,
J. Johnson ; T. Knott, London ; W. Watts, Abingdon, Berks ; sold ; sold by G. Norton,J. Johnson ; T. Knott, London ; W. Watts, Abingdon, Berks ; G. Norton,
J. Johnson ; T. Longman, G. G. J & J. Robinson,J. Johnson ; T. Longman, G. G. J ; J. Robinson,
J. Johnson ; T. Whieldon,J. Johnson ; T. Whieldon,
J. Johnson ; W. Eyres, Warrington,J. Johnson ; W. Eyres, Warrington,
J. Johnson ; W. Goldsmith, T. Lewis & R. Christopher at Stockton,J. Johnson ; W. Goldsmith, T. Lewis ; R. Christopher at Stockton,
J. Johnson ; W. Lewin,J. Johnson ; W. Lewin,
J. Johnson & G. G & J. Robinson,J. Johnson ; G. G ; J. Robinson,
J. Johnson & sold by W. Miller,J. Johnson ; W. Miller,
J. Johnson in St. Paul's Church-Yard,J. Johnson St. Paul's Church-Yard,
J. Johnson St. Paul's Church Yard, C.G.J & J. Robinson, Paternoster Row ; Messrs. Egertons, Whitehall, London ; sold ; sold by Allin & Ridge,J. Johnson St. Paul's Church Yard, C.G.J ; J. Robinson, Paternoster Row ; Messrs. Egertons, Whitehall, London ; Allin ; Ridge,
J. Johnson St. Paul's Church Yard, G.G.J & J. Robinson, Paternoster Row ; Messrs. Egertons, Whitehall, London ; sold ; sold by Allin & Ridge,J. Johnson St. Paul's Church Yard, G.G.J ; J. Robinson, Paternoster Row ; Messrs. Egertons, Whitehall, London ; Allin ; Ridge,
J. Johnson St. Paul's Church-Yard ; Messrs. Stockdale & Debrett, Piccadilly ; sold by C. Dilly Poultry,J. Johnson St. Paul's Church-Yard ; Messrs. Stockdale ; Debrett, Piccadilly ; C. Dilly Poultry,
J. Johnson St. Paul's Church-Yard, G.G.J & J. Robinson, Paternoster Row ; Messrs. Egertons, Whitehall, London ; sold ; sold by Allin & Ridge,J. Johnson St. Paul's Church-Yard, G.G.J ; J. Robinson, Paternoster Row ; Messrs. Egertons, Whitehall, London ; Allin ; Ridge,
J. Johnson St. Paul's Church-yard, G.G.J & J. Robinson, Paternoster-Row ; Messrs. Egertons, Whitehall, London ; sold ; sold by Allin & Ridge,J. Johnson St. Paul's Church-yard, G.G.J ; J. Robinson, Paternoster-Row ; Messrs. Egertons, Whitehall, London ; Allin ; Ridge,
J. Johnson St. Paul's Church-Yard, G.G.J & J. Robinson, Paternoster-Row ; Messrs. Egertons, Whitehall, London ; sold ; sold by Allin & Ridge,J. Johnson St. Paul's Church-Yard, G.G.J ; J. Robinson, Paternoster-Row ; Messrs. Egertons, Whitehall, London ; Allin ; Ridge,
J. Johnson St. Pauls Church Yard,J. Johnson St. Pauls Church Yard,
J. Johnson, & J. Edwards,J. Johnson, ; J. Edwards,
J. Johnson, 232, Whitechapel Road,J. Johnson, 232, Whitechapel Road,
J. Johnson, 72, St. Paul's Church Yard, London ; R & W. Dean, No. 9, Spring-Gardens,J. Johnson, 72, St. Paul's Church Yard, London ; R ; W. Dean, No. 9, Spring-Gardens,
J. Johnson, 72, St. Paul's Church-Yard,J. Johnson, 72, St. Paul's Church-Yard,
J. Johnson, C. Dilly ; W. Owen, T. Longman, B,J. Johnson, C. Dilly ; W. Owen, T. Longman, B,
J. Johnson, C. Dilly, G. G & J. Robinson ; T. Longman, B,J. Johnson, C. Dilly, G. G ; J. Robinson ; T. Longman, B,
J. Johnson, C. Dilly, G. G & J. Robinson, W. J & J. Richardson, R. Baldwin ; Longman & Rees,J. Johnson, C. Dilly, G. G ; J. Robinson, W. J ; J. Richardson, R. Baldwin ; Longman ; Rees,
J. Johnson, C. Dilly, G.G & J. Robinson, T. Cadell, J. Sewell, W. Otrdge, W. Richardson, F & C. Rivington, W. Goldsmith, T. Payne, Leigh & Sotheby, S. Hayes, R. Faulder, B & J. White, W. Lowndes, G & T. Wilkie ; J. Walker ; T. Longman, B,J. Johnson, C. Dilly, G.G ; J. Robinson, T. Cadell, J. Sewell, W. Otrdge, W. Richardson, F ; C. Rivington, W. Goldsmith, T. Payne, Leigh ; Sotheby, S. Hayes, R. Faulder, B ; J. White, W. Lowndes, G ; T. Wilkie ; J. Walker ; T. Longman, B,
J. Johnson, F. & C. Rivington, W. Lowndes ; T. Longman, B. Law & Fil,J. Johnson, F. ; C. Rivington, W. Lowndes ; T. Longman, B. Law ; Fil,
J. Johnson, G & G. Ginger, C. Dilly, G. G & J. Robinson, G. J & J. Richardson, R. Baldwin, F ; J. Scatcherd, G. Wilkie, R. Lea, Longman & Rees, J. Taylor, T. Hurst ; Pote & Williams ; Rivington, J. Walker, Lackington,J. Johnson, G ; G. Ginger, C. Dilly, G. G ; J. Robinson, G. J ; J. Richardson, R. Baldwin, F ; J. Scatcherd, G. Wilkie, R. Lea, Longman ; Rees, J. Taylor, T. Hurst ; Pote ; Williams ; Rivington, J. Walker, Lackington,
J. Johnson, G. G & J. Robinson ; Messrs. Egertons, London ; sold ; sold by Allin & Ridge,J. Johnson, G. G ; J. Robinson ; Messrs. Egertons, London ; Allin ; Ridge,
J. Johnson, G. G & J. Robinson ; T. Cox, Southwark ; sold by James Phillips. Sold,J. Johnson, G. G ; J. Robinson ; T. Cox, Southwark ; James Phillips. Sold,
J. Johnson, G. G & J. Robinson, R. Baldwin ; T. Longman, B,J. Johnson, G. G ; J. Robinson, R. Baldwin ; T. Longman, B,
J. Johnson, G. G & J. Robinson, R. Baldwin, F & C. Rivington, J. Scatchard, W. Lowndes, J. Mathews, Vernor & Hood, G. Wilkie, J. Walker, T. N. Longman, W. Miller, H. D. Symonds, J. Nunn, Les & Hurst ; J. Wallis,J. Johnson, G. G ; J. Robinson, R. Baldwin, F ; C. Rivington, J. Scatchard, W. Lowndes, J. Mathews, Vernor ; Hood, G. Wilkie, J. Walker, T. N. Longman, W. Miller, H. D. Symonds, J. Nunn, Les ; Hurst ; J. Wallis,
J. Johnson, G. G & J. Robinson, R. Baldwin, F & C. Rivington, W. Lowndes, J. Scatcherd, J. Walker, Vernor & Hood, J. Cuthell, Longman & Rees, Cadell jun & Davies, T. Hurst ; J. Wallis,J. Johnson, G. G ; J. Robinson, R. Baldwin, F ; C. Rivington, W. Lowndes, J. Scatcherd, J. Walker, Vernor ; Hood, J. Cuthell, Longman ; Rees, Cadell Jr. ; Davies, T. Hurst ; J. Wallis,
J. Johnson, G. G & J. Robinson, T. Cadell ; T. Longman, B,J. Johnson, G. G ; J. Robinson, T. Cadell ; T. Longman, B,
J. Johnson, G. G. & J. Robinson, F. & C. Rivington, G. Kearsley, J. Walker,J. Johnson, G. G. ; J. Robinson, F. ; C. Rivington, G. Kearsley, J. Walker,
J. Johnson, G. G. J & J. Robinson ; Messrs. Egertons, London ; sold ; sold by Allin & Ridge,J. Johnson, G. G. J ; J. Robinson ; Messrs. Egertons, London ; Allin ; Ridge,
J. Johnson, G.G & J. Robinson, F & C. Rivington, E. Newbery, J. Walker, J. Scatcherd, G. Wilkie, T. Boosey, Vernor & Hood, J. Taylor, T. N. Longman,J. Johnson, G.G ; J. Robinson, F ; C. Rivington, E. Newbery, J. Walker, J. Scatcherd, G. Wilkie, T. Boosey, Vernor ; Hood, J. Taylor, T. N. Longman,
J. Johnson, G.G.J & J. Robinson, T. Cadell, J. Murray, W.Fox, J. Bew, S. Hayes ; W. Lowndes,J. Johnson, G.G.J ; J. Robinson, T. Cadell, J. Murray, W.Fox, J. Bew, S. Hayes ; W. Lowndes,
J. Johnson, J. Remnant, & W. Remnant in Hamburgh,J. Johnson, J. Remnant, ; W. Remnant Hamburgh,
J. Johnson, London ; J. Lloyd ; S. Woolmer, Exeter,J. Johnson, London ; J. Lloyd ; S. Woolmer, Exeter,
J. Johnson, London ; J. Ross, Caermarthen,J. Johnson, London ; J. Ross, Caermarthen,
J. Johnson, London ; J. Thompson ; Miss Creswell, Wolverhampton ; Oxford & Cambridge ; sold by T. Person, E. Piercy,J. Johnson, London ; J. Thompson ; Miss Creswell, Wolverhampton ; Oxford ; Cambridge ; T. Person, E. Piercy,
J. Johnson, London ; John Thompson,J. Johnson, London ; John Thompson,
J. Johnson, London ; Pearson ; sold ; sold by W. Eyres,J. Johnson, London ; Pearson ; W. Eyres,
J. Johnson, London ; Pearson ; W. Eyres ; sold,J. Johnson, London ; Pearson ; W. Eyres,
J. Johnson, London ; S. Crane ; sold by J. Gore, J. Sibbald,J. Johnson, London ; S. Crane ; J. Gore, J. Sibbald,
J. Johnson, London ; S. Hodgson,J. Johnson, London ; S. Hodgson,
J. Johnson, London ; S. Hodgson ; T. Longman ; W. Charnley, R. Fisher,J. Johnson, London ; S. Hodgson ; T. Longman ; W. Charnley, R. Fisher,
J. Johnson, London ; sold ; sold by B. Haydon,J. Johnson, London ; B. Haydon,
J. Johnson, London ; sold ; sold by M. Luckman,J. Johnson, London ; M. Luckman,
J. Johnson, London ; sold ; sold by N. Biggs,J. Johnson, London ; N. Biggs,
J. Johnson, London ; Sold by Wills,J. Johnson, London ; Sold Wills,
J. Johnson, London ; W. Eyres,J. Johnson, London ; W. Eyres,
J. Johnson, London & sold by Edward Jones, Birmingham,J. Johnson, London ; Edward Jones, Birmingham,
J. Johnson, NäÁ 72, St. Paul's Church-Yard,J. Johnson, NäÁ 72, St. Paul's Church-Yard,
J. Johnson, No 72 ; St. Paul's Church-Yard,J. Johnson, No 72 ; St. Paul's Church-Yard,
J. Johnson, No 72, St Paul's Church Yard,J. Johnson, No 72, St Paul's Church Yard,
J. Johnson, No 72, St Paul's Church Yard,J. Johnson, No 72, St Paul's Church Yard,
J. Johnson, no 72, St. Paul's Church Yard,J. Johnson, no 72, St. Paul's Church Yard,
J. Johnson, No 72, St. Paul's Church Yard,J. Johnson, No 72, St. Paul's Church Yard,
J. Johnson, no 72, St. Paul's Church Yard,J. Johnson, no 72, St. Paul's Church Yard,
J. Johnson, No 72, St. Paul's Church Yard,J. Johnson, No 72, St. Paul's Church Yard,
J. Johnson, No 72, St. Paul's Church Yard,J. Johnson, No 72, St. Paul's Church Yard,
J. Johnson, No 72, St. Paul's Church Yard,J. Johnson, No 72, St. Paul's Church Yard,
J. Johnson, No 72, St. Paul's Church Yard,J. Johnson, No 72, St. Paul's Church Yard,
J. Johnson, No 72, St. Paul's Church Yard,J. Johnson, No 72, St. Paul's Church Yard,
J. Johnson, No 72, St. Paul's Church Yard,J. Johnson, No 72, St. Paul's Church Yard,
J. Johnson, No 72, St. Paul's Church Yard,J. Johnson, No 72, St. Paul's Church Yard,
J. Johnson, No 72, St. Paul's Church Yard,J. Johnson, No 72, St. Paul's Church Yard,
J. Johnson, No 72, St. Paul's Church Yard,J. Johnson, No 72, St. Paul's Church Yard,
J. Johnson, No 72, St. Paul's Church Yard,J. Johnson, No 72, St. Paul's Church Yard,
J. Johnson, No 72, ST. Paul's Church Yard,J. Johnson, No 72, ST. Paul's Church Yard,
J. Johnson, No 72, St. Paul's Church Yard,J. Johnson, No 72, St. Paul's Church Yard,
J. Johnson, No 72, St. Paul's Church Yard ; Strand ; W. Brown,J. Johnson, No 72, St. Paul's Church Yard ; W. Brown,
J. Johnson, No 72, St. Paul's Church-Yard,J. Johnson, No 72, St. Paul's Church-Yard,
J. Johnson, No 72, St. Paul's Church-Yard,J. Johnson, No 72, St. Paul's Church-Yard,
J. Johnson, No 72, ST. Paul's Church-Yard,J. Johnson, No 72, ST. Paul's Church-Yard,
J. Johnson, No 72, ST. Paul's Church-Yard,J. Johnson, No 72, ST. Paul's Church-Yard,
J. Johnson, No 72, ST. Paul's Church-Yard,J. Johnson, No 72, ST. Paul's Church-Yard,
J. Johnson, NO 72, ST. Paul's Church-Yard,J. Johnson, NO 72, ST. Paul's Church-Yard,
J. Johnson, No 72, St. Paul's Church-Yard,J. Johnson, No 72, St. Paul's Church-Yard,
J. Johnson, No 72, St. Paul's Church-Yard,J. Johnson, No 72, St. Paul's Church-Yard,
J. Johnson, No 72, St. Paul's Church-Yard,J. Johnson, No 72, St. Paul's Church-Yard,
J. Johnson, No 72, St. Paul's Church-Yard,J. Johnson, No 72, St. Paul's Church-Yard,
J. Johnson, No 72, St. Paul's Church-Yard,J. Johnson, No 72, St. Paul's Church-Yard,
J. Johnson, No 72, St. Paul's Church-Yard,J. Johnson, No 72, St. Paul's Church-Yard,
J. Johnson, No 72, St. Paul's Church-Yard,J. Johnson, No 72, St. Paul's Church-Yard,
J. Johnson, No 72, St. Paul's Church-Yard,J. Johnson, No 72, St. Paul's Church-Yard,
J. Johnson, No 72, St. Paul's Church-Yard,J. Johnson, No 72, St. Paul's Church-Yard,
J. Johnson, No 72, St. Paul's Church-Yard,J. Johnson, No 72, St. Paul's Church-Yard,
J. Johnson, No 72, St. Paul's Church-Yard,J. Johnson, No 72, St. Paul's Church-Yard,
J. Johnson, No 72, St. Paul's Church-Yard,J. Johnson, No 72, St. Paul's Church-Yard,
J. Johnson, No 72, St. Paul's Church-Yard,J. Johnson, No 72, St. Paul's Church-Yard,
J. Johnson, No 72, St. Paul's Church-Yard,J. Johnson, No 72, St. Paul's Church-Yard,
J. Johnson, No 72, St. Paul's Church-Yard,J. Johnson, No 72, St. Paul's Church-Yard,
J. Johnson, No 72, St. Paul's Church-Yard,J. Johnson, No 72, St. Paul's Church-Yard,
J. Johnson, No 72, St. Paul's Church-Yard,J. Johnson, No 72, St. Paul's Church-Yard,
J. Johnson, No 72, St. Paul's Church-Yard,J. Johnson, No 72, St. Paul's Church-Yard,
J. Johnson, No 72, St. Paul's Church-Yard,J. Johnson, No 72, St. Paul's Church-Yard,
J. Johnson, No 72, St. Paul's Church-Yard,J. Johnson, No 72, St. Paul's Church-Yard,
J. Johnson, No 72, ST. Paul's Church-Yard,J. Johnson, No 72, ST. Paul's Church-Yard,
J. Johnson, No 72, ST. Paul's Church-Yard,J. Johnson, No 72, ST. Paul's Church-Yard,
J. Johnson, No 72, ST. Paul's Church-Yard,J. Johnson, No 72, ST. Paul's Church-Yard,
J. Johnson, No 72, ST. Paul's Church-Yard,J. Johnson, No 72, ST. Paul's Church-Yard,
J. Johnson, No 72, St. Paul's Church-Yard,J. Johnson, No 72, St. Paul's Church-Yard,
J. Johnson, No 72, St. Paul's Church-Yard,J. Johnson, No 72, St. Paul's Church-Yard,
J. Johnson, No 72, St. Paul's Church-Yard ; J. Murray, No 32, Fleet-Street,J. Johnson, No 72, St. Paul's Church-Yard ; J. Murray, No 32, Fleet-Street,
J. Johnson, No 72, St. Paul's Church-Yard, London ; J. Thompson,J. Johnson, No 72, St. Paul's Church-Yard, London ; J. Thompson,
J. Johnson, No 72, St. Paul's Church-Yard, London ; J. Thompson,J. Johnson, No 72, St. Paul's Church-Yard, London ; J. Thompson,
J. Johnson, No 72, St. Paul's Church-Yard, London ; J. Thompson,J. Johnson, No 72, St. Paul's Church-Yard, London ; J. Thompson,
J. Johnson, No 72, St. Paul's Church-Yard. M.DCC.XCIII ; J. Murray, No 32, Fleet-Street,J. Johnson, No 72, St. Paul's Church-Yard. M.DCC.XCIII ; J. Murray, No 32, Fleet-Street,
J. Johnson, No 72, St. Paul's-Church-Yard,J. Johnson, No 72, St. Paul's-Church-Yard,
J. Johnson, No 72, St. Paul's-Church-Yard,J. Johnson, No 72, St. Paul's-Church-Yard,
J. Johnson, No 72, St. Paul's-Church-Yard ; J. Rackham, Bury St. Edmunds,J. Johnson, No 72, St. Paul's-Church-Yard ; J. Rackham, Bury St. Edmunds,
J. Johnson, No 72, St. Paul's-Church-Yard ; J. Rackham, Bury St. Edmunds,J. Johnson, No 72, St. Paul's-Church-Yard ; J. Rackham, Bury St. Edmunds,
J. Johnson, No. 16 ; Stall-Street ; authentic articles of intelligence, are taken ; where advertisements,J. Johnson, No. 16 ; Stall-Street ; authentic articles of intelligence, are taken ; where advertisements,
J. Johnson, No. 72 ; St. Paul's Church-Yard,J. Johnson, No. 72 ; St. Paul's Church-Yard,
J. Johnson, No. 72, Saint Paul's Church-Yard, London ; sold by Simmons, Kirkby & Jones,J. Johnson, No. 72, Saint Paul's Church-Yard, London ; Simmons, Kirkby ; Jones,
J. Johnson, No. 72, St Paul's Church-yard,J. Johnson, No. 72, St Paul's Church-yard,
J. Johnson, No. 72, ST. Paul's CH. Yard, London ; R. Watts ; W. Watts, Abingdon ; sold by T. Knott, No. 47, Lombard Street,J. Johnson, No. 72, ST. Paul's CH. Yard, London ; R. Watts ; W. Watts, Abingdon ; T. Knott, No. 47, Lombard Street,
J. Johnson, No. 72, St. Paul's Church - Yard,J. Johnson, No. 72, St. Paul's Church - Yard,
J. Johnson, No. 72, St. Paul's Church Yard,J. Johnson, No. 72, St. Paul's Church Yard,
J. Johnson, No. 72, St. Paul's Church Yard,J. Johnson, No. 72, St. Paul's Church Yard,
J. Johnson, No. 72, St. Paul's Church Yard,J. Johnson, No. 72, St. Paul's Church Yard,
J. Johnson, No. 72, St. Paul's Church Yard,J. Johnson, No. 72, St. Paul's Church Yard,
J. Johnson, No. 72, St. Paul's Church Yard,J. Johnson, No. 72, St. Paul's Church Yard,
J. Johnson, No. 72, St. Paul's Church Yard,J. Johnson, No. 72, St. Paul's Church Yard,
J. Johnson, No. 72, St. Paul's Church Yard,J. Johnson, No. 72, St. Paul's Church Yard,
J. Johnson, No. 72, St. Paul's Church Yard,J. Johnson, No. 72, St. Paul's Church Yard,
J. Johnson, No. 72, St. Paul's Church Yard,J. Johnson, No. 72, St. Paul's Church Yard,
J. Johnson, No. 72, St. Paul's Church Yard,J. Johnson, No. 72, St. Paul's Church Yard,
J. Johnson, No. 72, St. Paul's Church Yard,J. Johnson, No. 72, St. Paul's Church Yard,
J. Johnson, No. 72, St. Paul's Church Yard,J. Johnson, No. 72, St. Paul's Church Yard,
J. Johnson, No. 72, St. Paul's Church Yard,J. Johnson, No. 72, St. Paul's Church Yard,
J. Johnson, No. 72, St. Paul's Church Yard,J. Johnson, No. 72, St. Paul's Church Yard,
J. Johnson, No. 72, St. Paul's Church Yard,J. Johnson, No. 72, St. Paul's Church Yard,
J. Johnson, No. 72, St. Paul's Church Yard,J. Johnson, No. 72, St. Paul's Church Yard,
J. Johnson, No. 72, St. Paul's Church Yard,J. Johnson, No. 72, St. Paul's Church Yard,
J. Johnson, No. 72, St. Paul's Church Yard,J. Johnson, No. 72, St. Paul's Church Yard,
J. Johnson, No. 72, St. Paul's Church Yard,J. Johnson, No. 72, St. Paul's Church Yard,
J. Johnson, No. 72, St. Paul's Church Yard,J. Johnson, No. 72, St. Paul's Church Yard,
J. Johnson, No. 72, St. Paul's Church Yard,J. Johnson, No. 72, St. Paul's Church Yard,
J. Johnson, No. 72, St. Paul's Church Yard,J. Johnson, No. 72, St. Paul's Church Yard,
J. Johnson, No. 72, St. Paul's Church Yard ; J. Murray, No. 32, Fleet-Street,J. Johnson, No. 72, St. Paul's Church Yard ; J. Murray, No. 32, Fleet-Street,
J. Johnson, No. 72, St. Paul's Church Yard, London ; J. Thompson,J. Johnson, No. 72, St. Paul's Church Yard, London ; J. Thompson,
J. Johnson, No. 72, St. Paul's Church-Yard,J. Johnson, No. 72, St. Paul's Church-Yard,
J. Johnson, No. 72, St. Paul's Church-Yard,J. Johnson, No. 72, St. Paul's Church-Yard,
J. Johnson, No. 72, St. Paul's Church-Yard,J. Johnson, No. 72, St. Paul's Church-Yard,
J. Johnson, No. 72, St. Paul's Church-Yard,J. Johnson, No. 72, St. Paul's Church-Yard,
J. Johnson, No. 72, St. Paul's Church-Yard,J. Johnson, No. 72, St. Paul's Church-Yard,
J. Johnson, No. 72, St. Paul's Church-Yard,J. Johnson, No. 72, St. Paul's Church-Yard,
J. Johnson, No. 72, St. Paul's Church-Yard,J. Johnson, No. 72, St. Paul's Church-Yard,
J. Johnson, No. 72, St. Paul's Church-Yard,J. Johnson, No. 72, St. Paul's Church-Yard,
J. Johnson, No. 72, St. Paul's Church-yard,J. Johnson, No. 72, St. Paul's Church-yard,
J. Johnson, no. 72, St. Paul's Church-yard,J. Johnson, no. 72, St. Paul's Church-yard,
J. Johnson, No. 72, ST. Paul's Church-Yard,J. Johnson, No. 72, ST. Paul's Church-Yard,
J. Johnson, No. 72, St. Paul's Church-Yard,J. Johnson, No. 72, St. Paul's Church-Yard,
J. Johnson, No. 72, St. Paul's Church-Yard,J. Johnson, No. 72, St. Paul's Church-Yard,
J. Johnson, No. 72, St. Paul's Church-Yard,J. Johnson, No. 72, St. Paul's Church-Yard,
J. Johnson, No. 72, St. Paul's Church-Yard,J. Johnson, No. 72, St. Paul's Church-Yard,
J. Johnson, No. 72, St. Paul's Church-Yard,J. Johnson, No. 72, St. Paul's Church-Yard,
J. Johnson, No. 72, St. Paul's Church-Yard,J. Johnson, No. 72, St. Paul's Church-Yard,
J. Johnson, No. 72, St. Paul's Church-Yard,J. Johnson, No. 72, St. Paul's Church-Yard,
J. Johnson, No. 72, St. Paul's Church-Yard,J. Johnson, No. 72, St. Paul's Church-Yard,
J. Johnson, No. 72, St. Paul's Church-Yard,J. Johnson, No. 72, St. Paul's Church-Yard,
J. Johnson, No. 72, St. Paul's Church-Yard,J. Johnson, No. 72, St. Paul's Church-Yard,
J. Johnson, No. 72, St. Paul's Church-Yard,J. Johnson, No. 72, St. Paul's Church-Yard,
J. Johnson, No. 72, St. Paul's Church-Yard,J. Johnson, No. 72, St. Paul's Church-Yard,
J. Johnson, No. 72, St. Paul's Church-Yard,J. Johnson, No. 72, St. Paul's Church-Yard,
J. Johnson, No. 72, St. Paul's Church-Yard,J. Johnson, No. 72, St. Paul's Church-Yard,
J. Johnson, No. 72, St. Paul's Church-Yard,J. Johnson, No. 72, St. Paul's Church-Yard,
J. Johnson, No. 72, St. Paul's Church-Yard,J. Johnson, No. 72, St. Paul's Church-Yard,
J. Johnson, No. 72, St. Paul's Church-Yard,J. Johnson, No. 72, St. Paul's Church-Yard,
J. Johnson, No. 72, St. Paul's Church-Yard,J. Johnson, No. 72, St. Paul's Church-Yard,
J. Johnson, No. 72, St. Paul's Church-Yard,J. Johnson, No. 72, St. Paul's Church-Yard,
J. Johnson, No. 72, St. Paul's Church-Yard,J. Johnson, No. 72, St. Paul's Church-Yard,
J. Johnson, No. 72, St. Paul's Church-Yard,J. Johnson, No. 72, St. Paul's Church-Yard,
J. Johnson, No. 72, St. Paul's Church-Yard,J. Johnson, No. 72, St. Paul's Church-Yard,
J. Johnson, No. 72, St. Paul's Church-Yard,J. Johnson, No. 72, St. Paul's Church-Yard,
J. Johnson, No. 72, St. Paul's Church-Yard,J. Johnson, No. 72, St. Paul's Church-Yard,
J. Johnson, No. 72, St. Paul's Church-Yard,J. Johnson, No. 72, St. Paul's Church-Yard,
J. Johnson, No. 72, St. Paul's Church-Yard,J. Johnson, No. 72, St. Paul's Church-Yard,
J. Johnson, No. 72, St. Paul's Church-Yard,J. Johnson, No. 72, St. Paul's Church-Yard,
J. Johnson, No. 72, St. Paul's Church-Yard,J. Johnson, No. 72, St. Paul's Church-Yard,
J. Johnson, No. 72, St. Paul's Church-Yard,J. Johnson, No. 72, St. Paul's Church-Yard,
J. Johnson, No. 72, St. Paul's Church-Yard,J. Johnson, No. 72, St. Paul's Church-Yard,
J. Johnson, No. 72, St. Paul's Church-Yard,J. Johnson, No. 72, St. Paul's Church-Yard,
J. Johnson, No. 72, St. Paul's Church-Yard,J. Johnson, No. 72, St. Paul's Church-Yard,
J. Johnson, No. 72, St. Paul's Church-Yard,J. Johnson, No. 72, St. Paul's Church-Yard,
J. Johnson, No. 72, St. Paul's Church-Yard,J. Johnson, No. 72, St. Paul's Church-Yard,
J. Johnson, No. 72, St. Paul's Church-Yard,J. Johnson, No. 72, St. Paul's Church-Yard,
J. Johnson, No. 72, St. Paul's Church-Yard,J. Johnson, No. 72, St. Paul's Church-Yard,
J. Johnson, No. 72, St. Paul's Church-Yard,J. Johnson, No. 72, St. Paul's Church-Yard,
J. Johnson, No. 72, St. Paul's Church-Yard,J. Johnson, No. 72, St. Paul's Church-Yard,
J. Johnson, No. 72, St. Paul's Church-Yard,J. Johnson, No. 72, St. Paul's Church-Yard,
J. Johnson, No. 72, St. Paul's Church-Yard,J. Johnson, No. 72, St. Paul's Church-Yard,
J. Johnson, No. 72, St. Paul's Church-Yard,J. Johnson, No. 72, St. Paul's Church-Yard,
J. Johnson, No. 72, St. Paul's Church-Yard,J. Johnson, No. 72, St. Paul's Church-Yard,
J. Johnson, No. 72, St. Paul's Church-Yard,J. Johnson, No. 72, St. Paul's Church-Yard,
J. Johnson, No. 72, St. Paul's Church-Yard,J. Johnson, No. 72, St. Paul's Church-Yard,
J. Johnson, No. 72, St. Paul's Church-Yard,J. Johnson, No. 72, St. Paul's Church-Yard,
J. Johnson, No. 72, St. Paul's Church-Yard,J. Johnson, No. 72, St. Paul's Church-Yard,
J. Johnson, No. 72, St. Paul's Church-Yard,J. Johnson, No. 72, St. Paul's Church-Yard,
J. Johnson, No. 72, St. Paul's Church-Yard,J. Johnson, No. 72, St. Paul's Church-Yard,
J. Johnson, No. 72, St. Paul's Church-Yard,J. Johnson, No. 72, St. Paul's Church-Yard,
J. Johnson, No. 72, St. Paul's Church-Yard,J. Johnson, No. 72, St. Paul's Church-Yard,
J. Johnson, No. 72, St. Paul's Church-Yard,J. Johnson, No. 72, St. Paul's Church-Yard,
J. Johnson, No. 72, St. Paul's Church-Yard,J. Johnson, No. 72, St. Paul's Church-Yard,
J. Johnson, No. 72, St. Paul's Church-Yard,J. Johnson, No. 72, St. Paul's Church-Yard,
J. Johnson, No. 72, St. Paul's Church-Yard,J. Johnson, No. 72, St. Paul's Church-Yard,
J. Johnson, No. 72, St. Paul's Church-Yard,J. Johnson, No. 72, St. Paul's Church-Yard,
J. Johnson, No. 72, St. Paul's Church-Yard,J. Johnson, No. 72, St. Paul's Church-Yard,
J. Johnson, No. 72, St. Paul's Church-Yard,J. Johnson, No. 72, St. Paul's Church-Yard,
J. Johnson, No. 72, St. Paul's Church-Yard,J. Johnson, No. 72, St. Paul's Church-Yard,
J. Johnson, No. 72, St. Paul's Church-Yard,J. Johnson, No. 72, St. Paul's Church-Yard,
J. Johnson, No. 72, St. Paul's Church-Yard,J. Johnson, No. 72, St. Paul's Church-Yard,
J. Johnson, No. 72, St. Paul's Church-Yard,J. Johnson, No. 72, St. Paul's Church-Yard,
J. Johnson, No. 72, St. Paul's Church-Yard,J. Johnson, No. 72, St. Paul's Church-Yard,
J. Johnson, NO. 72, ST. Paul's Church-Yard,J. Johnson, NO. 72, ST. Paul's Church-Yard,
J. Johnson, NO. 72, ST. Paul's Church-Yard,J. Johnson, NO. 72, ST. Paul's Church-Yard,
J. Johnson, No. 72, ST. Paul's Church-Yard,J. Johnson, No. 72, ST. Paul's Church-Yard,
J. Johnson, No. 72, St. Paul's Church-Yard,J. Johnson, No. 72, St. Paul's Church-Yard,
J. Johnson, No. 72, St. Paul's Church-Yard,J. Johnson, No. 72, St. Paul's Church-Yard,
J. Johnson, No. 72, st. Paul's Church-Yard,J. Johnson, No. 72, st. Paul's Church-Yard,
J. Johnson, No. 72, St. Paul's Church-Yard,J. Johnson, No. 72, St. Paul's Church-Yard,
J. Johnson, No. 72, St. Paul's Church-Yard,J. Johnson, No. 72, St. Paul's Church-Yard,
J. Johnson, No. 72, St. Paul's Church-Yard,J. Johnson, No. 72, St. Paul's Church-Yard,
J. Johnson, No. 72, St. Paul's Church-Yard,J. Johnson, No. 72, St. Paul's Church-Yard,
J. Johnson, No. 72, St. Paul's Church-Yard,J. Johnson, No. 72, St. Paul's Church-Yard,
J. Johnson, No. 72, St. Paul's Church-Yard,J. Johnson, No. 72, St. Paul's Church-Yard,
J. Johnson, No. 72, St. Paul's Church-Yard,J. Johnson, No. 72, St. Paul's Church-Yard,
J. Johnson, No. 72, St. Paul's Church-Yard,J. Johnson, No. 72, St. Paul's Church-Yard,
J. Johnson, No. 72, St. Paul's Church-Yard,J. Johnson, No. 72, St. Paul's Church-Yard,
J. Johnson, No. 72, St. Paul's Church-Yard,J. Johnson, No. 72, St. Paul's Church-Yard,
J. Johnson, No. 72, St. Paul's Church-Yard,J. Johnson, No. 72, St. Paul's Church-Yard,
J. Johnson, No. 72, St. Paul's Church-Yard,J. Johnson, No. 72, St. Paul's Church-Yard,
J. Johnson, No. 72, St. Paul's Church-Yard,J. Johnson, No. 72, St. Paul's Church-Yard,
J. Johnson, No. 72, St. Paul's Church-Yard ; continued annually,J. Johnson, No. 72, St. Paul's Church-Yard ; continued annually,
J. Johnson, No. 72, St. Paul's Church-Yard ; Lloyd, Bristol ; Ross, Carmarthen ; sold,J. Johnson, No. 72, St. Paul's Church-Yard ; Lloyd, Bristol ; Ross, Carmarthen,
J. Johnson, No. 72, St. Paul's Church-Yard ; Royal Exchange ; W. Richardson,J. Johnson, No. 72, St. Paul's Church-Yard ; Royal Exchange ; W. Richardson,
J. Johnson, No. 72, St. Paul's Church-yard ; T. Bensley, Bolt Court, Fleet Street,J. Johnson, No. 72, St. Paul's Church-yard ; T. Bensley, Bolt Court, Fleet Street,
J. Johnson, No. 72, St. Paul's Church-Yard ; T. Boosey, No. 4, Old Broad-Street ; Vernor & Hood, Birchin-Lane,J. Johnson, No. 72, St. Paul's Church-Yard ; T. Boosey, No. 4, Old Broad-Street ; Vernor ; Hood, Birchin-Lane,
J. Johnson, No. 72, St. Paul's Church-Yard ; T. Gillet, Bartholomew-Close & sold by H. Murray, No. 32, Fleet-Street,J. Johnson, No. 72, St. Paul's Church-Yard ; T. Gillet, Bartholomew-Close ; H. Murray, No. 32, Fleet-Street,
J. Johnson, No. 72, St. Paul's Church-Yard London ; J. Ross, Caermarthen,J. Johnson, No. 72, St. Paul's Church-Yard London ; J. Ross, Caermarthen,
J. Johnson, No. 72, St. Paul's Church-Yard, J. Parsons, No. 21, Paternoster-Row ; T. Gillet, No. 19, Bartholomew-Close ; W. Stewart, Piccadilly. M,DCC,XCII ; house, No. 5, Winkworth's Buildings, City Road. Sold,J. Johnson, No. 72, St. Paul's Church-Yard, J. Parsons, No. 21, Paternoster-Row ; T. Gillet, No. 19, Bartholomew-Close ; W. Stewart, Piccadilly. M,DCC,XCII ; house, No. 5, Winkworth's Buildings, City Road. Sold,
J. Johnson, No. 72, St. Paul's Church-Yard, London,J. Johnson, No. 72, St. Paul's Church-Yard, London,
J. Johnson, No. 72, St. Paul's Church-Yard, London,J. Johnson, No. 72, St. Paul's Church-Yard, London,
J. Johnson, No. 72, St. Paul's Church-Yard, London ; J. Ross, Caermarthen,J. Johnson, No. 72, St. Paul's Church-Yard, London ; J. Ross, Caermarthen,
J. Johnson, No. 72, St. Paul's Church-Yard, London ; MDCCXCVIII ; sold by P. Hedgeland,J. Johnson, No. 72, St. Paul's Church-Yard, London ; MDCCXCVIII ; P. Hedgeland,
J. Johnson, No. 72, St. Paul's Church-Yard, London ; R. Trewman, Exeter ; sold ; sold by B. Haydon,J. Johnson, No. 72, St. Paul's Church-Yard, London ; R. Trewman, Exeter ; B. Haydon,
J. Johnson, No. 72, St. Paul's Church-Yard, London ; Thomas Pearson,J. Johnson, No. 72, St. Paul's Church-Yard, London ; Thomas Pearson,
J. Johnson, No. 72, St. Paul's Church-Yard, London ; W. Eyres,J. Johnson, No. 72, St. Paul's Church-Yard, London ; W. Eyres,
J. Johnson, No. 72, St. Paul's Church-Yard, London ; W. Eyres,J. Johnson, No. 72, St. Paul's Church-Yard, London ; W. Eyres,
J. Johnson, No. 72, St. Paul's Church-Yard, London ; W. Eyres,J. Johnson, No. 72, St. Paul's Church-Yard, London ; W. Eyres,
J. Johnson, No. 72, St. Paul's Church-Yard, London ; W. Eyres,J. Johnson, No. 72, St. Paul's Church-Yard, London ; W. Eyres,
J. Johnson, NO. 72, ST. Paul's Church-Yard, London ; W. Eyres,J. Johnson, NO. 72, ST. Paul's Church-Yard, London ; W. Eyres,
J. Johnson, No. 72, St. Paul's-Church-Yard,J. Johnson, No. 72, St. Paul's-Church-Yard,
J. Johnson, No. 72, St. Paul's-church-yard,J. Johnson, No. 72, St. Paul's-church-yard,
J. Johnson, No. 72, St. Pauls Church-Yard,J. Johnson, No. 72, St. Pauls Church-Yard,
J. Johnson, No. 72. St Paul's Church-Yard,J. Johnson, No. 72. St Paul's Church-Yard,
J. Johnson, No. 72. St Paul's Church-yard,J. Johnson, No. 72. St Paul's Church-yard,
J. Johnson, No. 72. St. Paul's Church Yard,J. Johnson, No. 72. St. Paul's Church Yard,
J. Johnson, No. 72. St. Paul's Church Yard,J. Johnson, No. 72. St. Paul's Church Yard,
J. Johnson, NO. 72. ST. Paul's Church-Yard,J. Johnson, NO. 72. ST. Paul's Church-Yard,
J. Johnson, No. 72. St. Paul's Church-Yard,J. Johnson, No. 72. St. Paul's Church-Yard,
J. Johnson, No. 72. St. Paul's Church-yard, London ; J. Rackham,J. Johnson, No. 72. St. Paul's Church-yard, London ; J. Rackham,
J. Johnson, No. 78, St. Paul's Church Yard ; June ; Leeds, Harrogate, Huddersfield ; sold,J. Johnson, No. 78, St. Paul's Church Yard ; June ; Leeds, Harrogate, Huddersfield,
J. Johnson, No. 78, St. Paul's Church-Yard,J. Johnson, No. 78, St. Paul's Church-Yard,
J. Johnson, No. 7th, St. Paul's Church-Yard, London,J. Johnson, No. 7th, St. Paul's Church-Yard, London,
J. Johnson, S. Bladon, J. Sewell, E. Newbery, F & C. Rivington, J. Debret, C. D. Piguenet, Ogilvie & Speare, W. Lowndes, W. Scatchard, G & T. Wilkie, Bowles & Carver ; R. Baldwin,J. Johnson, S. Bladon, J. Sewell, E. Newbery, F ; C. Rivington, J. Debret, C. D. Piguenet, Ogilvie ; Speare, W. Lowndes, W. Scatchard, G ; T. Wilkie, Bowles ; Carver ; R. Baldwin,
J. Johnson, Saint Paul's Church-Yard,J. Johnson, Saint Paul's Church-Yard,
J. Johnson, sold,J. Johnson,,
J. Johnson, St Paul's Church-Yard ; sold by G. G & J. Robinson, Paternoster-Row,J. Johnson, St Paul's Church-Yard ; G. G ; J. Robinson, Paternoster-Row,
J. Johnson, St Paul's Church-Yard ; sold by G. G & J. Robinson, Paternoster-Row,J. Johnson, St Paul's Church-Yard ; G. G ; J. Robinson, Paternoster-Row,
J. Johnson, St Paul's Church-Yard ; Sold by T. Becket, Pall Mall ; T. Hookham, New Bond Street,J. Johnson, St Paul's Church-Yard ; Sold T. Becket, Pall Mall ; T. Hookham, New Bond Street,
J. Johnson, St. Paul's Church Yard,J. Johnson, St. Paul's Church Yard,
J. Johnson, St. Paul's Church Yard,J. Johnson, St. Paul's Church Yard,
J. Johnson, St. Paul's Church Yard,J. Johnson, St. Paul's Church Yard,
J. Johnson, St. Paul's Church Yard,J. Johnson, St. Paul's Church Yard,
J. Johnson, ST. Paul's Church Yard,J. Johnson, ST. Paul's Church Yard,
J. Johnson, St. Paul's Church Yard,J. Johnson, St. Paul's Church Yard,
J. Johnson, St. Paul's Church Yard,J. Johnson, St. Paul's Church Yard,
J. Johnson, ST. Paul's Church Yard,J. Johnson, ST. Paul's Church Yard,
J. Johnson, St. Paul's Church Yard,J. Johnson, St. Paul's Church Yard,
J. Johnson, St. Paul's Church Yard,J. Johnson, St. Paul's Church Yard,
J. Johnson, St. Paul's Church Yard,J. Johnson, St. Paul's Church Yard,
J. Johnson, St. Paul's Church Yard,J. Johnson, St. Paul's Church Yard,
J. Johnson, St. Paul's Church Yard,J. Johnson, St. Paul's Church Yard,
J. Johnson, St. Paul's Church Yard,J. Johnson, St. Paul's Church Yard,
J. Johnson, St. Paul's Church Yard,J. Johnson, St. Paul's Church Yard,
J. Johnson, St. Paul's Church yard,J. Johnson, St. Paul's Church yard,
J. Johnson, St. Paul's Church Yard,J. Johnson, St. Paul's Church Yard,
J. Johnson, St. Paul's Church Yard,J. Johnson, St. Paul's Church Yard,
J. Johnson, St. Paul's Church Yard,J. Johnson, St. Paul's Church Yard,
J. Johnson, St. Paul's Church Yard,J. Johnson, St. Paul's Church Yard,
J. Johnson, St. Paul's Church Yard,J. Johnson, St. Paul's Church Yard,
J. Johnson, St. Paul's Church Yard,J. Johnson, St. Paul's Church Yard,
J. Johnson, St. Paul's Church Yard,J. Johnson, St. Paul's Church Yard,
J. Johnson, St. Paul's Church Yard,J. Johnson, St. Paul's Church Yard,
J. Johnson, St. Paul's Church Yard,J. Johnson, St. Paul's Church Yard,
J. Johnson, St. Paul's Church Yard,J. Johnson, St. Paul's Church Yard,
J. Johnson, St. Paul's Church Yard,J. Johnson, St. Paul's Church Yard,
J. Johnson, St. Paul's Church Yard,J. Johnson, St. Paul's Church Yard,
J. Johnson, St. Paul's Church Yard,J. Johnson, St. Paul's Church Yard,
J. Johnson, St. Paul's Church Yard,J. Johnson, St. Paul's Church Yard,
J. Johnson, St. Paul's Church Yard,J. Johnson, St. Paul's Church Yard,
J. Johnson, St. Paul's Church Yard,J. Johnson, St. Paul's Church Yard,
J. Johnson, St. Paul's Church yard,J. Johnson, St. Paul's Church yard,
J. Johnson, ST. Paul's Church Yard,J. Johnson, ST. Paul's Church Yard,
J. Johnson, ST. Paul's Church Yard,J. Johnson, ST. Paul's Church Yard,
J. Johnson, ST. Paul's Church Yard,J. Johnson, ST. Paul's Church Yard,
J. Johnson, St. Paul's Church Yard,J. Johnson, St. Paul's Church Yard,
J. Johnson, St. Paul's Church Yard,J. Johnson, St. Paul's Church Yard,
J. Johnson, St. Paul's Church Yard ; J. Sewell, Cornhill ; Murray & Highley, Fleet-Street ; T. Cox, St. Thomas's Street, Borough ; sold,J. Johnson, St. Paul's Church Yard ; J. Sewell, Cornhill ; Murray ; Highley, Fleet-Street ; T. Cox, St. Thomas's Street, Borough,
J. Johnson, St. Paul's Church Yard ; John Murray ; Joseph Cooper ; William Creech ; sold,J. Johnson, St. Paul's Church Yard ; John Murray ; Joseph Cooper ; William Creech,
J. Johnson, St. Paul's Church Yard ; Messrs. Egertons, Whitehall, London ; Messrs. Ridges, Newark ; Messrs. Robinsons, Paternoster-Row ; sold by W. Sheardown. Sold,J. Johnson, St. Paul's Church Yard ; Messrs. Egertons, Whitehall, London ; Messrs. Ridges, Newark ; Messrs. Robinsons, Paternoster-Row ; W. Sheardown. Sold,
J. Johnson, St. Paul's Church Yard ; Messrs. Egertons, Whitehall, London ; Messrs. Ridges, Newark ; Messrs. Robinsons, Paternoster-Row ; sold by W. Sheardown. Sold,J. Johnson, St. Paul's Church Yard ; Messrs. Egertons, Whitehall, London ; Messrs. Ridges, Newark ; Messrs. Robinsons, Paternoster-Row ; W. Sheardown. Sold,
J. Johnson, St. Paul's Church Yard ; Messrs. Egertons, Whitehall, London ; Messrs. Ridges, Newark ; Messrs. Robinsons, Paternoster-Row ; sold by W. Sheardown. Sold,J. Johnson, St. Paul's Church Yard ; Messrs. Egertons, Whitehall, London ; Messrs. Ridges, Newark ; Messrs. Robinsons, Paternoster-Row ; W. Sheardown. Sold,
J. Johnson, St. Paul's Church Yard ; Murray & Highley, Fleet Street ; sold by C. Dilly, Poultry,J. Johnson, St. Paul's Church Yard ; Murray ; Highley, Fleet Street ; C. Dilly, Poultry,
J. Johnson, St. Paul's Church Yard ; Nov.23,J. Johnson, St. Paul's Church Yard ; Nov.23,
J. Johnson, St. Paul's Church Yard ; R. Faulder, Bond Street,J. Johnson, St. Paul's Church Yard ; R. Faulder, Bond Street,
J. Johnson, St. Paul's Church Yard ; S. Low, Berwick Street ; T. Egerton, Charing Cross ; W. Richardson, Royal Exchange,J. Johnson, St. Paul's Church Yard ; S. Low, Berwick Street ; T. Egerton, Charing Cross ; W. Richardson, Royal Exchange,
J. Johnson, St. Paul's Church Yard ; Strand ; T. Cadell,J. Johnson, St. Paul's Church Yard ; T. Cadell,
J. Johnson, ST. Paul's Church Yard ; T. Bensley ; T. Longman, G.G.J & J. Robinson, Pater-Noster-Row,J. Johnson, ST. Paul's Church Yard ; T. Bensley ; T. Longman, G.G.J ; J. Robinson, Pater-Noster-Row,
J. Johnson, St. Paul's Church Yard ; T. Farnworth,J. Johnson, St. Paul's Church Yard ; T. Farnworth,
J. Johnson, St. Paul's Church Yard ; T. Longman, G. G. J. & J. Robinson, Paternoster Row,J. Johnson, St. Paul's Church Yard ; T. Longman, G. G. J. ; J. Robinson, Paternoster Row,
J. Johnson, St. Paul's Church Yard ; Thomas Bensley,J. Johnson, St. Paul's Church Yard ; Thomas Bensley,
J. Johnson, St. Paul's Church Yard, & J. Edwards, Pall Mall,J. Johnson, St. Paul's Church Yard, ; J. Edwards, Pall Mall,
J. Johnson, St. Paul's Church Yard, London,J. Johnson, St. Paul's Church Yard, London,
J. Johnson, St. Paul's Church Yard, London ; Jones ; sold ; sold by Simmons, Kirkby,J. Johnson, St. Paul's Church Yard, London ; Jones ; Simmons, Kirkby,
J. Johnson, St. Paul's Church Yard, London ; sold ; sold by Allin & Ridge,J. Johnson, St. Paul's Church Yard, London ; Allin ; Ridge,
J. Johnson, St. Paul's Church Yard, London ; sold ; sold by Simmons & Kirkby,J. Johnson, St. Paul's Church Yard, London ; Simmons ; Kirkby,
J. Johnson, St. Paul's Church Yard, London ; Sold ; W. Creech, Edinburgh ; sold by Rawson,J. Johnson, St. Paul's Church Yard, London ; Sold ; W. Creech ; Rawson,
J. Johnson, ST. Paul's Church Yard, London ; W. Creech, Edinburgh ; sold ; sold by William Rawson,J. Johnson, ST. Paul's Church Yard, London ; W. Creech ; William Rawson,
J. Johnson, St. Paul's Church Yard, London ; W. Creech, Edinburgh ; sold ; sold by William Rawson,J. Johnson, St. Paul's Church Yard, London ; W. Creech ; William Rawson,
J. Johnson, St. Paul's Church Yard. M,DCC,XC ; J. Nichols,J. Johnson, St. Paul's Church Yard. M,DCC,XC ; J. Nichols,
J. Johnson, St. Paul's Church-Yard,J. Johnson, St. Paul's Church-Yard,
J. Johnson, St. Paul's Church-Yard,J. Johnson, St. Paul's Church-Yard,
J. Johnson, St. Paul's Church-Yard,J. Johnson, St. Paul's Church-Yard,
J. Johnson, St. Paul's Church-Yard,J. Johnson, St. Paul's Church-Yard,
J. Johnson, St. Paul's Church-Yard,J. Johnson, St. Paul's Church-Yard,
J. Johnson, St. Paul's Church-Yard,J. Johnson, St. Paul's Church-Yard,
J. Johnson, ST. Paul's Church-Yard,J. Johnson, ST. Paul's Church-Yard,
J. Johnson, ST. Paul's Church-Yard,J. Johnson, ST. Paul's Church-Yard,
J. Johnson, St. Paul's Church-Yard,J. Johnson, St. Paul's Church-Yard,
J. Johnson, St. Paul's Church-Yard,J. Johnson, St. Paul's Church-Yard,
J. Johnson, St. Paul's Church-Yard,J. Johnson, St. Paul's Church-Yard,
J. Johnson, St. Paul's Church-Yard,J. Johnson, St. Paul's Church-Yard,
J. Johnson, St. Paul's Church-Yard,J. Johnson, St. Paul's Church-Yard,
J. Johnson, St. Paul's Church-Yard,J. Johnson, St. Paul's Church-Yard,
J. Johnson, St. Paul's Church-Yard,J. Johnson, St. Paul's Church-Yard,
J. Johnson, ST. Paul's Church-Yard,J. Johnson, ST. Paul's Church-Yard,
J. Johnson, ST. Paul's Church-Yard,J. Johnson, ST. Paul's Church-Yard,
J. Johnson, St. Paul's Church-Yard,J. Johnson, St. Paul's Church-Yard,
J. Johnson, St. Paul's Church-Yard,J. Johnson, St. Paul's Church-Yard,
J. Johnson, St. Paul's Church-Yard,J. Johnson, St. Paul's Church-Yard,
J. Johnson, ST. Paul's Church-Yard,J. Johnson, ST. Paul's Church-Yard,
J. Johnson, St. Paul's Church-Yard,J. Johnson, St. Paul's Church-Yard,
J. Johnson, St. Paul's Church-Yard,J. Johnson, St. Paul's Church-Yard,
J. Johnson, St. Paul's Church-Yard,J. Johnson, St. Paul's Church-Yard,
J. Johnson, St. Paul's Church-Yard,J. Johnson, St. Paul's Church-Yard,
J. Johnson, St. Paul's Church-Yard,J. Johnson, St. Paul's Church-Yard,
J. Johnson, St. Paul's Church-Yard,J. Johnson, St. Paul's Church-Yard,
J. Johnson, St. Paul's Church-Yard,J. Johnson, St. Paul's Church-Yard,
J. Johnson, St. Paul's Church-Yard,J. Johnson, St. Paul's Church-Yard,
J. Johnson, St. Paul's Church-Yard,J. Johnson, St. Paul's Church-Yard,
J. Johnson, St. Paul's Church-Yard,J. Johnson, St. Paul's Church-Yard,
J. Johnson, St. Paul's Church-Yard,J. Johnson, St. Paul's Church-Yard,
J. Johnson, St. Paul's Church-Yard,J. Johnson, St. Paul's Church-Yard,
J. Johnson, St. Paul's Church-Yard,J. Johnson, St. Paul's Church-Yard,
J. Johnson, St. Paul's Church-Yard,J. Johnson, St. Paul's Church-Yard,
J. Johnson, St. Paul's Church-Yard,J. Johnson, St. Paul's Church-Yard,
J. Johnson, St. Paul's Church-Yard,J. Johnson, St. Paul's Church-Yard,
J. Johnson, St. Paul's Church-Yard,J. Johnson, St. Paul's Church-Yard,
J. Johnson, St. Paul's Church-Yard,J. Johnson, St. Paul's Church-Yard,
J. Johnson, St. Paul's Church-Yard,J. Johnson, St. Paul's Church-Yard,
J. Johnson, St. Paul's Church-Yard,J. Johnson, St. Paul's Church-Yard,
J. Johnson, St. Paul's Church-Yard,J. Johnson, St. Paul's Church-Yard,
J. Johnson, St. Paul's Church-Yard,J. Johnson, St. Paul's Church-Yard,
J. Johnson, St. Paul's Church-Yard,J. Johnson, St. Paul's Church-Yard,
J. Johnson, St. Paul's Church-Yard,J. Johnson, St. Paul's Church-Yard,
J. Johnson, St. Paul's Church-Yard,J. Johnson, St. Paul's Church-Yard,
J. Johnson, St. Paul's Church-Yard,J. Johnson, St. Paul's Church-Yard,
J. Johnson, St. Paul's Church-Yard,J. Johnson, St. Paul's Church-Yard,
J. Johnson, St. Paul's Church-Yard,J. Johnson, St. Paul's Church-Yard,
J. Johnson, St. Paul's Church-Yard,J. Johnson, St. Paul's Church-Yard,
J. Johnson, St. Paul's Church-Yard,J. Johnson, St. Paul's Church-Yard,
J. Johnson, St. Paul's Church-Yard,J. Johnson, St. Paul's Church-Yard,
J. Johnson, St. Paul's Church-Yard,J. Johnson, St. Paul's Church-Yard,
J. Johnson, St. Paul's Church-Yard,J. Johnson, St. Paul's Church-Yard,
J. Johnson, St. Paul's Church-Yard,J. Johnson, St. Paul's Church-Yard,
J. Johnson, St. Paul's Church-Yard,J. Johnson, St. Paul's Church-Yard,
J. Johnson, St. Paul's Church-Yard,J. Johnson, St. Paul's Church-Yard,
J. Johnson, St. Paul's Church-Yard,J. Johnson, St. Paul's Church-Yard,
J. Johnson, St. Paul's Church-Yard,J. Johnson, St. Paul's Church-Yard,
J. Johnson, St. Paul's Church-Yard,J. Johnson, St. Paul's Church-Yard,
J. Johnson, St. Paul's Church-Yard,J. Johnson, St. Paul's Church-Yard,
J. Johnson, St. Paul's Church-Yard,J. Johnson, St. Paul's Church-Yard,
J. Johnson, St. Paul's Church-Yard,J. Johnson, St. Paul's Church-Yard,
J. Johnson, St. Paul's Church-Yard,J. Johnson, St. Paul's Church-Yard,
J. Johnson, St. Paul's Church-Yard,J. Johnson, St. Paul's Church-Yard,
J. Johnson, St. Paul's Church-Yard,J. Johnson, St. Paul's Church-Yard,
J. Johnson, St. Paul's Church-Yard,J. Johnson, St. Paul's Church-Yard,
J. Johnson, St. Paul's Church-Yard,J. Johnson, St. Paul's Church-Yard,
J. Johnson, St. Paul's Church-Yard,J. Johnson, St. Paul's Church-Yard,
J. Johnson, St. Paul's Church-Yard,J. Johnson, St. Paul's Church-Yard,
J. Johnson, St. Paul's Church-Yard,J. Johnson, St. Paul's Church-Yard,
J. Johnson, St. Paul's Church-Yard,J. Johnson, St. Paul's Church-Yard,
J. Johnson, St. Paul's Church-Yard,J. Johnson, St. Paul's Church-Yard,
J. Johnson, St. Paul's Church-Yard,J. Johnson, St. Paul's Church-Yard,
J. Johnson, St. Paul's Church-Yard,J. Johnson, St. Paul's Church-Yard,
J. Johnson, St. Paul's Church-Yard,J. Johnson, St. Paul's Church-Yard,
J. Johnson, St. Paul's Church-Yard,J. Johnson, St. Paul's Church-Yard,
J. Johnson, St. Paul's Church-Yard,J. Johnson, St. Paul's Church-Yard,
J. Johnson, St. Paul's Church-Yard,J. Johnson, St. Paul's Church-Yard,
J. Johnson, St. Paul's Church-Yard,J. Johnson, St. Paul's Church-Yard,
J. Johnson, ST. Paul's Church-Yard,J. Johnson, ST. Paul's Church-Yard,
J. Johnson, ST. Paul's Church-Yard,J. Johnson, ST. Paul's Church-Yard,
J. Johnson, St. Paul's Church-Yard,J. Johnson, St. Paul's Church-Yard,
J. Johnson, ST. Paul's Church-Yard,J. Johnson, ST. Paul's Church-Yard,
J. Johnson, ST. Paul's Church-Yard,J. Johnson, ST. Paul's Church-Yard,
J. Johnson, ST. Paul's Church-Yard,J. Johnson, ST. Paul's Church-Yard,
J. Johnson, St. Paul's church-yard,J. Johnson, St. Paul's church-yard,
J. Johnson, St. Paul's Church-Yard,J. Johnson, St. Paul's Church-Yard,
J. Johnson, St. Paul's Church-Yard,J. Johnson, St. Paul's Church-Yard,
J. Johnson, St. Paul's Church-Yard,J. Johnson, St. Paul's Church-Yard,
J. Johnson, St. Paul's church-yard,J. Johnson, St. Paul's church-yard,
J. Johnson, St. Paul's Church-Yard,J. Johnson, St. Paul's Church-Yard,
J. Johnson, St. Paul's Church-Yard,J. Johnson, St. Paul's Church-Yard,
J. Johnson, St. Paul's Church-Yard,J. Johnson, St. Paul's Church-Yard,
J. Johnson, St. Paul's Church-Yard,J. Johnson, St. Paul's Church-Yard,
J. Johnson, St. Paul's Church-Yard,J. Johnson, St. Paul's Church-Yard,
J. Johnson, St. Paul's Church-Yard,J. Johnson, St. Paul's Church-Yard,
J. Johnson, St. Paul's Church-Yard,J. Johnson, St. Paul's Church-Yard,
J. Johnson, St. Paul's Church-Yard,J. Johnson, St. Paul's Church-Yard,
J. Johnson, St. Paul's Church-Yard ; J. de Boffe, Gerrard Street & J. Remnant, Holborn,J. Johnson, St. Paul's Church-Yard ; J. de Boffe, Gerrard Street ; J. Remnant, Holborn,
J. Johnson, ST. Paul's Church-Yard ; J. Mathews, Strand ; John Ogle, Edinburgh ; W. Laing, J. & J. Fairbairn,J. Johnson, ST. Paul's Church-Yard ; J. Mathews, ; John Ogle, ; W. Laing, J. ; J. Fairbairn,
J. Johnson, ST. Paul's Church-Yard ; J. Mathews, Strand ; W. Laing & J. & J. Fairbairn, Edinburgh,J. Johnson, ST. Paul's Church-Yard ; J. Mathews, ; W. Laing ; J. ; J. Fairbairn,,
J. Johnson, St. Paul's Church-Yard ; J. Murray, Fleet Street ; T. Bensley ; T. Cox, St. Thomas's Street, Borough ; sold by G. G & J. Robinson, Paternoster-Row,J. Johnson, St. Paul's Church-Yard ; J. Murray, Fleet Street ; T. Bensley ; T. Cox, St. Thomas's Street, Borough ; G. G ; J. Robinson, Paternoster-Row,
J. Johnson, St. Paul's Church-Yard ; J. Murray, Fleet Street ; T. Cox, St. Thomas's Street, Borough ; sold by G. G & J. Robinson, Paternoster-Row,J. Johnson, St. Paul's Church-Yard ; J. Murray, Fleet Street ; T. Cox, St. Thomas's Street, Borough ; G. G ; J. Robinson, Paternoster-Row,
J. Johnson, St. Paul's Church-Yard ; J. Ridgway, York-Street, St. James's Square,J. Johnson, St. Paul's Church-Yard ; J. Ridgway, York-Street, St. James's Square,
J. Johnson, St. Paul's Church-Yard ; J. Robson ; New Bond-Street,J. Johnson, St. Paul's Church-Yard ; J. Robson ; New Bond-Street,
J. Johnson, St. Paul's Church-Yard ; J. Scatcherd, Ave-Maria-Lane ; T Boosey, Old Broad-Street ; Vernor & Hood, Birchin-Lane,J. Johnson, St. Paul's Church-Yard ; J. Scatcherd, Ave-Maria-Lane ; T Boosey, Old Broad-Street ; Vernor ; Hood, Birchin-Lane,
J. Johnson, St. Paul's Church-Yard ; J. Sewell, Cornhill ; sold by J. Walter, Charing-Cross,J. Johnson, St. Paul's Church-Yard ; J. Sewell, Cornhill ; J. Walter, Charing-Cross,
J. Johnson, St. Paul's Church-yard ; J. Sewell, No. 32, Cornhill,J. Johnson, St. Paul's Church-yard ; J. Sewell, No. 32, Cornhill,
J. Johnson, St. Paul's Church-yard ; J. Sewell, No. 32, Cornhill,J. Johnson, St. Paul's Church-yard ; J. Sewell, No. 32, Cornhill,
J. Johnson, St. Paul's Church-Yard ; J. Stockdale, Piccadilly ; sold ; sold by J. Rackham,J. Johnson, St. Paul's Church-Yard ; J. Stockdale, Piccadilly ; J. Rackham,
J. Johnson, ST. Paul's Church-Yard ; J. Stockdale, Piccadilly, London ; J. Todd, York ; W. Blanchard,J. Johnson, ST. Paul's Church-Yard ; J. Stockdale, Piccadilly, London ; J. Todd, York ; W. Blanchard,
J. Johnson, St. Paul's Church-Yard ; J. Stockdale, Piccadilly, London ; J. Todd, York ; W. Blanchard,J. Johnson, St. Paul's Church-Yard ; J. Stockdale, Piccadilly, London ; J. Todd, York ; W. Blanchard,
J. Johnson, St. Paul's Church-Yard ; J. Stockdale, Piccadilly, London ; J. Todd, York ; W. Blanchard,J. Johnson, St. Paul's Church-Yard ; J. Stockdale, Piccadilly, London ; J. Todd, York ; W. Blanchard,
J. Johnson, St. Paul's Church-Yard ; J. Stockdale, Piccadilly, London ; J. Todd, York ; W. Blanchard,J. Johnson, St. Paul's Church-Yard ; J. Stockdale, Piccadilly, London ; J. Todd, York ; W. Blanchard,
J. Johnson, St. Paul's Church-Yard ; J. Strahan ; M. Folingsby, No. 4, Fleet-Street ; Strand ; W. Richardson, Royal Exchange ; sold by J. Stockdale, Piccadilly,J. Johnson, St. Paul's Church-Yard ; J. Strahan ; M. Folingsby, No. 4, Fleet-Street ; W. Richardson, Royal Exchange ; J. Stockdale, Piccadilly,
J. Johnson, St. Paul's Church-Yard ; J. Strahan, Strand ; W. Richardson, Royal-Exchange,J. Johnson, St. Paul's Church-Yard ; J. Strahan, ; W. Richardson, Royal-Exchange,
J. Johnson, St. Paul's Church-Yard ; J. Walter, Charing-Cross,J. Johnson, St. Paul's Church-Yard ; J. Walter, Charing-Cross,
J. Johnson, St. Paul's Church-Yard ; John Nichols ; Murray & Highley, Fleet-Street,J. Johnson, St. Paul's Church-Yard ; John Nichols ; Murray ; Highley, Fleet-Street,
J. Johnson, St. Paul's Church-Yard ; Louvet, Libraire, Maison Egalite, Galerie Neuve, derriere le Theatre de la Re publique, No. 24. Rí©imprimí© íæ Londres,J. Johnson, St. Paul's Church-Yard ; Louvet, Libraire, Maison Egalite, Galerie Neuve, derriere le Theatre de la Re publique, No. 24. Rí©imprimí© íæ Londres,
J. Johnson, St. Paul's Church-Yard ; MDCCXLIX ; first,J. Johnson, St. Paul's Church-Yard ; MDCCXLIX ; first,
J. Johnson, St. Paul's Church-Yard ; Messrs. Robinsons, Paternoster-Row ; T. Conder, Bucklersbury,J. Johnson, St. Paul's Church-Yard ; Messrs. Robinsons, Paternoster-Row ; T. Conder, Bucklersbury,
J. Johnson, St. Paul's Church-Yard ; Northumberland-Town, America,J. Johnson, St. Paul's Church-Yard ; Northumberland-Town, America,
J. Johnson, St. Paul's Church-Yard ; Oxford, Chester ; sold,J. Johnson, St. Paul's Church-Yard ; Oxford, Chester,
J. Johnson, ST. Paul's Church-Yard ; Plymsell & Young,J. Johnson, ST. Paul's Church-Yard ; Plymsell ; Young,
J. Johnson, St. Paul's Church-Yard ; Poultry, London ; R. Dilly ; Smith ; T. Knott, Lombard Street ; sold by Ann Ireland,J. Johnson, St. Paul's Church-Yard ; Poultry, London ; R. Dilly ; Smith ; T. Knott, Lombard Street ; Ann Ireland,
J. Johnson, St. Paul's Church-Yard ; R. Baldwin, Paternoster-Row, London ; T. Norris ; sold by Mrs. Toulmin. Sold,J. Johnson, St. Paul's Church-Yard ; R. Baldwin, Paternoster-Row, London ; T. Norris ; Mrs. Toulmin. Sold,
J. Johnson, St. Paul's Church-Yard ; R. Faulder, Bond-Street,J. Johnson, St. Paul's Church-Yard ; R. Faulder, Bond-Street,
J. Johnson, St. Paul's Church-Yard ; R. Faulder, Bond-Strret,J. Johnson, St. Paul's Church-Yard ; R. Faulder, Bond-Strret,
J. Johnson, St. Paul's Church-Yard ; R. Faulder, New Bond-Street,J. Johnson, St. Paul's Church-Yard ; R. Faulder, New Bond-Street,
J. Johnson, St. Paul's Church-yard ; R. Faulder, New Bond-street,J. Johnson, St. Paul's Church-yard ; R. Faulder, New Bond-street,
J. Johnson, St. Paul's Church-Yard ; R. Faulder, New Bond-Street, London ; Thomas Wright ; W. Tesseyman, York ; sold by J. Binns, Leeds,J. Johnson, St. Paul's Church-Yard ; R. Faulder, New Bond-Street, London ; Thomas Wright ; W. Tesseyman, York ; J. Binns, Leeds,
J. Johnson, St. Paul's Church-Yard ; Royal Exchange ; W. Richardson,J. Johnson, St. Paul's Church-Yard ; Royal Exchange ; W. Richardson,
J. Johnson, St. Paul's church-yard ; rue St. Thomas-du-Louvre, No. 246 ; sold at Paris by Charles Pougens,J. Johnson, St. Paul's church-yard ; rue St. Thomas-du-Louvre, No. 246 ; at Paris Charles Pougens,
J. Johnson, St. Paul's Church-Yard ; sold by F. & C. Rivingtons,J. Johnson, St. Paul's Church-Yard ; F. ; C. Rivingtons,
J. Johnson, St. Paul's Church-yard ; Sold by J. Debrett, Piccadilly,J. Johnson, St. Paul's Church-yard ; Sold J. Debrett, Piccadilly,
J. Johnson, ST. Paul's Church-Yard ; sold by R. Faulder, New Bond-Street,J. Johnson, ST. Paul's Church-Yard ; R. Faulder, New Bond-Street,
J. Johnson, St. Paul's Church-Yard ; sold by T. Norris, Taunton,J. Johnson, St. Paul's Church-Yard ; T. Norris, Taunton,
J. Johnson, St. Paul's Church-yard ; T & I. Egerton, Whitehall & I. Deighton, Holborn,J. Johnson, St. Paul's Church-yard ; T ; I. Egerton, Whitehall ; I. Deighton, Holborn,
J. Johnson, St. Paul's Church-Yard ; T & J. Egerton, Whitehall,J. Johnson, St. Paul's Church-Yard ; T ; J. Egerton, Whitehall,
J. Johnson, St. Paul's Church-Yard ; T. Bensley,J. Johnson, St. Paul's Church-Yard ; T. Bensley,
J. Johnson, St. Paul's Church-Yard ; T. Bensley,J. Johnson, St. Paul's Church-Yard ; T. Bensley,
J. Johnson, ST. Paul's Church-Yard ; T. Bensley,J. Johnson, ST. Paul's Church-Yard ; T. Bensley,
J. Johnson, St. Paul's Church-Yard ; T. Chapman, Fleet-Street, London ; sold ; sold by N. Biggs, St. Augustine's,J. Johnson, St. Paul's Church-Yard ; T. Chapman, Fleet-Street, London ; N. Biggs, St. Augustine's,
J. Johnson, St. Paul's Church-Yard ; T. Conder, Bucklersbury,J. Johnson, St. Paul's Church-Yard ; T. Conder, Bucklersbury,
J. Johnson, St. Paul's Church-Yard ; T. Davison, Fleet-Street,J. Johnson, St. Paul's Church-Yard ; T. Davison, Fleet-Street,
J. Johnson, St. Paul's Church-Yard ; T. Knott, Lombard-Street,J. Johnson, St. Paul's Church-Yard ; T. Knott, Lombard-Street,
J. Johnson, St. Paul's Church-Yard ; T. Knott, Lombard-Street ; W. Button, Pater-Noster-Row ; sold by T. Conder, Bucklersberry,J. Johnson, St. Paul's Church-Yard ; T. Knott, Lombard-Street ; W. Button, Pater-Noster-Row ; T. Conder, Bucklersberry,
J. Johnson, St. Paul's Church-Yard ; Thomas Bensley, Bolt-Court, Fleet-Street,J. Johnson, St. Paul's Church-Yard ; Thomas Bensley, Bolt-Court, Fleet-Street,
J. Johnson, St. Paul's Church-Yard ; Thomas Knott, No. 47, Lombard-Street,J. Johnson, St. Paul's Church-Yard ; Thomas Knott, No. 47, Lombard-Street,
J. Johnson, St. Paul's Church-Yard ; W. Creech, Edinburgh,J. Johnson, St. Paul's Church-Yard ; W. Creech,
J. Johnson, St. Paul's Church-Yard ; W. Creech, Edinburgh,J. Johnson, St. Paul's Church-Yard ; W. Creech,
J. Johnson, St. Paul's Church-Yard ; W. Gilbert, Dublin,J. Johnson, St. Paul's Church-Yard ; W. Gilbert, Dublin,
J. Johnson, St. Paul's Church-Yard ; whom only the genuine & complete Edition is,J. Johnson, St. Paul's Church-Yard ; whom only genuine ; complete Edition is,
J. Johnson, St. Paul's Church-Yard ; whom only the genuine & complete edition is,J. Johnson, St. Paul's Church-Yard ; whom only genuine ; complete edition is,
J. Johnson, St. Paul's Church-Yard ; whom only the genuine & complete Edition is,J. Johnson, St. Paul's Church-Yard ; whom only genuine ; complete Edition is,
J. Johnson, St. Paul's Church-Yard, G.G & J. Robinson ; T. Cadell, Jun & W. Davies, Strand ; T.N. Longman, Paternoster-Row,J. Johnson, St. Paul's Church-Yard, G.G ; J. Robinson ; T. Cadell, Jr. ; W. Davies, ; T.N. Longman, Paternoster-Row,
J. Johnson, St. Paul's Church-Yard, London,J. Johnson, St. Paul's Church-Yard, London,
J. Johnson, St. Paul's Church-Yard, London,J. Johnson, St. Paul's Church-Yard, London,
J. Johnson, St. Paul's Church-Yard, London ; J. Lloyd, Bristol ; R. Cruttwell ; sold by C. Dilly, Poultry,J. Johnson, St. Paul's Church-Yard, London ; J. Lloyd, Bristol ; R. Cruttwell ; C. Dilly, Poultry,
J. Johnson, St. Paul's Church-Yard, London ; J. March,J. Johnson, St. Paul's Church-Yard, London ; J. March,
J. Johnson, St. Paul's Church-Yard, London ; J. Pannel, Post-Office, Collumpton ; T. Norris ; sold by S. Woolmer, Exon,J. Johnson, St. Paul's Church-Yard, London ; J. Pannel, Post-Office, Collumpton ; T. Norris ; S. Woolmer, Exon,
J. Johnson, St. Paul's Church-Yard, London ; J. Thompson,J. Johnson, St. Paul's Church-Yard, London ; J. Thompson,
J. Johnson, St. Paul's Church-Yard, London ; J. Thompson,J. Johnson, St. Paul's Church-Yard, London ; J. Thompson,
J. Johnson, St. Paul's Church-Yard, London ; Jones. Sold ; Simmons, Kirkby,J. Johnson, St. Paul's Church-Yard, London ; Jones. Sold ; Simmons, Kirkby,
J. Johnson, St. Paul's Church-Yard, London ; Messrs. Biggs & Cottle, St. Augustine's-Back, Bristol,J. Johnson, St. Paul's Church-Yard, London ; Messrs. Biggs ; Cottle, St. Augustine's-Back, Bristol,
J. Johnson, St. Paul's Church-Yard, London ; Messrs. Biggs & Cottle, St. Augustine's-Back, Bristol,J. Johnson, St. Paul's Church-Yard, London ; Messrs. Biggs ; Cottle, St. Augustine's-Back, Bristol,
J. Johnson, St. Paul's Church-Yard, London ; N. Biggs,J. Johnson, St. Paul's Church-Yard, London ; N. Biggs,
J. Johnson, ST. Paul's Church-Yard, London ; N. Biggs ; sold by J. Cottle,J. Johnson, ST. Paul's Church-Yard, London ; N. Biggs ; J. Cottle,
J. Johnson, St. Paul's Church-Yard, London ; R. Cruttwell ; T. Becket, Pall-Mall ; T. Hookham, New Bond-Street ; sold by C. Dilly, Poultry,J. Johnson, St. Paul's Church-Yard, London ; R. Cruttwell ; T. Becket, Pall-Mall ; T. Hookham, New Bond-Street ; C. Dilly, Poultry,
J. Johnson, St. Paul's Church-Yard, London ; R. Cruttwell ; T. Becket, Pall-Mall ; T. Hookham, New Bond-Street ; sold by C. Dilly, Poultry,J. Johnson, St. Paul's Church-Yard, London ; R. Cruttwell ; T. Becket, Pall-Mall ; T. Hookham, New Bond-Street ; C. Dilly, Poultry,
J. Johnson, ST. Paul's Church-Yard, London ; Simmons & Kirkby ; sold,J. Johnson, ST. Paul's Church-Yard, London ; Simmons ; Kirkby,
J. Johnson, St. Paul's Church-Yard, London ; Simmons & Kirkby, sold,J. Johnson, St. Paul's Church-Yard, London ; Simmons ; Kirkby,,
J. Johnson, St. Paul's Church-Yard, London ; Simmons, Kirkby & Jones. Sold,J. Johnson, St. Paul's Church-Yard, London ; Simmons, Kirkby ; Jones. Sold,
J. Johnson, St. Paul's Church-Yard, London ; sold ; sold by B. Haydon,J. Johnson, St. Paul's Church-Yard, London ; B. Haydon,
J. Johnson, St. Paul's Church-Yard, London ; sold ; sold by J. Mitchell,J. Johnson, St. Paul's Church-Yard, London ; J. Mitchell,
J. Johnson, St. Paul's Church-Yard, London ; sold ; sold by J. Thompson,J. Johnson, St. Paul's Church-Yard, London ; J. Thompson,
J. Johnson, St. Paul's Church-Yard, London ; sold ; sold by J. Thompson,J. Johnson, St. Paul's Church-Yard, London ; J. Thompson,
J. Johnson, St. Paul's Church-Yard, London ; sold ; sold by W. Thompson,J. Johnson, St. Paul's Church-Yard, London ; W. Thompson,
J. Johnson, St. Paul's Church-Yard, London ; sold ; sold by W. Thompson,J. Johnson, St. Paul's Church-Yard, London ; W. Thompson,
J. Johnson, St. Paul's Church-Yard, London ; T. Norris ; sold by Mrs. Toulmin. Sold,J. Johnson, St. Paul's Church-Yard, London ; T. Norris ; Mrs. Toulmin. Sold,
J. Johnson, St. Paul's Church-Yard, London ; W. Chalmers, Dumfries ; sold by J. Mitchell,J. Johnson, St. Paul's Church-Yard, London ; W. Chalmers, Dumfries ; J. Mitchell,
J. Johnson, St. Paul's Church-Yard, London ; W. Eyres,J. Johnson, St. Paul's Church-Yard, London ; W. Eyres,
J. Johnson, St. Paul's Church-Yard, London ; W. Eyres,J. Johnson, St. Paul's Church-Yard, London ; W. Eyres,
J. Johnson, St. Paul's Church-Yard. MDCCXCI,J. Johnson, St. Paul's Church-Yard. MDCCXCI,
J. Johnson, St. Paul's Church-Yard. MDCCXCI,J. Johnson, St. Paul's Church-Yard. MDCCXCI,
J. Johnson, St. Paul's Church-Yard. MDCCXCI,J. Johnson, St. Paul's Church-Yard. MDCCXCI,
J. Johnson, St. Paul's Churchyard ; R. Faulder, New Bond Street,J. Johnson, St. Paul's Churchyard ; R. Faulder, New Bond Street,
J. Johnson, St. Paul's Churchyard, London ; Thomas Norris, White-Lion-Court, Taunton ; sold by T. Norris & J. Parkhouse,J. Johnson, St. Paul's Churchyard, London ; Thomas Norris, White-Lion-Court, Taunton ; T. Norris ; J. Parkhouse,
J. Johnson, St. Paul's-Church Yard,J. Johnson, St. Paul's-Church Yard,
J. Johnson, St. Pauls-Church-Yard ; T. Egerton, Whitehall,J. Johnson, St. Pauls-Church-Yard ; T. Egerton, Whitehall,
J. Johnson, T. Vernon, C. Dilly, W. Otridge, F & C. Rivington, W. Goldsmith, J. Mathews, C.D. Piguenit, Scatcherd & Whitaker, W. Bent, G & T. Wilkie ; T. Longman, B ; W. Lepard,J. Johnson, T. Vernon, C. Dilly, W. Otridge, F ; C. Rivington, W. Goldsmith, J. Mathews, C.D. Piguenit, Scatcherd ; Whitaker, W. Bent, G ; T. Wilkie ; T. Longman, B ; W. Lepard,
J. Johnson. in St. Paul's Church-Yard,J. Johnson. St. Paul's Church-Yard,
J. Johnson's, No. 72, St. Paul's Church Yard,J. Johnson's, No. 72, St. Paul's Church Yard,
J. Johnston ; ST. Paul's Church Yard,J. Johnston ; ST. Paul's Church Yard,
J. Jolliffe, J. Walter, C. Dilly, J. Robson, S. Crowder,J. Jolliffe, J. Walter, C. Dilly, J. Robson, S. Crowder,
J. Jones,J. Jones,
J. Jones,J. Jones,
J. Jones ; Wheeldon,J. Jones ; Wheeldon,
J. Jones, Bishop Stortford ; Mr. Cadell in the Strand. Sold ; T. Cadell, Jun & W. Davies ; W. March, Ludgate-Street ; W. Roberts, Hammersmith,J. Jones, Bishop Stortford ; Mr. Cadell Strand. Sold ; T. Cadell, Jr. ; W. Davies ; W. March, Ludgate-Street ; W. Roberts, Hammersmith,
J. Jones, Chapel Street, Soho,J. Jones, Chapel Street, Soho,
J. Jones, Chapel Street, Soho,J. Jones, Chapel Street, Soho,
J. Jones, Little Chapel-Street, Soho,J. Jones, Little Chapel-Street, Soho,
J. Jones, Little Chapel-Street, Soho,J. Jones, Little Chapel-Street, Soho,
J. Jordan, No. 166, Fleet-Street ; Monkwell-Street Meeting on Tuesday Evenings ; Providence chapel on Monday & Wednesday Evenings ; Sold by G. Terry, No. 54, Paternoster-Row,J. Jordan, No. 166, Fleet-Street ; Monkwell-Street Meeting on Tuesday Evenings ; Providence chapel on Monday ; Wednesday Evenings ; Sold G. Terry, No. 54, Paternoster-Row,
J. K & sold by most,J. K ; most,
J. Kendrew,J. Kendrew,
J. Kendrew,J. Kendrew,
J. Kendrew ; sold,J. Kendrew,
J. Kendrew, York,J. Kendrew, York,
J. Kerby,J. Kerby,
J. Kerby,J. Kerby,
J. Kerby,J. Kerby,
J. Kerby ; Messrs. Dulau ; Messrs. Hodgsons ; Mr. Richardson ; R. Faulder ; T. Hookham ; sold ; sold by P. Boyle,J. Kerby ; Messrs. Dulau ; Messrs. Hodgsons ; Mr. Richardson ; R. Faulder ; T. Hookham ; P. Boyle,
J. Kerby, Stafford Street, Old Bond Street,J. Kerby, Stafford Street, Old Bond Street,
J. Kerby, Stafford Street, Old Bond Street,J. Kerby, Stafford Street, Old Bond Street,
J. Kerby, Stafford Street, Old Bond Street ; Scatcherd & Whitaker, Ave-Maria Lane,J. Kerby, Stafford Street, Old Bond Street ; Scatcherd ; Whitaker, Ave-Maria Lane,
J. Killick, No. 1. Brunswick Street, Blackfriars Road ; Strand ; T. Cadell jun & W. Davies ; sold,J. Killick, No. 1. Brunswick Street, Blackfriars Road ; T. Cadell Jr. ; W. Davies,
J. Killick, No. 11, Water-Street, near Blackfriars-Bridge ; Strand ; T. Cadell ; sold,J. Killick, No. 11, Water-Street, near Blackfriars-Bridge ; T. Cadell,
J. Killick, No. 7, Broad Way, Black Friars, near Ludgate-Hill ; Strand ; T. Cadell ; sold,J. Killick, No. 7, Broad Way, Black Friars, near Ludgate-Hill ; T. Cadell,
J. Kirby, No. 190, Oxford-Street,J. Kirby, No. 190, Oxford-Street,
J. Knott, Lombard-Street ; T. Chapman, No. 151, Fleet-Street ; W. Button, Paternoster-Row ; sold,J. Knott, Lombard-Street ; T. Chapman, No. 151, Fleet-Street ; W. Button, Paternoster-Row,
J. Knox,J. Knox,
J. Knox,J. Knox,
J. L & T. Albin,J. L ; T. Albin,
J. L & T. Albin,J. L ; T. Albin,
J. L & T. Albin ; gratis,J. L ; T. Albin ; gratis,
J. L. Rowe ; W. Smith ; sold by J. Matthews, T. Chapman, W. Button,J. L. Rowe ; W. Smith ; J. Matthews, T. Chapman, W. Button,
J. L. Shearcroft,J. L. Shearcroft,
J. L. Shearcroft,J. L. Shearcroft,
J. L. Shearcroft,J. L. Shearcroft,
J. Lackington,J. Lackington,
J. Lackington, Chiswell street, Finsbury square, Moorfields,J. Lackington, Chiswell street, Finsbury square, Moorfields,
J. Lackington, Chiswell-Street ; J. Murgatroyd, Chiswell-Street ; J. S. Jordan, no. 166, Fleet-Street ; Stearns, no. 12, Clement's-Inn-Passage, Clare-Market ; sold by J. Mathews, no. 18, Strand,J. Lackington, Chiswell-Street ; J. Murgatroyd, Chiswell-Street ; J. S. Jordan, no. 166, Fleet-Street ; Stearns, no. 12, Clement's-Inn-Passage, Clare-Market ; J. Mathews, no. 18,,
J. Lackington, No. 46 & 47, Chiswell-Street, Finsbury-Square, Moorfields,J. Lackington, No. 46 ; 47, Chiswell-Street, Finsbury-Square, Moorfields,
J. Lackington, No. 46, Chiswell Street ; J. Walker, Pater-Noster-Row ; R. Scrutton, No. 117, Whitechapel,J. Lackington, No. 46, Chiswell Street ; J. Walker, Pater-Noster-Row ; R. Scrutton, No. 117, Whitechapel,
J. Lacy ; Messrs. Rivingtons', St. Paul's Church-Yard ; T. Burnham ; sold by W. Chalklen, Gracechurch-street. Sold,J. Lacy ; Messrs. Rivingtons', St. Paul's Church-Yard ; T. Burnham ; W. Chalklen, Gracechurch-street. Sold,
J. Lacy ; T. Dicey ; sold by W. Cullingworth, Daventry,J. Lacy ; T. Dicey ; W. Cullingworth, Daventry,
J. Ladley,J. Ladley,
J. Lane,J. Lane,
J. Lang,J. Lang,
J. Langdale,J. Langdale,
J. Langdale,J. Langdale,
J. Langdale ; Mawman, York ; sold by Messrs. Wilson, Spence,J. Langdale ; Mawman, York ; Messrs. Wilson, Spence,
J. Leadley,J. Leadley,
J. Leadley,J. Leadley,
J. Lee ; Parsons,J. Lee ; Parsons,
J. Lee ; V. Griffiths,J. Lee ; V. Griffiths,
J. Lee, New Street, Covent Garden,J. Lee, New Street, Covent Garden,
J. Legg,J. Legg,
J. Legg,J. Legg,
J. Legg, Gosport,J. Legg, Gosport,
J. Leicester, Oxford Road ; sold,J. Leicester, Oxford Road,
J. Lloyd & H. Brown, Bristol ; Sold by J. Johnson, London,J. Lloyd ; H. Brown, Bristol ; Sold J. Johnson, London,
J. Lloyd, Bristol ; J. Ross, Carmarthen ; R. Cruttwell ; sold by J. Johnson, No. 72, St. Paul's Church-Yard,J. Lloyd, Bristol ; J. Ross, Carmarthen ; R. Cruttwell ; J. Johnson, No. 72, St. Paul's Church-Yard,
J. Lloyd, Bristol ; L. Bull, Bath ; R. Cruttwell ; sold by J. Johnson, St. Paul's Church-yard, London,J. Lloyd, Bristol ; L. Bull, Bath ; R. Cruttwell ; J. Johnson, St. Paul's Church-yard, London,
J. Lloyd, Bristol ; L. Bull, Bath ; R. Cruttwell ; sold by J. Johnson, St. Paul's Church-Yard, London,J. Lloyd, Bristol ; L. Bull, Bath ; R. Cruttwell ; J. Johnson, St. Paul's Church-Yard, London,
J. Lloyd, Wine-Street, Bristol ; W. Pine ; Wine-Street ; sold by J. Johnson, London,J. Lloyd, Wine-Street, Bristol ; W. Pine ; Wine-Street ; J. Johnson, London,
J. Long, No. 17, Clement's Lane ; Strand,J. Long, No. 17, Clement's Lane,
J. Long, No. 17, Clement's Lane, Strand,J. Long, No. 17, Clement's Lane,,
J. Love ; circulating & musical library,J. Love ; circulating ; musical library,
J. Love ; S. Powell ; W. Holloway,J. Love ; S. Powell ; W. Holloway,
J. Luffman ; T. Evans,J. Luffman ; T. Evans,
J. M. Coombs,J. M. Coombs,
J. M. Coombs, Chippenham ; W. Meyler, Bath ; sold by R. V. Brooke Cheapside. Sold,J. M. Coombs, Chippenham ; W. Meyler, Bath ; R. V. Brooke Cheapside. Sold,
J. M. Dulonchamp typographi & bibliopolí_, No. 62 King street Golden Square,J. M. Dulonchamp typographi ; bibliopolí_, No. 62 King street Golden Square,
J. M. Dulonchamp, Imprimeur-Libraire, No. 37 King-Street, Golden square,J. M. Dulonchamp, Imprimeur-Libraire, No. 37 King-Street, Golden square,
J. M. Mozley,J. M. Mozley,
J. M. Mozley,J. M. Mozley,
J. M. Mozley,J. M. Mozley,
J. M. Mozley ; Osborne & Griffin,J. M. Mozley ; Osborne ; Griffin,
J. M. Mozley, Gainsbro.' ; W. Osborne & T. Griffin,J. M. Mozley, Gainsbro.' ; W. Osborne ; T. Griffin,
J. M. Mozley, Gainsbrough ; W. Osborne & T. Griffin,J. M. Mozley, Gainsbrough ; W. Osborne ; T. Griffin,
J. M'creery,J. M'creery,
J. M'Creery,J. M'Creery,
J. M'Creery,J. M'Creery,
J. M'Creery,J. M'Creery,
J. M'Creery,J. M'Creery,
J. M'Creery,J. M'Creery,
J. M'Creery,J. M'Creery,
J. M'creery,J. M'creery,
J. M'creery,J. M'creery,
J. M'Creery,J. M'Creery,
J. M'Creery,J. M'Creery,
J. M'Creery,J. M'Creery,
J. M'Creery,J. M'Creery,
J. M'Creery,J. M'Creery,
J. M'Creery,J. M'Creery,
J. M'Creery,J. M'Creery,
J. M'Creery,J. M'Creery,
J. M'Creery,J. M'Creery,
J. M'Creery,J. M'Creery,
J. M'Creery,J. M'Creery,
J. M'creery,J. M'creery,
J. M'creery,J. M'creery,
J. M'creery ; Messrs. Cadell Jun & Davies, London ; Mr. Creech, Edinburgh,J. M'creery ; Messrs. Cadell Jr. ; Davies, London ; Mr. Creech,,
J. M'creery ; Messrs. Wright & Ormandy, Liverpool ; Mr. Johnson, St. Paul's Church Yard, London ; Mr. Jones, Mr. Gore ; Mr. Walmsley & Mr. Holt ; Subscription Library,J. M'creery ; Messrs. Wright ; Ormandy, Liverpool ; Mr. Johnson, St. Paul's Church Yard, London ; Mr. Jones, Mr. Gore ; Mr. Walmsley ; Mr. Holt ; Subscription Library,
J. M'creery ; sold by Cadell & Davies, London,J. M'creery ; Cadell ; Davies, London,
J. M'creery ; sold by Cadell & Davis, London,J. M'creery ; Cadell ; Davis, London,
J. M'creery ; sold by J. Edwards, Pall-Mall, London,J. M'creery ; J. Edwards, Pall-Mall, London,
J. M'Creery ; sold by Messrs. C & G. Kearsley,J. M'Creery ; Messrs. C ; G. Kearsley,
J. M'creery & sold by Mr Jones, Castle-Street ; Mr Crane,J. M'creery ; Mr Jones, Castle-Street ; Mr Crane,
J. M'creery, sold by W. Jones, Castle-Street, Liverpool ; Lee & Hurst, Paternoster-Row, London ; Vernor & Hood, No. 31, Poultry,J. M'creery, W. Jones, Castle-Street, Liverpool ; Lee ; Hurst, Paternoster-Row, London ; Vernor ; Hood, No. 31, Poultry,
J. M'Kenzie,J. M'Kenzie,
J. M'Kenzie,J. M'Kenzie,
J. MacKenzie,J. MacKenzie,
J. Mallett,J. Mallett,
J. Mallett,J. Mallett,
J. Mallett,J. Mallett,
J. Manypeny, no. 17, Dartmouth Row, Westminster,J. Manypeny, no. 17, Dartmouth Row, Westminster,
J. March,J. March,
J. March,J. March,
J. March,J. March,
J. March ; sold by J. Johnson, St. Paul's Church-Yard, London,J. March ; J. Johnson, St. Paul's Church-Yard, London,
J. March ; Tower Hill. sold by T. Cadell Strand, Stockdale Piccadilly, Robinson Pater-Noster Row, & Sewell, Cornhill,J. March ; Tower Hill. T. Cadell Strand, Stockdale Piccadilly, Robinson Pater-Noster Row, ; Sewell, Cornhill,
J. March ; Tower-Hill,J. March ; Tower-Hill,
J. March ; Tower-Hill,J. March ; Tower-Hill,
J. March, Norwich ; T.N. Longman, London ; sold ; sold by F. Bush,J. March, Norwich ; T.N. Longman, London ; F. Bush,
J. Marsden,J. Marsden,
J. Marsh,J. Marsh,
J. Marsh,J. Marsh,
J. Marsh. At the Druid Press,J. Marsh. At Druid Press,
J. Marshall,J. Marshall,
J. Marshall,J. Marshall,
J. Marshall,J. Marshall,
J. Marshall,J. Marshall,
J. Marshall,J. Marshall,
J. Marshall ; R. White ; Sold by S. Hazard ; hawkers ; newsmen ; town & country,J. Marshall ; R. White ; Sold S. Hazard ; hawkers ; newsmen ; town ; country,
J. Marshall ; R. White, London ; Sold by S. Hazard,J. Marshall ; R. White, London ; Sold S. Hazard,
J. Marshall ; R. White, London ; Sold by S. Hazard,J. Marshall ; R. White, London ; Sold S. Hazard,
J. Marshall ; R. White, London ; Sold by S. Hazard ; hawkers ; newsmen ; town & country,J. Marshall ; R. White, London ; Sold S. Hazard ; hawkers ; newsmen ; town ; country,
J. Marshall ; R. White, London ; Sold by S. Hazard ; hawkers ; newsmen ; town & country,J. Marshall ; R. White, London ; Sold S. Hazard ; hawkers ; newsmen ; town ; country,
J. Marshall ; R. White, London ; Sold by S. Hazard ; newsmen & hawkers ; town & country,J. Marshall ; R. White, London ; Sold S. Hazard ; newsmen ; hawkers ; town ; country,
J. Marshall ; R. White, London ; Sold by S. Hazard at Bath,J. Marshall ; R. White, London ; Sold S. Hazard at Bath,
J. Marshall ; R. White, London ; Sold by S. Hazard at Bath,J. Marshall ; R. White, London ; Sold S. Hazard at Bath,
J. Marshall ; R. White, London ; Sold by S. Hazard at Bath ; hawkers ; newsmen ; town & country,J. Marshall ; R. White, London ; Sold S. Hazard at Bath ; hawkers ; newsmen ; town ; country,
J. Marshall ; R. White, London ; Sold by S. Hazard, Bath,J. Marshall ; R. White, London ; Sold S. Hazard, Bath,
J. Marshall ; R. White, London ; Sold by S. Hazard, Bath,J. Marshall ; R. White, London ; Sold S. Hazard, Bath,
J. Marshall ; R. White. London ; Sold by S. Hazard ; hawkers ; newsmen ; town & country,J. Marshall ; R. White. London ; Sold S. Hazard ; hawkers ; newsmen ; town ; country,
J. Marshall & R. White ; S. Hazard, Bath,J. Marshall ; R. White ; S. Hazard, Bath,
J. Marshall & R. White, London ; Sold by S. Hazard, Bath,J. Marshall ; R. White, London ; Sold S. Hazard, Bath,
J. Marshall, Aldermary Church-Yard, London,J. Marshall, Aldermary Church-Yard, London,
J. Marsom ; W. Ash ; W. Button, Newington-Causway,J. Marsom ; W. Ash ; W. Button, Newington-Causway,
J. Marsom, High - Holborn ; sold by I. Garner, No. 57, Wych-Street ; sold by J. Johnson, St. Paul's Church-Yard,J. Marsom, High - Holborn ; I. Garner, No. 57, Wych-Street ; J. Johnson, St. Paul's Church-Yard,
J. Marsom, High Holborn ; sold by J. Johnson, St. Paul's Church-Yard,J. Marsom, High Holborn ; J. Johnson, St. Paul's Church-Yard,
J. Marsom, High Holborn ; T. Knott, Lombard Street ; W. Ash, Little-Tower Street ; W. Button, Newington Causey,J. Marsom, High Holborn ; T. Knott, Lombard Street ; W. Ash, Little-Tower Street ; W. Button, Newington Causey,
J. Marsom, No. 187, High Holborn ; Simmons ; W. Button, Newington Causey ; society ; sold by T. Clout. Sold,J. Marsom, No. 187, High Holborn ; Simmons ; W. Button, Newington Causey ; society ; T. Clout. Sold,
J. Marsom, No. 187, High Holborn, London ; sold by T. Knott, No. 47, Lombard Street,J. Marsom, No. 187, High Holborn, London ; T. Knott, No. 47, Lombard Street,
J. Marsom, No. 187, High-Holborn ; No.57, Wych-Street ; sold by J. Johnson, No. 72, St. Paul's Church-Yard,J. Marsom, No. 187, High-Holborn ; No.57, Wych-Street ; J. Johnson, No. 72, St. Paul's Church-Yard,
J. Marsom, No. 187. High Holborn ; sold by H. Trapp, No. 1. Pater-Noster-Row ; sold by J. Johnson, No. 72. St. Paul's Church-Yard,J. Marsom, No. 187. High Holborn ; H. Trapp, No. 1. Pater-Noster-Row ; J. Johnson, No. 72. St. Paul's Church-Yard,
J. Marson, High Holborn ; sold by J. Johnson, St. Paul's Church Yard,J. Marson, High Holborn ; J. Johnson, St. Paul's Church Yard,
J. Martin,J. Martin,
J. Martin jun. No. 432, Oxford-Street ; J. Mathews, Strand ; T. Chapman, No. 151, Fleet-Street ; T. Conder, No. 32, Bucklersbury ; T. Knott, No. 47, Lombard-Street ; T. Priestley, Paternoster-Row ; W. Button ; sold ; sold by T. Gardiner, No. 19, Prince's street, Cavendish-Square,J. Martin jun. No. 432, Oxford-Street ; J. Mathews, ; T. Chapman, No. 151, Fleet-Street ; T. Conder, No. 32, Bucklersbury ; T. Knott, No. 47, Lombard-Street ; T. Priestley, Paternoster-Row ; W. Button ; T. Gardiner, No. 19, Prince's street, Cavendish-Square,
J. Martin junior,J. Martin junior,
J. Martin, Jun. No. 432, Oxford-Street ; M. Trapp, Pater-Noster-Row ; T. Chapman, No. 151, Fleet-Street J. Mathews, Strand ; W. Button ; sold ; sold by T. Gardiner, No 19, Princes-Street, Cavendish-Square,J. Martin, Jun. No. 432, Oxford-Street ; M. Trapp, Pater-Noster-Row ; T. Chapman, No. 151, Fleet-Street J. Mathews, ; W. Button ; T. Gardiner, No 19, Princes-Street, Cavendish-Square,
J. Martin, junior,J. Martin, junior,
J. Martin, junior,J. Martin, junior,
