J. Martin, Kensington ; No.19, Great Trinity Lane, near Bread-Street, London ; T. Shackel, Hammersmith ; sold ; sold by P. Norbury,J. Martin, Kensington ; No.19, Great Trinity Lane, near Bread-Street, London ; T. Shackel, Hammersmith ; P. Norbury,
J. Mathews,J. Mathews,
J. Mathews,J. Mathews,
J. Mathews,J. Mathews,
J. Mathews,J. Mathews,
J. Mathews,J. Mathews,
J. Mathews,J. Mathews,
J. Mathews ; daughter ; sold ; sold by V. Griffiths,J. Mathews ; daughter ; V. Griffiths,
J. Mathews ; J. Murray ; W. Richardson ; sold by J. Johnson,J. Mathews ; J. Murray ; W. Richardson ; J. Johnson,
J. Mathews ; J. Murrgatroyd,J. Mathews ; J. Murrgatroyd,
J. Mathews ; J. Parsons ; J.S. Jordan ; sold ; sold at the vestries of the said chapels,J. Mathews ; J. Parsons ; J.S. Jordan ; at vestries of said chapels,
J. Mathews ; J. Rushor, Reading ; Smart & Cowslade ; T. Bensley & sold by Messrs. Rivingtons,J. Mathews ; J. Rushor, Reading ; Smart ; Cowslade ; T. Bensley ; Messrs. Rivingtons,
J. Mathews ; J. S. Jordan ; T. Boosey,J. Mathews ; J. S. Jordan ; T. Boosey,
J. Mathews ; J. S. Jordan ; T. Wills,J. Mathews ; J. S. Jordan ; T. Wills,
J. Mathews ; J. Watts ; J. Wilkinson, near the Tabernacle, Moorfields, London ; M. Luckman ; Strand ; sold by J. Buckland, Pater-noster-Row,J. Mathews ; J. Watts ; J. Wilkinson, near Tabernacle, Moorfields, London ; M. Luckman ; J. Buckland, Pater-noster-Row,
J. Mathews ; M. Watts ; Messrs. Peyton & Green ; Messrs. Taylor ; sold by W. Ash,J. Mathews ; M. Watts ; Messrs. Peyton ; Green ; Messrs. Taylor ; W. Ash,
J. Mathews ; Ogilvy & Speare ; T. Vernor,J. Mathews ; Ogilvy ; Speare ; T. Vernor,
J. Mathews ; S. Conder ; T. Conder ; W. Button ; sold by T. Chapman,J. Mathews ; S. Conder ; T. Conder ; W. Button ; T. Chapman,
J. Mathews ; sold,J. Mathews,
J. Mathews ; sold ; sold by M. Luckman,J. Mathews ; M. Luckman,
J. Mathews ; sold by Trapp,J. Mathews ; Trapp,
J. Mathews ; T. N. Longman,J. Mathews ; T. N. Longman,
J. Mathews & J. Murgatroyd,J. Mathews ; J. Murgatroyd,
J. Mathews No. 18, Strand ; J. S. Jordan, No. 166, Fleet-Street ; T. Boosey, No. 4, Old Broad-Street, Royal Exchange,J. Mathews No. 18, ; J. S. Jordan, No. 166, Fleet-Street ; T. Boosey, No. 4, Old Broad-Street, Royal Exchange,
J. Mathews No. 18, Strand ; J.S. Jordan, No. 166, Fleet-Street ; T. Boosey, No. 4, Old Broad-Street, Royal Exchange,J. Mathews No. 18, ; J.S. Jordan, No. 166, Fleet-Street ; T. Boosey, No. 4, Old Broad-Street, Royal Exchange,
J. Mathews, London ; sold ; sold by J. Rackham,J. Mathews, London ; J. Rackham,
J. Mathews, London ; sold by M. Luckman. Sold,J. Mathews, London ; M. Luckman. Sold,
J. Mathews, London ; sold by M. Luckman. Sold,J. Mathews, London ; M. Luckman. Sold,
J. Mathews, No 18, Strand ; T. Bensley,J. Mathews, No 18, ; T. Bensley,
J. Mathews, No 18, Strand ; W. Coke, of Leith ; sold by W. Laing, Edinburgh,J. Mathews, No 18, ; W. Coke, of Leith ; W. Laing,,
J. Mathews, no 81, Strand ; J. Murgatroyd, no 73, Chiswell-Street ; M. Trapp, No 1, pater-Noster-Row,J. Mathews, no 81, ; J. Murgatroyd, no 73, Chiswell-Street ; M. Trapp, No 1, pater-Noster-Row,
J. Mathews, No 81, Strand ; J. Murgatroyd, No 73, Chiswell-Street ; M. Trapp, No 1, Pater-Noster-Row,J. Mathews, No 81, ; J. Murgatroyd, No 73, Chiswell-Street ; M. Trapp, No 1, Pater-Noster-Row,
J. Mathews, No. 13. Strand. London ; W. Eyres,J. Mathews, No. 13. Strand. London ; W. Eyres,
J. Mathews, No. 18 ; J. W. Piercy, Coventry ; Strand ; sold by M. Luckman,J. Mathews, No. 18 ; J. W. Piercy, Coventry ; M. Luckman,
J. Mathews, No. 18 ; Pater-Noster Row ; Strand ; sold by Trapp,J. Mathews, No. 18 ; Pater-Noster Row ; Trapp,
J. Mathews, No. 18, Strand,J. Mathews, No. 18,,
J. Mathews, No. 18, Strand,J. Mathews, No. 18,,
J. Mathews, No. 18, Strand,J. Mathews, No. 18,,
J. Mathews, No. 18, Strand,J. Mathews, No. 18,,
J. Mathews, No. 18, Strand,J. Mathews, No. 18,,
J. Mathews, No. 18, Strand,J. Mathews, No. 18,,
J. Mathews, No. 18, Strand,J. Mathews, No. 18,,
J. Mathews, No. 18, Strand,J. Mathews, No. 18,,
J. Mathews, No. 18, Strand,J. Mathews, No. 18,,
J. Mathews, No. 18, Strand,J. Mathews, No. 18,,
J. Mathews, No. 18, Strand,J. Mathews, No. 18,,
J. Mathews, No. 18, Strand ; J. Murgatroyd, Chiswell-Street ; James Chalmers, Old-Street. Sold ; M. Trapp, No. 1, G. Terry, No. 54, Pater-Noster-Row,J. Mathews, No. 18, ; J. Murgatroyd, Chiswell-Street ; James Chalmers, Old-Street. Sold ; M. Trapp, No. 1, G. Terry, No. 54, Pater-Noster-Row,
J. Mathews, No. 18, Strand ; J. Parsons. No. 21, Paternoster Row ; J.S. Jordan, No, 166, Fleet Street ; T. Knott, Lombard Street,J. Mathews, No. 18, ; J. Parsons. No. 21, Paternoster Row ; J.S. Jordan, No, 166, Fleet Street ; T. Knott, Lombard Street,
J. Mathews, No. 18, Strand ; J. Pridden, No. 100, Fleet-Street,J. Mathews, No. 18, ; J. Pridden, No. 100, Fleet-Street,
J. Mathews, No. 18, Strand ; J. S. Jordan, No. 166, Fleet-Street ; J. Skirven ; W. Ash, No. 15, Little Tower-Street ; sold at No. 17, New-Road, st. George's in the East,J. Mathews, No. 18, ; J. S. Jordan, No. 166, Fleet-Street ; J. Skirven ; W. Ash, No. 15, Little Tower-Street ; at No. 17, New-Road, st. George's East,
J. Mathews, No. 18, Strand ; J. Sewel, Cornhill ; J. Stockdale, Piccadilly ; Mess. Hookhams, New Bond Street ; Mess. Shepperson & Reynolds, Oxford Street,J. Mathews, No. 18, ; J. Sewel, Cornhill ; J. Stockdale, Piccadilly ; Mess. Hookhams, New Bond Street ; Mess. Shepperson ; Reynolds, Oxford Street,
J. Mathews, No. 18, Strand ; J.F & C. Rivington, No. 62, St. Paul's Church-Yard ; R. Faulder, No. 42, New Bond-Street,J. Mathews, No. 18, ; J.F ; C. Rivington, No. 62, St. Paul's Church-Yard ; R. Faulder, No. 42, New Bond-Street,
J. Mathews, No. 18, Strand ; J.F & C. Rivington, No. 62, St. Paul's Church-Yard ; R. Faulder, No. 42, New Bond-Street,J. Mathews, No. 18, ; J.F ; C. Rivington, No. 62, St. Paul's Church-Yard ; R. Faulder, No. 42, New Bond-Street,
J. Mathews, No. 18, Strand ; M. Trapp, No. 1, Pater-Noster Row ; R. Edwards, No. 142, New-Bond Street ; T. Boosey, No. 4, Old Broad Street, Royal Exchange ; sold by J.S. Jordan, No. 166, Fleet Street,J. Mathews, No. 18, ; M. Trapp, No. 1, Pater-Noster Row ; R. Edwards, No. 142, New-Bond Street ; T. Boosey, No. 4, Old Broad Street, Royal Exchange ; J.S. Jordan, No. 166, Fleet Street,
J. Mathews, No. 18, Strand ; M. Trapp. No. 1, Paternoster-Row ; sold at the Minerva Leadenhall-Street,J. Mathews, No. 18, ; M. Trapp. No. 1, Paternoster-Row ; at Minerva Leadenhall-Street,
J. Mathews, No. 18, Strand. Sold ; M. Trapp, No. 1, Pater-Noster-Row ; R. Edwards, No. 142, New-Bond-Street,J. Mathews, No. 18, Strand. Sold ; M. Trapp, No. 1, Pater-Noster-Row ; R. Edwards, No. 142, New-Bond-Street,
J. Mathews, No. 23, Strand ; Lewis & Fienes, Chelsea ; Robinsons, Paternoster-Row, London ; sold ; sold by Smart & Cowsland,J. Mathews, No. 23, ; Lewis ; Fienes, Chelsea ; Robinsons, Paternoster-Row, London ; Smart ; Cowsland,
J. Mathews, Strand ; J. Stockdale, Piccadilly,J. Mathews, ; J. Stockdale, Piccadilly,
J. Mathews, Strand ; J. Stockdale, Piccadilly,J. Mathews, ; J. Stockdale, Piccadilly,
J. Mathews, Strand ; J.S. Jordan, 166, Fleet-Street ; L. Wayland, Middle-Row, Holborn ; W. Ash, Little Tower-Street,J. Mathews, ; J.S. Jordan, 166, Fleet-Street ; L. Wayland, Middle-Row, Holborn ; W. Ash, Little Tower-Street,
J. Mathews, Strand ; M. Trapp, Paternoster-Row ; T. Chapman, No. 151, Fleet-Street,J. Mathews, ; M. Trapp, Paternoster-Row ; T. Chapman, No. 151, Fleet-Street,
J. Mathews, Strand ; W. Button, No. 24, Pater-Noster-Row ; sold ; sold by T. Gardiner, No. 19, Princes-Street, Oxford-Street,J. Mathews, ; W. Button, No. 24, Pater-Noster-Row ; T. Gardiner, No. 19, Princes-Street, Oxford-Street,
J. Mathews, Strand, London ; sold ; sold by E & J. Easton,J. Mathews, Strand, London ; E ; J. Easton,
J. Mathews, W. Goldsmith, S. Hayes, J. Scatcherd, W. Bent ; T. Longman, B. Law, C. Dilly, G.G & J. Robinsons, R. Baldwin, W. Richarson, W. Otridge ; Vernor & Hood,J. Mathews, W. Goldsmith, S. Hayes, J. Scatcherd, W. Bent ; T. Longman, B. Law, C. Dilly, G.G ; J. Robinsons, R. Baldwin, W. Richarson, W. Otridge ; Vernor ; Hood,
J. Matthews,J. Matthews,
J. Matthews ; country ; sold by J. Deighton,J. Matthews ; country ; J. Deighton,
J. Matthews ; James Bateson ; sold by T. Chapman,J. Matthews ; James Bateson ; T. Chapman,
J. Matthews ; Mawman, York ; Smith, Sheffield ; Strand ; Sutton, Nottingham ; Wilson, Spence ; sold by W. Lane, Leadenhall-Street,J. Matthews ; Mawman, York ; Smith, Sheffield ; Sutton, Nottingham ; Wilson, Spence ; W. Lane, Leadenhall-Street,
J. Matthews ; Mr. Ogle ; Mr. Ogle & Mr. Guthrie, Edinburgh ; Mr. Ogle, Glasgow ; Mr. Piner ; Mr. Wilkinson ; T. Chapman ; T. Gillet ; sold at Surry Chapel,J. Matthews ; Mr. Ogle ; Mr. Ogle ; Mr. Guthrie, ; Mr. Ogle, Glasgow ; Mr. Piner ; Mr. Wilkinson ; T. Chapman ; T. Gillet ; at Surry Chapel,
J. Matthews ; Poultry ; Strand ; sold by C. Dilly,J. Matthews ; Poultry ; C. Dilly,
J. Matthews ; Poultry ; Strand ; sold by C. Dilly,J. Matthews ; Poultry ; C. Dilly,
J. Matthews ; Poultry ; Strand, London ; T. Norris. Sold by C. Dilly,J. Matthews ; Poultry ; Strand, London ; T. Norris. Sold C. Dilly,
J. Matthews ; sold,J. Matthews,
J. Matthews ; sold by J. Johnson, C. Dilly,J. Matthews ; J. Johnson, C. Dilly,
J. Matthews ; sold by Messrs. Rivingtons,J. Matthews ; Messrs. Rivingtons,
J. Matthews ; sold by T. Chapman,J. Matthews ; T. Chapman,
J. Matthews ; T. Conder ; T. Gillet ; W. Button ; Wem, Shropshire ; sold by T. Chapman,J. Matthews ; T. Conder ; T. Gillet ; W. Button ; Wem, Shropshire ; T. Chapman,
J. Matthews, C. Foster ; sold by J. & J. Fairbairn, Edinburgh,J. Matthews, C. Foster ; J. ; J. Fairbairn,,
J. Matthews, London ; J. Montgomery ; sold by A & E. Gales,J. Matthews, London ; J. Montgomery ; A ; E. Gales,
J. Matthews, London ; J. Todd, W. Tesseyman, H. Sotheran ; N. Frobisher, York ; W. Blanchard ; sold by T. Wilson,J. Matthews, London ; J. Todd, W. Tesseyman, H. Sotheran ; N. Frobisher, York ; W. Blanchard ; T. Wilson,
J. Matthews, London ; James Montgomery ; Sheffield & its neighbourhood ; Wilson, Spence & Mawman, York ; sold by the different,J. Matthews, London ; James Montgomery ; Sheffield ; its neighbourhood ; Wilson, Spence ; Mawman, York ; different,
J. Matthews, London ; N. Rollason ; sold by G. G & J. Robinson,J. Matthews, London ; N. Rollason ; G. G ; J. Robinson,
J. Matthews, London ; sold by T. Wood,J. Matthews, London ; T. Wood,
J. Matthews, Mrs. Priestley ; T. Chapman ; T. Knott ; W. Ash,J. Matthews, Mrs. Priestley ; T. Chapman ; T. Knott ; W. Ash,
J. Matthews, No. 18, Strand ; J.F & C. Rivington, No. 62, St. Paul's Church-Yard ; R. Faulder, No. 42, New Bond-Street,J. Matthews, No. 18, ; J.F ; C. Rivington, No. 62, St. Paul's Church-Yard ; R. Faulder, No. 42, New Bond-Street,
J. Matthews, Strand ; J. Murgatroyd, Chiswell-Street ; T. Conder, Bucklersbury,J. Matthews, ; J. Murgatroyd, Chiswell-Street ; T. Conder, Bucklersbury,
J. Matthews, Strand ; L. Wayland ; T. Cahusac, opposite St. Clement's Church ; T. Pitcher, Bakbican ; T. Scollick, City-Road ; W. Ash, Little Tower - Street ; sold by J. P. Lepard, No. 91, Newgate Street,J. Matthews, ; L. Wayland ; T. Cahusac, opposite St. Clement's Church ; T. Pitcher, Bakbican ; T. Scollick, City-Road ; W. Ash, Little Tower - Street ; J. P. Lepard, No. 91, Newgate Street,
J. Matthews, Strand ; Mr. Ogle & Mr. Guthrie, Edinburgh ; Mr. Ogle, Glasgow ; Mr. Ogle, Gray's-Inn-Lane ; Mr. Piner, near Tottenham-Court Chapel ; Mr. Wilkinson, near the Tabernacle ; T. Chapman, Fleet Street ; T. Gillet, Crown Court, Fleet Street ; sold at Surry Chapel,J. Matthews, ; Mr. Ogle ; Mr. Guthrie, ; Mr. Ogle, Glasgow ; Mr. Ogle, Gray's-Inn-Lane ; Mr. Piner, near Tottenham-Court Chapel ; Mr. Wilkinson, near Tabernacle ; T. Chapman, Fleet Street ; T. Gillet, Crown Court, Fleet Street ; at Surry Chapel,
J. Matthews, Strand ; New Way, Westminster ; sold at the chapel,J. Matthews, ; New Way, Westminster ; at chapel,
J. Matthews, Strand ; Ogilvy & Speare, Holborn ; T. Vernor, Birchin-Lane,J. Matthews, ; Ogilvy ; Speare, Holborn ; T. Vernor, Birchin-Lane,
J. Matthews, Strand ; Poultry ; sold by C. Dilly,J. Matthews, ; Poultry ; C. Dilly,
J. Matthews, Strand ; sold,J. Matthews,,
J. Matthews, Strand ; sold,J. Matthews,,
J. Matthews, Strand ; sold,J. Matthews,,
J. Matthews, Strand, London ; Lewis & Fienes, Chelsea ; M. Trapp ; Messrs. Robinsons, V. Griffiths ; Pater-Noster-Row ; sold by J. Rusher, Reading ; sold by Smart & Cowslade,J. Matthews, Strand, London ; Lewis ; Fienes, Chelsea ; M. Trapp ; Messrs. Robinsons, V. Griffiths ; Pater-Noster-Row ; J. Rusher, Reading ; Smart ; Cowslade,
J. Matthews, Strand, London ; W. Ward ; Wilson ; York ; sold by J. Smith,J. Matthews, Strand, London ; W. Ward ; Wilson ; York ; J. Smith,
J. Matthews, Strand, T. Chapman, Fleet-Street ; John Smith ; M. Trapp, Paternoster-Row, London ; sold by J. Binns, Leeds,J. Matthews, Strand, T. Chapman, Fleet-Street ; John Smith ; M. Trapp, Paternoster-Row, London ; J. Binns, Leeds,
J. Matthews, Strand. N. B ; Mr. Chapman, No. 151, Fleet-Street. W. Cooper ; above is, that the profits arising from its sale, among the Gentiles, may enable him to distribute copies, gratis, among the Jews & as erroneous editions are publishing ; motive in publishing ; none is genuine but that ; sold by T. Chapman, NO. 151, Fleet-Street ; this is to caution the public against buying,J. Matthews, Strand. N. B ; Mr. Chapman, No. 151, Fleet-Street. W. Cooper ; above is, that profits arising from its sale, among Gentiles, may enable him to distribute copies, gratis, among Jews ; as erroneous editions are publishing ; motive publishing ; none is genuine but that ; T. Chapman, NO. 151, Fleet-Street ; this is to caution public against buying,
J. Matthews, Strand. N. B ; Mr. Chapman, No. 151, Fleet-Street. W. Cooper ; above is, that the profits arising from its sale, among the Gentiles, may enable him to distribute copies, gratis, among the Jews & as erroneous editions are publishing ; motive in publishing ; none is genuine but that ; sold by T. Chapman, NO. 151, Fleet-Street ; this is to caution the public against buying,J. Matthews, Strand. N. B ; Mr. Chapman, No. 151, Fleet-Street. W. Cooper ; above is, that profits arising from its sale, among Gentiles, may enable him to distribute copies, gratis, among Jews ; as erroneous editions are publishing ; motive publishing ; none is genuine but that ; T. Chapman, NO. 151, Fleet-Street ; this is to caution public against buying,
J. Matthews. In The Strand, Near Charing-Cross ; M. Priestly ; Paternoster-Row ; late Trapp,J. Matthews. In The Strand, Near Charing-Cross ; M. Priestly ; Paternoster-Row ; late Trapp,
J. Mawman,J. Mawman,
J. Mcclean, Ship-Alley, Wellclose-Squre,J. Mcclean, Ship-Alley, Wellclose-Squre,
J. McCormick,J. McCormick,
J. McCreery,J. McCreery,
J. McLaen ; Mr. Sudbury ; sold,J. McLaen ; Mr. Sudbury,
J. Merrill, Cambridge ; New Bond Street ; R. Faulder,J. Merrill, Cambridge ; New Bond Street ; R. Faulder,
J. Millan, near the Admiralty, Charing Cross,J. Millan, near Admiralty, Charing Cross,
J. Millar ; J. Taylor, Berwick,J. Millar ; J. Taylor, Berwick,
J. Miller,J. Miller,
J. Miller, No. 74, Rosemary lane,J. Miller, No. 74, Rosemary lane,
J. Miller, No. 74, Rosemary-lane. Where catalogues, shop bills, club-orders ; neatness & exped,J. Miller, No. 74, Rosemary-lane. Where catalogues, shop bills, club-orders ; neatness ; exped,
J. Miller's, No. 74 ; office in Rosemary-lane,J. Miller's, No. 74 ; office Rosemary-lane,
J. Mitchell,J. Mitchell,
J. Mitchell,J. Mitchell,
J. Mitchell ; sold by T. N. Longman, Paternoster-Row, London,J. Mitchell ; T. N. Longman, Paternoster-Row, London,
J. Mitchell ; sold by W. Clarke, New Bond-Street, London,J. Mitchell ; W. Clarke, New Bond-Street, London,
J. Mitchell ; sold by Wm. Clarke New-Bond-Street, London,J. Mitchell ; Wm. Clarke New-Bond-Street, London,
J. Mitchell & sold by J. Bew, No. 28, Pater-Noster-Row,J. Mitchell ; J. Bew, No. 28, Pater-Noster-Row,
J. Montgomery,J. Montgomery,
J. Montgomery,J. Montgomery,
J. Montgomery, Iris Office,J. Montgomery, Iris Office,
J. Montgomery, Irish Office ; Prined,J. Montgomery, Irish Office ; Prined,
J. Moore,J. Moore,
J. Moore,J. Moore,
J. Moore,J. Moore,
J. Moore,J. Moore,
J. Moore ; sold by R & T. Turner, J. Ridgeway,J. Moore ; R ; T. Turner, J. Ridgeway,
J. Moore & N. Stanley,J. Moore ; N. Stanley,
J. Moore & N. Stanley,J. Moore ; N. Stanley,
J. Moore & sold by T. Hookham,J. Moore ; T. Hookham,
J. Moore, Drury Lane ; Neighbouring Towns ; sold by J.J. Hough, Gloucester,J. Moore, Drury Lane ; Neighbouring Towns ; J.J. Hough, Gloucester,
J. Moore, Drury-Lane ; sold by R & T. Turner, Cornhill, J. Ridgeway. York-Street, ST. James's Square,J. Moore, Drury-Lane ; R ; T. Turner, Cornhill, J. Ridgeway. York-Street, ST. James's Square,
J. Moore, No. 134 Drury Lane,J. Moore, No. 134 Drury Lane,
J. Moore, No. 134, Drury Lane,J. Moore, No. 134, Drury Lane,
J. Moore, No. 134, Drury Lane,J. Moore, No. 134, Drury Lane,
J. Moore, No. 134, Drury-Lane,J. Moore, No. 134, Drury-Lane,
J. Moore, No. 134, Drury-Lane,J. Moore, No. 134, Drury-Lane,
J. Moore, No. 134, Drury-Lane ; Messrs. Egertons' Charing-Cross ; Mr. Elmsley ; Strand ; most of the mathematical instrument makers ; principal sea ports ; sold by Messrs. Steeels', Union-Row, Tower-Hill,J. Moore, No. 134, Drury-Lane ; Messrs. Egertons' Charing-Cross ; Mr. Elmsley ; most of mathematical instrument makers ; principal sea ports ; Messrs. Steeels', Union-Row, Tower-Hill,
J. Moore, no. 134, Drury-Lane ; newscarriers in town & country ; sold at their office, no. 136 Drury-Lane,J. Moore, no. 134, Drury-Lane ; newscarriers town ; country ; at their office, no. 136 Drury-Lane,
J. Moore, No. 134, Drury-Lane ; Redcross Street, No.16,J. Moore, No. 134, Drury-Lane ; Redcross Street, No.16,
J. Moore, No. 134, Drury-Lane & sold by Mr. Dilly ; Mr. Becket, No. 82 ; Pall-Mall ; Poultry,J. Moore, No. 134, Drury-Lane ; Mr. Dilly ; Mr. Becket, No. 82 ; Pall-Mall ; Poultry,
J. Moore. Sold by Mr. Brown ; Mr. Clackar, Chelmsford ; Mr. Merrill, Cambridge ; Mr. Shave, Ipswich ; Mr. Stribling, Mistley,J. Moore. Sold Mr. Brown ; Mr. Clackar, Chelmsford ; Mr. Merrill, Cambridge ; Mr. Shave, Ipswich ; Mr. Stribling, Mistley,
J. Morton, No. 32, Holywell Street, Strand, where advertisements, orders, articles of intelligence ; are received ; there by S. Flexmore, of No. 8, Silver-Street, Fleet-Street,J. Morton, No. 32, Holywell Street, Strand, where advertisements, orders, articles of intelligence ; are received ; there S. Flexmore, of No. 8, Silver-Street, Fleet-Street,
J. Morton, No. 32, Holywell-Street, Strand,J. Morton, No. 32, Holywell-Street,,
J. Mottley,J. Mottley,
J. Mozley ; Wm. Miller, No. 5, Old Bond-Street, London,J. Mozley ; Wm. Miller, No. 5, Old Bond-Street, London,
J. Mozley Gainsborough,J. Mozley Gainsborough,
J. Mozley Gainsbrough ; W. Osborne & T. Griffin St. Paul's Church-Yard,J. Mozley Gainsbrough ; W. Osborne ; T. Griffin St. Paul's Church-Yard,
J. Mozley, Gainsborough ; T. Griffin ; W. Osborne,J. Mozley, Gainsborough ; T. Griffin ; W. Osborne,
J. Mozley, Gainsborough ; T. Griffin, St Paul's Chruch-Yard ; W. Osborne,J. Mozley, Gainsborough ; T. Griffin, St Paul's Chruch-Yard ; W. Osborne,
J. Mozley, Gainsbrough,J. Mozley, Gainsbrough,
J. Mozley, Gainsbrough,J. Mozley, Gainsbrough,
J. Mozley, Gainsbrough,J. Mozley, Gainsbrough,
J. Mozley, Gainsbrough,J. Mozley, Gainsbrough,
J. Mozley, Gainsbrough ; St. Paul's Church-Yard ; W. Osborne & T. Griffin,J. Mozley, Gainsbrough ; St. Paul's Church-Yard ; W. Osborne ; T. Griffin,
J. Mundell ; J. Mundell, College, Glasgow,J. Mundell ; J. Mundell, College, Glasgow,
J. Mundell ; J. Mundell, College, Glasgow,J. Mundell ; J. Mundell, College, Glasgow,
J. Mundell ; J. Mundell, College, Glasgow,J. Mundell ; J. Mundell, College, Glasgow,
J. Mundell ; J. Mundell, College, Glasgow,J. Mundell ; J. Mundell, College, Glasgow,
J. Mundell ; J. Mundell, College, Glasgow,J. Mundell ; J. Mundell, College, Glasgow,
J. Mundell ; J. Mundell, College, Glasgow,J. Mundell ; J. Mundell, College, Glasgow,
J. Mundell ; J. Mundell, Glasgow,J. Mundell ; J. Mundell, Glasgow,
J. Mundell ; J. Mundell, Glasgow,J. Mundell ; J. Mundell, Glasgow,
J. Mundell, College, Glasgow ; J. Wright, Piccadilly ; Mundell,J. Mundell, College, Glasgow ; J. Wright, Piccadilly ; Mundell,
J. Mundell, College, Glasgow ; Mundell,J. Mundell, College, Glasgow ; Mundell,
J. Mundell, Glasgow ; J. Wright, Opposite Old Bond-Street, Piccadilly ; sold by Mundell,J. Mundell, Glasgow ; J. Wright, Opposite Old Bond-Street, Piccadilly ; Mundell,
J. Mundell, Glasgow ; Lackington, Allen ; Mundell,J. Mundell, Glasgow ; Lackington, Allen ; Mundell,
J. Murcatroyd, Chiswell Street, Moorfields,J. Murcatroyd, Chiswell Street, Moorfields,
J. Murga ; M. Binns, Leeds ; royd, No. 72 Chiswell-Street ; sold,J. Murga ; M. Binns, Leeds ; royd, No. 72 Chiswell-Street,
J. Murgatroud ; Mr. Binns, Leeds ; Mr. Laing, Edinburgh ; Priestley,J. Murgatroud ; Mr. Binns, Leeds ; Mr. Laing, ; Priestley,
J. Murgatroyd,J. Murgatroyd,
J. Murgatroyd ; J. Murry ; Murray ; sold at the Tabernacle, near Upper-Moor-Fields. M DCC LII ; sold by, G. Terry,J. Murgatroyd ; J. Murry ; Murray ; at Tabernacle, near Upper-Moor-Fields. M DCC LII ; by, G. Terry,
J. Murgatroyd ; Mr. Binns, Leeds ; Mr. Laing, Edinburgh ; Priestley,J. Murgatroyd ; Mr. Binns, Leeds ; Mr. Laing, ; Priestley,
J. Murgatroyd ; sold by L. J. Higham,J. Murgatroyd ; L. J. Higham,
J. Murgatroyd ; W. Ash ; er the immediate inspection ; everywhere in world ; sold by Alex. Hogg ; sold by H. D. Symonds & J. Parsons,J. Murgatroyd ; W. Ash ; er immediate inspection ; everywhere world ; Alex. Hogg ; H. D. Symonds ; J. Parsons,
J. Murgatroyd, 73, Chiswell-Street,J. Murgatroyd, 73, Chiswell-Street,
J. Murgatroyd, Chiswell-Street ; L. Rowe, Eyre-Street, Cold-Bath-Fields ; W. Button, Paternoster-Row ; W. Smith, King-Street, Seven-Dials ; sold by J. Mathews, Strand,J. Murgatroyd, Chiswell-Street ; L. Rowe, Eyre-Street, Cold-Bath-Fields ; W. Button, Paternoster-Row ; W. Smith, King-Street, Seven-Dials ; J. Mathews,,
J. Murgatroyd, Chiswell-Street ; T. Knott, Lombard-Street ; sold by T. Chapman, Fleet-Street,J. Murgatroyd, Chiswell-Street ; T. Knott, Lombard-Street ; T. Chapman, Fleet-Street,
J. Murgatroyd, Chiswell-Street, Moorfields,J. Murgatroyd, Chiswell-Street, Moorfields,
J. Murgatroyd, No 73, Chiswell-Street ; North Shields ; Tower Street, Seven-Dials ; W & J. Stratford, No 112, Holborn-Hill, near Hatton-Street ; sold by J. Matthews, Strand,J. Murgatroyd, No 73, Chiswell-Street ; North Shields ; Tower Street, Seven-Dials ; W ; J. Stratford, No 112, Holborn-Hill, near Hatton-Street ; J. Matthews,,
J. Murgatroyd, No. 73, Chiswell-Street ; R. Noble, Shire-Lane, Temple-Bar,J. Murgatroyd, No. 73, Chiswell-Street ; R. Noble, Shire-Lane, Temple-Bar,
J. Murgatroyd, No. 73. Chiswell-Street ; J. Phillips, No. 27, City-Road ; J. Spring, Glamford-Briggs, Lincolnshire ; M. Priestley ; Paternoster-Row ; late Trapp ; sold by J. Chalmers, No. 81, Old-Street. Sold ; vestry of the chapel,J. Murgatroyd, No. 73. Chiswell-Street ; J. Phillips, No. 27, City-Road ; J. Spring, Glamford-Briggs, Lincolnshire ; M. Priestley ; Paternoster-Row ; late Trapp ; J. Chalmers, No. 81, Old-Street. Sold ; vestry of chapel,
J. Murray,J. Murray,
J. Murray,J. Murray,
J. Murray,J. Murray,
J. Murray,J. Murray,
J. Murray,J. Murray,
J. Murray,J. Murray,
J. Murray,J. Murray,
J. Murray,J. Murray,
J. Murray,J. Murray,
J. Murray,J. Murray,
J. Murray,J. Murray,
J. Murray,J. Murray,
J. Murray,J. Murray,
J. Murray,J. Murray,
J. Murray,J. Murray,
J. Murray,J. Murray,
J. Murray ; Macrae,J. Murray ; Macrae,
J. Murray ; Mess. Merrill ; Mess. Prince & Cook, Oxford ; R. Fisher, Newcastle upon Tyne ; S. Hodgson ; T. Deighton, London ; W. Charnley ; W. Lunn, Cambridge ; W. Tesseyman, York ; York ; sold by J. Sewell, Mess. Egerton, Mess. Payne,J. Murray ; Mess. Merrill ; Mess. Prince ; Cook, Oxford ; R. Fisher, Newcastle upon Tyne ; S. Hodgson ; T. Deighton, London ; W. Charnley ; W. Lunn, Cambridge ; W. Tesseyman, York ; York ; J. Sewell, Mess. Egerton, Mess. Payne,
J. Murray ; R. Faulder,J. Murray ; R. Faulder,
J. Murray ; W. Creech,J. Murray ; W. Creech,
J. Murray ; Whieldon & Butterworth,J. Murray ; Whieldon ; Butterworth,
J. Murray & S. Highley,J. Murray ; S. Highley,
J. Murray & S. Highley,J. Murray ; S. Highley,
J. Murray & S. Highley,J. Murray ; S. Highley,
J. Murray & S. Highley,J. Murray ; S. Highley,
J. Murray & S. Highley,J. Murray ; S. Highley,
J. Murray & S. Highley, Fleet-Street ; Richardson's, Cornhill ; Wallis, Ludgate-Street ; printing-office of T. Baylis, Greville-Street. Sold at Debrett's Piccadilly,J. Murray ; S. Highley, Fleet-Street ; Richardson's, Cornhill ; Wallis, Ludgate-Street ; printing-office of T. Baylis, Greville-Street. Sold at Debrett's Piccadilly,
J. Murray & S. Highley, No 32, Fleet Street,J. Murray ; S. Highley, No 32, Fleet Street,
J. Murray & S. Highley, No 32, Fleet Street,J. Murray ; S. Highley, No 32, Fleet Street,
J. Murray & S. Highley, No 32, Fleet Street,J. Murray ; S. Highley, No 32, Fleet Street,
J. Murray & S. Highley, No 32, Fleet-Street,J. Murray ; S. Highley, No 32, Fleet-Street,
J. Murray & S. Highley, No. 32, Fleet Street,J. Murray ; S. Highley, No. 32, Fleet Street,
J. Murray & S. Highley, NO. 32, Fleet Street,J. Murray ; S. Highley, NO. 32, Fleet Street,
J. Murray & S. Highley, NO. 32, Fleet Street,J. Murray ; S. Highley, NO. 32, Fleet Street,
J. Murray & S. Highley, No. 32, Fleet Street & J. Sewell,J. Murray ; S. Highley, No. 32, Fleet Street ; J. Sewell,
J. Murray & S. Highley, No. 32, Fleet-Street,J. Murray ; S. Highley, No. 32, Fleet-Street,
J. Murray, C. Dilly, E & R. Brooke, Whieldon & Butterworth, J. Debrett ; T & J. Egerton,J. Murray, C. Dilly, E ; R. Brooke, Whieldon ; Butterworth, J. Debrett ; T ; J. Egerton,
J. Murray, Fleet-Street,J. Murray, Fleet-Street,
J. Murray, Fleet-Street,J. Murray, Fleet-Street,
J. Murray, Fleet-Street,J. Murray, Fleet-Street,
J. Murray, Fleet-Street ; J. Southern, St. James's Street,J. Murray, Fleet-Street ; J. Southern, St. James's Street,
J. Murray, Fleet-Street ; J. Stockdale, Piccadilly ; sold by Simmons, Kirkby & Jones,J. Murray, Fleet-Street ; J. Stockdale, Piccadilly ; Simmons, Kirkby ; Jones,
J. Murray, Fleet-Street ; Minerva Press ; William Lane, Leadenhall-Street,J. Murray, Fleet-Street ; Minerva Press ; William Lane, Leadenhall-Street,
J. Murray, Fleet-Street ; sold by J. Parkinson, Racquet-Court, Fleet-Street,J. Murray, Fleet-Street ; J. Parkinson, Racquet-Court, Fleet-Street,
J. Murray, Fleet-Street ; sold by J. Ridgeway, York-Street, St. James's Square,J. Murray, Fleet-Street ; J. Ridgeway, York-Street, St. James's Square,
J. Murray, Fleet-Street, London ; sold by Simmons, Kirkby & Jones,J. Murray, Fleet-Street, London ; Simmons, Kirkby ; Jones,
J. Murray, London ; J. Sibbald, Edinburgh,J. Murray, London ; J. Sibbald,,
J. Murray, London ; J. Sibbald, Edinr,J. Murray, London ; J. Sibbald, Edinr,
J. Murray, London ; Mawman ; Wilson, Spence ; sold by G. G. J & J. Robinson, T. Cadell, B. White, J. Robson,J. Murray, London ; Mawman ; Wilson, Spence ; G. G. J ; J. Robinson, T. Cadell, B. White, J. Robson,
J. Murray, no 32 Fleet Street,J. Murray, no 32 Fleet Street,
J. Murray, No 32, Fleet Street,J. Murray, No 32, Fleet Street,
J. Murray, No 32, Fleet Street,J. Murray, No 32, Fleet Street,
J. Murray, No 32, Fleet Street,J. Murray, No 32, Fleet Street,
J. Murray, No 32, Fleet Street,J. Murray, No 32, Fleet Street,
J. Murray, No 32, Fleet Street,J. Murray, No 32, Fleet Street,
J. Murray, No 32, Fleet Street,J. Murray, No 32, Fleet Street,
J. Murray, No 32, Fleet Street,J. Murray, No 32, Fleet Street,
J. Murray, No 32, Fleet Street,J. Murray, No 32, Fleet Street,
J. Murray, No 32, Fleet Street,J. Murray, No 32, Fleet Street,
J. Murray, No 32, Fleet Street,J. Murray, No 32, Fleet Street,
J. Murray, No 32, Fleet Street,J. Murray, No 32, Fleet Street,
J. Murray, No 32, Fleet-Street,J. Murray, No 32, Fleet-Street,
J. Murray, No 32, Fleet-Street,J. Murray, No 32, Fleet-Street,
J. Murray, No 32, Fleet-Street,J. Murray, No 32, Fleet-Street,
J. Murray, No 32, Fleet-Street,J. Murray, No 32, Fleet-Street,
J. Murray, No 32, Fleet-Street,J. Murray, No 32, Fleet-Street,
J. Murray, No 32, Fleet-Street,J. Murray, No 32, Fleet-Street,
J. Murray, No 32, Fleet-Street,J. Murray, No 32, Fleet-Street,
J. Murray, No 32, Fleet-Street,J. Murray, No 32, Fleet-Street,
J. Murray, No 32, Fleet-Street,J. Murray, No 32, Fleet-Street,
J. Murray, No 32, Fleet-Street,J. Murray, No 32, Fleet-Street,
J. Murray, No 32, Fleet-Street,J. Murray, No 32, Fleet-Street,
J. Murray, No 32, Fleet-Street,J. Murray, No 32, Fleet-Street,
J. Murray, No 32, Fleet-Street ; W. Creech, Edinburgh,J. Murray, No 32, Fleet-Street ; W. Creech,
J. Murray, No, 32, Fleet-street,J. Murray, No, 32, Fleet-street,
J. Murray, No. 25, Princes-Street, Soho ; R. Thompson, No. 30, Little Pulteney-Street ; W. Smith, King-Street, Seven-Dials. Sold by R. Kidwell, No. 2, Jones's-Row, Philip's Gardens, New-Road, Tottenham-Court-Road,J. Murray, No. 25, Princes-Street, Soho ; R. Thompson, No. 30, Little Pulteney-Street ; W. Smith, King-Street, Seven-Dials. Sold R. Kidwell, No. 2, Jones's-Row, Philip's Gardens, New-Road, Tottenham-Court-Road,
J. Murray, No. 25, Princes-Street, Soho ; T. Chapman ; sold by J.P. Lepard, No. 91, Newfate-Street, H.D. Symonds, No. 20, Paternoster-Row, J. Matthews, No. 18, Strand,J. Murray, No. 25, Princes-Street, Soho ; T. Chapman ; J.P. Lepard, No. 91, Newfate-Street, H.D. Symonds, No. 20, Paternoster-Row, J. Matthews, No. 18,,
J. Murray, No. 32 ; Whieldon & Butterworth, No. 39, Fleet-street,J. Murray, No. 32 ; Whieldon ; Butterworth, No. 39, Fleet-street,
J. Murray, No. 32, Fleet Street,J. Murray, No. 32, Fleet Street,
J. Murray, No. 32, Fleet Street,J. Murray, No. 32, Fleet Street,
J. Murray, No. 32, Fleet Street,J. Murray, No. 32, Fleet Street,
J. Murray, No. 32, Fleet Street,J. Murray, No. 32, Fleet Street,
J. Murray, No. 32, Fleet Street,J. Murray, No. 32, Fleet Street,
J. Murray, No. 32, Fleet Street,J. Murray, No. 32, Fleet Street,
J. Murray, NO. 32, Fleet Street,J. Murray, NO. 32, Fleet Street,
J. Murray, No. 32, Fleet Street,J. Murray, No. 32, Fleet Street,
J. Murray, NO. 32, Fleet Street,J. Murray, NO. 32, Fleet Street,
J. Murray, No. 32, Fleet Street,J. Murray, No. 32, Fleet Street,
J. Murray, No. 32, Fleet Street,J. Murray, No. 32, Fleet Street,
J. Murray, No. 32, Fleet Street ; R. Smirke, No. 64, Charlotte Street, Rathbone Place ; Subscriptions are received by W. Sharp, No. 8, Charles Street, Middlesex Hospital ; William Skelton, Haymarket,J. Murray, No. 32, Fleet Street ; R. Smirke, No. 64, Charlotte Street, Rathbone Place ; Subscriptions are received W. Sharp, No. 8, Charles Street, Middlesex Hospital ; William Skelton, Haymarket,
J. Murray, No. 32, Fleet-Street,J. Murray, No. 32, Fleet-Street,
J. Murray, No. 32, Fleet-Street,J. Murray, No. 32, Fleet-Street,
J. Murray, No. 32, Fleet-Street,J. Murray, No. 32, Fleet-Street,
J. Murray, No. 32, Fleet-Street,J. Murray, No. 32, Fleet-Street,
J. Murray, No. 32, Fleet-Street,J. Murray, No. 32, Fleet-Street,
J. Murray, No. 32, Fleet-Street,J. Murray, No. 32, Fleet-Street,
J. Murray, No. 32, Fleet-Street,J. Murray, No. 32, Fleet-Street,
J. Murray, No. 32, Fleet-Street,J. Murray, No. 32, Fleet-Street,
J. Murray, NO. 32, Fleet-Street,J. Murray, NO. 32, Fleet-Street,
J. Murray, No. 32, Fleet-Street,J. Murray, No. 32, Fleet-Street,
J. Murray, No. 32, Fleet-Street,J. Murray, No. 32, Fleet-Street,
J. Murray, No. 32, Fleet-street,J. Murray, No. 32, Fleet-street,
J. Murray, No. 32, Fleet-Street ; L. White, No. 86, Dame-Street, Dublin ; W. Jones,J. Murray, No. 32, Fleet-Street ; L. White, No. 86, Dame-Street, Dublin ; W. Jones,
J. Murray, NO. 32, Fleet-Street ; Macrae,J. Murray, NO. 32, Fleet-Street ; Macrae,
J. Murray, NO. 32, Opposite ST. Dunstan's Church, Fleet-Street,J. Murray, NO. 32, Opposite ST. Dunstan's Church, Fleet-Street,
J. Murray. No. 32, Fleet-Street,J. Murray. No. 32, Fleet-Street,
J. M¾ËKenzie,J. M¾ËKenzie,
J. N. Longman, London ; Owen Rees, No. 10, Wine - Street,J. N. Longman, London ; Owen Rees, No. 10, Wine - Street,
J. Needham,J. Needham,
J. Nicholls, S. Bladon, W. Lowndes ; W. Nicoll,J. Nicholls, S. Bladon, W. Lowndes ; W. Nicoll,
J. Nichols,J. Nichols,
J. Nichols,J. Nichols,
J. Nichols,J. Nichols,
J. Nichols,J. Nichols,
J. Nichols,J. Nichols,
J. Nichols,J. Nichols,
J. Nichols,J. Nichols,
J. Nichols,J. Nichols,
J. Nichols,J. Nichols,
J. Nichols,J. Nichols,
J. Nichols,J. Nichols,
J. Nichols,J. Nichols,
J. Nichols,J. Nichols,
J. Nichols,J. Nichols,
J. Nichols,J. Nichols,
J. Nichols,J. Nichols,
J. Nichols,J. Nichols,
J. Nichols,J. Nichols,
J. Nichols,J. Nichols,
J. Nichols,J. Nichols,
J. Nichols,J. Nichols,
J. Nichols,J. Nichols,
J. Nichols,J. Nichols,
J. Nichols,J. Nichols,
J. Nichols,J. Nichols,
J. Nichols ; J. Robson & W. Clarke, C. Dilly, T. Cadell ; sold by J. Rivington,J. Nichols ; J. Robson ; W. Clarke, C. Dilly, T. Cadell ; J. Rivington,
J. Nichols ; J. Robson, Bond-Street,J. Nichols ; J. Robson, Bond-Street,
J. Nichols ; J. Robson, New Bond Street,J. Nichols ; J. Robson, New Bond Street,
J. Nichols ; J. Robson, New Bond-Street,J. Nichols ; J. Robson, New Bond-Street,
J. Nichols ; John Drewry ; Thomas Pearson ; sold by G.G.J.& J. Robinson, Pater-Noster-Row,J. Nichols ; John Drewry ; Thomas Pearson ; G.G.J.& J. Robinson, Pater-Noster-Row,
J. Nichols ; Leigh & Sotheby, R. Faulder ; sold by B. White,J. Nichols ; Leigh ; Sotheby, R. Faulder ; B. White,
J. Nichols ; Lowndes ; Messrs. Rivington, Longman, White, Law, Johnson, Nichols, Dilly, Robinson, Cadell, R. Baldwin, Goldsmith, Otridge, Bew, Hayes, Wilkie,J. Nichols ; Lowndes ; Messrs. Rivington, Longman, White, Law, Johnson, Nichols, Dilly, Robinson, Cadell, R. Baldwin, Goldsmith, Otridge, Bew, Hayes, Wilkie,
J. Nichols ; Messrs. Cook & Fletcher, Oxford ; sold by G. G & J. Robinson, Pater-Noster Row,J. Nichols ; Messrs. Cook ; Fletcher, Oxford ; G. G ; J. Robinson, Pater-Noster Row,
J. Nichols ; Mr. Bowyer,J. Nichols ; Mr. Bowyer,
J. Nichols ; Mr. Cadell ; Strand ; T. Cadell ; sold by T. Cadell, jun & W. Davies,J. Nichols ; T. Cadell ; T. Cadell ; T. Cadell, Jr. ; W. Davies,
J. Nichols ; Pall Mall ; W. Flexney, Holborn ; sold by G. Nicol,J. Nichols ; Pall Mall ; W. Flexney, Holborn ; G. Nicol,
J. Nichols ; S. Bladon ; W. Lowndes ; W. Nicoll,J. Nichols ; S. Bladon ; W. Lowndes ; W. Nicoll,
J. Nichols ; Society ; sold by F & C. Rivington,J. Nichols ; Society ; F ; C. Rivington,
J. Nichols ; Society ; sold by F & C. Rivington,J. Nichols ; Society ; F ; C. Rivington,
J. Nichols ; Society ; Stockdale ; sold by Dilly, Robson, Rivingtons, Cadell & Davies, Hookham,J. Nichols ; Society ; Stockdale ; Dilly, Robson, Rivingtons, Cadell ; Davies, Hookham,
J. Nichols ; Society ; Stockdale ; sold by Dilly, Robson, Rivingtons, Cadell & Davies, Hookham,J. Nichols ; Society ; Stockdale ; Dilly, Robson, Rivingtons, Cadell ; Davies, Hookham,
J. Nichols ; sold by G. G. J & J. Robinson, Paternoster-Row,J. Nichols ; G. G. J ; J. Robinson, Paternoster-Row,
J. Nichols ; sold by G. G. J & J. Robinson, Peter-Noster Row,J. Nichols ; G. G. J ; J. Robinson, Peter-Noster Row,
J. Nichols ; sold by G.G.J & J. Robinson, Pater-Noster-Row,J. Nichols ; G.G.J ; J. Robinson, Pater-Noster-Row,
J. Nichols ; sold by GG & J. Robinson, Paternoster Row,J. Nichols ; GG ; J. Robinson, Paternoster Row,
J. Nichols ; sold by J. Pridden,J. Nichols ; J. Pridden,
J. Nichols ; sold by J. Pridden, No 100, Fleet-Street,J. Nichols ; J. Pridden, No 100, Fleet-Street,
J. Nichols ; sold by J. Pridden, No. 100, Fleet-Street,J. Nichols ; J. Pridden, No. 100, Fleet-Street,
J. Nichols ; sold by T. Payne,J. Nichols ; T. Payne,
J. Nichols ; Strand ; T. Cadell,J. Nichols ; T. Cadell,
J. Nichols ; Strand ; T. Cadell,J. Nichols ; T. Cadell,
J. Nichols ; T & J. Egerton,J. Nichols ; T ; J. Egerton,
J. Nichols ; T. Payne,J. Nichols ; T. Payne,
J. Nichols ; T. Payne, Castle-Street, St. Martin's,J. Nichols ; T. Payne, Castle-Street, St. Martin's,
J. Nichols ; use of the compiler & his friends,J. Nichols ; use of compiler ; his friends,
J. Nichols ; W. Flexney, Holborn ; sold by S. Hooper,J. Nichols ; W. Flexney, Holborn ; S. Hooper,
J. Nichols ; White ; sold by Messrs. Robson, Dilly, Rivingtons, Payne, Cadell & Davies, Egerton,J. Nichols ; White ; Messrs. Robson, Dilly, Rivingtons, Payne, Cadell ; Davies, Egerton,
J. Nichols for P. Elmsly,J. Nichols for P. Elmsly,
J. Nichols, Fleet-Street ; Messrs. G.G.J & J. Robinson, Pater-Noster-Row ; sold by W. Stevenson, Norwich,J. Nichols, Fleet-Street ; Messrs. G.G.J ; J. Robinson, Pater-Noster-Row ; W. Stevenson, Norwich,
J. Nichols, G. G. J & J. Robinson, T. Cadell, J. Murray, G. Nicol, S. Bladon, W. Lowndes, W. Nicoll, W. Fox ; Ogilvy & Speare ; T. Payne,J. Nichols, G. G. J ; J. Robinson, T. Cadell, J. Murray, G. Nicol, S. Bladon, W. Lowndes, W. Nicoll, W. Fox ; Ogilvy ; Speare ; T. Payne,
J. Nichols, impensis J. Burdon, Winton,J. Nichols, impensis J. Burdon, Winton,
J. Nichols, R. Baldwin, G. Nicol, F & C. Rivington, Leigh & Sotheby, T. Payne, J. Walker, J. Clarke ; M. Pote ; R. Faulder, Hookham & Carpenter, J. Scatcherd, E & J. White, J. Edwards, Cadell & Davies, C & G. Kearsley ; T. Longman, B. Law, J. Johnson, C. Dilly, G. G & J. Robinson, W. Otridge,J. Nichols, R. Baldwin, G. Nicol, F ; C. Rivington, Leigh ; Sotheby, T. Payne, J. Walker, J. Clarke ; M. Pote ; R. Faulder, Hookham ; Carpenter, J. Scatcherd, E ; J. White, J. Edwards, Cadell ; Davies, C ; G. Kearsley ; T. Longman, B. Law, J. Johnson, C. Dilly, G. G ; J. Robinson, W. Otridge,
J. Nichols, Red Lion Passage, Fleet Street ; J. Robson & W. Clarke ; New Bond Street,J. Nichols, Red Lion Passage, Fleet Street ; J. Robson ; W. Clarke ; New Bond Street,
J. Nichols, Red Lion Passage, Fleet-Street,J. Nichols, Red Lion Passage, Fleet-Street,
J. Nichols, Red Lion-Passage, Fleet-Street. Sold ; J. Robson, New Bond-Street ; J. White, Fleet-Street ; Staffordshire ; T. Payne, Mews-Gate ; adjoining counties,J. Nichols, Red Lion-Passage, Fleet-Street. Sold ; J. Robson, New Bond-Street ; J. White, Fleet-Street ; Staffordshire ; T. Payne, Mews-Gate ; adjoining counties,
J. Nichols, Red-Lion-Passage, Fleet-Street,J. Nichols, Red-Lion-Passage, Fleet-Street,
J. Nichols. Apud Georgium Leigh & Johannem Sotheby,J. Nichols. Apud Georgium Leigh ; Johannem Sotheby,
J. Nichols. Apud Georgium Leigh & Johannem Sotheby, bibliopolas,J. Nichols. Apud Georgium Leigh ; Johannem Sotheby, bibliopolas,
J. Nichols. M.DCCXCIV,J. Nichols. M.DCCXCIV,
J. Nichols. Sold by J. Pridden,J. Nichols. Sold J. Pridden,
J. Nicholson,J. Nicholson,
J. Nicholson,J. Nicholson,
J. Nicholson ; T. Conder, Bucklersbury, London ; W. H. Lunn, No. 332, Oxford Street ; authour ; sold by J. Deighton,J. Nicholson ; T. Conder, Bucklersbury, London ; W. H. Lunn, No. 332, Oxford Street ; authour ; J. Deighton,
J. Nicholson, Cambridge ; sold by J. Jacob,J. Nicholson, Cambridge ; J. Jacob,
J. Nicholson, Cambridge ; W. Lowndes,J. Nicholson, Cambridge ; W. Lowndes,
J. Nisbet, 21, Berners Street ; Religious Tract Society ; instituted ; sold at the depository, 56, Pater-Noster-Row,J. Nisbet, 21, Berners Street ; Religious Tract Society ; instituted ; at depository, 56, Pater-Noster-Row,
J. Nisbet, No. 15, Castle-street, Oxford-street ; J. Tilling, Grosvenor-row ; sold by F. Collins, No. 60, Paternoster-row, London,J. Nisbet, No. 15, Castle-street, Oxford-street ; J. Tilling, Grosvenor-row ; F. Collins, No. 60, Paternoster-row, London,
J. Norris, 8, Moor-street, Soho ; sold, wholesale & retail,J. Norris, 8, Moor-street, Soho ; sold, wholesale ; retail,
J. Norris, Blake-Court, Catherine-Street, Strand ; advertisements taken in. Advertisements are ; are received ; post paid ; taken in at Mr. Hargrave's, Rainbow Coffee-House, Cornhill ; where letters,J. Norris, Blake-Court, Catherine-Street, ; advertisements taken in. Advertisements are ; are received ; post paid ; taken at Mr. Hargrave's, Rainbow Coffee-House, Cornhill ; where letters,
J. Northall & sold,J. Northall ;,
J. Nunn ; Ogilvy ; Vernor & Hood, F & C. Rivington, T.N. Longman, Cadell & Davies, J. Cuthell, J. Walker, Lackington, Allen,J. Nunn ; Ogilvy ; Vernor ; Hood, F ; C. Rivington, T.N. Longman, Cadell ; Davies, J. Cuthell, J. Walker, Lackington, Allen,
J. Nunn ; S. Cuthel, C. D. Piguenit, J. Walker, R. Faulder ; T. Longman, B. Law, C. Dilly, G. G. & J. Robinson, T. Pote, T. Cadell, J. Johnson, W. Ginger, R. Baldwin, J. Sewell, J. Nichols, W. Goldsmith, P. Eimsly, W. Lowndes, F. & C. Rivington, T. Payne, W. Bent, G. & T. Wilkie, W. Otridge, J. Scatcherd & I. Whitaker, T. Cadell jun. & W. Davies, Lackington,J. Nunn ; S. Cuthel, C. D. Piguenit, J. Walker, R. Faulder ; T. Longman, B. Law, C. Dilly, G. G. ; J. Robinson, T. Pote, T. Cadell, J. Johnson, W. Ginger, R. Baldwin, J. Sewell, J. Nichols, W. Goldsmith, P. Eimsly, W. Lowndes, F. ; C. Rivington, T. Payne, W. Bent, G. ; T. Wilkie, W. Otridge, J. Scatcherd ; I. Whitaker, T. Cadell jun. ; W. Davies, Lackington,
J. Nunn, Great Queen Street, Lincoln's Inn Fields, London ; Murray, Fleet Street ; Rivingtons, St. Paul's Church Yard ; sold by J. Burkitt. Sold,J. Nunn, Great Queen Street, Lincoln's Inn Fields, London ; Murray, Fleet Street ; Rivingtons, St. Paul's Church Yard ; J. Burkitt. Sold,
J. Nunn, Great Queen-Street, Lincoln's-Inn-Fields,J. Nunn, Great Queen-Street, Lincoln's-Inn-Fields,
J. Nunn, Great Queen-Street, Lincolns-Inn-Fields ; N. Scarlett, 348 Strand,J. Nunn, Great Queen-Street, Lincolns-Inn-Fields ; N. Scarlett, 348,
J. Ogle ; N. Biggs, Bristol ; T. Chapman, No. 151, Fleet-Street ; W. Berry, Edinburgh ; sold,J. Ogle ; N. Biggs, Bristol ; T. Chapman, No. 151, Fleet-Street ; W. Berry,,
J. Ogle, Edinburgh ; M. Ogle, Glasgow ; R. Ogle ; T. Gillet,J. Ogle, ; M. Ogle, Glasgow ; R. Ogle ; T. Gillet,
J. Osborne,J. Osborne,
J. Owen,J. Owen,
J. Owen,J. Owen,
J. Owen,J. Owen,
J. Owen,J. Owen,
J. Owen,J. Owen,
J. Owen,J. Owen,
J. Owen,J. Owen,
J. Owen,J. Owen,
J. Owen,J. Owen,
J. Owen,J. Owen,
J. Owen,J. Owen,
J. Owen,J. Owen,
J. Owen,J. Owen,
J. Owen,J. Owen,
J. Owen,J. Owen,
J. Owen,J. Owen,
J. Owen ; J. Parsons,J. Owen ; J. Parsons,
J. Owen ; J. Parsons ; W. Clarke,J. Owen ; J. Parsons ; W. Clarke,
J. Owen ; J. Thomas, a W. Williams, Llannerchymedd, MíÇn. R. Edwards, Bala ; Llundain ; ar werth gan E. a T. Williams ; ereill werthwyr llyfrau y'Nghymru ; yn Llundain,J. Owen ; J. Thomas, a W. Williams, Llannerchymedd, MíÇn. R. Edwards, Bala ; Llundain ; ar werth gan E. a T. Williams ; ereill werthwyr llyfrau y'Nghymru ; yn Llundain,
J. Owen ; John Bell,J. Owen ; John Bell,
J. Owen ; Lee & Hurst,J. Owen ; Lee ; Hurst,
J. Owen ; Piccadilly,J. Owen ; Piccadilly,
J. Owen ; R. Baldwin,J. Owen ; R. Baldwin,
J. Owen ; sold by R. Baldwin,J. Owen ; R. Baldwin,
J. Owen ; Symonds,J. Owen ; Symonds,
J. Owen ; T. N. Longman,J. Owen ; T. N. Longman,
J. Owen ; T. N. Longman ; sold,J. Owen ; T. N. Longman,
J. Owen ; T. N. Longman ; sold,J. Owen ; T. N. Longman,
J. Owen ; T.N. Longman,J. Owen ; T.N. Longman,
J. Owen ; V. Griffiths,J. Owen ; V. Griffiths,
J. Owen, 168, Piccadilly,J. Owen, 168, Piccadilly,
J. Owen, Facing Old Bond-Street, Piccadilly,J. Owen, Facing Old Bond-Street, Piccadilly,
J. Owen, no 168, Piccadilly,J. Owen, no 168, Piccadilly,
J. Owen, No 168, Piccadilly ; J. Sewell, Cornhill,J. Owen, No 168, Piccadilly ; J. Sewell, Cornhill,
J. Owen, NO. 168, Piccadilly,J. Owen, NO. 168, Piccadilly,
J. Owen, No. 168, Piccadilly,J. Owen, No. 168, Piccadilly,
J. Owen, No. 168, Piccadilly,J. Owen, No. 168, Piccadilly,
J. Owen, NO. 168, Piccadilly,J. Owen, NO. 168, Piccadilly,
J. Owen, No. 168, Piccadilly,J. Owen, No. 168, Piccadilly,
J. Owen, no. 168, Piccadilly,J. Owen, no. 168, Piccadilly,
J. Owen, NO. 168, Piccadilly,J. Owen, NO. 168, Piccadilly,
J. Owen, No. 168, Piccadilly,J. Owen, No. 168, Piccadilly,
J. Owen, No. 168, Piccadilly,J. Owen, No. 168, Piccadilly,
J. Owen, No. 168, Piccadilly,J. Owen, No. 168, Piccadilly,
J. Owen, No. 168, Piccadilly,J. Owen, No. 168, Piccadilly,
J. Owen, No. 168, Piccadilly,J. Owen, No. 168, Piccadilly,
J. Owen, No. 168, Piccadilly,J. Owen, No. 168, Piccadilly,
J. Owen, No. 168, Piccadilly,J. Owen, No. 168, Piccadilly,
J. Owen, No. 168, Piccadilly,J. Owen, No. 168, Piccadilly,
J. Owen, No. 168, Piccadilly,J. Owen, No. 168, Piccadilly,
J. Owen, No. 168, Piccadilly,J. Owen, No. 168, Piccadilly,
J. Owen, No. 168, Piccadilly,J. Owen, No. 168, Piccadilly,
J. Owen, No. 168, Piccadilly,J. Owen, No. 168, Piccadilly,
J. Owen, No. 168, Piccadilly,J. Owen, No. 168, Piccadilly,
J. Owen, No. 168, Piccadilly,J. Owen, No. 168, Piccadilly,
J. Owen, No. 168, Piccadilly,J. Owen, No. 168, Piccadilly,
J. Owen, No. 168, Piccadilly,J. Owen, No. 168, Piccadilly,
J. Owen, No. 168, Piccadilly,J. Owen, No. 168, Piccadilly,
J. Owen, No. 168, Piccadilly,J. Owen, No. 168, Piccadilly,
J. Owen, No. 168, Piccadilly,J. Owen, No. 168, Piccadilly,
J. Owen, No. 168, Piccadilly,J. Owen, No. 168, Piccadilly,
J. Owen, No. 168, Piccadilly,J. Owen, No. 168, Piccadilly,
J. Owen, No. 168, Piccadilly,J. Owen, No. 168, Piccadilly,
J. Owen, No. 168, Piccadilly,J. Owen, No. 168, Piccadilly,
J. Owen, No. 168, Piccadilly,J. Owen, No. 168, Piccadilly,
J. Owen, No. 168, Piccadilly,J. Owen, No. 168, Piccadilly,
J. Owen, No. 168, Piccadilly,J. Owen, No. 168, Piccadilly,
J. Owen, No. 168, Piccadilly,J. Owen, No. 168, Piccadilly,
J. Owen, No. 168, Piccadilly,J. Owen, No. 168, Piccadilly,
J. Owen, NO. 168, Piccadilly,J. Owen, NO. 168, Piccadilly,
J. Owen, NO. 168, Piccadilly,J. Owen, NO. 168, Piccadilly,
J. Owen, NO. 168, Piccadilly,J. Owen, NO. 168, Piccadilly,
J. Owen, NO. 168, Piccadilly,J. Owen, NO. 168, Piccadilly,
J. Owen, No. 168, Piccadilly,J. Owen, No. 168, Piccadilly,
J. Owen, No. 168, Piccadilly,J. Owen, No. 168, Piccadilly,
J. Owen, No. 168, Piccadilly,J. Owen, No. 168, Piccadilly,
J. Owen, No. 168, Piccadilly,J. Owen, No. 168, Piccadilly,
J. Owen, No. 168, Piccadilly,J. Owen, No. 168, Piccadilly,
J. Owen, No. 168, Piccadilly,J. Owen, No. 168, Piccadilly,
J. Owen, No. 168, Piccadilly,J. Owen, No. 168, Piccadilly,
J. Owen, No. 168, Piccadilly,J. Owen, No. 168, Piccadilly,
J. Owen, No. 168, Piccadilly ; J. Parsons, No. 21, Paternoster-Row,J. Owen, No. 168, Piccadilly ; J. Parsons, No. 21, Paternoster-Row,
J. Owen, No. 168, Piccadilly ; J. Parsons, No. 21, Paternoster-Row ; R. H. Westley, No. 201, Strand,J. Owen, No. 168, Piccadilly ; J. Parsons, No. 21, Paternoster-Row ; R. H. Westley, No. 201,,
J. Owen, NO. 168, Piccadilly ; J. Parsons, NO. 21, Paternoster-Row ; R.H. Westley, NO. 201, Strand,J. Owen, NO. 168, Piccadilly ; J. Parsons, NO. 21, Paternoster-Row ; R.H. Westley, NO. 201,,
J. Owen, No. 168, Piccadilly ; J. Parsons, No. 21, Paternoster-Row ; W. Clarke, New Bond Street,J. Owen, No. 168, Piccadilly ; J. Parsons, No. 21, Paternoster-Row ; W. Clarke, New Bond Street,
J. Owen, No. 168, Piccadilly ; Symonds, Paternoster Row,J. Owen, No. 168, Piccadilly ; Symonds, Paternoster Row,
J. Owen, NO. 168, Piccadilly ; Symonds, Paternoster Row,J. Owen, NO. 168, Piccadilly ; Symonds, Paternoster Row,
J. Owen, NO. 168, Piccadilly ; V. Griffiths, NO. 1, Paternoster-Row,J. Owen, NO. 168, Piccadilly ; V. Griffiths, NO. 1, Paternoster-Row,
J. Owen, No. 168, Piccadilly ; V. Griffiths, No. 169, Strand,J. Owen, No. 168, Piccadilly ; V. Griffiths, No. 169,,
J. Owen, No. 168, Piccadilly ; W. Richardson, Royal Exchange,J. Owen, No. 168, Piccadilly ; W. Richardson, Royal Exchange,
J. Owen, No. 168, Piccadilly, Facine Bond Street,J. Owen, No. 168, Piccadilly, Facine Bond Street,
J. Owen, NO. 168, Piccadilly, Facing Bond Street,J. Owen, NO. 168, Piccadilly, Facing Bond Street,
J. Owen, No. 168, Piccadilly, Facing Bond Street,J. Owen, No. 168, Piccadilly, Facing Bond Street,
J. Owen, No. 168, Piccadilly, Facing Bond Street,J. Owen, No. 168, Piccadilly, Facing Bond Street,
J. Owen, NO. 168, Piccadilly, Facing Bond-Street,J. Owen, NO. 168, Piccadilly, Facing Bond-Street,
J. Owen, NO. 168, Piccadilly, Facing Bond-Street,J. Owen, NO. 168, Piccadilly, Facing Bond-Street,
J. Owen, No. 168, Piccadilly, facing Bond-Street,J. Owen, No. 168, Piccadilly, facing Bond-Street,
J. Owen, No. 168, Piccadilly, facing Bond-Street,J. Owen, No. 168, Piccadilly, facing Bond-Street,
J. Owen, No. 168, Piccadilly, facing Bond-Street,J. Owen, No. 168, Piccadilly, facing Bond-Street,
J. Owen, No. 168, Piccadilly, facing Bond-Street,J. Owen, No. 168, Piccadilly, facing Bond-Street,
J. Owen, No. 168, Piccadilly, facing Bond-street,J. Owen, No. 168, Piccadilly, facing Bond-street,
J. Owen, No. 168, Piccadilly, Opposite Bond-Street,J. Owen, No. 168, Piccadilly, Opposite Bond-Street,
J. Owen, No. 168. Piccadilly,J. Owen, No. 168. Piccadilly,
J. Owen, No. 168. Piccadilly,J. Owen, No. 168. Piccadilly,
J. Owen, No. 169, Piccadilly ; J. Parsons, No. 21, Paternoster-Row,J. Owen, No. 169, Piccadilly ; J. Parsons, No. 21, Paternoster-Row,
J. Owen, no. 68, Picadilly,J. Owen, no. 68, Picadilly,
J. Owen, opposite Bond Street, Piccadilly. Price one shilling,J. Owen, opposite Bond Street, Piccadilly. Price one shilling,
J. Owen, opposite Bond-Street, Piccadilly,J. Owen, opposite Bond-Street, Piccadilly,
J. Owen, Opposite new Bond Street, Piccadilly ; J. Parsons, No. 21, Paternoster Row,J. Owen, Opposite new Bond Street, Piccadilly ; J. Parsons, No. 21, Paternoster Row,
J. Owen, Piccadilly,J. Owen, Piccadilly,
J. Owen, Piccadilly,J. Owen, Piccadilly,
J. Owen, Piccadilly,J. Owen, Piccadilly,
J. Owen, Piccadilly,J. Owen, Piccadilly,
J. Owen, Piccadilly ; Lee & Hurst, Paternoster-Row,J. Owen, Piccadilly ; Lee ; Hurst, Paternoster-Row,
J. Owen, Piccadilly ; M. Priestly, Paternoster Row ; V. Griffiths, No. 169, Strand. Sold,J. Owen, Piccadilly ; M. Priestly, Paternoster Row ; V. Griffiths, No. 169, Strand. Sold,
J. Owen, Piccadilly ; M. Trapp, Paternoster-Row ; V. Griffiths,J. Owen, Piccadilly ; M. Trapp, Paternoster-Row ; V. Griffiths,
J. Owen, Piccadilly ; Poultry ; T. Gillet, Bartholomew Close ; sold by C. Dilly,J. Owen, Piccadilly ; Poultry ; T. Gillet, Bartholomew Close ; C. Dilly,
J. Owen, Piccadilly ; Royal Exchange ; T. N. Longman, Paternoster-Row ; sold,J. Owen, Piccadilly ; Royal Exchange ; T. N. Longman, Paternoster-Row,
J. Owen, Piccadilly ; T. N. Longman, Paternoster-Row,J. Owen, Piccadilly ; T. N. Longman, Paternoster-Row,
J. Owen, Piccadilly ; T. N. Longman, Paternoster-Row ; sold,J. Owen, Piccadilly ; T. N. Longman, Paternoster-Row,
J. Owen, Piccadilly ; T.N. Longman, Paternoster-Row,J. Owen, Piccadilly ; T.N. Longman, Paternoster-Row,
J. Owen, Piccadilly ; T.N. Longman, Paternoster-Row,J. Owen, Piccadilly ; T.N. Longman, Paternoster-Row,
J. Owen, Piccadilly ; Vaughan Griffiths, Strand ; sold by J. Johnson, St. Paul's Church Yard,J. Owen, Piccadilly ; Vaughan Griffiths, ; J. Johnson, St. Paul's Church Yard,
J. Owen, Piccadilly, London ; sold by R. Trewman,J. Owen, Piccadilly, London ; R. Trewman,
J. Owen, Shoreditch ; M. Spragg ; S. Nash, Bishopgate-Street ; sold by T. Chapman, No. 151, Fleet-Street,J. Owen, Shoreditch ; M. Spragg ; S. Nash, Bishopgate-Street ; T. Chapman, No. 151, Fleet-Street,
J. Owen. No 168, Piccadilly,J. Owen. No 168, Piccadilly,
J. P. Bateman, Devonshire Street, Queen's Square ; J. Wright, opposite Old Bond Street, Piccadilly & sold by J. White, Fleet Street ; W. Richardson, Royal Exchange,J. P. Bateman, Devonshire Street, Queen's Square ; J. Wright, opposite Old Bond Street, Piccadilly ; J. White, Fleet Street ; W. Richardson, Royal Exchange,
J. P. Bateman, Devonshire Street, Queen's Square ; J. Wright, opposite Old Bond Street, Piccadilly & sold by J. White, Fleet Street ; W. Richardson, Royal Exchange,J. P. Bateman, Devonshire Street, Queen's Square ; J. Wright, opposite Old Bond Street, Piccadilly ; J. White, Fleet Street ; W. Richardson, Royal Exchange,
J. P. Cochlan,J. P. Cochlan,
J. P. Coghlan,J. P. Coghlan,
J. P. Coghlan,J. P. Coghlan,
J. P. Coghlan,J. P. Coghlan,
J. P. Coghlan,J. P. Coghlan,
J. P. Coghlan,J. P. Coghlan,
J. P. Coghlan,J. P. Coghlan,
J. P. Coghlan,J. P. Coghlan,
J. P. Coghlan,J. P. Coghlan,
J. P. Coghlan,J. P. Coghlan,
J. P. Coghlan,J. P. Coghlan,
J. P. Coghlan,J. P. Coghlan,
J. P. Coghlan,J. P. Coghlan,
J. P. Coghlan,J. P. Coghlan,
J. P. Coghlan,J. P. Coghlan,
J. P. Coghlan,J. P. Coghlan,
J. P. Coghlan,J. P. Coghlan,
J. P. Coghlan,J. P. Coghlan,
J. P. Coghlan,J. P. Coghlan,
J. P. Coghlan,J. P. Coghlan,
J. P. Coghlan,J. P. Coghlan,
J. P. Coghlan,J. P. Coghlan,
J. P. Coghlan,J. P. Coghlan,
J. P. Coghlan,J. P. Coghlan,
J. P. Coghlan,J. P. Coghlan,
J. P. Coghlan,J. P. Coghlan,
J. P. Coghlan,J. P. Coghlan,
J. P. Coghlan,J. P. Coghlan,
J. P. Coghlan,J. P. Coghlan,
J. P. Coghlan,J. P. Coghlan,
J. P. Coghlan,J. P. Coghlan,
J. P. Coghlan,J. P. Coghlan,
J. P. Coghlan,J. P. Coghlan,
J. P. Coghlan,J. P. Coghlan,
J. P. Coghlan ; James Ramsey, jun. London,J. P. Coghlan ; James Ramsey, jun. London,
J. P. Coghlan ; James Ramsey, jun. London,J. P. Coghlan ; James Ramsey, jun. London,
J. P. Coghlan ; Keating ; Lewis ; Robins, Winchester ; Robinsons ; sold by Messrs. Booker,J. P. Coghlan ; Keating ; Lewis ; Robins, Winchester ; Robinsons ; Messrs. Booker,
J. P. Coghlan ; Keating ; Lewis ; Robinsons ; sold by Messrs. Booker,J. P. Coghlan ; Keating ; Lewis ; Robinsons ; Messrs. Booker,
J. P. Coghlan ; Keating ; Thomas Booker,J. P. Coghlan ; Keating ; Thomas Booker,
J. P. Coghlan ; prsnted,J. P. Coghlan ; prsnted,
J. P. Coghlan ; Robinsons ; sold by Messrs. Booker, Keating, Lewis, Debrett,J. P. Coghlan ; Robinsons ; Messrs. Booker, Keating, Lewis, Debrett,
J. P. Coghlan ; sold by Messrs. Robinsons,J. P. Coghlan ; Messrs. Robinsons,
J. P. Coghlan ; sold by Messrs. Robinsons,J. P. Coghlan ; Messrs. Robinsons,
J. P. Coghlan ; via Dacis, prope Quadrum, vulgo Grosvenor,J. P. Coghlan ; via Dacis, prope Quadrum, vulgo Grosvenor,
J. P. Coghlan ; Wogan, Dublin ; sold by Messrs. J. Debrett, Robinsons, Booker, Keating, Lewis, London,J. P. Coghlan ; Wogan, Dublin ; Messrs. J. Debrett, Robinsons, Booker, Keating, Lewis, London,
J. P. Coghlan No. 37, Duke Street, Grosvenor Square. M,DCC,XCIX. Three Shillings,J. P. Coghlan No. 37, Duke Street, Grosvenor Square. M,DCC,XCIX. Three Shillings,
J. P. Coghlan No. 37, Duke-Street, Grosvenor-Square ; Keating, Warwick-Street ; Low, Red-Lion-Street ; Robinsons, Paternoster-Row ; sold by Messrs. Booker, Bond-Street,J. P. Coghlan No. 37, Duke-Street, Grosvenor-Square ; Keating, Warwick-Street ; Low, Red-Lion-Street ; Robinsons, Paternoster-Row ; Messrs. Booker, Bond-Street,
J. P. Coghlan, Duke Street, Crosvenor Square,J. P. Coghlan, Duke Street, Crosvenor Square,
J. P. Coghlan, Duke Street, Grosvenor Square,J. P. Coghlan, Duke Street, Grosvenor Square,
J. P. Coghlan, Duke Street, Grosvenor-Square ; sold by Messrs. Robinsons, Pater-Noster Row,J. P. Coghlan, Duke Street, Grosvenor-Square ; Messrs. Robinsons, Pater-Noster Row,
J. P. Coghlan, Duke-Street ; Swinney & Walker ; Thomas Booker, New Bond-Street,J. P. Coghlan, Duke-Street ; Swinney ; Walker ; Thomas Booker, New Bond-Street,
J. P. Coghlan, Duke-street, Gosvenor-square,J. P. Coghlan, Duke-street, Gosvenor-square,
J. P. Coghlan, Duke-Street, Grosvenor-Square,J. P. Coghlan, Duke-Street, Grosvenor-Square,
J. P. Coghlan, Duke-Street, Grosvenor-Square ; Keating, Warwick-Street, Golden-Square ; T. Lewis, Russel-Street, Covent-Garden ; sold by T. Booker, New Bond-Street,J. P. Coghlan, Duke-Street, Grosvenor-Square ; Keating, Warwick-Street, Golden-Square ; T. Lewis, Russel-Street, Covent-Garden ; T. Booker, New Bond-Street,
J. P. Coghlan, Duke-Street, Grosvenor-Square M,DCC,XCVI. Sixpence,J. P. Coghlan, Duke-Street, Grosvenor-Square M,DCC,XCVI. Sixpence,
J. P. Coghlan, Duke-Street, Grosvenor-Square, London ; sold ; sold by R. Trewman,J. P. Coghlan, Duke-Street, Grosvenor-Square, London ; R. Trewman,
J. P. Coghlan, imprimeur Rue du Duc, proche le Quarre de Grosvenor,J. P. Coghlan, imprimeur Rue du Duc, proche le Quarre de Grosvenor,
J. P. Coghlan, London ; R. Trewman ; sold,J. P. Coghlan, London ; R. Trewman,
J. P. Coghlan, near Grosvenor-Square,J. P. Coghlan, near Grosvenor-Square,
J. P. Coghlan, near Grosvenor-Square,J. P. Coghlan, near Grosvenor-Square,
J. P. Coghlan, no. 37, Duke Street, Grosvenor Square,J. P. Coghlan, no. 37, Duke Street, Grosvenor Square,
J. P. Coghlan, No. 37, Duke Street, Grosvenor Square,J. P. Coghlan, No. 37, Duke Street, Grosvenor Square,
J. P. Coghlan, No. 37, Duke Street, Grosvenor Square,J. P. Coghlan, No. 37, Duke Street, Grosvenor Square,
J. P. Coghlan, No. 37, Duke Street, Grosvenor Square ; Keating, Warwick Street ; Lewis, Russel Street, Covent Garden ; Robinsons Paternoster Row ; sold by Messrs. Booker, Bond Street,J. P. Coghlan, No. 37, Duke Street, Grosvenor Square ; Keating, Warwick Street ; Lewis, Russel Street, Covent Garden ; Robinsons Paternoster Row ; Messrs. Booker, Bond Street,
J. P. Coghlan, No. 37, Duke Street, Grosvenor-Square,J. P. Coghlan, No. 37, Duke Street, Grosvenor-Square,
J. P. Coghlan, No. 37, Duke Street, Grosveuor-Square,J. P. Coghlan, No. 37, Duke Street, Grosveuor-Square,
J. P. Coghlan, No. 37, Duke-Street, Grosvenor Square,J. P. Coghlan, No. 37, Duke-Street, Grosvenor Square,
J. P. Coghlan, No. 37, Duke-Street, Grosvenor-Square,J. P. Coghlan, No. 37, Duke-Street, Grosvenor-Square,
J. P. Coghlan, No. 37, Duke-Street, Grosvenor-Square,J. P. Coghlan, No. 37, Duke-Street, Grosvenor-Square,
J. P. Coghlan, No. 37, Duke-Street, Grosvenor-Square,J. P. Coghlan, No. 37, Duke-Street, Grosvenor-Square,
J. P. Coghlan, No. 37, Duke-Street, Grosvenor-Square,J. P. Coghlan, No. 37, Duke-Street, Grosvenor-Square,
J. P. Coghlan, No. 37, Duke-Street, Grosvenor-Square,J. P. Coghlan, No. 37, Duke-Street, Grosvenor-Square,
J. P. Coghlan, No. 37, Duke-Street, Grosvenor-Square,J. P. Coghlan, No. 37, Duke-Street, Grosvenor-Square,
J. P. Coghlan, No. 37, Duke-Street, Grosvenor-Square,J. P. Coghlan, No. 37, Duke-Street, Grosvenor-Square,
J. P. Coghlan, No. 37, Duke-Street, Grosvenor-Square,J. P. Coghlan, No. 37, Duke-Street, Grosvenor-Square,
J. P. Coghlan, No. 37, Duke-Street, Grosvenor-Square,J. P. Coghlan, No. 37, Duke-Street, Grosvenor-Square,
J. P. Coghlan, No. 37, Duke-Street, Grosvenor-Square,J. P. Coghlan, No. 37, Duke-Street, Grosvenor-Square,
J. P. Coghlan, No. 37, Duke-Street, Grosvenor-Square,J. P. Coghlan, No. 37, Duke-Street, Grosvenor-Square,
J. P. Coghlan, No. 37, Duke-Street, Grosvenor-Square,J. P. Coghlan, No. 37, Duke-Street, Grosvenor-Square,
J. P. Coghlan, No. 37, Duke-Street, Grosvenor-Square,J. P. Coghlan, No. 37, Duke-Street, Grosvenor-Square,
J. P. Coghlan, No. 37, Duke-Street, Grosvenor-Square ; Keating, Warwick-Street ; Lewis, Russel-Street ; Robbins, Winchester ; Robinsons, Pater-Noster Row ; sold by Messrs. Booker, Bond-Street,J. P. Coghlan, No. 37, Duke-Street, Grosvenor-Square ; Keating, Warwick-Street ; Lewis, Russel-Street ; Robbins, Winchester ; Robinsons, Pater-Noster Row ; Messrs. Booker, Bond-Street,
J. P. Coghlan, No. 37, Duke-Street, Grosvenor-Square ; Keating, Warwick-Street ; Lewis, Russel-Street ; Robinsons, Pater-Noster Row ; sold by Messrs. Booker, Bond-Street,J. P. Coghlan, No. 37, Duke-Street, Grosvenor-Square ; Keating, Warwick-Street ; Lewis, Russel-Street ; Robinsons, Pater-Noster Row ; Messrs. Booker, Bond-Street,
J. P. Coghlan, No. 37, Duke-Street, Grosvenor-Square ; Keating, Warwick-Street ; Lewis, Russel-Street ; Robinsons, Pater-Noster Row ; sold by Messrs. Booker, Bond-Street,J. P. Coghlan, No. 37, Duke-Street, Grosvenor-Square ; Keating, Warwick-Street ; Lewis, Russel-Street ; Robinsons, Pater-Noster Row ; Messrs. Booker, Bond-Street,
J. P. Coghlan, No. 37, Duke-Street, Grosvenor-Square ; Keating, Warwick-Street ; Lewis, Russel-Street ; Robinsons, Paternoster Row ; sold by Messrs. Booker, Bond-Street,J. P. Coghlan, No. 37, Duke-Street, Grosvenor-Square ; Keating, Warwick-Street ; Lewis, Russel-Street ; Robinsons, Paternoster Row ; Messrs. Booker, Bond-Street,
J. P. Coghlan, No. 37, Duke-Street, Grosvenor-Square ; Keating, Warwick-Street ; Lewis, Russel-Street ; Robinsons, Paternoster Row ; sold by Messrs. Booker, Bond-Street,J. P. Coghlan, No. 37, Duke-Street, Grosvenor-Square ; Keating, Warwick-Street ; Lewis, Russel-Street ; Robinsons, Paternoster Row ; Messrs. Booker, Bond-Street,
J. P. Coghlan, No. 37, Duke-Street, Grosvenor-Square ; Robinsons, Pater-Noster-Row ; sold by Messrs. Booker, Bond-Street, Keating, Warwick-Street, Lewis, Russel-Street,J. P. Coghlan, No. 37, Duke-Street, Grosvenor-Square ; Robinsons, Pater-Noster-Row ; Messrs. Booker, Bond-Street, Keating, Warwick-Street, Lewis, Russel-Street,
J. P. Coghlan, No. 37, Duke-Street, Grosvenor-Square & sold by Mess. Robinsons, Paternoster-Row,J. P. Coghlan, No. 37, Duke-Street, Grosvenor-Square ; Mess. Robinsons, Paternoster-Row,
J. P. Coghlan, No. 37, Duke-Street, Grosvenor-Square. M,DCC,XCIX. Sixpence,J. P. Coghlan, No. 37, Duke-Street, Grosvenor-Square. M,DCC,XCIX. Sixpence,
J. P. Coghlan, No. 37, Duke-Street, Grosvenor-Square. M,DCC,XCVIII. In Common Binding, Three Shillings & Sixpence,J. P. Coghlan, No. 37, Duke-Street, Grosvenor-Square. M,DCC,XCVIII. In Common Binding, Three Shillings ; Sixpence,
J. P. Coghlan, No. 37, Duke-Street, Grosvenor-Square. Sixpence,J. P. Coghlan, No. 37, Duke-Street, Grosvenor-Square. Sixpence,
J. P. Coghlan, No. 37, Duke-Street, near Grosvenor-Square,J. P. Coghlan, No. 37, Duke-Street, near Grosvenor-Square,
J. P. Coghlan, No. 37. Duke Street, Grosvenor Square,J. P. Coghlan, No. 37. Duke Street, Grosvenor Square,
J. P. Coghlan, No. 37. Duke Street, Grosvenor Square,J. P. Coghlan, No. 37. Duke Street, Grosvenor Square,
J. P. Coghlan, No. 37. Duke Street, Grosvenor Square,J. P. Coghlan, No. 37. Duke Street, Grosvenor Square,
J. P. Coghlan, No. 37. Duke Street, Grosvenor Square,J. P. Coghlan, No. 37. Duke Street, Grosvenor Square,
J. P. Coghlan, No. 37. Duke Street, Grosvenor Square,J. P. Coghlan, No. 37. Duke Street, Grosvenor Square,
J. P. Coghlan, No. 37. Duke Street, Grosvenor Square,J. P. Coghlan, No. 37. Duke Street, Grosvenor Square,
J. P. Coghlan, No. 37. Duke Street, Grosvenor Square. M,DCC,XCVIII. Six Pence,J. P. Coghlan, No. 37. Duke Street, Grosvenor Square. M,DCC,XCVIII. Six Pence,
J. P. Coghlan, No. 37. Duke-Street, Grosvenor-Square,J. P. Coghlan, No. 37. Duke-Street, Grosvenor-Square,
J. P. Coghlan, No. 37. Duke-Street, Grosvenor-Square,J. P. Coghlan, No. 37. Duke-Street, Grosvenor-Square,
J. P. Coghlan, No. 37. Duke-Street, Grosvenor-Square,J. P. Coghlan, No. 37. Duke-Street, Grosvenor-Square,
J. P. Coghlan, No. 37. Duke-Street, Grosvenor-Square,J. P. Coghlan, No. 37. Duke-Street, Grosvenor-Square,
J. P. Coghlan, No. 37. Duke-Street, Grosvenor-Square,J. P. Coghlan, No. 37. Duke-Street, Grosvenor-Square,
J. P. Coghlan, No. 37. Duke-Street, Grosvenor-Square,J. P. Coghlan, No. 37. Duke-Street, Grosvenor-Square,
J. P. Coghlan, No. 37. Duke-Street, Grosvenor-Square,J. P. Coghlan, No. 37. Duke-Street, Grosvenor-Square,
J. P. Coghlan, No. 37. Duke-Street, Grosvenor-Square ; Keating, Warwick-Street ; Lewis, Russel-Street ; Messrs. Booker, Bond-Street ; Robinsons, Pater-Noster Row ; sold by J. Debrett, opposite Burlington-House, Piccadilly,J. P. Coghlan, No. 37. Duke-Street, Grosvenor-Square ; Keating, Warwick-Street ; Lewis, Russel-Street ; Messrs. Booker, Bond-Street ; Robinsons, Pater-Noster Row ; J. Debrett, opposite Burlington-House, Piccadilly,
J. P. Coghlan, No. 37. Duke-Street, Grosvenor-Square ; Keating, Warwick-Street ; Lewis, Russel-Street ; Robinsons, Pater-Noster Row ; sold by Messrs. Booker, Bond-Street,J. P. Coghlan, No. 37. Duke-Street, Grosvenor-Square ; Keating, Warwick-Street ; Lewis, Russel-Street ; Robinsons, Pater-Noster Row ; Messrs. Booker, Bond-Street,
J. P. Coghlan, No. 87, Duke Stret, Grosvenor Square,J. P. Coghlan, No. 87, Duke Stret, Grosvenor Square,
J. P. Coghlan, No. 87. Duke-Street, Grosvenor-Square,J. P. Coghlan, No. 87. Duke-Street, Grosvenor-Square,
J. P. Cooke,J. P. Cooke,
J. P. Cooke,J. P. Cooke,
J. P. Cooke,J. P. Cooke,
J. P. Cooke,J. P. Cooke,
J. P. Cooke,J. P. Cooke,
J. P. Cooke ; J. Parsons, Pater-Noster-Row ; Mary-la-Bonne printing-office, No.108, Great Titchfield-Street, Oxford-Street ; Smith & Gardiner, Oxford street, J. Turpin, No 18. near Grays Inn Gate Holborn ; St Paul's Church-Yard ; sold by W. Nicoll, jun,J. P. Cooke ; J. Parsons, Pater-Noster-Row ; Mary-la-Bonne printing-office, No.108, Great Titchfield-Street, Oxford-Street ; Smith ; Gardiner, Oxford street, J. Turpin, No 18. near Grays Inn Gate Holborn ; St Paul's Church-Yard ; W. Nicoll, Jr.,
J. P. Cooke ; Mary-la-bonne printing-office, No.108, Great Titchfield-Street, Oxford-Street ; Smith & Gardner ; T. Parsons ; sold by W. Nicoll, jun,J. P. Cooke ; Mary-la-bonne printing-office, No.108, Great Titchfield-Street, Oxford-Street ; Smith ; Gardner ; T. Parsons ; W. Nicoll, Jr.,
J. P. Lepard ; L.J. Higham ; Symonds,J. P. Lepard ; L.J. Higham ; Symonds,
J. Parry, 33, Anglesea-Street,J. Parry, 33, Anglesea-Street,
J. Parsons,J. Parsons,
J. Parsons,J. Parsons,
J. Parsons,J. Parsons,
J. Parsons,J. Parsons,
J. Parsons,J. Parsons,
J. Parsons,J. Parsons,
J. Parsons,J. Parsons,
J. Parsons,J. Parsons,
J. Parsons,J. Parsons,
J. parsons,J. parsons,
J. Parsons,J. Parsons,
J. Parsons,J. Parsons,
J. Parsons,J. Parsons,
J. Parsons,J. Parsons,
J. Parsons,J. Parsons,
J. Parsons,J. Parsons,
J. Parsons,J. Parsons,
J. Parsons,J. Parsons,
J. Parsons,J. Parsons,
J. Parsons,J. Parsons,
J. Parsons,J. Parsons,
J. Parsons ; John Murdoch ; sold by J. Wright,J. Parsons ; John Murdoch ; J. Wright,
J. Parsons ; M. Trapp ; sold by J. Chalmers. Sold,J. Parsons ; M. Trapp ; J. Chalmers. Sold,
J. Parsons ; Marsons ; sold at the Chapel in Meeting-house Walk, Snow's Fields,J. Parsons ; Marsons ; at Chapel Meeting-house Walk, Snow's Fields,
J. Parsons ; Paternoster-Row ; Stewart, Piccadilly ; tous les Libraires,J. Parsons ; Paternoster-Row ; Stewart, Piccadilly ; tous les Libraires,
J. Parsons ; R. Hawes ; sold by J. Ridgeway,J. Parsons ; R. Hawes ; J. Ridgeway,
J. Parsons ; R. Rusted,J. Parsons ; R. Rusted,
J. Parsons ; Shoe Lane ; sold at the circulating library,J. Parsons ; Shoe Lane ; at circulating library,
J. Parsons ; Shoe-Lane ; sold,J. Parsons ; Shoe-Lane,
J. Parsons ; sold by N. Scarlet,J. Parsons ; N. Scarlet,
J. Parsons ; sold by T. Wilkins. Sold,J. Parsons ; T. Wilkins. Sold,
J. Parsons ; T. Hunt ; sold by T. Scollick,J. Parsons ; T. Hunt ; T. Scollick,
J. Parsons ; W. Treppass,J. Parsons ; W. Treppass,
J. Parsons & H. Lemoine, Bishopsgate Church-Yard,J. Parsons ; H. Lemoine, Bishopsgate Church-Yard,
J. Parsons & Otridge ; Strand,J. Parsons ; Otridge,
J. Parsons, 21, Paternoster Row,J. Parsons, 21, Paternoster Row,
J. Parsons, C. Stalker, Paternoster-Row ; Mrs. Harlow, Pall-Mall ; W. Richardson, Royal-Exchange ; William Lane, Leadenhall-Street,J. Parsons, C. Stalker, Paternoster-Row ; Mrs. Harlow, Pall-Mall ; W. Richardson, Royal-Exchange ; William Lane, Leadenhall-Street,
J. Parsons, C. Stalker, Paternoster-Row ; Mrs. Harlow, Pall-Mall ; W. Richardson, Royal-Exchange ; William Lane, Leadenhall-Street,J. Parsons, C. Stalker, Paternoster-Row ; Mrs. Harlow, Pall-Mall ; W. Richardson, Royal-Exchange ; William Lane, Leadenhall-Street,
J. Parsons, C. Stalker, Paternoster-Row ; Mrs. Harlow, Pall-Mall ; W. Richardson, Royal-Exchange ; William Lane, Leadenhall-Street,J. Parsons, C. Stalker, Paternoster-Row ; Mrs. Harlow, Pall-Mall ; W. Richardson, Royal-Exchange ; William Lane, Leadenhall-Street,
J. Parsons, London ; John M'Creery ; Philips ; sold by Messrs. Crane, Rushton,J. Parsons, London ; John M'Creery ; Philips ; Messrs. Crane, Rushton,
J. Parsons, London ; Owen Rees, No. 10, Wine-Street. sold by T.N. Longman ; S. Hazard ; W. Meyler, Bath,J. Parsons, London ; Owen Rees, No. 10, Wine-Street. T.N. Longman ; S. Hazard ; W. Meyler, Bath,
J. Parsons, No 21, Pater-Noster-Row ; M. Trapp ; sold by J. Chalmers, No 81, Old-Street. Sold,J. Parsons, No 21, Pater-Noster-Row ; M. Trapp ; J. Chalmers, No 81, Old-Street. Sold,
J. Parsons, No 21, Paternoster Row ; T. Bensley,J. Parsons, No 21, Paternoster Row ; T. Bensley,
J. Parsons, No 21, Paternoster-Row ; R.C. Stanes, Chelmsford ; sold,J. Parsons, No 21, Paternoster-Row ; R.C. Stanes, Chelmsford,
J. Parsons, No. 21 Pater-Noster-Row,J. Parsons, No. 21 Pater-Noster-Row,
J. Parsons, No. 21 Paternoster Row ; W. Battersby, No. 133 Bishopsgate Street ; sold ; sold by R. Hawes, No. 7 Queen-Street, Upper Moorfields,J. Parsons, No. 21 Paternoster Row ; W. Battersby, No. 133 Bishopsgate Street ; R. Hawes, No. 7 Queen-Street, Upper Moorfields,
J. Parsons, No. 21, Pater Noster Row ; J.S. Jordan, No. 166, Fleet Street,J. Parsons, No. 21, Pater Noster Row ; J.S. Jordan, No. 166, Fleet Street,
J. Parsons, No. 21, Pater-Noster Row,J. Parsons, No. 21, Pater-Noster Row,
J. Parsons, No. 21, Pater-Noster Row,J. Parsons, No. 21, Pater-Noster Row,
J. Parsons, No. 21, Pater-Noster Row,J. Parsons, No. 21, Pater-Noster Row,
J. Parsons, No. 21, Pater-Noster Row,J. Parsons, No. 21, Pater-Noster Row,
J. Parsons, No. 21, Pater-Noster Row,J. Parsons, No. 21, Pater-Noster Row,
J. Parsons, No. 21, Pater-Noster Row,J. Parsons, No. 21, Pater-Noster Row,
J. Parsons, NO. 21, Pater-Noster Row ; sold by Mr. Lewis, Russel-Street, Covent-Garden,J. Parsons, NO. 21, Pater-Noster Row ; Mr. Lewis, Russel-Street, Covent-Garden,
J. Parsons, No. 21, Pater-Noster Row ; sold by Mr. Lewis, Russel-Street, Covent-Garden,J. Parsons, No. 21, Pater-Noster Row ; Mr. Lewis, Russel-Street, Covent-Garden,
J. Parsons, No. 21, Pater-Noster-Row,J. Parsons, No. 21, Pater-Noster-Row,
J. Parsons, No. 21, Pater-Noster-Row,J. Parsons, No. 21, Pater-Noster-Row,
J. Parsons, No. 21, Pater-Noster-Row,J. Parsons, No. 21, Pater-Noster-Row,
J. Parsons, No. 21, Pater-Noster-Row,J. Parsons, No. 21, Pater-Noster-Row,
J. Parsons, No. 21, Pater-Noster-Row,J. Parsons, No. 21, Pater-Noster-Row,
J. Parsons, No. 21, Pater-Noster-Row,J. Parsons, No. 21, Pater-Noster-Row,
J. Parsons, No. 21, Pater-Noster-Row, London ; sold by, J. Lackington, No. 46 & 47, Chiswell-Street, Moorfields,J. Parsons, No. 21, Pater-Noster-Row, London ; by, J. Lackington, No. 46 ; 47, Chiswell-Street, Moorfields,
J. Parsons, No. 21, Paternoster Row,J. Parsons, No. 21, Paternoster Row,
J. Parsons, No. 21, Paternoster Row,J. Parsons, No. 21, Paternoster Row,
J. Parsons, No. 21, Paternoster Row,J. Parsons, No. 21, Paternoster Row,
J. Parsons, No. 21, Paternoster Row,J. Parsons, No. 21, Paternoster Row,
J. Parsons, no. 21, Paternoster Row,J. Parsons, no. 21, Paternoster Row,
J. Parsons, No. 21, Paternoster Row ; W. Adlard, Rue Menilmontant. London ; sold by J. Adlard, No. 39, Duke Street, Smithfield,J. Parsons, No. 21, Paternoster Row ; W. Adlard, Rue Menilmontant. London ; J. Adlard, No. 39, Duke Street, Smithfield,
J. Parsons, no. 21, Paternoster Row ; W. Adlard, Rue Menilmontant. London ; sold by J. Adlard, no. 39, Duke Street, Smithfield,J. Parsons, no. 21, Paternoster Row ; W. Adlard, Rue Menilmontant. London ; J. Adlard, no. 39, Duke Street, Smithfield,
J. Parsons, No. 21, Paternoster Row ; W. Adlard, Rue Menilmontant. London ; sold by J. Adlard, No. 39, Duke Street, Smithfield,J. Parsons, No. 21, Paternoster Row ; W. Adlard, Rue Menilmontant. London ; J. Adlard, No. 39, Duke Street, Smithfield,
J. Parsons, No. 21, Paternoster-Row,J. Parsons, No. 21, Paternoster-Row,
J. Parsons, No. 21, Paternoster-Row,J. Parsons, No. 21, Paternoster-Row,
J. Parsons, No. 21, Paternoster-Row,J. Parsons, No. 21, Paternoster-Row,
J. Parsons, No. 21, Paternoster-Row,J. Parsons, No. 21, Paternoster-Row,
J. Parsons, No. 21, Paternoster-Row,J. Parsons, No. 21, Paternoster-Row,
J. Parsons, No. 21, Paternoster-Row,J. Parsons, No. 21, Paternoster-Row,
J. Parsons, No. 21, Paternoster-Row,J. Parsons, No. 21, Paternoster-Row,
J. Parsons, no. 21, Paternoster-Row,J. Parsons, no. 21, Paternoster-Row,
J. Parsons, No. 21, Paternoster-Row,J. Parsons, No. 21, Paternoster-Row,
J. Parsons, No. 21, Paternoster-Row ; J. Riedel, No. 13, Crown-Street, Soho ; New-Chapel, City-Road ; sold by G. Whitfield,J. Parsons, No. 21, Paternoster-Row ; J. Riedel, No. 13, Crown-Street, Soho ; New-Chapel, City-Road ; G. Whitfield,
J. Parsons, No. 21, Paternoster-Row ; J. Walker, No. 44 ; sold by J. Johnson, No. 72, St. Paul's Church-Yard,J. Parsons, No. 21, Paternoster-Row ; J. Walker, No. 44 ; J. Johnson, No. 72, St. Paul's Church-Yard,
J. Parsons, No. 21, Paternoster-Row ; T. Chapman, Fleet-Street ; newsmen in town & country,J. Parsons, No. 21, Paternoster-Row ; T. Chapman, Fleet-Street ; newsmen town ; country,
J. Parsons, No. 21, Paternoster-Row, London ; T. Payne, King's Mews-Gate,J. Parsons, No. 21, Paternoster-Row, London ; T. Payne, King's Mews-Gate,
J. Parsons, No. 21, Paternoster-Row, Loriot, No. 60, New Bond Street, Eaton, Newgate Street, Ridgway, York-Street, St. James's. Thompson's, Saville-Row ; Most,J. Parsons, No. 21, Paternoster-Row, Loriot, No. 60, New Bond Street, Eaton, Newgate Street, Ridgway, York-Street, St. James's. Thompson's, Saville-Row ; Most,
J. Parsons, No. 21. Pater-noster Row,J. Parsons, No. 21. Pater-noster Row,
J. Parsons, No. 21. Paternoster Row,J. Parsons, No. 21. Paternoster Row,
J. Parsons, No. 57, Paternoster Row ; Mr. Lewis, Russel Street Covent Garden ; sold by T. Wilkins, No. 23, Aldermanbury. Sold,J. Parsons, No. 57, Paternoster Row ; Mr. Lewis, Russel Street Covent Garden ; T. Wilkins, No. 23, Aldermanbury. Sold,
J. Parsons, Pater-Noster Row ; L & S. Wayland, No. 2, Middle Row, Holborn ; W. Ash, No. 15, Little Tower Street ; sold by J. Matthews, Strand,J. Parsons, Pater-Noster Row ; L ; S. Wayland, No. 2, Middle Row, Holborn ; W. Ash, No. 15, Little Tower Street ; J. Matthews,,
J. Parsons, Paternoster Row ; sold by J. Carter, back of the Royal Exchange,J. Parsons, Paternoster Row ; J. Carter, back of Royal Exchange,
J. Parsons, Paternoster-Row,J. Parsons, Paternoster-Row,
J. Parsons, Paternoster-Row,J. Parsons, Paternoster-Row,
J. Parsons, Paternoster-Row ; J. W. Myers, Paternoster-Row ; sold by W. Stewart, No. 194, Piccadilly,J. Parsons, Paternoster-Row ; J. W. Myers, Paternoster-Row ; W. Stewart, No. 194, Piccadilly,
J. Parsons, Paternoster-Row ; L. Wayland, No 2, Middle-Row, Holborn ; sold by Champante & Wittrow, Aldgate,J. Parsons, Paternoster-Row ; L. Wayland, No 2, Middle-Row, Holborn ; Champante ; Wittrow, Aldgate,
J. Parsons, Paternoster-Row ; R. H. Westley, Strand ; sold by J. Hatchard, Piccadilly,J. Parsons, Paternoster-Row ; R. H. Westley, ; J. Hatchard, Piccadilly,
J. Parsons, Paternoster-Row ; Shoe-Lane ; sold at the circulating library,J. Parsons, Paternoster-Row ; Shoe-Lane ; at circulating library,
J. Parsons, Paternoster-Row ; sold,J. Parsons, Paternoster-Row,
J. Parsons, Paternoster-Row ; sold ; sold by T. Wilkins, No 23, Aldermanbury,J. Parsons, Paternoster-Row ; T. Wilkins, No 23, Aldermanbury,
J. Parsons, Paternoster-Row ; sold by A. Hamilton, Gray's Inn Gate, Holborn,J. Parsons, Paternoster-Row ; A. Hamilton, Gray's Inn Gate, Holborn,
J. Parsons, Paternoster-Row ; sold by C. Lowndes, Drury-Lane,J. Parsons, Paternoster-Row ; C. Lowndes, Drury-Lane,
J. Parsons, Paternoster-Row ; sold by I. Garner, No. 57, Wych-Street ; sold by T. Scollick, City-Road, Moorfields,J. Parsons, Paternoster-Row ; I. Garner, No. 57, Wych-Street ; T. Scollick, City-Road, Moorfields,
J. Parsons, Paternoster-Row ; sold by W. Epps,J. Parsons, Paternoster-Row ; W. Epps,
J. Parsons, Paternoster-Row ; T. Jones, Rathbone-Place, Oxford-Road,J. Parsons, Paternoster-Row ; T. Jones, Rathbone-Place, Oxford-Road,
J. Parsons, Paternoster-Row ; T. Jones, Rathbone-Place, Oxford-Road,J. Parsons, Paternoster-Row ; T. Jones, Rathbone-Place, Oxford-Road,
J. Parsons, Paternoster-Row & sold at the Circulating Library ; Shoe-Lane,J. Parsons, Paternoster-Row ; at Circulating Library ; Shoe-Lane,
J. Payne,J. Payne,
J. Payne ; Messrs. Berry & Rochester. Sold ; Mr. Rix's ; T.N. Longman, London,J. Payne ; Messrs. Berry ; Rochester. Sold ; Mr. Rix's ; T.N. Longman, London,
J. Pendred,J. Pendred,
J. Phillips,J. Phillips,
J. Phillips,J. Phillips,
J. Phillips,J. Phillips,
J. Phillips ; J. Phillips, George-Yard, Lombard-Street ; sold by J. Dodsley, Pall-Mall,J. Phillips ; J. Phillips, George-Yard, Lombard-Street ; J. Dodsley, Pall-Mall,
J. Phillips ; J. Stockdale ; T. C. Rickman, London ; W. H. Lunn, Cambridge ; W. Stevenson, Norwich ; sold by J. Rackham & sold,J. Phillips ; J. Stockdale ; T. C. Rickman, London ; W. H. Lunn, Cambridge ; W. Stevenson, Norwich ; J. Rackham ;,
J. Phillips ; sold by J. Stockdale, J. Debrett,J. Phillips ; J. Stockdale, J. Debrett,
J. Phillips, George Yard, Lombard Street,J. Phillips, George Yard, Lombard Street,
J. Phillips, George Yard, Lombard Street,J. Phillips, George Yard, Lombard Street,
J. Phillips, George Yard, Lombard Street ; J. Robson, New Bond Street ; T. Cadell, Strand,J. Phillips, George Yard, Lombard Street ; J. Robson, New Bond Street ; T. Cadell,,
J. Phillips, George Yard, Lombard Street ; sold by J. Johnson, St. Paul's Church Yard,J. Phillips, George Yard, Lombard Street ; J. Johnson, St. Paul's Church Yard,
J. Phillips, George-Yard ; Royal Exchange ; W. Pennington, Kendal ; W. Richardson,J. Phillips, George-Yard ; Royal Exchange ; W. Pennington, Kendal ; W. Richardson,
J. Phillips, George-Yard, Lombard-Street,J. Phillips, George-Yard, Lombard-Street,
J. Phillips, George-Yard, Lombard-Street,J. Phillips, George-Yard, Lombard-Street,
J. Phillips, George-Yard, Lombard-Street,J. Phillips, George-Yard, Lombard-Street,
J. Phillips, George-Yard, Lombard-Street ; J. Stockdale, Piccadilly ; T. C. Rickman, Upper Marybone-Street, London ; W. Stevenson, Norwich ; W.H. Lunn, Cambridge ; sold by J. Rackham & sold,J. Phillips, George-Yard, Lombard-Street ; J. Stockdale, Piccadilly ; T. C. Rickman, Upper Marybone-Street, London ; W. Stevenson, Norwich ; W.H. Lunn, Cambridge ; J. Rackham ;,
J. Phillips, George-Yard, Lombard-Street ; J. Stockdale, Piccadilly ; T.C. Rickman, Upper Marybone-Street, London ; W. Stevenson, Norwich ; W.H. Lunn, Cambridge ; sold ; sold by J. Rackham,J. Phillips, George-Yard, Lombard-Street ; J. Stockdale, Piccadilly ; T.C. Rickman, Upper Marybone-Street, London ; W. Stevenson, Norwich ; W.H. Lunn, Cambridge ; J. Rackham,
J. Phillips, George-Yard, Lombard-Street, London ; Mawman ; sold ; sold by Wilson, Spence,J. Phillips, George-Yard, Lombard-Street, London ; Mawman ; Wilson, Spence,
J. Plummer ; sold by T. Whieldon,J. Plummer ; T. Whieldon,
J. Plymsell,J. Plymsell,
J. Plymsell ; J. Scott, No. 36, Paddington Street, Portman Square ; sold by W. Richardson, Cornhill,J. Plymsell ; J. Scott, No. 36, Paddington Street, Portman Square ; W. Richardson, Cornhill,
J. Plymsell ; sold by T.N. Longman, Paternoster-Row,J. Plymsell ; T.N. Longman, Paternoster-Row,
J. Plymsell ; T. N. Longman, No. 39, Paternoster Row,J. Plymsell ; T. N. Longman, No. 39, Paternoster Row,
J. Plymsell ; T. N. Longman, Paternoster Row,J. Plymsell ; T. N. Longman, Paternoster Row,
J. Plymsell ; W. Clarke, New Bond Street,J. Plymsell ; W. Clarke, New Bond Street,
J. Poole,J. Poole,
J. Poole ; sold,J. Poole,
J. Poole, of whom may be had a great variety of moral & religious tracts,J. Poole, of whom may be had a great variety of moral ; religious tracts,
J. Powell, No. 5, Catherine-Street, Strand,J. Powell, No. 5, Catherine-Street,,
J. Prescott, Manchester ; Royal-Exchange ; W. Richardson,J. Prescott, Manchester ; Royal-Exchange ; W. Richardson,
J. Preston,J. Preston,
J. Preston,J. Preston,
J. Pridden,J. Pridden,
J. Pridden,J. Pridden,
J. Pridden,J. Pridden,
J. Pridden, Fleet-Street ; J. Robson, New-Bond-Street ; J. Walter, Charing-Cross ; Leeds & York ; T. Becket, Pall-Mall ; W. Richardson, Royal-Exchange,J. Pridden, Fleet-Street ; J. Robson, New-Bond-Street ; J. Walter, Charing-Cross ; Leeds ; York ; T. Becket, Pall-Mall ; W. Richardson, Royal-Exchange,
J. Pridden, no 100, Fleet-Street,J. Pridden, no 100, Fleet-Street,
J. Pridden, No 100, Fleet-Street,J. Pridden, No 100, Fleet-Street,
J. Pridden, No 100, Fleet-Street,J. Pridden, No 100, Fleet-Street,
J. Pridden, No 100, Fleet-Street,J. Pridden, No 100, Fleet-Street,
J. Pridden, No 100, Fleet-Street,J. Pridden, No 100, Fleet-Street,
J. Pridden, No 100, Fleet-Street,J. Pridden, No 100, Fleet-Street,
J. Pridden, No 100, Fleet-Street,J. Pridden, No 100, Fleet-Street,
J. Pridden, No 100, Fleet-Street ; sold by T. Pearson, Birmingham,J. Pridden, No 100, Fleet-Street ; T. Pearson, Birmingham,
J. Pridden, No. 100, Fleet Street ; Mews Gate ; T. Payne,J. Pridden, No. 100, Fleet Street ; Mews Gate ; T. Payne,
J. Pridden, No. 100, Fleet-Street,J. Pridden, No. 100, Fleet-Street,
J. Pridden, No. 100, Fleet-Street,J. Pridden, No. 100, Fleet-Street,
J. Pridden, No. 100, Fleet-Street,J. Pridden, No. 100, Fleet-Street,
J. Pridden, No. 100, Fleet-Street,J. Pridden, No. 100, Fleet-Street,
J. Pridden, No. 100, Fleet-Street,J. Pridden, No. 100, Fleet-Street,
J. Pridden, No. 100, Fleet-Street ; Mr. Tesseyman, York,J. Pridden, No. 100, Fleet-Street ; Mr. Tesseyman, York,
J. Pridden, No. 100, Fleet-street ; Mr. Tesseyman, York,J. Pridden, No. 100, Fleet-street ; Mr. Tesseyman, York,
J. Priddon ; T Chapman. Sold by H. Trapp,J. Priddon ; T Chapman. Sold H. Trapp,
J. Rachkahm ; sold by W. Richardson, Royal-Exchange, London,J. Rachkahm ; W. Richardson, Royal-Exchange, London,
J. Rackham,J. Rackham,
J. Rackham,J. Rackham,
J. Rackham,J. Rackham,
J. Rackham,J. Rackham,
J. Rackham,J. Rackham,
J. Rackham,J. Rackham,
J. Rackham,J. Rackham,
J. Rackham,J. Rackham,
J. Rackham,J. Rackham,
J. Rackham,J. Rackham,
J. Rackham ; bookbinder, Bury,J. Rackham ; bookbinder, Bury,
J. Rackham ; editior ; sold by W. Richardson, Royal-Exchange, London,J. Rackham ; editior ; W. Richardson, Royal-Exchange, London,
J. Rackham ; sold by all the venders of his pocket-books,J. Rackham ; all venders of his pocket-books,
J. Rackham ; Sold by Brown, Essex-Street, Strand, London,J. Rackham ; Sold Brown, Essex-Street, Strand, London,
J. Rackham ; sold by W. Richardson, London,J. Rackham ; W. Richardson, London,
J. Rackham ; sold by W. Richardson, Royal-Exchange, London,J. Rackham ; W. Richardson, Royal-Exchange, London,
J. Rackham ; sold by W. Richardson, Royal-Exchange, London,J. Rackham ; W. Richardson, Royal-Exchange, London,
J. Rackham ; sold by W. Richardson, Royal-Exchange, London,J. Rackham ; W. Richardson, Royal-Exchange, London,
J. Rackham ; sold by W. Richardson, Royal-Exchange, London,J. Rackham ; W. Richardson, Royal-Exchange, London,
J. Rackham ; sold by W. Richardson, Royal-Exchange, London,J. Rackham ; W. Richardson, Royal-Exchange, London,
J. Rackham ; sold by W. Richardson, Royal-Exchange, London,J. Rackham ; W. Richardson, Royal-Exchange, London,
J. Rackham ; sold by W. Richardson, Royal-Exchange, London,J. Rackham ; W. Richardson, Royal-Exchange, London,
J. Rackham ; sold by W. Richardson, Royal-Exchange, London,J. Rackham ; W. Richardson, Royal-Exchange, London,
J. Rackham ; sold by W. Richardson, Royal-Exchange, London,J. Rackham ; W. Richardson, Royal-Exchange, London,
J. Rackham ; sold by W. Richardson, Royal-Exchange, London,J. Rackham ; W. Richardson, Royal-Exchange, London,
J. Rackham ; sold by W. Richardson, Royal-Exchange, London,J. Rackham ; W. Richardson, Royal-Exchange, London,
J. Rackham ; sold by W. Richardson, Royal-Exchange, London,J. Rackham ; W. Richardson, Royal-Exchange, London,
J. Rackham ; sold by W. Richardson, Royal-Exchange, London,J. Rackham ; W. Richardson, Royal-Exchange, London,
J. Rackham ; sold by W. Richardson, Royal-Exchange, London,J. Rackham ; W. Richardson, Royal-Exchange, London,
J. Rackham ; sold by W. Richardson, Royal-Exchange, London,J. Rackham ; W. Richardson, Royal-Exchange, London,
J. Rackham ; sold by W. Richardson, Royal-Exchange, London,J. Rackham ; W. Richardson, Royal-Exchange, London,
J. Rackham ; sold by W. Richardson, Royal-Exchange, London,J. Rackham ; W. Richardson, Royal-Exchange, London,
J. Rackham ; sold by W. Richardson, Royal-Exchange, London,J. Rackham ; W. Richardson, Royal-Exchange, London,
J. Rackham ; sold by W. Richardson, Royal-Exchange, London,J. Rackham ; W. Richardson, Royal-Exchange, London,
J. Rackham ; sold by W. Richardson, Royal-Exchange, London,J. Rackham ; W. Richardson, Royal-Exchange, London,
J. Rackham ; sold by W. Richardson, Royal-Exchange, London,J. Rackham ; W. Richardson, Royal-Exchange, London,
J. Rackham ; W. Richardson, No. 91. Royal Exchange, London,J. Rackham ; W. Richardson, No. 91. Royal Exchange, London,
J. Rackham ; W. Richardson, No. 91. Royal-Exchange, London,J. Rackham ; W. Richardson, No. 91. Royal-Exchange, London,
J. Rackham ; W. Richardson, Royal-Exchange, London,J. Rackham ; W. Richardson, Royal-Exchange, London,
J. Rackham, Angel-Hill ; sold by Richardson, Royal-Exchange, London,J. Rackham, Angel-Hill ; Richardson, Royal-Exchange, London,
J. Rackham, Bury ; sold ; sold by J. Phillips, George-Yard, Lombard-Street,J. Rackham, Bury ; J. Phillips, George-Yard, Lombard-Street,
J. Radford,J. Radford,
J. Radford ; Miller-street,J. Radford ; Miller-street,
J. Radford ; Miller's-street,J. Radford ; Miller's-street,
J. Radford ; Miller's-street,J. Radford ; Miller's-street,
J. Radford, Hanover-Street,J. Radford, Hanover-Street,
J. Radford, Miller's-Street,J. Radford, Miller's-Street,
J. Radford. Sold by Mr. Harrop, Mr. Wheeler,J. Radford. Sold Mr. Harrop, Mr. Wheeler,
J. Raithry ; J.N. Maillard, T. & S. Nisbett, F. Walsh, J. Moor ; Richardson, Royal Exchange ; St. Michael's Alley, Cornhill ; Stafford & Davenport ; T. Alcock ; sold by Hughes & Walsh, Inner Temple,J. Raithry ; J.N. Maillard, T. ; S. Nisbett, F. Walsh, J. Moor ; Richardson, Royal Exchange ; St. Michael's Alley, Cornhill ; Stafford ; Davenport ; T. Alcock ; Hughes ; Walsh, Inner Temple,
J. Rann,J. Rann,
J. Rann,J. Rann,
J. Rann,J. Rann,
J. Rann,J. Rann,
J. Rann,J. Rann,
J. Rann ; Pater-Noster Row, London ; Rivingtons ; St. Paul's Church-Yard,J. Rann ; Pater-Noster Row, London ; Rivingtons ; St. Paul's Church-Yard,
J. Rann ; Rivingtons, St. Paul's Church-Yard,J. Rann ; Rivingtons, St. Paul's Church-Yard,
J. Rann, Dudley,J. Rann, Dudley,
J. Rann. For Rivingtons ; Pater-Noster Row, London ; St. Paul's Church-Yard,J. Rann. For Rivingtons ; Pater-Noster Row, London ; St. Paul's Church-Yard,
J. Rawson,J. Rawson,
J. Reed ; sold ; sold by R. Edwards,J. Reed ; R. Edwards,
J. Reed, No. 335, opposite Somerset-House, Strand ; are received ; where advertisements, letters,J. Reed, No. 335, opposite Somerset-House, ; are received ; where advertisements, letters,
J. Rennison ; Minerva-Press ; William Lane ; sold by R. Kelham,J. Rennison ; Minerva-Press ; William Lane ; R. Kelham,
J. Rhynd,J. Rhynd,
J. Richardson ; T. Debrett ; W. Woodfall,J. Richardson ; T. Debrett ; W. Woodfall,
J. Richardson, Cornhill ; Reporter ; William Woodfall ; sold by B & J. White, Fleet-Street, J. Debrett, Piccadilly,J. Richardson, Cornhill ; Reporter ; William Woodfall ; B ; J. White, Fleet-Street, J. Debrett, Piccadilly,
J. Richardson, Cornhill ; T. Debrett, Piccadilly ; W. Woodfall,J. Richardson, Cornhill ; T. Debrett, Piccadilly ; W. Woodfall,
J. Rider ; Robert Laurie & James Whittle,J. Rider ; Robert Laurie ; James Whittle,
J. Rider, Little Britain,J. Rider, Little Britain,
J. Rider, Little Britain. Sold by J. Scatcherd, NO. 12, Ave-Maria-Lane ; Mrs Jones, Oxford,J. Rider, Little Britain. Sold J. Scatcherd, NO. 12, Ave-Maria-Lane ; Mrs Jones, Oxford,
J. Rider, no. 36, Little-Britain,J. Rider, no. 36, Little-Britain,
J. Rider, No. 36, Little-Britain ; J. Scatcherd, Avemaria Lane ; J. Wallis, Pater-Noster Row ; sold by F & C. Rivington, St. Paul's Church-Yard,J. Rider, No. 36, Little-Britain ; J. Scatcherd, Avemaria Lane ; J. Wallis, Pater-Noster Row ; F ; C. Rivington, St. Paul's Church-Yard,
J. Ridgeway,J. Ridgeway,
J. Ridgeway,J. Ridgeway,
J. Ridgeway,J. Ridgeway,
J. Ridgeway,J. Ridgeway,
J. Ridgeway, No. 1, York-Street, St. James's Square,J. Ridgeway, No. 1, York-Street, St. James's Square,
J. Ridgeway, York Street, St. James's ; M. Swinney, Birmingham ; Scatcherd & Whitaker, Ave Maria Lane ; W. Meyler, Bath,J. Ridgeway, York Street, St. James's ; M. Swinney, Birmingham ; Scatcherd ; Whitaker, Ave Maria Lane ; W. Meyler, Bath,
J. Ridgeway, York Street, St. James's ; M. Swinney, Birmingham ; Scatcherd & Whitaker. Ave Maria Lane ; W. Meyler, Bath,J. Ridgeway, York Street, St. James's ; M. Swinney, Birmingham ; Scatcherd ; Whitaker. Ave Maria Lane ; W. Meyler, Bath,
J. Ridgeway, York Street, St. James's Square,J. Ridgeway, York Street, St. James's Square,
J. Ridgeway, York-Street, St. James's,J. Ridgeway, York-Street, St. James's,
J. Ridgeway, York-Street, St. James's ; W. Owen, opposite Old Bond-Street, Piccadilly,J. Ridgeway, York-Street, St. James's ; W. Owen, opposite Old Bond-Street, Piccadilly,
J. Ridgeway, York-Street, St. James's Square,J. Ridgeway, York-Street, St. James's Square,
J. Ridgeway, York-Street, St. James's Square,J. Ridgeway, York-Street, St. James's Square,
J. Ridgeway, York-Street, ST. James's-Square,J. Ridgeway, York-Street, ST. James's-Square,
J. Ridgeway, York-Street, St. James's-Square,J. Ridgeway, York-Street, St. James's-Square,
J. Ridgeway, York-Street, St. James's-Square,J. Ridgeway, York-Street, St. James's-Square,
J. Ridgeway, York-Street, St. James's-Square,J. Ridgeway, York-Street, St. James's-Square,
J. Ridgway,J. Ridgway,
J. Ridgway,J. Ridgway,
J. Ridgway,J. Ridgway,
J. Ridgway,J. Ridgway,
J. Ridgway,J. Ridgway,
J. Ridgway,J. Ridgway,
J. Ridgway,J. Ridgway,
J. Ridgway,J. Ridgway,
J. Ridgway,J. Ridgway,
J. Ridgway,J. Ridgway,
J. Ridgway,J. Ridgway,
J. Ridgway,J. Ridgway,
J. Ridgway,J. Ridgway,
J. Ridgway,J. Ridgway,
J. Ridgway,J. Ridgway,
J. Ridgway,J. Ridgway,
J. Ridgway,J. Ridgway,
J. Ridgway,J. Ridgway,
J. Ridgway,J. Ridgway,
J. Ridgway,J. Ridgway,
J. Ridgway,J. Ridgway,
J. Ridgway,J. Ridgway,
J. Ridgway,J. Ridgway,
J. Ridgway,J. Ridgway,
J. Ridgway,J. Ridgway,
J. Ridgway,J. Ridgway,
J. Ridgway,J. Ridgway,
J. Ridgway,J. Ridgway,
J. Ridgway,J. Ridgway,
J. Ridgway,J. Ridgway,
J. Ridgway,J. Ridgway,
J. Ridgway,J. Ridgway,
J. Ridgway,J. Ridgway,
J. Ridgway,J. Ridgway,
J. Ridgway,J. Ridgway,
J. Ridgway,J. Ridgway,
J. Ridgway,J. Ridgway,
J. Ridgway,J. Ridgway,
J. Ridgway,J. Ridgway,
J. Ridgway,J. Ridgway,
J. Ridgway,J. Ridgway,
J. Ridgway,J. Ridgway,
J. Ridgway,J. Ridgway,
J. Ridgway,J. Ridgway,
J. Ridgway,J. Ridgway,
J. Ridgway,J. Ridgway,
J. Ridgway,J. Ridgway,
J. Ridgway,J. Ridgway,
J. Ridgway,J. Ridgway,
J. Ridgway,J. Ridgway,
J. Ridgway,J. Ridgway,
J. Ridgway ; Prince of Wales's Head, York-Street, St. James's Square,J. Ridgway ; Prince of Wales's Head, York-Street, St. James's Square,
J. Ridgway ; R. Baldwin,J. Ridgway ; R. Baldwin,
J. Ridgway ; T. Lewis,J. Ridgway ; T. Lewis,
J. Ridgway ; W. Button ; received by H. D. Symonds ; whom subscriptions will be thankfully received. Subscriptions will,J. Ridgway ; W. Button ; received H. D. Symonds ; whom subscriptions will be thankfully received. Subscriptions will,
J. Ridgway ; W. Button ; received by H. D. Symonds ; whom subscriptions will be thankfully received. Subscriptions will,J. Ridgway ; W. Button ; received H. D. Symonds ; whom subscriptions will be thankfully received. Subscriptions will,
J. Ridgway York-Street, St. James's-Square,J. Ridgway York-Street, St. James's-Square,
J. Ridgway, No, 1, York-Street, St. James's Square,J. Ridgway, No, 1, York-Street, St. James's Square,
J. Ridgway, No. 1 York-Street,J. Ridgway, No. 1 York-Street,
J. Ridgway, No. 1, York Street, St. James's Square,J. Ridgway, No. 1, York Street, St. James's Square,
J. Ridgway, No. 1, York Street, St. James's Square,J. Ridgway, No. 1, York Street, St. James's Square,
J. Ridgway, No. 1, York Street, St. James's Square,J. Ridgway, No. 1, York Street, St. James's Square,
J. Ridgway, No. 1, York Street, St. James's Square,J. Ridgway, No. 1, York Street, St. James's Square,
J. Ridgway, No. 1, York Street, St. James's Square,J. Ridgway, No. 1, York Street, St. James's Square,
J. Ridgway, No. 1, York Street, St. James's Square,J. Ridgway, No. 1, York Street, St. James's Square,
J. Ridgway, No. 1, York Street, St. James's Square,J. Ridgway, No. 1, York Street, St. James's Square,
J. Ridgway, No. 1, York Street, St. James's Square,J. Ridgway, No. 1, York Street, St. James's Square,
J. Ridgway, No. 1, York Street, St. James's Square,J. Ridgway, No. 1, York Street, St. James's Square,
J. Ridgway, No. 1, York Street, St. James's Square,J. Ridgway, No. 1, York Street, St. James's Square,
J. Ridgway, No. 1, York Street, St. James's Square,J. Ridgway, No. 1, York Street, St. James's Square,
J. Ridgway, No. 1, York Street, St. James's Square,J. Ridgway, No. 1, York Street, St. James's Square,
J. Ridgway, No. 1, York Street, St. James's Square,J. Ridgway, No. 1, York Street, St. James's Square,
J. Ridgway, No. 1, York Street, St. James's Square,J. Ridgway, No. 1, York Street, St. James's Square,
J. Ridgway, No. 1, York Street, St. James's Square,J. Ridgway, No. 1, York Street, St. James's Square,
J. Ridgway, No. 1, York Street, St. James's Square,J. Ridgway, No. 1, York Street, St. James's Square,
J. Ridgway, No. 1, York Street, St. James's Square,J. Ridgway, No. 1, York Street, St. James's Square,
J. Ridgway, No. 1, York Street, St. James's Square,J. Ridgway, No. 1, York Street, St. James's Square,
J. Ridgway, No. 1, York Street, St. James's Square,J. Ridgway, No. 1, York Street, St. James's Square,
J. Ridgway, No. 1, York Street, St. James's Square,J. Ridgway, No. 1, York Street, St. James's Square,
J. Ridgway, No. 1, York Street, St. James's Square,J. Ridgway, No. 1, York Street, St. James's Square,
J. Ridgway, No. 1, York Street, St. James's Square,J. Ridgway, No. 1, York Street, St. James's Square,
J. Ridgway, No. 1, York Street, St. James's Square ; T.C. Rickman, No. 4, Upper Marybons Street,J. Ridgway, No. 1, York Street, St. James's Square ; T.C. Rickman, No. 4, Upper Marybons Street,
J. Ridgway, No. 1, York Street, St. James's Street,J. Ridgway, No. 1, York Street, St. James's Street,
J. Ridgway, No. 1, York Street, St. James's-Square,J. Ridgway, No. 1, York Street, St. James's-Square,
J. Ridgway, No. 1, York Street, St. James's-Square,J. Ridgway, No. 1, York Street, St. James's-Square,
J. Ridgway, No. 1, York Street, St. James's-Square,J. Ridgway, No. 1, York Street, St. James's-Square,
J. Ridgway, No. 1, York Street, St. James's-Square,J. Ridgway, No. 1, York Street, St. James's-Square,
J. Ridgway, No. 1, York Street. St. James's Square,J. Ridgway, No. 1, York Street. St. James's Square,
J. Ridgway, No. 1, York-Street, St. James's,J. Ridgway, No. 1, York-Street, St. James's,
J. Ridgway, No. 1, York-Street, St. James's Square,J. Ridgway, No. 1, York-Street, St. James's Square,
J. Ridgway, No. 1, York-Street, St. James's Square,J. Ridgway, No. 1, York-Street, St. James's Square,
J. Ridgway, No. 1, York-Street, St. James's-Square,J. Ridgway, No. 1, York-Street, St. James's-Square,
J. Ridgway, NO. 1, York-Street, ST. James's-Square,J. Ridgway, NO. 1, York-Street, ST. James's-Square,
J. Ridgway, NO. 1, York-Street, ST. James's-Square,J. Ridgway, NO. 1, York-Street, ST. James's-Square,
J. Ridgway, No. 1, York-Street, St. James's-Square,J. Ridgway, No. 1, York-Street, St. James's-Square,
J. Ridgway, No. 1, York-Street, St. James's-Square,J. Ridgway, No. 1, York-Street, St. James's-Square,
J. Ridgway, No. 1, York-Street, St. James's-Square,J. Ridgway, No. 1, York-Street, St. James's-Square,
J. Ridgway, No. 1, York-Street, St. James's-Square,J. Ridgway, No. 1, York-Street, St. James's-Square,
J. Ridgway, No. 1, York-Street, St. James's-Square,J. Ridgway, No. 1, York-Street, St. James's-Square,
J. Ridgway, No. 1, York-Street, St. James's-Square,J. Ridgway, No. 1, York-Street, St. James's-Square,
J. Ridgway, No. 1, York-Street, St. James's-Square,J. Ridgway, No. 1, York-Street, St. James's-Square,
J. Ridgway, No. 1, York-Street, St. James's-Square,J. Ridgway, No. 1, York-Street, St. James's-Square,
J. Ridgway, No. 1, York-Street, St. James's-Square,J. Ridgway, No. 1, York-Street, St. James's-Square,
J. Ridgway, No. 1, York-Street, St. James's-Square,J. Ridgway, No. 1, York-Street, St. James's-Square,
J. Ridgway, No. 1, York-Street, St. James's-Square,J. Ridgway, No. 1, York-Street, St. James's-Square,
J. Ridgway, No. 1, York-Street, St. James's-Square,J. Ridgway, No. 1, York-Street, St. James's-Square,
J. Ridgway, No. 1, York-Street, St. James's-Square,J. Ridgway, No. 1, York-Street, St. James's-Square,
J. Ridgway, NO. 1, York-Street, ST. James's-Square,J. Ridgway, NO. 1, York-Street, ST. James's-Square,
J. Ridgway, NO. 1, York-Street, ST. James's-Square,J. Ridgway, NO. 1, York-Street, ST. James's-Square,
J. Ridgway, NO. 1, York-Street, ST. James's-Square,J. Ridgway, NO. 1, York-Street, ST. James's-Square,
J. Ridgway, No. 1, York-street. St. James's Square,J. Ridgway, No. 1, York-street. St. James's Square,
J. Ridgway, No. 1. York-Street, St. James's Square,J. Ridgway, No. 1. York-Street, St. James's Square,
J. Ridgway, No. 1. York-Street, St. James's-Square,J. Ridgway, No. 1. York-Street, St. James's-Square,
J. Ridgway, No. 1. York-Street, St. James's-Square,J. Ridgway, No. 1. York-Street, St. James's-Square,
J. Ridgway, No. 1. York-Street. St. James's-Square,J. Ridgway, No. 1. York-Street. St. James's-Square,
J. Ridgway, NO. 1. York-Street. ST. James's-Square,J. Ridgway, NO. 1. York-Street. ST. James's-Square,
J. Ridgway, No. 6, York-Street, St. James's Square,J. Ridgway, No. 6, York-Street, St. James's Square,
J. Ridgway, No. I, York Street, St. James's Square,J. Ridgway, No. I, York Street, St. James's Square,
J. Ridgway, No. I, York Street, ST. James's Square,J. Ridgway, No. I, York Street, ST. James's Square,
J. Ridgway, NO. I, York-Street, St. James's Square,J. Ridgway, NO. I, York-Street, St. James's Square,
J. Ridgway, NO. I, York-Street, ST. James's-Square,J. Ridgway, NO. I, York-Street, ST. James's-Square,
J. Ridgway, York - Street, St. James's - Square,J. Ridgway, York - Street, St. James's - Square,
J. Ridgway, York Street, Piccadilly ; sold,J. Ridgway, York Street, Piccadilly,
J. Ridgway, York Street, St James's Square,J. Ridgway, York Street, St James's Square,
J. Ridgway, York Street, St. James'-Square,J. Ridgway, York Street, St. James'-Square,
J. Ridgway, York Street, St. James's Square,J. Ridgway, York Street, St. James's Square,
J. Ridgway, York Street, ST. James's Square,J. Ridgway, York Street, ST. James's Square,
