J. Ridgway, York Street, St. James's Square,J. Ridgway, York Street, St. James's Square,
J. Ridgway, York Street, St. James's Square,J. Ridgway, York Street, St. James's Square,
J. Ridgway, York Street, St. James's Square,J. Ridgway, York Street, St. James's Square,
J. Ridgway, York Street, St. James's Square,J. Ridgway, York Street, St. James's Square,
J. Ridgway, York Street, St. James's Square,J. Ridgway, York Street, St. James's Square,
J. Ridgway, York Street, St. James's square,J. Ridgway, York Street, St. James's square,
J. Ridgway, York Street, St. James's Square,J. Ridgway, York Street, St. James's Square,
J. Ridgway, York Street, St. James's Square,J. Ridgway, York Street, St. James's Square,
J. Ridgway, York Street, St. James's Square,J. Ridgway, York Street, St. James's Square,
J. Ridgway, York Street, St. James's Square,J. Ridgway, York Street, St. James's Square,
J. Ridgway, York Street, St. James's Square,J. Ridgway, York Street, St. James's Square,
J. Ridgway, York Street, ST. James's Square,J. Ridgway, York Street, ST. James's Square,
J. Ridgway, York Street, ST. James's Square,J. Ridgway, York Street, ST. James's Square,
J. Ridgway, York Street, St. James's Square,J. Ridgway, York Street, St. James's Square,
J. Ridgway, York Street, St. James's Square,J. Ridgway, York Street, St. James's Square,
J. Ridgway, York Street, St. James's Square,J. Ridgway, York Street, St. James's Square,
J. Ridgway, York Street, St. James's Square,J. Ridgway, York Street, St. James's Square,
J. Ridgway, York Street, St. James's Square ; S. Gosnell, Little Queen Street, Holborn,J. Ridgway, York Street, St. James's Square ; S. Gosnell, Little Queen Street, Holborn,
J. Ridgway, York Street, St. James's, London ; sold ; sold by D. Holt,J. Ridgway, York Street, St. James's, London ; D. Holt,
J. Ridgway, York-Street ; St. James's Square,J. Ridgway, York-Street ; St. James's Square,
J. Ridgway, York-Street ; W. Button, Paternoster-Row ; sold,J. Ridgway, York-Street ; W. Button, Paternoster-Row,
J. Ridgway, York-Street ; W. Button, Paternoster-Row ; sold,J. Ridgway, York-Street ; W. Button, Paternoster-Row,
J. Ridgway, York-Street, ST. James's,J. Ridgway, York-Street, ST. James's,
J. Ridgway, York-Street, St. James's Square,J. Ridgway, York-Street, St. James's Square,
J. Ridgway, York-street, St. James's Square,J. Ridgway, York-street, St. James's Square,
J. Ridgway, York-Street, St. James's Square,J. Ridgway, York-Street, St. James's Square,
J. Ridgway, York-Street, St. James's Square,J. Ridgway, York-Street, St. James's Square,
J. Ridgway, York-Street, St. James's Square,J. Ridgway, York-Street, St. James's Square,
J. Ridgway, York-Street, St. James's Square,J. Ridgway, York-Street, St. James's Square,
J. Ridgway, York-Street, St. James's Square,J. Ridgway, York-Street, St. James's Square,
J. Ridgway, York-Street, St. James's Square,J. Ridgway, York-Street, St. James's Square,
J. Ridgway, York-Street, St. James's Square,J. Ridgway, York-Street, St. James's Square,
J. Ridgway, York-Street, ST. James's Square,J. Ridgway, York-Street, ST. James's Square,
J. Ridgway, York-Street, ST. James's Square,J. Ridgway, York-Street, ST. James's Square,
J. Ridgway, York-Street, St. James's Square,J. Ridgway, York-Street, St. James's Square,
J. Ridgway, York-Street, St. James's Square ; W. Clarke, New-Bond-Street,J. Ridgway, York-Street, St. James's Square ; W. Clarke, New-Bond-Street,
J. Ridgway, York-Street, ST. James's Square ; W. Clarke, New-Bond-Street,J. Ridgway, York-Street, ST. James's Square ; W. Clarke, New-Bond-Street,
J. Ridgway, York-Street, St. James's-Square,J. Ridgway, York-Street, St. James's-Square,
J. Ridgway, York-Street, ST. James's-Square,J. Ridgway, York-Street, ST. James's-Square,
J. Ridgway, York-Street, St. James's-Square,J. Ridgway, York-Street, St. James's-Square,
J. Ridgway, York-Street, ST. James's-Square,J. Ridgway, York-Street, ST. James's-Square,
J. Ridgway, York-Street, ST. James's-Square,J. Ridgway, York-Street, ST. James's-Square,
J. Ridgway, York-Street, St. James's-Square,J. Ridgway, York-Street, St. James's-Square,
J. Ridgway, York-Street, St. James's-Square,J. Ridgway, York-Street, St. James's-Square,
J. Ridgway, York-Street, St. James's-Square,J. Ridgway, York-Street, St. James's-Square,
J. Ridgway, York-Street, St. James's-Square,J. Ridgway, York-Street, St. James's-Square,
J. Ridgway, York-Street, St. James's-Square,J. Ridgway, York-Street, St. James's-Square,
J. Ridgway, York-Street, St. James's-Square,J. Ridgway, York-Street, St. James's-Square,
J. Ridgway, York-Street, St. James's-Square,J. Ridgway, York-Street, St. James's-Square,
J. Ridgway, York-Street, St. James's-Square,J. Ridgway, York-Street, St. James's-Square,
J. Ridgway, York-Street, St. James's-Square,J. Ridgway, York-Street, St. James's-Square,
J. Ridgway, York-Street, St. James's-Square,J. Ridgway, York-Street, St. James's-Square,
J. Ridgway, York-Street, St. James's-Square,J. Ridgway, York-Street, St. James's-Square,
J. Ridgway, York-Street, St. James's-Square,J. Ridgway, York-Street, St. James's-Square,
J. Ridgway, York-Street, St. James's-Square,J. Ridgway, York-Street, St. James's-Square,
J. Ridgway, York-Street, St. James's-Square,J. Ridgway, York-Street, St. James's-Square,
J. Ridgway, York-Street, ST. James's-Square,J. Ridgway, York-Street, ST. James's-Square,
J. Ridgway, York-Street, ST. James's-Square,J. Ridgway, York-Street, ST. James's-Square,
J. Ridgway, York-Street, St. James's-Square,J. Ridgway, York-Street, St. James's-Square,
J. Ridgway, York-Street, St. James's-Square,J. Ridgway, York-Street, St. James's-Square,
J. Ridgway, York-Street, St. James's-Square,J. Ridgway, York-Street, St. James's-Square,
J. Ridgway, York-Street, St. James's-Square,J. Ridgway, York-Street, St. James's-Square,
J. Ridgway, York-Street, St. James's-Square,J. Ridgway, York-Street, St. James's-Square,
J. Ridgway, York-Street, St. James's-Square ; W. Dale, Surry side of Black-Friars Bridge ; sold by H. D. Symonds, No. 80, Paternoster-Row,J. Ridgway, York-Street, St. James's-Square ; W. Dale, Surry side of Black-Friars Bridge ; H. D. Symonds, No. 80, Paternoster-Row,
J. Ridgway, York-Street, St. James's-Square. Dec,J. Ridgway, York-Street, St. James's-Square. Dec,
J. Ridgway, York-Street, St. James's-Squarf,J. Ridgway, York-Street, St. James's-Squarf,
J. Ridgway, Yorkstreet, St. James'. Square,J. Ridgway, Yorkstreet, St. James'. Square,
J. Ridgway, Yorkstreet, St. James's Square,J. Ridgway, Yorkstreet, St. James's Square,
J. Rivington ; J. Robson, B. Law, T. Vernor, G. G. J & J. Robinson, T. Cadell, J. Johnson, J. Murray, R. Baldwin, W. Flexney, P. Macqueen, C & G. Kearsley ; L. Wayland,J. Rivington ; J. Robson, B. Law, T. Vernor, G. G. J ; J. Robinson, T. Cadell, J. Johnson, J. Murray, R. Baldwin, W. Flexney, P. Macqueen, C ; G. Kearsley ; L. Wayland,
J. Rivington ; James Fletcher ; St. Paul's Church Yard, London ; Turl ; ppinted,J. Rivington ; James Fletcher ; St. Paul's Church Yard, London ; Turl ; ppinted,
J. Rivington ; L. Davis, B. White ; T. Longman, B,J. Rivington ; L. Davis, B. White ; T. Longman, B,
J. Rivington ; R. Jameson ; T. Longman, B. Law, H. Baldwin, Robson & Clark, C. Dilly, G. G. J & J. Robinson, T. Cadell, T. Carnan, J. Nichols, J. Bew, W. Goldsmith, J. Knox, J. Murray, W. Otridge, W. Lowndes, S. Hayes, G & T. Wilkie, W. Fox, P. M'queen, B. Collins, E. Newbery,J. Rivington ; R. Jameson ; T. Longman, B. Law, H. Baldwin, Robson ; Clark, C. Dilly, G. G. J ; J. Robinson, T. Cadell, T. Carnan, J. Nichols, J. Bew, W. Goldsmith, J. Knox, J. Murray, W. Otridge, W. Lowndes, S. Hayes, G ; T. Wilkie, W. Fox, P. M'queen, B. Collins, E. Newbery,
J. Rivington ; S. Bladon ; W. Lowndes,J. Rivington ; S. Bladon ; W. Lowndes,
J. Rivington ; Scatchered & Whitaker ; T. Longman, B. Law, G. G. J & J. Robinson, T. Cadell, J. Nichols, R. Baldwin, W. Goldsmith, J. White, W. Lowndes, W. Bent, G & T. Wilkie ; T. Payne,J. Rivington ; Scatchered ; Whitaker ; T. Longman, B. Law, G. G. J ; J. Robinson, T. Cadell, J. Nichols, R. Baldwin, W. Goldsmith, J. White, W. Lowndes, W. Bent, G ; T. Wilkie ; T. Payne,
J. Rivington ; St. Paul's Church Yard ; William Harding ; sold by Joseph Watts,J. Rivington ; St. Paul's Church Yard ; William Harding ; Joseph Watts,
J. Rivington & Filios, B. Law, T. Longman, G. G & J. J. Robinson ; excudit M. Pote ; quam,J. Rivington ; Filios, B. Law, T. Longman, G. G ; J. J. Robinson ; excudit M. Pote ; quam,
J. Rivington, T. Longman, C. Bathurst, B. Law, J. Johnson,J. Rivington, T. Longman, C. Bathurst, B. Law, J. Johnson,
J. Roach,J. Roach,
J. Roach,J. Roach,
J. Roach,J. Roach,
J. Roach,J. Roach,
J. Roach,J. Roach,
J. Roach,J. Roach,
J. Roach,J. Roach,
J. Roach,J. Roach,
J. Roach,J. Roach,
J. Roach,J. Roach,
J. Roach,J. Roach,
J. Roach,J. Roach,
J. Roach,J. Roach,
J. Roach,J. Roach,
J. Roach,J. Roach,
J. Roach,J. Roach,
J. Roach,J. Roach,
J. Roach,J. Roach,
J. Roach,J. Roach,
J. Roach,J. Roach,
J. Roach,J. Roach,
J. Roach,J. Roach,
J. Roach,J. Roach,
J. Roach,J. Roach,
J. Roach,J. Roach,
J. Roach,J. Roach,
J. Roach,J. Roach,
J. Roach,J. Roach,
J. Roach,J. Roach,
J. Roach,J. Roach,
J. Roach,J. Roach,
J. Roach,J. Roach,
J. Roach,J. Roach,
J. Roach,J. Roach,
J. Roach,J. Roach,
J. Roach,J. Roach,
J. Roach,J. Roach,
J. Roach,J. Roach,
J. Roach,J. Roach,
J. Roach,J. Roach,
J. Roach,J. Roach,
J. Roach,J. Roach,
J. Roach,J. Roach,
J. Roach,J. Roach,
J. Roach,J. Roach,
J. Roach,J. Roach,
J. Roach ; sold,J. Roach,
J. Roach ; sold,J. Roach,
J. Roach ; sold,J. Roach,
J. Roach & sold,J. Roach ;,
J. Roach at the Britania Printing Office, Woburn Street, New Drury Theatre Royal. Sepr. 3d,J. Roach at Britania Printing Office, Woburn Street, New Drury Theatre Royal. Sepr. 3d,
J. Roach at the Britannia Printing Office Woburn Street, New drury Theatre Royal,J. Roach at Britannia Printing Office Woburn Street, New drury Theatre Royal,
J. Roach at Ye Britannia Printing Office, Woburn Street New Drury Theatre Royal,J. Roach at Ye Britannia Printing Office, Woburn Street New Drury Theatre Royal,
J. Roach May 22,J. Roach May 22,
J. Roach May 22,J. Roach May 22,
J. Roach Russel Court Drury Lane,J. Roach Russel Court Drury Lane,
J. Roach Russel Court opposite New drury Theatre Royal,J. Roach Russel Court opposite New drury Theatre Royal,
J. Roach Russel-Court, Drury-Lane & sold,J. Roach Russel-Court, Drury-Lane ;,
J. Roach Russell Court,J. Roach Russell Court,
J. Roach Russell Court Drury Lane,J. Roach Russell Court Drury Lane,
J. Roach Russell Court, Drury Lane,J. Roach Russell Court, Drury Lane,
J. Roach-Russel Court Drury Lane,J. Roach-Russel Court Drury Lane,
J. Roach, May 16,J. Roach, May 16,
J. Roach, opposite ; new Drury Theatre-Royal,J. Roach, opposite ; new Drury Theatre-Royal,
J. Roach, opposite the pit door of Drury Lane Theatre,J. Roach, opposite pit door of Drury Lane Theatre,
J. Roach, Russel Court Drury Lane,J. Roach, Russel Court Drury Lane,
J. Roach, Russel Court, Opposite To The Pit-Door Of AtNew Drury Theatre Royal,J. Roach, Russel Court, Opposite To The Pit-Door Of AtNew Drury Theatre Royal,
J. Roach, Russel Court, opposite to the Pit-Door of New Drury, Theatre Royal,J. Roach, Russel Court, opposite to Pit-Door of New Drury, Theatre Royal,
J. Roach, Russel-Court, Drury-Lane,J. Roach, Russel-Court, Drury-Lane,
J. Roach, Russel-Court, Drury-Lane,J. Roach, Russel-Court, Drury-Lane,
J. Roach, Russel-Court, Drury-Lane ; sold,J. Roach, Russel-Court, Drury-Lane,
J. Roach, Russel-Court, Drury-Lane ; sold by T. Hurst, Paternoster-Row,J. Roach, Russel-Court, Drury-Lane ; T. Hurst, Paternoster-Row,
J. Roach, Russel-Court, Drury-Lane & sold,J. Roach, Russel-Court, Drury-Lane ;,
J. Roach, Russel-Court, near the Pit-Door of Daury-Lane Play-House ; sold,J. Roach, Russel-Court, near Pit-Door of Daury-Lane Play-House,
J. Roach, Russel-Court, near the Pit-door of Drury-Lane Play-House ; sold,J. Roach, Russel-Court, near Pit-door of Drury-Lane Play-House,
J. Roach, Russel-Court, near the Pit-Door, Drury-Lane, Theatre ; sold,J. Roach, Russel-Court, near Pit-Door, Drury-Lane, Theatre,
J. Roach, Russell Court Drury Lane,J. Roach, Russell Court Drury Lane,
J. Roach, Russell Court Drury Lane,J. Roach, Russell Court Drury Lane,
J. Roach, Russell Court, Drury Lane,J. Roach, Russell Court, Drury Lane,
J. Roach, Russell Court, Drury Lane,J. Roach, Russell Court, Drury Lane,
J. Roach, Russell-Court, Drury-Lane,J. Roach, Russell-Court, Drury-Lane,
J. Roach, Woburn Sreet, New-Drury Theatre-Royal,J. Roach, Woburn Sreet, New-Drury Theatre-Royal,
J. Roach, Woburn Street New Drury, Theatre Royal,J. Roach, Woburn Street New Drury, Theatre Royal,
J. Roach, Woburn Street New Drury, Theatre Royal,J. Roach, Woburn Street New Drury, Theatre Royal,
J. Roach, Woburn Street New Drury, Theatre Royal,J. Roach, Woburn Street New Drury, Theatre Royal,
J. Roach, Woburn Street New-Drury Theatre-Royal,J. Roach, Woburn Street New-Drury Theatre-Royal,
J. Roach, Woburn Street New-Drury Theatre-Royal,J. Roach, Woburn Street New-Drury Theatre-Royal,
J. Roach, Woburn Street, New Drury Theatre Royal,J. Roach, Woburn Street, New Drury Theatre Royal,
J. Roach, Woeurn Street, New-Drury, Theatre-Royal,J. Roach, Woeurn Street, New-Drury, Theatre-Royal,
J. Roach. Feby, 10th,J. Roach. Feby, 10th,
J. Roach. Russell Court-Drury Lane,J. Roach. Russell Court-Drury Lane,
J. Robins ; T. Heptinstall ; W.H. Stather ; sold by J. Parsons,J. Robins ; T. Heptinstall ; W.H. Stather ; J. Parsons,
J. Robinson,J. Robinson,
J. Robson,J. Robson,
J. Robson,J. Robson,
J. Robson,J. Robson,
J. Robson,J. Robson,
J. Robson,J. Robson,
J. Robson ; New Bond Street,J. Robson ; New Bond Street,
J. Robson ; New Bond-Street,J. Robson ; New Bond-Street,
J. Robson ; New Bond-Street,J. Robson ; New Bond-Street,
J. Robson ; New Bond-Street,J. Robson ; New Bond-Street,
J. Robson ; New Bond-Street,J. Robson ; New Bond-Street,
J. Robson ; New Bond-Street,J. Robson ; New Bond-Street,
J. Robson ; New Bond-Street, London ; R. Raikes,J. Robson ; New Bond-Street, London ; R. Raikes,
J. Robson ; New Bond-Street, London ; R. Raikes,J. Robson ; New Bond-Street, London ; R. Raikes,
J. Robson ; New Bond-Street, London ; R. Raikes,J. Robson ; New Bond-Street, London ; R. Raikes,
J. Robson ; Royal Exchange ; W. Clarke, New Bond Street ; W. Pennington, Kendal ; W. Richardson,J. Robson ; Royal Exchange ; W. Clarke, New Bond Street ; W. Pennington, Kendal ; W. Richardson,
J. Robson ; T. Payne ; sold by Leigh & Sotheby,J. Robson ; T. Payne ; Leigh ; Sotheby,
J. Robson ; T. Payne ; sold by Leigh & Sotheby,J. Robson ; T. Payne ; Leigh ; Sotheby,
J. Robson ; W. Clarke, New Bond Street ; W. Pennington, Kendal ; W. Richardson ; royal exchange,J. Robson ; W. Clarke, New Bond Street ; W. Pennington, Kendal ; W. Richardson ; royal exchange,
J. Robson & W. Clarke ; New Bond-Street,J. Robson ; W. Clarke ; New Bond-Street,
J. Robson, Bond-Street ; Messrs. F & C. Rivington, No 62, St. Paul's Church-Yard,J. Robson, Bond-Street ; Messrs. F ; C. Rivington, No 62, St. Paul's Church-Yard,
J. Robson, New Bond Street,J. Robson, New Bond Street,
J. Robson, New Bond Street,J. Robson, New Bond Street,
J. Robson, new Bond Street,J. Robson, new Bond Street,
J. Robson, New Bond Street,J. Robson, New Bond Street,
J. Robson, New Bond Street,J. Robson, New Bond Street,
J. Robson, New Bond Street ; J. Sewell, Cornhill ; L. Bull, Bath ; Mrs. Stackhouse ; Paternoster-Row ; W. Jackson, No. 198, Oxford Street ; engraver S. J. Neele, No. 352, Strand ; sold by T. Longman,J. Robson, New Bond Street ; J. Sewell, Cornhill ; L. Bull, Bath ; Mrs. Stackhouse ; Paternoster-Row ; W. Jackson, No. 198, Oxford Street ; engraver S. J. Neele, No. 352, ; T. Longman,
J. Robson, New Bond Street ; W. Pennington, Kendal ; W. Richardson ; royal exchange,J. Robson, New Bond Street ; W. Pennington, Kendal ; W. Richardson ; royal exchange,
J. Robson, New Bond-Street,J. Robson, New Bond-Street,
J. Robson, New Bond-Street,J. Robson, New Bond-Street,
J. Robson, New Bond-Street,J. Robson, New Bond-Street,
J. Robson, New Bond-Street,J. Robson, New Bond-Street,
J. Robson, New Bond-Street,J. Robson, New Bond-Street,
J. Robson, New Bond-Street,J. Robson, New Bond-Street,
J. Robson, New Bond-Street,J. Robson, New Bond-Street,
J. Robson, New Bond-Street,J. Robson, New Bond-Street,
J. Robson, New Bond-Street,J. Robson, New Bond-Street,
J. Robson, New Bond-Street,J. Robson, New Bond-Street,
J. Robson, New Bond-Street ; J. Sewell, Cornhill ; Strand ; sold by T. Cadell,J. Robson, New Bond-Street ; J. Sewell, Cornhill ; T. Cadell,
J. Robson, New Bond-Street ; J. Stockdale, Piccadilly ; Messieurs Rivington, St. Paul's Church-Yard ; Messieurs Robinson, Pater-noster-Row ; Prince's Street, Cavendish-Square ; T. Gardiner ; W. Richardson, Royal Exchange ; most of the eminent ; sold by J. Debrett, Piccadilly ; throughout England,J. Robson, New Bond-Street ; J. Stockdale, Piccadilly ; Messieurs Rivington, St. Paul's Church-Yard ; Messieurs Robinson, Pater-noster-Row ; Prince's Street, Cavendish-Square ; T. Gardiner ; W. Richardson, Royal Exchange ; most of eminent ; J. Debrett, Piccadilly ; throughout England,
J. Robson, New Bond-Street, London ; Turle ; W. Jackson ; sold by J. Fletcher,J. Robson, New Bond-Street, London ; Turle ; W. Jackson ; J. Fletcher,
J. Roe ; Strawberry-Hill ; first ; sold by Ann Lemoine, White Rose-Court, Coleman-Street,J. Roe ; Strawberry-Hill ; first ; Ann Lemoine, White Rose-Court, Coleman-Street,
J. Rollason,J. Rollason,
J. Rollason ; sold,J. Rollason,
J. Rose,J. Rose,
J. Rose ; Sold by W. Button, London,J. Rose ; Sold W. Button, London,
J. Ross, ac J. Daniel, Caerfyrddin ; O.Owens, Caernarfon ; W. Edwards, Croesoswallt ; ar werth gan W. Minshull ; ar werth-hefyd gan R. Carnes, Treffynnon ; chan G. Sael, Rhif. 192, Strand, Llundain ; chan bawb Llyfrwerthwyr trwy Guymru,J. Ross, ac J. Daniel, Caerfyrddin ; O.Owens, Caernarfon ; W. Edwards, Croesoswallt ; ar werth gan W. Minshull ; ar werth-hefyd gan R. Carnes, Treffynnon ; chan G. Sael, Rhif. 192, Strand, Llundain ; chan bawb Llyfrwerthwyr trwy Guymru,
J. Rudhall,J. Rudhall,
J. Rudhall,J. Rudhall,
J. Rudhall,J. Rudhall,
J. Rudhall,J. Rudhall,
J. Rudhall,J. Rudhall,
J. Rudhall ; Meyler & Bull, Bath ; Small-Street ; sold,J. Rudhall ; Meyler ; Bull, Bath ; Small-Street,
J. Rudhall ; Meyler & Bull, Bath ; Small-Street ; sold,J. Rudhall ; Meyler ; Bull, Bath ; Small-Street,
J. Rudhall ; Reed & Whitchurch, secretaries,J. Rudhall ; Reed ; Whitchurch, secretaries,
J. Rudhall ; Small-Street,J. Rudhall ; Small-Street,
J. Rudhall ; Small-Street,J. Rudhall ; Small-Street,
J. Rudhall ; Small-Street,J. Rudhall ; Small-Street,
J. Rudhall ; Small-Street,J. Rudhall ; Small-Street,
J. Rudhall ; Small-Street,J. Rudhall ; Small-Street,
J. Rudhall ; T. Cadell, junr & W. Davies, Strand, London,J. Rudhall ; T. Cadell, Jr. ; W. Davies, Strand, London,
J. Russell, Guildford ; R. H. Westley, Strand ; W & J. Stratford, Holborn-Hill, London ; sold by J. Evans, Pater-Noster-Row,J. Russell, Guildford ; R. H. Westley, ; W ; J. Stratford, Holborn-Hill, London ; J. Evans, Pater-Noster-Row,
J. Russell, Guildford ; R.H. Westlry, Strand ; W & J. Stratford, Holborn-Hill, London ; sold by J. Evans, Pater-Noster-Row,J. Russell, Guildford ; R.H. Westlry, ; W ; J. Stratford, Holborn-Hill, London ; J. Evans, Pater-Noster-Row,
J. Ryall, No. 17, Lombard Street,J. Ryall, No. 17, Lombard Street,
J. S Jordan, No.166, Fleet Street,J. S Jordan, No.166, Fleet Street,
J. S. Barr,J. S. Barr,
J. S. Barr,J. S. Barr,
J. S. Barr,J. S. Barr,
J. S. Barr,J. S. Barr,
J. S. Barr,J. S. Barr,
J. S. Barr,J. S. Barr,
J. S. Barr ; T. N. Longman, No. 39, Paternoster-Row,J. S. Barr ; T. N. Longman, No. 39, Paternoster-Row,
J. S. Barr Bridges-Street, Covent-Garden,J. S. Barr Bridges-Street, Covent-Garden,
J. S. Barr, Bridges-Street, Covent-Garden,J. S. Barr, Bridges-Street, Covent-Garden,
J. S. Barr, Bridges-Street, Covent-Garden,J. S. Barr, Bridges-Street, Covent-Garden,
J. S. Barr, Bridges-Street, Covent-Garden,J. S. Barr, Bridges-Street, Covent-Garden,
J. S. Barr, Bridges-Street, Covent-Garden,J. S. Barr, Bridges-Street, Covent-Garden,
J. S. Barr, Bridges-street, Covent-Garden,J. S. Barr, Bridges-street, Covent-Garden,
J. S. Barr, Brydges-Street, Covent Garden,J. S. Barr, Brydges-Street, Covent Garden,
J. S. Barr, Brydges-Street, Covent-Garden,J. S. Barr, Brydges-Street, Covent-Garden,
J. S. Barr, Brydges-Street, Covent-Garden,J. S. Barr, Brydges-Street, Covent-Garden,
J. S. Barr, Covent-Garden,J. S. Barr, Covent-Garden,
J. S. Barr, No. 14, Bridges-Street, Covent-Garden,J. S. Barr, No. 14, Bridges-Street, Covent-Garden,
J. S. Barr, No. 14, Brydges-Street, Covent-Garden,J. S. Barr, No. 14, Brydges-Street, Covent-Garden,
J. S. Barr, Oxendon-Street, near the Hay-Market MDCCXC ; three Shillings sewed,J. S. Barr, Oxendon-Street, near Hay-Market MDCCXC ; three Shillings sewed,
J. S. Hollis,J. S. Hollis,
J. S. Hollis,J. S. Hollis,
J. S. Jordan,J. S. Jordan,
J. S. Jordan,J. S. Jordan,
J. S. Jordan,J. S. Jordan,
J. S. Jordan,J. S. Jordan,
J. S. Jordan,J. S. Jordan,
J. S. Jordan,J. S. Jordan,
J. S. Jordan,J. S. Jordan,
J. S. Jordan,J. S. Jordan,
J. S. Jordan,J. S. Jordan,
J. S. Jordan,J. S. Jordan,
J. S. Jordan,J. S. Jordan,
J. S. Jordan,J. S. Jordan,
J. S. Jordan,J. S. Jordan,
J. S. Jordan,J. S. Jordan,
J. S. Jordan,J. S. Jordan,
J. S. Jordan,J. S. Jordan,
J. S. Jordan,J. S. Jordan,
J. S. Jordan,J. S. Jordan,
J. S. Jordan,J. S. Jordan,
J. S. Jordan,J. S. Jordan,
J. S. Jordan,J. S. Jordan,
J. S. Jordan,J. S. Jordan,
J. S. Jordan,J. S. Jordan,
J. S. Jordan,J. S. Jordan,
J. S. Jordan,J. S. Jordan,
J. S. Jordan,J. S. Jordan,
J. S. Jordan,J. S. Jordan,
J. S. Jordan,J. S. Jordan,
J. S. Jordan,J. S. Jordan,
J. S. Jordan,J. S. Jordan,
J. S. Jordan,J. S. Jordan,
J. S. Jordan,J. S. Jordan,
J. S. Jordan,J. S. Jordan,
J. S. Jordan,J. S. Jordan,
J. S. Jordan,J. S. Jordan,
J. S. Jordan,J. S. Jordan,
J. S. Jordan ; J. Scott,J. S. Jordan ; J. Scott,
J. S. Jordan ; J. Smith ; newscarriers ; sold by T. Williams,J. S. Jordan ; J. Smith ; newscarriers ; T. Williams,
J. S. Jordan ; J. Woodhouse ; sold by J. Mathews,J. S. Jordan ; J. Woodhouse ; J. Mathews,
J. S. Jordan, 166, Fleet-Street,J. S. Jordan, 166, Fleet-Street,
J. S. Jordan, Fleet Street ; T. C. Jones, No. 23, Rathbone Place,J. S. Jordan, Fleet Street ; T. C. Jones, No. 23, Rathbone Place,
J. S. Jordan, Fleet-Street ; Sold by J. Debrett, Opposite Burlington-House, Piccadilly,J. S. Jordan, Fleet-Street ; Sold J. Debrett, Opposite Burlington-House, Piccadilly,
J. S. Jordan, No 166, Fleet Street,J. S. Jordan, No 166, Fleet Street,
J. S. Jordan, No 166, Fleet-Street,J. S. Jordan, No 166, Fleet-Street,
J. S. Jordan, No 166, Fleet-Street,J. S. Jordan, No 166, Fleet-Street,
J. S. Jordan, No 166, Fleet-Street,J. S. Jordan, No 166, Fleet-Street,
J. S. Jordan, No Fleet-Street,J. S. Jordan, No Fleet-Street,
J. S. Jordan, No. 166 Fleet-Street,J. S. Jordan, No. 166 Fleet-Street,
J. S. Jordan, No. 166, Fleet Street,J. S. Jordan, No. 166, Fleet Street,
J. S. Jordan, No. 166, Fleet Street,J. S. Jordan, No. 166, Fleet Street,
J. S. Jordan, No. 166, Fleet Street,J. S. Jordan, No. 166, Fleet Street,
J. S. Jordan, No. 166, Fleet Street,J. S. Jordan, No. 166, Fleet Street,
J. S. Jordan, No. 166, Fleet Street,J. S. Jordan, No. 166, Fleet Street,
J. S. Jordan, No. 166, Fleet Street,J. S. Jordan, No. 166, Fleet Street,
J. S. Jordan, No. 166, Fleet Street,J. S. Jordan, No. 166, Fleet Street,
J. S. Jordan, No. 166, Fleet Street,J. S. Jordan, No. 166, Fleet Street,
J. S. Jordan, No. 166, Fleet Street,J. S. Jordan, No. 166, Fleet Street,
J. S. Jordan, No. 166, Fleet Street,J. S. Jordan, No. 166, Fleet Street,
J. S. Jordan, No. 166, Fleet Street,J. S. Jordan, No. 166, Fleet Street,
J. S. Jordan, No. 166, Fleet Street,J. S. Jordan, No. 166, Fleet Street,
J. S. Jordan, No. 166, Fleet Street,J. S. Jordan, No. 166, Fleet Street,
J. S. Jordan, No. 166, Fleet Street,J. S. Jordan, No. 166, Fleet Street,
J. S. Jordan, No. 166, Fleet Street,J. S. Jordan, No. 166, Fleet Street,
J. S. Jordan, No. 166, Fleet Street ; sold ; whom complete Sets,J. S. Jordan, No. 166, Fleet Street ; whom complete Sets,
J. S. Jordan, No. 166, Fleet Street ; Sold by J. Mathews, No. 18, Strand,J. S. Jordan, No. 166, Fleet Street ; Sold J. Mathews, No. 18,,
J. S. Jordan, No. 166, Fleet Street ; sold by T. Williams, No. 8, Little Turnstile, High Holborn,J. S. Jordan, No. 166, Fleet Street ; T. Williams, No. 8, Little Turnstile, High Holborn,
J. S. Jordan, No. 166, Fleet-Street,J. S. Jordan, No. 166, Fleet-Street,
J. S. Jordan, No. 166, Fleet-Street,J. S. Jordan, No. 166, Fleet-Street,
J. S. Jordan, No. 166, Fleet-Street,J. S. Jordan, No. 166, Fleet-Street,
J. S. Jordan, No. 166, Fleet-Street,J. S. Jordan, No. 166, Fleet-Street,
J. S. Jordan, No. 166, Fleet-Street,J. S. Jordan, No. 166, Fleet-Street,
J. S. Jordan, No. 166, Fleet-Street,J. S. Jordan, No. 166, Fleet-Street,
J. S. Jordan, No. 166, Fleet-Street,J. S. Jordan, No. 166, Fleet-Street,
J. S. Jordan, No. 166, Fleet-Street,J. S. Jordan, No. 166, Fleet-Street,
J. S. Jordan, No. 166, Fleet-Street,J. S. Jordan, No. 166, Fleet-Street,
J. S. Jordan, No. 166, Fleet-Street,J. S. Jordan, No. 166, Fleet-Street,
J. S. Jordan, No. 166, Fleet-Street,J. S. Jordan, No. 166, Fleet-Street,
J. S. Jordan, No. 166, Fleet-Street,J. S. Jordan, No. 166, Fleet-Street,
J. S. Jordan, No. 166, Fleet-Street,J. S. Jordan, No. 166, Fleet-Street,
J. S. Jordan, No. 166, Fleet-Street,J. S. Jordan, No. 166, Fleet-Street,
J. S. Jordan, NO. 166, Fleet-Street,J. S. Jordan, NO. 166, Fleet-Street,
J. S. Jordan, No. 166, Fleet-Street,J. S. Jordan, No. 166, Fleet-Street,
J. S. Jordan, No. 166, Fleet-Street,J. S. Jordan, No. 166, Fleet-Street,
J. S. Jordan, No. 166, Fleet-Street,J. S. Jordan, No. 166, Fleet-Street,
J. S. Jordan, No. 166, Fleet-Street,J. S. Jordan, No. 166, Fleet-Street,
J. S. Jordan, No. 166, Fleet-Street,J. S. Jordan, No. 166, Fleet-Street,
J. S. Jordan, No. 166, Fleet-Street,J. S. Jordan, No. 166, Fleet-Street,
J. S. Jordan, No. 166, Fleet-Street,J. S. Jordan, No. 166, Fleet-Street,
J. S. Jordan, No. 166, Fleet-Street,J. S. Jordan, No. 166, Fleet-Street,
J. S. Jordan, No. 166, Fleet-Street,J. S. Jordan, No. 166, Fleet-Street,
J. S. Jordan, No. 166, Fleet-Street,J. S. Jordan, No. 166, Fleet-Street,
J. S. Jordan, No. 166, Fleet-Street,J. S. Jordan, No. 166, Fleet-Street,
J. S. Jordan, No. 166, Fleet-Street,J. S. Jordan, No. 166, Fleet-Street,
J. S. Jordan, No. 166, Fleet-Street,J. S. Jordan, No. 166, Fleet-Street,
J. S. Jordan, No. 166, Fleet-Street,J. S. Jordan, No. 166, Fleet-Street,
J. S. Jordan, No. 166, Fleet-Street,J. S. Jordan, No. 166, Fleet-Street,
J. S. Jordan, No. 166, Fleet-Street,J. S. Jordan, No. 166, Fleet-Street,
J. S. Jordan, No. 166, Fleet-Street,J. S. Jordan, No. 166, Fleet-Street,
J. S. Jordan, No. 166, Fleet-Street,J. S. Jordan, No. 166, Fleet-Street,
J. S. Jordan, no. 166, Fleet-Street,J. S. Jordan, no. 166, Fleet-Street,
J. S. Jordan, No. 166, Fleet-Street,J. S. Jordan, No. 166, Fleet-Street,
J. S. Jordan, No. 166, Fleet-Street,J. S. Jordan, No. 166, Fleet-Street,
J. S. Jordan, No. 166, Fleet-Street,J. S. Jordan, No. 166, Fleet-Street,
J. S. Jordan, No. 166, Fleet-Street,J. S. Jordan, No. 166, Fleet-Street,
J. S. Jordan, No. 166, Fleet-Street,J. S. Jordan, No. 166, Fleet-Street,
J. S. Jordan, No. 166, Fleet-Street,J. S. Jordan, No. 166, Fleet-Street,
J. S. Jordan, No. 166, Fleet-Street,J. S. Jordan, No. 166, Fleet-Street,
J. S. Jordan, No. 166, Fleet-Street,J. S. Jordan, No. 166, Fleet-Street,
J. S. Jordan, No. 166, Fleet-Street,J. S. Jordan, No. 166, Fleet-Street,
J. S. Jordan, No. 166, Fleet-Street,J. S. Jordan, No. 166, Fleet-Street,
J. S. Jordan, No. 166, Fleet-Street,J. S. Jordan, No. 166, Fleet-Street,
J. S. Jordan, No. 166, Fleet-Street,J. S. Jordan, No. 166, Fleet-Street,
J. S. Jordan, No. 166, Fleet-Street,J. S. Jordan, No. 166, Fleet-Street,
J. S. Jordan, No. 166, Fleet-Street,J. S. Jordan, No. 166, Fleet-Street,
J. S. Jordan, No. 166, Fleet-Street,J. S. Jordan, No. 166, Fleet-Street,
J. S. Jordan, No. 166, Fleet-Street,J. S. Jordan, No. 166, Fleet-Street,
J. S. Jordan, No. 166, Fleet-Street ; J. Smith, Portsmouth-Street, Lincoln's Inn Fields,J. S. Jordan, No. 166, Fleet-Street ; J. Smith, Portsmouth-Street, Lincoln's Inn Fields,
J. S. Jordan, No. 166, Fleet-Street ; Newscarriers in Town & Country ; sold by J. Davenport, No. 6, George's Court, St. Johns Gate, clerkenwell,J. S. Jordan, No. 166, Fleet-Street ; Newscarriers Town ; Country ; J. Davenport, No. 6, George's Court, St. Johns Gate, clerkenwell,
J. S. Jordan, No. 166, Fleet-Street ; Norwich, Yarmouth & Lynn ; sold,J. S. Jordan, No. 166, Fleet-Street ; Norwich, Yarmouth ; Lynn,
J. S. Jordan, No. 166, Fleet-Street ; W. Baynes, No. 54, Paternoster-Row,J. S. Jordan, No. 166, Fleet-Street ; W. Baynes, No. 54, Paternoster-Row,
J. S. Jordan, No. 166, Fleet-Street, London ; sold by J. March,J. S. Jordan, No. 166, Fleet-Street, London ; J. March,
J. S. Jordan, No. 166, Fleet-Street, London ; sold by John March,J. S. Jordan, No. 166, Fleet-Street, London ; John March,
J. S. Jordan, No. 166. Fleet-Street,J. S. Jordan, No. 166. Fleet-Street,
J. S. Jordan, No. 166. Fleet-Street,J. S. Jordan, No. 166. Fleet-Street,
J. S. Jordan, No. 166. Fleet-Street,J. S. Jordan, No. 166. Fleet-Street,
J. S. Jordan. Fleet-Street,J. S. Jordan. Fleet-Street,
J. Sadler ; sold by W. Clements,J. Sadler ; W. Clements,
J. Sadler ; sold by W. Clements,J. Sadler ; W. Clements,
J. Sadler ; sold by W. Clements,J. Sadler ; W. Clements,
J. Sadler ; sold by W. Clements,J. Sadler ; W. Clements,
J. Sadler ; sold by W. Clements,J. Sadler ; W. Clements,
J. Sadler ; sold by W. Clements,J. Sadler ; W. Clements,
J. Sadler ; sold by W. Clements,J. Sadler ; W. Clements,
J. Sadler ; sold by W. Clements,J. Sadler ; W. Clements,
J. Sadler ; sold by W. Clements, J. Eves,J. Sadler ; W. Clements, J. Eves,
J. Sadler ; W. Clements,J. Sadler ; W. Clements,
J. Sadler ; W. Clements,J. Sadler ; W. Clements,
J. Sadler ; W. Clements,J. Sadler ; W. Clements,
J. Sadler ; W. Clements,J. Sadler ; W. Clements,
J. Sadler ; W. Clements,J. Sadler ; W. Clements,
J. Sadler ; W. Clements,J. Sadler ; W. Clements,
J. Sadler ; W. Clements,J. Sadler ; W. Clements,
J. Sadler in the year ; W. Clements,J. Sadler year ; W. Clements,
J. Sadler, J. Eves ; M. Clements,J. Sadler, J. Eves ; M. Clements,
J. Sadler, J. Eves ; M. Clements,J. Sadler, J. Eves ; M. Clements,
J. Sadler, J. Eves ; M. Clements,J. Sadler, J. Eves ; M. Clements,
J. Sadler, J. Eves ; M. Clements,J. Sadler, J. Eves ; M. Clements,
J. Salmon ; Stall-Street, Bath ; where printing in all its branches is neatly executed,J. Salmon ; Stall-Street, Bath ; where printing all its branches is neatly executed,
J. Salter, Oswestry ; sold by Mr. Hurst, No. 32, Paternoster-Row, London,J. Salter, Oswestry ; Mr. Hurst, No. 32, Paternoster-Row, London,
J. Sammells,J. Sammells,
J. Sammells ; Society,J. Sammells ; Society,
J. Sammells ; sold by G. Kearsley ; writer,J. Sammells ; G. Kearsley ; writer,
J. Sammells & M. Ritchie ; Jacksonianis ; T. & T. Payne,J. Sammells ; M. Ritchie ; Jacksonianis ; T. ; T. Payne,
J. Sammells, George's Court, Clerkenwell ; T. Knott, Lombard-Street ; W. Button, Paternoster-Row,J. Sammells, George's Court, Clerkenwell ; T. Knott, Lombard-Street ; W. Button, Paternoster-Row,
J. Scatchard ; Lackington, Allen ; R. Lea, J. Nunn, Darton & Harvey ; Vernor & Hood, J. Cuthell, J. Walker, Ogilvy,J. Scatchard ; Lackington, Allen ; R. Lea, J. Nunn, Darton ; Harvey ; Vernor ; Hood, J. Cuthell, J. Walker, Ogilvy,
J. Scatchard ; Leigh & Sotheby, B. Law, G.G.J & J. Robinson, T. Cadell, J. Murray, J & C. Rivington, W. Richardson, T. Egerton, W. Goldsmith,J. Scatchard ; Leigh ; Sotheby, B. Law, G.G.J ; J. Robinson, T. Cadell, J. Murray, J ; C. Rivington, W. Richardson, T. Egerton, W. Goldsmith,
J. Scatcherd ; Longmand & Rees,J. Scatcherd ; Longmand ; Rees,
J. Scatcherd ; T. Longman, B. Law, G.G & J. Robinson, R. Baldwin, F & C. Rivington, G & T. Wilkie,J. Scatcherd ; T. Longman, B. Law, G.G ; J. Robinson, R. Baldwin, F ; C. Rivington, G ; T. Wilkie,
J. Scatcherd & J. Whitaker ; John Fielding,J. Scatcherd ; J. Whitaker ; John Fielding,
J. Scatcherd & J. Whitaker, No. 12, Ave-Maria-Lane ; R. Noble,J. Scatcherd ; J. Whitaker, No. 12, Ave-Maria-Lane ; R. Noble,
J. Scatcherd Ave-Marie-Lane ; assignment from Thomas Beecroft,J. Scatcherd Ave-Marie-Lane ; assignment from Thomas Beecroft,
J. Scatcherd, Ave Maria Lane,J. Scatcherd, Ave Maria Lane,
J. Scatcherd, No. 12, Ave-Maria Lane,J. Scatcherd, No. 12, Ave-Maria Lane,
J. Scatcherd, No. 12, Ave-Maria-Lane,J. Scatcherd, No. 12, Ave-Maria-Lane,
J. Scatcherd, No. 12, Ave-Maria-Lane,J. Scatcherd, No. 12, Ave-Maria-Lane,
J. Scatcherd, NO. 12, Ave-Maria-Lane ; R. Noble,J. Scatcherd, NO. 12, Ave-Maria-Lane ; R. Noble,
J. Scatcherd, No.12, Ave-Maria-lane,J. Scatcherd, No.12, Ave-Maria-lane,
J. Scatcherd, W. Bent, J. Walker, C. Law, T.N. Longman ; J. Wallis,J. Scatcherd, W. Bent, J. Walker, C. Law, T.N. Longman ; J. Wallis,
J. Schofield, Scarborough ; Scale-Lane ; Thomas Lee,J. Schofield, Scarborough ; Scale-Lane ; Thomas Lee,
J. Scott,J. Scott,
J. Scott ; King-Street, westminster ; circulating library,J. Scott ; King-Street, westminster ; circulating library,
J. Scott at his circulating library ; King-street, Westminster,J. Scott at his circulating library ; King-street, Westminster,
J. Seagrave,J. Seagrave,
J. Seagrave,J. Seagrave,
J. Seagrave,J. Seagrave,
J. Seagrave,J. Seagrave,
J. Seagrave,J. Seagrave,
J. Seagrave ; sold,J. Seagrave,
J. Seagrave ; sold by F. & C. Rivington, St. Paul's Church-Yard, London,J. Seagrave ; F. ; C. Rivington, St. Paul's Church-Yard, London,
J. Seagrave. For Longman & Rees, Paternoster-Row, London,J. Seagrave. For Longman ; Rees, Paternoster-Row, London,
J. Seddon,J. Seddon,
J. Sellers, Wapping,J. Sellers, Wapping,
J. Sellers, Wapping,J. Sellers, Wapping,
J. Sellers, Wapping ; entered At The Stamp Office ; sold,J. Sellers, Wapping ; entered At The Stamp Office,
J. Sewel, Cornhill ; W. Clarke, Lincoln's Inn ; sold by J. Debrett, Piccadilly,J. Sewel, Cornhill ; W. Clarke, Lincoln's Inn ; J. Debrett, Piccadilly,
J. Sewell,J. Sewell,
J. Sewell,J. Sewell,
J. Sewell,J. Sewell,
J. Sewell,J. Sewell,
J. Sewell,J. Sewell,
J. Sewell,J. Sewell,
J. Sewell ; J. Walter ; Logographic Press ; T. Cadell,J. Sewell ; J. Walter ; Logographic Press ; T. Cadell,
J. Sewell ; J. Walter ; Logographic Press ; T. Cadell,J. Sewell ; J. Walter ; Logographic Press ; T. Cadell,
J. Sewell ; J. Wright,J. Sewell ; J. Wright,
J. Sewell ; Messrs. Murray & Highley ; T. Woodfall ; reporter ; sold by J. Debrett,J. Sewell ; Messrs. Murray ; Highley ; T. Woodfall ; reporter ; J. Debrett,
J. Sewell ; Sold by W. Miller ; T. Spilsbury,J. Sewell ; Sold W. Miller ; T. Spilsbury,
J. Sewell ; T. Maiden ; Vernor & Hood ; W & W. Ginger,J. Sewell ; T. Maiden ; Vernor ; Hood ; W ; W. Ginger,
J. Sewell, Corn-Hill ; W. Bulmer ; sold by G. Nicol, Pall-Mall,J. Sewell, Corn-Hill ; W. Bulmer ; G. Nicol, Pall-Mall,
J. Sewell, Cornhill,J. Sewell, Cornhill,
J. Sewell, Cornhill,J. Sewell, Cornhill,
J. Sewell, Cornhill ; J. Stockdale, Piccadilly,J. Sewell, Cornhill ; J. Stockdale, Piccadilly,
J. Sewell, Cornhill ; J. Walter, Charing-Cross ; sold by J. Johnson, St. Paul's Church-Yard,J. Sewell, Cornhill ; J. Walter, Charing-Cross ; J. Johnson, St. Paul's Church-Yard,
J. Sewell, Cornhill ; J. Wright, Opposite Old Bond-Street, Piccadilly,J. Sewell, Cornhill ; J. Wright, Opposite Old Bond-Street, Piccadilly,
J. Sewell, Cornhill ; J. Wright, Piccadilly,J. Sewell, Cornhill ; J. Wright, Piccadilly,
J. Sewell, Cornhill ; Knight & Triphook ; St. James's Street,J. Sewell, Cornhill ; Knight ; Triphook ; St. James's Street,
J. Sewell, Cornhill ; R.H. Westley, No. 201 Strand, London ; sold by J. Watts ; sold by T.N. Longman, Pater-Noster Row,J. Sewell, Cornhill ; R.H. Westley, No. 201 Strand, London ; J. Watts ; T.N. Longman, Pater-Noster Row,
J. Sewell, Cornhill ; sold by G Nicol, Pall-Mall,J. Sewell, Cornhill ; G Nicol, Pall-Mall,
J. Sewell, Cornhill ; sold by G. Nicol,J. Sewell, Cornhill ; G. Nicol,
J. Sewell, Cornhill ; sold by T & J. Egerton, Charing-Cross,J. Sewell, Cornhill ; T ; J. Egerton, Charing-Cross,
J. Sewell, Cornhill ; sold by T. Baker. Sold,J. Sewell, Cornhill ; T. Baker. Sold,
J. Sewell, Cornhill ; T. Maiden ; Vernor & Hood, Poultry,J. Sewell, Cornhill ; T. Maiden ; Vernor ; Hood, Poultry,
J. Sewell, Cornhill, March,J. Sewell, Cornhill, March,
J. Sewell, No. 32, Cornhill,J. Sewell, No. 32, Cornhill,
J. Sewell, No. 32, Cornhill,J. Sewell, No. 32, Cornhill,
J. Sewell, No. 32, Cornhill,J. Sewell, No. 32, Cornhill,
J. Sewell, No. 32, Cornhill,J. Sewell, No. 32, Cornhill,
J. Sewell, No. 32, Cornhill,J. Sewell, No. 32, Cornhill,
J. Sewell, NO. 32, Cornhill,J. Sewell, NO. 32, Cornhill,
J. Sewill, Cornhill, London ; N. Biggs, St. Augustine's ; Strand ; sold by J. Matthews,J. Sewill, Cornhill, London ; N. Biggs, St. Augustine's ; J. Matthews,
J. Sharp,J. Sharp,
J. Sharp ; sold by Messrs. Rivingtons, St. Paul's Church-Yard, London,J. Sharp ; Messrs. Rivingtons, St. Paul's Church-Yard, London,
J. Sharp ; sold by Messrs. Rivingtons, St. Paul's Church-Yard, London,J. Sharp ; Messrs. Rivingtons, St. Paul's Church-Yard, London,
J. Sibbald ; sold by T. Kay, Strand,J. Sibbald ; T. Kay,,
J. Sibbald ; sold by T. Kay, Strand,J. Sibbald ; T. Kay,,
J. Sieckdale, Piccadilly ; J. Todd, York ; R. Baldwin, Pater-Noster Row ; W. Blanchard,J. Sieckdale, Piccadilly ; J. Todd, York ; R. Baldwin, Pater-Noster Row ; W. Blanchard,
J. Simpson, Front of the Royal Exchange,J. Simpson, Front of Royal Exchange,
J. Sketchley ; M. Swinney ; Mess. Wilkie, London ; sold,J. Sketchley ; M. Swinney ; Mess. Wilkie, London,
J. Skirven ; Mr. Dalton's, No. 2, Naval-Row, Blackwall ; Mr. Gooding's, No. 2, Stewart-Street, Spitalfields ; Mr. Higgins's. No.49, Shoe Lane, Holborn ; Rev. Mr. C. Fleming's Academy, near Old Ford, Middlesex ; sold at the Meeting-House, Little Alie-Street, Goodman's Fields,J. Skirven ; Mr. Dalton's, No. 2, Naval-Row, Blackwall ; Mr. Gooding's, No. 2, Stewart-Street, Spitalfields ; Mr. Higgins's. No.49, Shoe Lane, Holborn ; Rev. Mr. C. Fleming's Academy, near Old Ford, Middlesex ; at Meeting-House, Little Alie-Street, Goodman's Fields,
J. Skirven ; Royal Exchange ; sold by Wm. Richardson,J. Skirven ; Royal Exchange ; Wm. Richardson,
J. Skirven, Ratclife-Highway,J. Skirven, Ratclife-Highway,
J. Skirven, Ratcliff-Highway ; sold by I.P. Bateman, Devonshire-Street,J. Skirven, Ratcliff-Highway ; I.P. Bateman, Devonshire-Street,
J. Slater ; John Bennet ; sold by Ridgard & Bennet, J. Smith, A & E. Gabs,J. Slater ; John Bennet ; Ridgard ; Bennet, J. Smith, A ; E. Gabs,
J. Smart,J. Smart,
J. Smart,J. Smart,
J. Smart,J. Smart,
J. Smart,J. Smart,
J. Smart,J. Smart,
J. Smart,J. Smart,
J. Smart,J. Smart,
J. Smart,J. Smart,
J. Smart,J. Smart,
J. Smart,J. Smart,
J. Smart,J. Smart,
J. Smart,J. Smart,
J. Smart,J. Smart,
J. Smart,J. Smart,
J. Smart,J. Smart,
J. Smart,J. Smart,
J. Smart,J. Smart,
J. Smart,J. Smart,
J. Smart,J. Smart,
J. Smart,J. Smart,
J. Smart,J. Smart,
J. Smart,J. Smart,
J. Smart,J. Smart,
J. Smart,J. Smart,
J. Smart,J. Smart,
J. Smart,J. Smart,
J. Smart,J. Smart,
J. Smart,J. Smart,
J. Smart,J. Smart,
J. Smart,J. Smart,
J. Smart,J. Smart,
J. Smart,J. Smart,
J. Smart,J. Smart,
J. Smart,J. Smart,
J. Smart,J. Smart,
J. Smart,J. Smart,
J. Smart ; sold by J. P. Coghlan, Duke-Street, Grosvenor square, London,J. Smart ; J. P. Coghlan, Duke-Street, Grosvenor square, London,
J. Smart ; W. Lowndes, NO. 77, Fleet-Street, London,J. Smart ; W. Lowndes, NO. 77, Fleet-Street, London,
J. Smart, who will thankfully receive advertisements, orders, letters ; this paper,J. Smart, who will thankfully receive advertisements, orders, letters ; this paper,
J. Smart. For Thomas Booker, New Bond-Street, London,J. Smart. For Thomas Booker, New Bond-Street, London,
J. Smeeton,J. Smeeton,
J. Smeeton,J. Smeeton,
J. Smeeton,J. Smeeton,
J. Smeeton,J. Smeeton,
J. Smeeton,J. Smeeton,
J. Smeeton,J. Smeeton,
J. Smeeton,J. Smeeton,
J. Smeeton,J. Smeeton,
J. Smeeton,J. Smeeton,
J. Smeeton,J. Smeeton,
J. Smeeton ; R. Blamire, Strand, Near Charing Cross ; St Martin's,J. Smeeton ; R. Blamire, Strand, Near Charing Cross ; St Martin's,
J. Smeeton ; sold by T. Egerton, Opposite the Admiralty,J. Smeeton ; T. Egerton, Opposite Admiralty,
J. Smeeton ; St Martin's,J. Smeeton ; St Martin's,
J. Smeeton ; St Martin's,J. Smeeton ; St Martin's,
J. Smeeton ; St Martin's,J. Smeeton ; St Martin's,
J. Smeeton ; St Martin's,J. Smeeton ; St Martin's,
J. Smeeton ; St Martin's,J. Smeeton ; St Martin's,
J. Smeeton, Charing Cross,J. Smeeton, Charing Cross,
J. Smeeton, No. 148, ST. Martin's Lane, Charing Cross,J. Smeeton, No. 148, ST. Martin's Lane, Charing Cross,
J. Smeeton, No. 148, St. Martin's Lane, Charing Cross,J. Smeeton, No. 148, St. Martin's Lane, Charing Cross,
J. Smeeton, No.148, St. Martin's Lane,J. Smeeton, No.148, St. Martin's Lane,
J. Smeeton, sold by F & C. Rivington, No. 62, St. Paul's Church Yard, London,J. Smeeton, F ; C. Rivington, No. 62, St. Paul's Church Yard, London,
J. Smeeton, St. Martin's Lane,J. Smeeton, St. Martin's Lane,
J. Smeeton, St. Martin's Lane,J. Smeeton, St. Martin's Lane,
J. Smeeton, St. Martin's Lane ; New Bond Street ; R. Faulder ; S. Staunton, opposite Northumberland Street, Strand ; sold by F & C. Rivington, St. Paul's Church Yard,J. Smeeton, St. Martin's Lane ; New Bond Street ; R. Faulder ; S. Staunton, opposite Northumberland Street, ; F ; C. Rivington, St. Paul's Church Yard,
J. Smeeton, St. Martin's Lane, Charing Cross ; sold,J. Smeeton, St. Martin's Lane, Charing Cross,
J. Smeeton, St. Martin's Lanz ; Strand ; sold by T. Cadell,J. Smeeton, St. Martin's Lanz ; T. Cadell,
J. Smith,J. Smith,
J. Smith,J. Smith,
J. Smith,J. Smith,
J. Smith,J. Smith,
J. Smith,J. Smith,
J. Smith,J. Smith,
J. Smith,J. Smith,
J. Smith ; Pop-Gun, Ports-Mouth-Street, Lincoln's-Inn-Fields,J. Smith ; Pop-Gun, Ports-Mouth-Street, Lincoln's-Inn-Fields,
J. Smith ; Pop-Gun, Portsmouth-Street, Lincoln's-Inn-Fields,J. Smith ; Pop-Gun, Portsmouth-Street, Lincoln's-Inn-Fields,
J. Smith ; Pop-Gun, Portsmouth-Street, Lincoln's-Inn-Fields,J. Smith ; Pop-Gun, Portsmouth-Street, Lincoln's-Inn-Fields,
J. Smith ; Pop-Gun, Portsmouth-street, Lincoln's-Inn-Fields,J. Smith ; Pop-Gun, Portsmouth-street, Lincoln's-Inn-Fields,
J. Smith ; Pop-Gun, Portsmouth-Street, Lincoln's-Inn-Fields,J. Smith ; Pop-Gun, Portsmouth-Street, Lincoln's-Inn-Fields,
J. Smith ; Pop-Gun, Pourtsmouth-Street ; T. G. Ballard, No. 7, Little Mays Buildings Bedford-Street,J. Smith ; Pop-Gun, Pourtsmouth-Street ; T. G. Ballard, No. 7, Little Mays Buildings Bedford-Street,
J. Smith ; sold,J. Smith,
J. Smith ; sold by D. I. Eaton,J. Smith ; D. I. Eaton,
J. Smith ; Strand,J. Smith,
J. Smith ; T. G. Ballard,J. Smith ; T. G. Ballard,
J. Smith ; T. G. Ballard,J. Smith ; T. G. Ballard,
J. Smith ; T. G. Ballard,J. Smith ; T. G. Ballard,
J. Smith, Portsmouth Street Lincolns-Inn-Fields T. G. Ballard, No. 3, Bedford Court, Covent Garden,J. Smith, Portsmouth Street Lincolns-Inn-Fields T. G. Ballard, No. 3, Bedford Court, Covent Garden,
J. Smith, Portsmouth-Street, Lincoln's-Inn Fields,J. Smith, Portsmouth-Street, Lincoln's-Inn Fields,
J. Smith, Portsmouth-Street, Lincoln's-Inn Fields,J. Smith, Portsmouth-Street, Lincoln's-Inn Fields,
J. Smith, Portsmouth-Street, Lincoln's-Inn Fields,J. Smith, Portsmouth-Street, Lincoln's-Inn Fields,
J. Smith, Portsmouth-Street, Lincoln's-Inn Fields ; sold,J. Smith, Portsmouth-Street, Lincoln's-Inn Fields,
J. Smith, Portsmouth-Street, Lincoln's-Inn-Fields ; Parsons, Paternoster-Row ; T. G. Ballard, No. 7, Little May's Buildings, Bedford-Street. Sold,J. Smith, Portsmouth-Street, Lincoln's-Inn-Fields ; Parsons, Paternoster-Row ; T. G. Ballard, No. 7, Little May's Buildings, Bedford-Street. Sold,
J. Smith, Portsmouth-street, Lincoln's-Inn-Fields ; Ridgeway, York-street, St. James's-Square ; W. England ; most,J. Smith, Portsmouth-street, Lincoln's-Inn-Fields ; Ridgeway, York-street, St. James's-Square ; W. England ; most,
J. Smith, Portsmouth-Street, Lincoln's-Inn-Fields ; sold,J. Smith, Portsmouth-Street, Lincoln's-Inn-Fields,
J. Smith, Portsmouth-Street, Lincoln's-Inn-Fields ; Sold by D.I. Eaton, Newgate-Street,J. Smith, Portsmouth-Street, Lincoln's-Inn-Fields ; Sold D.I. Eaton, Newgate-Street,
J. Smith, Sheffield & by Mrs. Gosling, Sheffield ; W. Ward, J. Gales, J. Northall, E. Ridgard, T. Pierson ; sold by G. G & J. Robinson, London,J. Smith, Sheffield ; Mrs. Gosling, Sheffield ; W. Ward, J. Gales, J. Northall, E. Ridgard, T. Pierson ; G. G ; J. Robinson, London,
J. Soulby,J. Soulby,
J. Southern, St. James's-Street ; Petty France, Westminster ; W. Nicoll, St. Paul's Church-Yard ; sold,J. Southern, St. James's-Street ; Petty France, Westminster ; W. Nicoll, St. Paul's Church-Yard,
J. Southern, St. James's-Street ; R. Faulder, New Bond-Street ; sold by Messrs. G.G.J & J. Robinson, Paternoster-Row,J. Southern, St. James's-Street ; R. Faulder, New Bond-Street ; Messrs. G.G.J ; J. Robinson, Paternoster-Row,
J. Speare, London ; John Binns ; sold by J. Johnson, D. Ogilvy,J. Speare, London ; John Binns ; J. Johnson, D. Ogilvy,
J. Speare, London ; John Binns ; sold by J. Johnson, D. Ogilvy,J. Speare, London ; John Binns ; J. Johnson, D. Ogilvy,
J. Sprange,J. Sprange,
J. Sprange,J. Sprange,
J. Sprange,J. Sprange,
J. Sprange,J. Sprange,
J. Sprange,J. Sprange,
J. Sprange,J. Sprange,
J. Sprange,J. Sprange,
J. Sprange,J. Sprange,
J. Sprange,J. Sprange,
J. Sprange,J. Sprange,
J. Sprange,J. Sprange,
J. Sprange,J. Sprange,
J. Sprange,J. Sprange,
J. Sprange,J. Sprange,
J. Sprange,J. Sprange,
J. Sprange,J. Sprange,
J. Sprange,J. Sprange,
J. Sprange,J. Sprange,
J. Sprange,J. Sprange,
J. Sprange,J. Sprange,
J. Sprange,J. Sprange,
J. Sprange,J. Sprange,
J. Sprange,J. Sprange,
J. Sprange,J. Sprange,
J. Sprange,J. Sprange,
J. Sprange,J. Sprange,
J. Sprange,J. Sprange,
J. Sprange,J. Sprange,
J. Sprange,J. Sprange,
J. Sprange,J. Sprange,
J. Sprange,J. Sprange,
J. Sprange,J. Sprange,
J. Sprange,J. Sprange,
J. Sprange,J. Sprange,
J. Sprange,J. Sprange,
J. Sprange,J. Sprange,
J. Sprange,J. Sprange,
J. Sprange,J. Sprange,
J. Sprange,J. Sprange,
J. Sprange,J. Sprange,
J. Sprange,J. Sprange,
J. Sprange,J. Sprange,
J. Sprange,J. Sprange,
J. Sprange,J. Sprange,
J. Sprange,J. Sprange,
J. Sprange,J. Sprange,
J. Sprange,J. Sprange,
J. Sprange,J. Sprange,
J. Sprange,J. Sprange,
J. Sprange,J. Sprange,
J. Sprange,J. Sprange,
J. Sprange,J. Sprange,
J. Sprange,J. Sprange,
J. Sprange,J. Sprange,
J. Sprange,J. Sprange,
J. Sprange,J. Sprange,
J. Sprange,J. Sprange,
J. Sprange,J. Sprange,
J. Sprange,J. Sprange,
J. Sprange,J. Sprange,
J. Sprange,J. Sprange,
J. Sprange,J. Sprange,
J. Sprange,J. Sprange,
J. Sprange,J. Sprange,
J. Sprange,J. Sprange,
J. Sprange,J. Sprange,
J. Sprange,J. Sprange,
J. Sprange,J. Sprange,
J. Sprange,J. Sprange,
J. Sprange,J. Sprange,
J. Sprange,J. Sprange,
J. Sprange,J. Sprange,
J. Sprange,J. Sprange,
J. Sprange,J. Sprange,
J. Sprange,J. Sprange,
J. Sprange,J. Sprange,
J. Sprange,J. Sprange,
J. Sprange,J. Sprange,
J. Sprange,J. Sprange,
J. Sprange,J. Sprange,
J. Sprange,J. Sprange,
J. Sprange,J. Sprange,
J. Sprange,J. Sprange,
J. Sprange,J. Sprange,
J. Sprange,J. Sprange,
J. Sprange,J. Sprange,
J. Sprange,J. Sprange,
J. Sprange,J. Sprange,
J. Sprange,J. Sprange,
J. Sprange,J. Sprange,
J. Sprange,J. Sprange,
J. Sprange,J. Sprange,
J. Sprange,J. Sprange,
J. Sprange,J. Sprange,
J. Sprange,J. Sprange,
J. Sprange,J. Sprange,
J. Sprange,J. Sprange,
J. Sprange,J. Sprange,
J. Sprange,J. Sprange,
J. Sprange,J. Sprange,
J. Sprange,J. Sprange,
J. Sprange,J. Sprange,
J. Sprange,J. Sprange,
J. Sprange,J. Sprange,
J. Sprange,J. Sprange,
J. Sprange,J. Sprange,
J. Sprange,J. Sprange,
J. Sprange,J. Sprange,
J. Sprange,J. Sprange,
J. Sprange,J. Sprange,
J. Sprange,J. Sprange,
J. Sprange,J. Sprange,
J. Sprange,J. Sprange,
J. Sprange,J. Sprange,
J. Sprange,J. Sprange,
J. Sprange,J. Sprange,
J. Sprange,J. Sprange,
J. Sprange,J. Sprange,
J. Sprange,J. Sprange,
J. Sprange,J. Sprange,
J. Sprange,J. Sprange,
J. Sprange,J. Sprange,
J. Sprange,J. Sprange,
J. Sprange,J. Sprange,
J. Sprange,J. Sprange,
J. Sprange,J. Sprange,
J. Sprange,J. Sprange,
J. Sprange,J. Sprange,
J. Sprange,J. Sprange,
J. Sprange,J. Sprange,
J. Sprange,J. Sprange,
J. Sprange,J. Sprange,
J. Sprange,J. Sprange,
J. Sprange,J. Sprange,
J. Sprange,J. Sprange,
J. Sprange,J. Sprange,
J. Sprange,J. Sprange,
J. Sprange,J. Sprange,
J. Sprange,J. Sprange,
J. Sprange,J. Sprange,
J. Sprange,J. Sprange,
J. Sprange,J. Sprange,
J. Sprange,J. Sprange,
J. Sprange,J. Sprange,
J. Sprange,J. Sprange,
J. Sprange,J. Sprange,
J. Sprange,J. Sprange,
J. Sprange,J. Sprange,
J. Sprange,J. Sprange,
J. Sprange,J. Sprange,
J. Sprange,J. Sprange,
J. Sprange,J. Sprange,
J. Sprange,J. Sprange,
J. Sprange,J. Sprange,
J. Sprange,J. Sprange,
J. Sprange,J. Sprange,
J. Sprange,J. Sprange,
J. Sprange,J. Sprange,
J. Sprange,J. Sprange,
J. Sprange,J. Sprange,
J. Sprange,J. Sprange,
J. Sprange,J. Sprange,
J. Sprange,J. Sprange,
J. Sprange,J. Sprange,
J. Sprange,J. Sprange,
J. Sprange,J. Sprange,
J. Sprange,J. Sprange,
J. Sprange,J. Sprange,
J. Sprange,J. Sprange,
J. Sprange,J. Sprange,
J. Sprange,J. Sprange,
J. Sprange,J. Sprange,
J. Sprange,J. Sprange,
J. Sprange,J. Sprange,
J. Sprange,J. Sprange,
J. Sprange,J. Sprange,
J. Sprange,J. Sprange,
J. Sprange,J. Sprange,
J. Sprange,J. Sprange,
J. Sprange,J. Sprange,
J. Sprange,J. Sprange,
J. Sprange,J. Sprange,
J. Sprange,J. Sprange,
J. Sprange ; sold by T. Balcomb & John Fleming, Burwash,J. Sprange ; T. Balcomb ; John Fleming, Burwash,
J. Sprange ; Tunbridge-Wells,J. Sprange ; Tunbridge-Wells,
J. Sprange, Tunbridge-Wells,J. Sprange, Tunbridge-Wells,
J. Sprange, Tunbridge-Wells,J. Sprange, Tunbridge-Wells,
J. Spurway,J. Spurway,
J. St. John, No. 49, Strand,J. St. John, No. 49,,
J. Stead,J. Stead,
J. Stead ; Naval & Military Printing-Office, Gosport ; T. Evans, Paternoster Row,J. Stead ; Naval ; Military Printing-Office, Gosport ; T. Evans, Paternoster Row,
J. Stead, Gosport,J. Stead, Gosport,
J. Stell, Hastings ; T. N. Longman, London,J. Stell, Hastings ; T. N. Longman, London,
J. Stocdall,J. Stocdall,
J. Stocdall,J. Stocdall,
J. Stockdale,J. Stockdale,
J. Stockdale,J. Stockdale,
J. Stockdale,J. Stockdale,
J. Stockdale,J. Stockdale,
J. Stockdale,J. Stockdale,
J. Stockdale,J. Stockdale,
J. Stockdale,J. Stockdale,
J. Stockdale,J. Stockdale,
J. Stockdale,J. Stockdale,
J. Stockdale,J. Stockdale,
J. Stockdale,J. Stockdale,
J. Stockdale ; J. Walker ; W. Richardson,J. Stockdale ; J. Walker ; W. Richardson,
J. Stockdale ; J.F & C. Rivington,J. Stockdale ; J.F ; C. Rivington,
J. Stockdale ; Piccadilly,J. Stockdale ; Piccadilly,
J. Stockdale, London ; J. Todd, York ; R. Baldwin ; W. Blanchard,J. Stockdale, London ; J. Todd, York ; R. Baldwin ; W. Blanchard,
J. Stockdale, opposite Burlington House, Piccadilly,J. Stockdale, opposite Burlington House, Piccadilly,
J. Stockdale, opposite Burlington-House, Piccadilly,J. Stockdale, opposite Burlington-House, Piccadilly,
J. Stockdale, opposite Burlington-House, Piccadilly,J. Stockdale, opposite Burlington-House, Piccadilly,
J. Stockdale, opposite Burlington-House, Piccadilly ; S. Hazard, Bath,J. Stockdale, opposite Burlington-House, Piccadilly ; S. Hazard, Bath,
J. Stockdale, opposite Burlington-House, Piccadilly ; W. Woodfall,J. Stockdale, opposite Burlington-House, Piccadilly ; W. Woodfall,
J. Stockdale, opposite Burlington-House, Piccadilly. Sold ; Paternoster-Row ; R. Baldwin,J. Stockdale, opposite Burlington-House, Piccadilly. Sold ; Paternoster-Row ; R. Baldwin,
J. Stockdale, Piccadilly,J. Stockdale, Piccadilly,
J. Stockdale, Piccadilly,J. Stockdale, Piccadilly,
J. Stockdale, Piccadilly,J. Stockdale, Piccadilly,
J. Stockdale, Piccadilly,J. Stockdale, Piccadilly,
J. Stockdale, Piccadilly ; benefit of the French clergy ; sold by P. Elmsly in the Strand,J. Stockdale, Piccadilly ; benefit of French clergy ; P. Elmsly,
J. Stockdale, Piccadilly ; T. Cadell, Strand ; T. Evans, Pater-Noster-Row ; sold by J. Johnson, St. Paul's Church-Yard,J. Stockdale, Piccadilly ; T. Cadell, ; T. Evans, Pater-Noster-Row ; J. Johnson, St. Paul's Church-Yard,
J. Stockdale, Piccadilly ; W. Clarke, Portugal-Street, Lincoln's Inn,J. Stockdale, Piccadilly ; W. Clarke, Portugal-Street, Lincoln's Inn,
J. Strahan,J. Strahan,
J. Strahan, No 67, Near The Adelphi, Strand,J. Strahan, No 67, Near The Adelphi,,
J. Strahan, No 67, near the Adelphi, Strand,J. Strahan, No 67, near Adelphi,,
J. Strahan, No. 67, Near the Adelphi, Strand,J. Strahan, No. 67, Near Adelphi,,
J. Strahan, NO. 67, Near The Adelphi, Strand,J. Strahan, NO. 67, Near The Adelphi,,
J. Straphan,J. Straphan,
J. Stratford, Holborn-Hill,J. Stratford, Holborn-Hill,
J. Sudbury,J. Sudbury,
J. Sudbury, No. 10, Lambeth Marsh, near the Marsh Gate Turnpike,J. Sudbury, No. 10, Lambeth Marsh, near Marsh Gate Turnpike,
J. Sudbury, No. 16, Tooley-Street,J. Sudbury, No. 16, Tooley-Street,
J. Sudbury, No.16, Tooly-Street, Southwark,J. Sudbury, No.16, Tooly-Street, Southwark,
J. Sudbury, Tooley-Street,J. Sudbury, Tooley-Street,
J. Sudbury, Tooley-street ; Sold by W. Cavell, Holborn ; T. Scollick, City-Road ; pamphlet shops at the Royal Exchange,J. Sudbury, Tooley-street ; Sold W. Cavell, Holborn ; T. Scollick, City-Road ; pamphlet shops at Royal Exchange,
J. Swan ; Vernor & Hood, No. 31, Poultry,J. Swan ; Vernor ; Hood, No. 31, Poultry,
J. Taylor,J. Taylor,
J. Taylor,J. Taylor,
J. Taylor,J. Taylor,
J. Taylor ; Mr. Nealson ; Mr. Nesbitt ; sold,J. Taylor ; Mr. Nealson ; Mr. Nesbitt,
J. Taylor ; William Eyres ; sold by T. Cadell, J. Johnson, C. Dilly,J. Taylor ; William Eyres ; T. Cadell, J. Johnson, C. Dilly,
J. Taylor, Holborn ; Logographic Press ; sold by J. Walter, No. 169, opposite Old Bond-Street, Piccadilly,J. Taylor, Holborn ; Logographic Press ; J. Walter, No. 169, opposite Old Bond-Street, Piccadilly,
J. Taylor, Holborn, London ; R. Pocock ; sold by Messrs. Robinsons, Paternoster-Row,J. Taylor, Holborn, London ; R. Pocock ; Messrs. Robinsons, Paternoster-Row,
J. Taylor, London,J. Taylor, London,
J. Thelwall,J. Thelwall,
J. Thelwall ; Political Lecture Room, Beanfort-Buildings, Strand ; sold by all the patriotic,J. Thelwall ; Political Lecture Room, Beanfort-Buildings, ; all patriotic,
J. Thelwall ; Political Lecture Room, Beaufort-Buildings, Strand ; sold by all the patriotic,J. Thelwall ; Political Lecture Room, Beaufort-Buildings, ; all patriotic,
J. Thelwall ; Political Lecture Room, Beausort. Buildings, Strand ; sold by all the patriotic,J. Thelwall ; Political Lecture Room, Beausort. Buildings, ; all patriotic,
J. Thomas,J. Thomas,
J. Thompson,J. Thompson,
J. Thompson,J. Thompson,
J. Thompson,J. Thompson,
J. Thompson,J. Thompson,
J. Thompson,J. Thompson,
J. Thompson,J. Thompson,
J. Thompson,J. Thompson,
J. Thompson,J. Thompson,
J. Thompson,J. Thompson,
J. Thompson,J. Thompson,
J. Thompson,J. Thompson,
J. Thompson,J. Thompson,
J. Thompson,J. Thompson,
J. Thompson,J. Thompson,
J. Thompson,J. Thompson,
J. Thompson,J. Thompson,
J. Thompson,J. Thompson,
J. Thompson,J. Thompson,
J. Thompson ; sold,J. Thompson,
J. Thompson ; sold at the Rev. Mr. Wesley's preaching-houses in town & country,J. Thompson ; at Rev. Mr. Wesley's preaching-houses town ; country,
J. Thompson ; sold by J. Deighton, No 274, Holborn,J. Thompson ; J. Deighton, No 274, Holborn,
J. Thompson ; sold by J. Deighton, No 274, Holborn,J. Thompson ; J. Deighton, No 274, Holborn,
J. Thompson ; sold by J. Johnson, London,J. Thompson ; J. Johnson, London,
J. Thompson ; sold by J. Johnson, London,J. Thompson ; J. Johnson, London,
J. Thompson ; sold by J. Johnson, London,J. Thompson ; J. Johnson, London,
J. Thompson ; sold by J. Johnson, London,J. Thompson ; J. Johnson, London,
J. Thompson ; sold by J. Johnson, London,J. Thompson ; J. Johnson, London,
J. Thompson ; sold by J. Johnson, London,J. Thompson ; J. Johnson, London,
J. Thompson ; sold by J. Johnson, London,J. Thompson ; J. Johnson, London,
J. Thompson ; sold by J. Johnson, London,J. Thompson ; J. Johnson, London,
J. Thompson ; sold by J. Johnson, No. 72, St. Paul's Church Yard, London,J. Thompson ; J. Johnson, No. 72, St. Paul's Church Yard, London,
J. Thompson ; sold by J. Johnson, No. 72, St. Paul's Church Yard, London,J. Thompson ; J. Johnson, No. 72, St. Paul's Church Yard, London,
J. Thompson ; sold by J. Johnson, No. 72, St. Paul's Church Yard, London,J. Thompson ; J. Johnson, No. 72, St. Paul's Church Yard, London,
J. Thompson ; sold by J. Johnson, St. Paul's Church-Yard London,J. Thompson ; J. Johnson, St. Paul's Church-Yard London,
J. Thompson ; sold by J. Johnson, ST. Paul's Church-Yard London,J. Thompson ; J. Johnson, ST. Paul's Church-Yard London,
J. Thompson ; sold by J. Johnson, ST. Paul's Church-Yard, London,J. Thompson ; J. Johnson, ST. Paul's Church-Yard, London,
J. Thompson ; sold by J. Johnson, ST. Paul's Church-Yard, London,J. Thompson ; J. Johnson, ST. Paul's Church-Yard, London,
J. Thompson ; sold by J. Johnson, St. Paul's Church-Yard, London,J. Thompson ; J. Johnson, St. Paul's Church-Yard, London,
J. Thompson ; sold by J. Johnson, St. Paul's Church-Yard, London,J. Thompson ; J. Johnson, St. Paul's Church-Yard, London,
J. Thompson ; sold by J. Johnson, St. Paul's Church-Yard, London,J. Thompson ; J. Johnson, St. Paul's Church-Yard, London,
J. Thompson ; sold by J. Johnson, St. Paul's Church-Yard, London,J. Thompson ; J. Johnson, St. Paul's Church-Yard, London,
J. Thompson ; sold by J. Johnson, St. Paul's Church-Yard, London,J. Thompson ; J. Johnson, St. Paul's Church-Yard, London,
J. Thompson ; sold by J. Johnson, St. Paul's Church-Yard, London,J. Thompson ; J. Johnson, St. Paul's Church-Yard, London,
J. Thompson ; sold by J. Johnson, St. Paul's Church-Yard, London,J. Thompson ; J. Johnson, St. Paul's Church-Yard, London,
J. Thompson ; sold by J. Johnson, St. Paul's Church-Yard, London,J. Thompson ; J. Johnson, St. Paul's Church-Yard, London,
J. Thompson ; sold by J. Johnson, St. Paul's Church-Yard, London,J. Thompson ; J. Johnson, St. Paul's Church-Yard, London,
J. Thompson & sold by J. Johnson, London,J. Thompson ; J. Johnson, London,
J. Thompson & W. Graham,J. Thompson ; W. Graham,
J. Thompson, sold by J. Johnson, St. Paul's Church-Yard, London,J. Thompson, J. Johnson, St. Paul's Church-Yard, London,
J. Thompson. Sold by J. Johnson, No. 72, St. Paul's Church-Yard, London,J. Thompson. Sold J. Johnson, No. 72, St. Paul's Church-Yard, London,
J. Thompson. Sold by J. Johnson, St. Paul's Church-Yard, London,J. Thompson. Sold J. Johnson, St. Paul's Church-Yard, London,
J. Thompson. Sold by J. Johnson, St. Paul's Church-Yard, London,J. Thompson. Sold J. Johnson, St. Paul's Church-Yard, London,
J. Thomson ; Sold by G. Bancks ; T. Boden ; W. Graham,J. Thomson ; Sold G. Bancks ; T. Boden ; W. Graham,
J. Thomson ; Sold by G. Bancks ; T. Boden ; W. Graham,J. Thomson ; Sold G. Bancks ; T. Boden ; W. Graham,
J. Thomson, Manchester ; M. Swinney, Birmingham ; W. Kemmish ; sold by J. Parsons,J. Thomson, Manchester ; M. Swinney, Birmingham ; W. Kemmish ; J. Parsons,
J. Thomson, Manchester ; Messrs. Vernor & Hood,J. Thomson, Manchester ; Messrs. Vernor ; Hood,
J. Throsby in the year ; J. Wigley, engraver ; country ; sold in Nottingham by Messrs. Burbage, Tupman, Wilson, & Gray,J. Throsby year ; J. Wigley, engraver ; country ; Nottingham Messrs. Burbage, Tupman, Wilson, ; Gray,
J. Throsby, Leicester, Septr. 4th ; sold by W & J. Walker, London,J. Throsby, Leicester, Septr. 4th ; W ; J. Walker, London,
J. Tindal,J. Tindal,
J. Tindal, Great Portland Street, Oxford Street,J. Tindal, Great Portland Street, Oxford Street,
J. Todd,J. Todd,
J. Todd,J. Todd,
J. Todd ; Paternoster-Row, London ; W. Blanchard ; sold by R. Baldwin,J. Todd ; Paternoster-Row, London ; W. Blanchard ; R. Baldwin,
J. Todd ; sold,J. Todd,
J. Todd ; T. Cadell, jun & W. Davies, London ; W. Blanchard ; W. Tesseyman, York ; sold by J. Robson,J. Todd ; T. Cadell, Jr. ; W. Davies, London ; W. Blanchard ; W. Tesseyman, York ; J. Robson,
J. Todd ; T. Cadell, jun & W. Davies, Strand, London ; W. Blanchard ; W. Tesseyman, York ; sold by J. Robson, New Bond-Street,J. Todd ; T. Cadell, Jr. ; W. Davies, Strand, London ; W. Blanchard ; W. Tesseyman, York ; J. Robson, New Bond-Street,
J. Todd, & W. Tesseyman, York ; Mawman ; Wilson ; Wilson, Spence ; sold by C. Dilly, G. G. & J. Robinson, & T. Egerton, London,J. Todd, ; W. Tesseyman, York ; Mawman ; Wilson ; Wilson, Spence ; C. Dilly, G. G. ; J. Robinson, ; T. Egerton, London,
J. Todd, York ; M. Turner, Beverley ; Mawman ; Mawman. Sold by J. Johnson, ST. Paul's Churchyard, London ; W. Langstaff, Bubwith ; Wilson, Spence,J. Todd, York ; M. Turner, Beverley ; Mawman ; Mawman. Sold J. Johnson, ST. Paul's Churchyard, London ; W. Langstaff, Bubwith ; Wilson, Spence,
J. Todd, York ; Price threepence ; W. Blanchard ; sold by J. F & C. Rivington, St. Paul's Church-Yard, London,J. Todd, York ; Price threepence ; W. Blanchard ; J. F ; C. Rivington, St. Paul's Church-Yard, London,
J. Todd, York ; R. Baldwin, Paternoster-Row, London ; W. Blanchard,J. Todd, York ; R. Baldwin, Paternoster-Row, London ; W. Blanchard,
J. Todd, York ; S. Hodgson ; sold by J. Johnson, London,J. Todd, York ; S. Hodgson ; J. Johnson, London,
J. Todd, York ; S. Hodgson. Sold by J. Johnson, London,J. Todd, York ; S. Hodgson. Sold J. Johnson, London,
J. Todd, York ; S. Hodgson. Sold by J. Johnson, London,J. Todd, York ; S. Hodgson. Sold J. Johnson, London,
J. Todd, York ; sold by, J. F & C. Rivington,J. Todd, York ; by, J. F ; C. Rivington,
J. Todd, York ; W. Blanchard ; sold by J. F & C. Rivington, St. Paul's Church-Yard, London,J. Todd, York ; W. Blanchard ; J. F ; C. Rivington, St. Paul's Church-Yard, London,
J. Todd, York ; W. Blanchard ; sold by J. Johnson, London,J. Todd, York ; W. Blanchard ; J. Johnson, London,
J. Todd, York ; W. Blanchard ; sold by J. Johnson, ST. Paul's Church-Yard, London,J. Todd, York ; W. Blanchard ; J. Johnson, ST. Paul's Church-Yard, London,
J. Todd, York ; W. Blanchard ; sold by J. Johnson, St. Paul's Church-Yard, London,J. Todd, York ; W. Blanchard ; J. Johnson, St. Paul's Church-Yard, London,
J. Todd, York ; W. Blanchard ; sold by J. Robson, New Bond-Street, London,J. Todd, York ; W. Blanchard ; J. Robson, New Bond-Street, London,
J. Todd, York ; W. Blanchard ; W. Richardson, Royal Exchange, London,J. Todd, York ; W. Blanchard ; W. Richardson, Royal Exchange, London,
J. Toulmin, Taunton ; M. Haydon, Plymouth ; Maurice, Plymouth Dock ; S. Woolmer, Exeter ; T. Norris ; sold by J. Johnson, St. Paul's Churchyard, London,J. Toulmin, Taunton ; M. Haydon, Plymouth ; Maurice, Plymouth Dock ; S. Woolmer, Exeter ; T. Norris ; J. Johnson, St. Paul's Churchyard, London,
J. Tregortha,J. Tregortha,
J. Tregortha,J. Tregortha,
J. Tregortha,J. Tregortha,
J. Tregortha,J. Tregortha,
J. Tregortha,J. Tregortha,
J. Tregortha,J. Tregortha,
J. Tregortha,J. Tregortha,
J. Tregortha,J. Tregortha,
J. Tregortha ; Mrs. Sumerside, Liverpool,J. Tregortha ; Mrs. Sumerside, Liverpool,
J. Tregortha ; Mrs. Sumerside, Liverpool,J. Tregortha ; Mrs. Sumerside, Liverpool,
J. Trice, Rotherfield, Sussex ; S. Dunstone, post-master, Lewes ; T. Palmer, East-Grinstead ; benefit of a family of four small children. Sold by J. S. Jordan,J. Trice, Rotherfield, Sussex ; S. Dunstone, post-master, Lewes ; T. Palmer, East-Grinstead ; benefit of a family of four small children. Sold J. S. Jordan,
J. Tuke by G. Peacock ; sold,J. Tuke G. Peacock,
J. Turner,J. Turner,
J. Turner,J. Turner,
J. Turner, High Street, Coventry,J. Turner, High Street, Coventry,
J. Tymbs,J. Tymbs,
J. Tymbs,J. Tymbs,
J. Tymbs,J. Tymbs,
J. Tymbs ; sold by T. Cadell, London,J. Tymbs ; T. Cadell, London,
J. Tymbs, Worcester ; Messrs. Woodman ; S. Harward, Gloucester & Cheltenham ; engravers, London ; sold ; sold by R. Cruttwell,J. Tymbs, Worcester ; Messrs. Woodman ; S. Harward, Gloucester ; Cheltenham ; engravers, London ; R. Cruttwell,
J. Tymbs. Sold by Cadell & Davies, Strand, London,J. Tymbs. Sold Cadell ; Davies, Strand, London,
J. Urquihart,J. Urquihart,
J. W. Bunney, No. 7, Newcastle-Street, Strand ; sold,J. W. Bunney, No. 7, Newcastle-Street,,
J. W. Galabin ; sold by J. Parsons,J. W. Galabin ; J. Parsons,
J. W. Galabin ; sold by W. Richardson,J. W. Galabin ; W. Richardson,
J. W. Galabin ; T. Longman, Paternoster-Row,J. W. Galabin ; T. Longman, Paternoster-Row,
J. W. Galabin, Ingram Court ; sold by W. Brown, Essex Street, Strand,J. W. Galabin, Ingram Court ; W. Brown, Essex Street,,
J. W. Galabin, Ingram-Court,J. W. Galabin, Ingram-Court,
J. W. Galabin, Ingram-Court ; sold by T. Axtell, Royal Exchange,J. W. Galabin, Ingram-Court ; T. Axtell, Royal Exchange,
J. W. Galabin, Ingram-Court, Fenchurch-Street,J. W. Galabin, Ingram-Court, Fenchurch-Street,
J. W. Morris,J. W. Morris,
J. W. Morris,J. W. Morris,
J. W. Morris,J. W. Morris,
J. W. Myers,J. W. Myers,
J. W. Myers,J. W. Myers,
J. W. Myers ; Murray & Highley, Fleet-Street ; W. Mudie, Edinburgh ; W. West, No. 27, Paternoster-Row,J. W. Myers ; Murray ; Highley, Fleet-Street ; W. Mudie, ; W. West, No. 27, Paternoster-Row,
J. W. Myers ; sold at his house,J. W. Myers ; at his house,
J. W. Myers ; sold at his house, No. 9, Albion-street ; three Kingdoms,J. W. Myers ; at his house, No. 9, Albion-street ; three Kingdoms,
J. W. Myers ; sold at his house, No. 9, Albion-street ; three Kingdoms,J. W. Myers ; at his house, No. 9, Albion-street ; three Kingdoms,
J. W. Myers ; sold by W. West,J. W. Myers ; W. West,
J. W. Myers ; sold by W. West, No 1, Queen's-Head Passage, Paternoster-Row,J. W. Myers ; W. West, No 1, Queen's-Head Passage, Paternoster-Row,
J. W. Myers ; W. West, No. 27, Paternoster-Row,J. W. Myers ; W. West, No. 27, Paternoster-Row,
J. W. Myers ; W. West, No. 27, Paternoster-Row,J. W. Myers ; W. West, No. 27, Paternoster-Row,
J. W. Myers ; W. West, R. H. Westley, C. Chapple,J. W. Myers ; W. West, R. H. Westley, C. Chapple,
J. W. Myers, No. 2, Pater-Noster-Row,J. W. Myers, No. 2, Pater-Noster-Row,
J. W. Myers, No. 2, Paternoster Row,J. W. Myers, No. 2, Paternoster Row,
J. W. Myers, No. 2, Paternoster-Row ; sold at his house, No. 9, Albion-Street, near the Leverian Museum, Blackfriar's-Bridge ; three Kingdoms. M,DCC,XCV,J. W. Myers, No. 2, Paternoster-Row ; at his house, No. 9, Albion-Street, near Leverian Museum, Blackfriar's-Bridge ; three Kingdoms. M,DCC,XCV,
J. W. Myers, No. 2, Paternoster-Row ; sold by W. West, No. 1, Queen's-Head Passage, Paternoster-Row,J. W. Myers, No. 2, Paternoster-Row ; W. West, No. 1, Queen's-Head Passage, Paternoster-Row,
J. W. Myers, No. 2, Paternostor-Row,J. W. Myers, No. 2, Paternostor-Row,
J. W. Myers, Paternoster-Row,J. W. Myers, Paternoster-Row,
J. W. Myers, Paternoster-Row ; sold by him at No. 9, Albion-Street, near the Leverian Muscum, Blackfriar's Bridge ; three Kingdoms,J. W. Myers, Paternoster-Row ; him at No. 9, Albion-Street, near Leverian Muscum, Blackfriar's Bridge ; three Kingdoms,
J. W. Myers, Paternoster-Row ; W. Bingley, No. 2, Red Lyon-Passage, Fleet-Street ; sold by Messrs. West & Allen, Paternoster-Row,J. W. Myers, Paternoster-Row ; W. Bingley, No. 2, Red Lyon-Passage, Fleet-Street ; Messrs. West ; Allen, Paternoster-Row,
J. W. Myers, Paternoster-Row. For R. Pitkeathley, Tavistock-Street, Covent-Garden,J. W. Myers, Paternoster-Row. For R. Pitkeathley, Tavistock-Street, Covent-Garden,
J. W. Piercy ; N. Merridew, Coventry ; T. Chapman, Fleet-Street, London ; W. Button, Pater-Noster-Row ; sold by M. Luckman. Sold,J. W. Piercy ; N. Merridew, Coventry ; T. Chapman, Fleet-Street, London ; W. Button, Pater-Noster-Row ; M. Luckman. Sold,
J. Walker,J. Walker,
J. Walker,J. Walker,
J. Walker,J. Walker,
J. Walker,J. Walker,
J. Walker,J. Walker,
J. Walker,J. Walker,
J. Walker,J. Walker,
J. Walker,J. Walker,
J. Walker,J. Walker,
J. Walker,J. Walker,
J. Walker,J. Walker,
J. Walker,J. Walker,
J. Walker,J. Walker,
J. Walker,J. Walker,
J. Walker ; J. Whitaker, G & T. Wilkie, E. Newbery ; T. Longman, B. Law, G.G & J. Robinson, T. Cadell, S. Bladon, R. Baldwin, J. Sewell, J. Johnson, H.L. Gardner, W. Lowndes, F & C. Rivington, W. Bent, J. Scatcherd,J. Walker ; J. Whitaker, G ; T. Wilkie, E. Newbery ; T. Longman, B. Law, G.G ; J. Robinson, T. Cadell, S. Bladon, R. Baldwin, J. Sewell, J. Johnson, H.L. Gardner, W. Lowndes, F ; C. Rivington, W. Bent, J. Scatcherd,
J. Walker ; J.F & C. Rivington, S. Crowder, T. Longman, B. Law, G.G.J & J. Robinson, R. Baldwin, J. Bew, W. Lowndes,J. Walker ; J.F ; C. Rivington, S. Crowder, T. Longman, B. Law, G.G.J ; J. Robinson, R. Baldwin, J. Bew, W. Lowndes,
J. Walker ; T. Longman, B. Law, F. & C. Rivington, R. Baldwin, G. & T. Wilkie,J. Walker ; T. Longman, B. Law, F. ; C. Rivington, R. Baldwin, G. ; T. Wilkie,
J. Walker ; Vernor & Hood, T. Boosey, Lackington, Allen,J. Walker ; Vernor ; Hood, T. Boosey, Lackington, Allen,
J. Walker ; W & C. Spilsbury,J. Walker ; W ; C. Spilsbury,
J. Walker Rosamond street, Clerkenwell ; sold by B & J. White, Fleet-Street, J. Walker, Pater Noster Row,J. Walker Rosamond street, Clerkenwell ; B ; J. White, Fleet-Street, J. Walker, Pater Noster Row,
J. Walker, 44 Pater-Noster-Row,J. Walker, 44 Pater-Noster-Row,
J. Walker, 44 Paternoster Row,J. Walker, 44 Paternoster Row,
J. Walker, Charing-Cross ; L. Wayland, Middle-Row, Holborn ; W. Clark, New Bond-Street ; sold by W. Richardson, Royal Exchange,J. Walker, Charing-Cross ; L. Wayland, Middle-Row, Holborn ; W. Clark, New Bond-Street ; W. Richardson, Royal Exchange,
J. Walker, Clerkenwell ; March 1st,J. Walker, Clerkenwell ; March 1st,
J. Walker, No 16, Rosomans Street,J. Walker, No 16, Rosomans Street,
J. Walker, No 16, Rosomans Street,J. Walker, No 16, Rosomans Street,
