Johann Gruber,Johann Gruber,
Johannes Nichols, impensis Societatis Stationariorum,Johannes Nichols, impensis Societatis Stationariorum,
Johannis Nichols,Johannis Nichols,
John & Arthur Arch ; T. Bensley,John ; Arthur Arch ; T. Bensley,
John & Arthur Arch, Grace-Church Street, & for Silvester Doig, Edinburgh,John ; Arthur Arch, Grace-Church Street, ; for Silvester Doig,,
John & Arthur Arch, No 23, Grace-Church Street,John ; Arthur Arch, No 23, Grace-Church Street,
John & Arthur Arch, No. 23, Gracechurch-Street ; John Wright, Piccadilly,John ; Arthur Arch, No. 23, Gracechurch-Street ; John Wright, Piccadilly,
John & James Ainslies ; St Andrew's Street, New Town,John ; James Ainslies ; St Andrew's Street, New Town,
John & Josiah Boydell ; September 1st,John ; Josiah Boydell ; September 1st,
John & Josiah Boydell ; Shakspeare Printing-Office ; W. Bulmer ; types of W. Martin,John ; Josiah Boydell ; Shakspeare Printing-Office ; W. Bulmer ; types of W. Martin,
John & Josiah Boydell ; W. Bulmer,John ; Josiah Boydell ; W. Bulmer,
John & Josiah Boydell, No. 90, Cheapside. London,John ; Josiah Boydell, No. 90, Cheapside. London,
John Abraham,John Abraham,
John Abraham ; Mess. Taylor ; St. Swithin's Lane ; sold ; under the Royal-Exchange, London,John Abraham ; Mess. Taylor ; St. Swithin's Lane ; under Royal-Exchange, London,
John Abraham, Lombard Street,John Abraham, Lombard Street,
John Adams, imprimeur,John Adams, imprimeur,
John Agg ; sold by Whieldon & Butterworth, Fleet-Street, London,John Agg ; Whieldon ; Butterworth, Fleet-Street, London,
John Agg ; sold by Whieldon & Butterworth, London,John Agg ; Whieldon ; Butterworth, London,
John Agg ; sold by Whieldon & Butterworth, London,John Agg ; Whieldon ; Butterworth, London,
John Albin,John Albin,
John Albin,John Albin,
John Albin, Newport, Isle of Wight,John Albin, Newport, Isle of Wight,
John Ambler, Halifax ; Yorkshire ; society of gentlemen ; sold by John Bellamy, No. 6, Poultry, London,John Ambler, Halifax ; Yorkshire ; society of gentlemen ; John Bellamy, No. 6, Poultry, London,
John Archdeacon & John Burges ; University,John Archdeacon ; John Burges ; University,
John Archdeacon & John Burges ; W. H. Lunn ; sold by J. Nicholson, J. Deighton ; university,John Archdeacon ; John Burges ; W. H. Lunn ; J. Nicholson, J. Deighton ; university,
John Archdracon ; University,John Archdracon ; University,
John Ashley, secretary ; order of the Society,John Ashley, secretary ; order of Society,
John Ashley, Secretary, no. 6, High Holborn, near Gray's Inn Lane ; order of the Society,John Ashley, Secretary, no. 6, High Holborn, near Gray's Inn Lane ; order of Society,
John Atkins ; Mr. Bruce ; Mr. Marsom, London ; W. Bristow ; sold,John Atkins ; Mr. Bruce ; Mr. Marsom, London ; W. Bristow,
John Barker, No. 6, Old Bailey,John Barker, No. 6, Old Bailey,
John Bell,John Bell,
John Bell,John Bell,
John Bell,John Bell,
John Bell,John Bell,
John Bell,John Bell,
John Bell,John Bell,
John Bell,John Bell,
John Bell,John Bell,
John Bell,John Bell,
John Bell,John Bell,
John Bell,John Bell,
John Bell,John Bell,
John Bell,John Bell,
John Bell,John Bell,
John Bell,John Bell,
John Bell,John Bell,
John Bell,John Bell,
John Bell,John Bell,
John Bell,John Bell,
John Bell,John Bell,
John Bell,John Bell,
John Bell,John Bell,
John Bell,John Bell,
John Bell,John Bell,
John Bell,John Bell,
John Bell,John Bell,
John Bell,John Bell,
John Bell,John Bell,
John Bell,John Bell,
John Bell,John Bell,
John Bell,John Bell,
John Bell,John Bell,
John Bell,John Bell,
John Bell,John Bell,
John Bell,John Bell,
John Bell,John Bell,
John Bell,John Bell,
John Bell,John Bell,
John Bell,John Bell,
John Bell,John Bell,
John Bell,John Bell,
John Bell,John Bell,
John Bell,John Bell,
John Bell,John Bell,
John Bell,John Bell,
John Bell,John Bell,
John Bell,John Bell,
John Bell,John Bell,
John Bell,John Bell,
John Bell,John Bell,
John Bell,John Bell,
John Bell,John Bell,
John Bell,John Bell,
John Bell,John Bell,
John Bell,John Bell,
John Bell,John Bell,
John Bell,John Bell,
John Bell,John Bell,
John Bell,John Bell,
John Bell,John Bell,
John Bell,John Bell,
John Bell,John Bell,
John Bell,John Bell,
John Bell,John Bell,
John Bell,John Bell,
John Bell,John Bell,
John Bell,John Bell,
John Bell,John Bell,
John Bell,John Bell,
John Bell,John Bell,
John Bell,John Bell,
John Bell,John Bell,
John Bell,John Bell,
John Bell,John Bell,
John Bell,John Bell,
John Bell,John Bell,
John Bell,John Bell,
John Bell,John Bell,
John Bell,John Bell,
John Bell,John Bell,
John Bell,John Bell,
John Bell,John Bell,
John Bell,John Bell,
John Bell,John Bell,
John Bell,John Bell,
John Bell,John Bell,
John Bell,John Bell,
John Bell,John Bell,
John Bell,John Bell,
John Bell,John Bell,
John Bell,John Bell,
John Bell,John Bell,
John Bell,John Bell,
John Bell,John Bell,
John Bell,John Bell,
John Bell,John Bell,
John Bell,John Bell,
John Bell,John Bell,
John Bell,John Bell,
John Bell,John Bell,
John Bell,John Bell,
John Bell,John Bell,
John Bell,John Bell,
John Bell,John Bell,
John Bell,John Bell,
John Bell,John Bell,
John Bell,John Bell,
John Bell,John Bell,
John Bell,John Bell,
John Bell,John Bell,
John Bell,John Bell,
John Bell,John Bell,
John Bell,John Bell,
John Bell,John Bell,
John Bell,John Bell,
John Bell,John Bell,
John Bell,John Bell,
John Bell,John Bell,
John Bell,John Bell,
John Bell,John Bell,
John Bell,John Bell,
John Bell,John Bell,
John Bell,John Bell,
John Bell,John Bell,
John Bell,John Bell,
John Bell,John Bell,
John Bell,John Bell,
John Bell,John Bell,
John Bell ; Land-Survevor, Union-Street ; Newcastle, Hexham, Carlisle, Durham ; sold,John Bell ; Land-Survevor, Union-Street ; Newcastle, Hexham, Carlisle, Durham,
John Bell ; Land-Surveyor, Union-Street ; R. Dickenson, Hexham, Hexham ; sold,John Bell ; Land-Surveyor, Union-Street ; R. Dickenson, Hexham, Hexham,
John Bell ; Merrill ; Meyler ; Smart & Cowslade, Reading ; Woolmer ; sold by Fletcher at Oxford,John Bell ; Merrill ; Meyler ; Smart ; Cowslade, Reading ; Woolmer ; Fletcher at Oxford,
John Bell ; R. Dickenson, Hexham ; land-surveyor, Union-Street,John Bell ; R. Dickenson, Hexham ; land-surveyor, Union-Street,
John Bell ; Strand,John Bell,
John Bew, No. 28, Paternoster Row,John Bew, No. 28, Paternoster Row,
John Bew, No. 28, Paternoster Row,John Bew, No. 28, Paternoster Row,
John Bew, No. 28, Paternoster-Row,John Bew, No. 28, Paternoster-Row,
John Bew, Pater-noster Row ; news-carrier in Great-Britain ; sold,John Bew, Pater-noster Row ; news-carrier Great-Britain,
John Bew, Paternoster Row ; news-carrier ; sold,John Bew, Paternoster Row ; news-carrier,
John Binns,John Binns,
John Binns,John Binns,
John Binns,John Binns,
John Binns,John Binns,
John Binns,John Binns,
John Binns,John Binns,
John Binns,John Binns,
John Binns ; Vernor & Hood, London ; sold by J. Johnson, B. Crosby,John Binns ; Vernor ; Hood, London ; J. Johnson, B. Crosby,
John Binns ; Vernor & Hood, London ; sold by J. Johnson, D. Ogilvy,John Binns ; Vernor ; Hood, London ; J. Johnson, D. Ogilvy,
John Binns ; Vernor & Hood, London ; sold by J. Johnson, D. Ogilvy,John Binns ; Vernor ; Hood, London ; J. Johnson, D. Ogilvy,
John Blake,John Blake,
John Blake,John Blake,
John Blake,John Blake,
John Blake,John Blake,
John Blake,John Blake,
John Blake,John Blake,
John Blake,John Blake,
John Blake,John Blake,
John Blake,John Blake,
John Blake,John Blake,
John Blake,John Blake,
John Blake,John Blake,
John Blake,John Blake,
John Blake,John Blake,
John Blake,John Blake,
John Blake,John Blake,
John Blake,John Blake,
John Blake,John Blake,
John Blake,John Blake,
John Blake,John Blake,
John Blake,John Blake,
John Blake,John Blake,
John Blake,John Blake,
John Blake,John Blake,
John Blake,John Blake,
John Blake,John Blake,
John Blake,John Blake,
John Blake,John Blake,
John Blake,John Blake,
John Blake,John Blake,
John Blake,John Blake,
John Blake,John Blake,
John Blake,John Blake,
John Blake,John Blake,
John Blake,John Blake,
John Blake,John Blake,
John Blake,John Blake,
John Blake,John Blake,
John Blake,John Blake,
John Blake,John Blake,
John Blake,John Blake,
John Blake,John Blake,
John Blake,John Blake,
John Blake,John Blake,
John Blake,John Blake,
John Blake,John Blake,
John Blake,John Blake,
John Blake,John Blake,
John Blake,John Blake,
John Blake,John Blake,
John Blake,John Blake,
John Blake,John Blake,
John Blake,John Blake,
John Blake,John Blake,
John Blake,John Blake,
John Blake,John Blake,
John Blake,John Blake,
John Blake,John Blake,
John Blake,John Blake,
John Blake,John Blake,
John Blake,John Blake,
John Blake,John Blake,
John Blake,John Blake,
John Blake,John Blake,
John Blake,John Blake,
John Blake,John Blake,
John Blake,John Blake,
John Blake,John Blake,
John Blake,John Blake,
John Blake,John Blake,
John Blake,John Blake,
John Blake,John Blake,
John Blake,John Blake,
John Blake,John Blake,
John Blake,John Blake,
John Blake,John Blake,
John Blake,John Blake,
John Blake,John Blake,
John Blake,John Blake,
John Blake,John Blake,
John Blake,John Blake,
John Blake,John Blake,
John Blake,John Blake,
John Blake,John Blake,
John Blake,John Blake,
John Blake,John Blake,
John Blake,John Blake,
John Blake,John Blake,
John Blake,John Blake,
John Blake,John Blake,
John Blake,John Blake,
John Blake,John Blake,
John Blake,John Blake,
John Blake,John Blake,
John Blake,John Blake,
John Blake,John Blake,
John Blake,John Blake,
John Blake,John Blake,
John Blake,John Blake,
John Blake,John Blake,
John Blake,John Blake,
John Blake,John Blake,
John Blake,John Blake,
John Blake,John Blake,
John Blake,John Blake,
John Blake,John Blake,
John Blake,John Blake,
John Blake,John Blake,
John Blake,John Blake,
John Blake,John Blake,
John Boosey ; sold by George Mudie, Edinburgh,John Boosey ; George Mudie,,
John Boosey & sold by George Mudie,John Boosey ; George Mudie,
John Booth, Duke Street, Portland Place,John Booth, Duke Street, Portland Place,
John Bruckshaw ; Office under the Royal-Exchange, Cornhill,John Bruckshaw ; Office under Royal-Exchange, Cornhill,
John Bruckshaw ; Office under the Royal-Exchange, Cornhill,John Bruckshaw ; Office under Royal-Exchange, Cornhill,
John Bryan,John Bryan,
John Burdon in Winchester,John Burdon Winchester,
John Burdon in Winchester,John Burdon Winchester,
John Burges ; botanic garden ; sold by James Donn,John Burges ; botanic garden ; James Donn,
John Burges ; faulder, new bond-street ; fletcher & cooke, oxford ; mews gate ; payne ; sewell, cornhill, london ; sold by w. h. lunn & j. deighton, cambridge ; university ; white, fleet street,John Burges ; faulder, new bond-street ; fletcher ; cooke, oxford ; mews gate ; payne ; sewell, cornhill, london ; w. h. lunn ; j. deighton, cambridge ; university ; white, fleet street,
John Burges ; Messrs. Cadell & Davies, P. Elmsley ; T. Payne, London ; University ; sold by J. Deighton, Cambridge,John Burges ; Messrs. Cadell ; Davies, P. Elmsley ; T. Payne, London ; University ; J. Deighton, Cambridge,
John Burges ; Rivingtons, London ; University ; W. H. Lunn, Cambridge ; sold by J. Nicholson, J. Deighton,John Burges ; Rivingtons, London ; University ; W. H. Lunn, Cambridge ; J. Nicholson, J. Deighton,
John Burges ; University ; sold by John Deighton,John Burges ; University ; John Deighton,
John Burges ; University ; W. Page, Cambridge,John Burges ; University ; W. Page, Cambridge,
John Carter, Wood St. Westminster,John Carter, Wood St. Westminster,
John Cary engraver & map seller No. 181 near Norfolk Street Strand,John Cary engraver ; map seller No. 181 near Norfolk Street,
John Cary, engraver map & print seller the corner of Arundale Street Street ; Sept 1st,John Cary, engraver map ; print seller corner of Arundale Street Street ; Sept 1st,
John Cary, No. 181 Strand,John Cary, No. 181,
John Cary. 1st. Jany,John Cary. 1st. Jany,
John Cary. 1st. Jany,John Cary. 1st. Jany,
John Cary. Map & Print seller, Strand. Eton,John Cary. Map ; Print seller, Strand. Eton,
John Cheney,John Cheney,
John Cheney ; sold by W. Ash, London,John Cheney ; W. Ash, London,
John Creswick ; sold,John Creswick,
John Crome,John Crome,
John Crowder ; Poultry ; sold by C. Dilly,John Crowder ; Poultry ; C. Dilly,
John Crowder ; Poultry ; sold by C. Dilly,John Crowder ; Poultry ; C. Dilly,
John Crowder ; Strand ; T. Cadell,John Crowder ; T. Cadell,
John Cuthell,John Cuthell,
John Cuthell,John Cuthell,
John Cuthell, No. 4, Middle Row, Holborn. M.DCC.XCV,John Cuthell, No. 4, Middle Row, Holborn. M.DCC.XCV,
John Debrett,John Debrett,
John Debrett, No. 179, Piccadilly,John Debrett, No. 179, Piccadilly,
John Debrett, opposite Burlington House, Piccadilly,John Debrett, opposite Burlington House, Piccadilly,
John Debrett, Opposite Burlington-House, Piccadilly,John Debrett, Opposite Burlington-House, Piccadilly,
John Debrett, Piccadilly ; John Sewell, Cornhill,John Debrett, Piccadilly ; John Sewell, Cornhill,
John Downes ; Strand, near Temple Bar ; newsmen in Great Britain ; paoprietors ; where letters to the conductors will be received. Sold,John Downes ; Strand, near Temple Bar ; newsmen Great Britain ; paoprietors ; where letters to conductors will be received. Sold,
John Drewry,John Drewry,
John Drewry,John Drewry,
John Drewry,John Drewry,
John Drury,John Drury,
John Drury,John Drury,
John Drury, opposite the Bank,John Drury, opposite Bank,
John Edmunds,John Edmunds,
John Emes ; John Smith, William Byrne ; T. Chapman,John Emes ; John Smith, William Byrne ; T. Chapman,
John Evans,John Evans,
John Evans,John Evans,
John Evans,John Evans,
John Evans 42, Long-Lane, West-smithfield, London,John Evans 42, Long-Lane, West-smithfield, London,
John Evans, 42, Long Lane, London,John Evans, 42, Long Lane, London,
John Evans, 42, Long Lane, West Smithfield, London,John Evans, 42, Long Lane, West Smithfield, London,
John Evans, 42, Long-lane, London,John Evans, 42, Long-lane, London,
John Evans, 42, Long-lane, London,John Evans, 42, Long-lane, London,
John Evans, 42, Long-lane, West Smithfield, London,John Evans, 42, Long-lane, West Smithfield, London,
John Evans, 47. Long,John Evans, 47. Long,
John Evans, London,John Evans, London,
John Evans, London,John Evans, London,
John Fairbairn & Archibald Constable, Edinburgh,John Fairbairn ; Archibald Constable,,
John Fairburn, 146, Minories,John Fairburn, 146, Minories,
John Fairburn, 146, Minories,John Fairburn, 146, Minories,
John Fairburn, 146, Minories,John Fairburn, 146, Minories,
John Fairburn, 146, Minories,John Fairburn, 146, Minories,
John Fairburn, London ; sold by E. Hodgson,John Fairburn, London ; E. Hodgson,
John Fairburn, London ; sold by E. Hodgson,John Fairburn, London ; E. Hodgson,
John Fairburn, No. 146, Minories,John Fairburn, No. 146, Minories,
John Fairburn, no.146, Minories ; September 8th ; sold by most ; throughout England,John Fairburn, no.146, Minories ; September 8th ; most ; throughout England,
John Fawcett ; Johnson ; Knott, Martin, London ; T. Wills ; W. Button ; sold at Ewood Hall, near Halifax. Sold,John Fawcett ; Johnson ; Knott, Martin, London ; T. Wills ; W. Button ; at Ewood Hall, near Halifax. Sold,
John Fawcett ; T. Langdon, Leeds ; several ; sold by Wills, Johnson & Knott,John Fawcett ; T. Langdon, Leeds ; several ; Wills, Johnson ; Knott,
John Fenno,John Fenno,
John Fielding,John Fielding,
John Fielding, Numb. 23, Pater-noster-Row ; King's royal licence & authority,John Fielding, Numb. 23, Pater-noster-Row ; King's royal licence ; authority,
John Fletcher,John Fletcher,
John Fowler,John Fowler,
John Fowler,John Fowler,
John Fowler,John Fowler,
John Fowler,John Fowler,
John Fowler,John Fowler,
John Fowler,John Fowler,
John Fowler,John Fowler,
John Fowler,John Fowler,
John Fowler,John Fowler,
John Fowler,John Fowler,
John Fowler,John Fowler,
John Fowler,John Fowler,
John Garratt,John Garratt,
John Goold, Jun,John Goold, Jr.,
John Gore ; office, east side Castle-Street, Liverpool,John Gore ; office, east side Castle-Street, Liverpool,
John H. Williams,John H. Williams,
John Haberkorn,John Haberkorn,
John Hamilton Moore, Tower Hill, London. Sold ; Messrs. A & E. Smith, Liverpool,John Hamilton Moore, Tower Hill, London. Sold ; Messrs. A ; E. Smith, Liverpool,
John Hamilton Moore's ; Navigation warehouse, no. 157, Leadenhall Street ; W. Heather,John Hamilton Moore's ; Navigation warehouse, no. 157, Leadenhall Street ; W. Heather,
John Hammond, no. 12, S. Martin's Lane, Charing Cross,John Hammond, no. 12, S. Martin's Lane, Charing Cross,
John Harrison,John Harrison,
John Harrison,John Harrison,
John Harrison,John Harrison,
John Harrison,John Harrison,
John Harrison ; sold,John Harrison,
John Harrison No. 115, Newgate-Street ; sold,John Harrison No. 115, Newgate-Street,
John Hatchard,John Hatchard,
John Hay, No. 4, Angel-Court, Strand,John Hay, No. 4, Angel-Court,,
John Howe,John Howe,
John Ireland,John Ireland,
John Ireland,John Ireland,
John Ireland,John Ireland,
John Ireland ; T. Booker, New-Bond-Street, London,John Ireland ; T. Booker, New-Bond-Street, London,
John Ireland, opposite the Conduit,John Ireland, opposite Conduit,
John Jackson,John Jackson,
John Jackson,John Jackson,
John Jackson, Lichfield ; MDCXCVII ; originall,John Jackson, Lichfield ; MDCXCVII ; originall,
John Jarvis,John Jarvis,
John Jarvis,John Jarvis,
John Jarvis,John Jarvis,
John Jarvis,John Jarvis,
John Jarvis,John Jarvis,
John Jarvis,John Jarvis,
John Jarvis,John Jarvis,
John Jarvis,John Jarvis,
John Jarvis,John Jarvis,
John Jarvis,John Jarvis,
John Jarvis,John Jarvis,
John Jarvis,John Jarvis,
John Jarvis ; Joseph Good,John Jarvis ; Joseph Good,
John Jarvis ; New Bond-street ; Thomas Hookham,John Jarvis ; New Bond-street ; Thomas Hookham,
John Jarvis ; sold by J. parsons,John Jarvis ; J. parsons,
John Jarvis ; sold by J. Parsons,John Jarvis ; J. Parsons,
John Jarvis ; Thomas Hookham,John Jarvis ; Thomas Hookham,
John Jarvis ; W. Simmons ; sold by J. Parsons,John Jarvis ; W. Simmons ; J. Parsons,
John Jarvis ; W. Simmons, No 64, Pater-Noster-Row ; sold by J. Parsons, No 21,John Jarvis ; W. Simmons, No 64, Pater-Noster-Row ; J. Parsons, No 21,
John Jarvis, Wild Court,John Jarvis, Wild Court,
John Jeffryes,John Jeffryes,
John Jennings,John Jennings,
John Kendall,John Kendall,
John Ladley, No. 99, Mount-Street, Grosvenor-Square ; Messrs. Robinsons, Paternoster-Row ; Mr. Debrett, Piccadilly,John Ladley, No. 99, Mount-Street, Grosvenor-Square ; Messrs. Robinsons, Paternoster-Row ; Mr. Debrett, Piccadilly,
John Lambert,John Lambert,
John Lever ; Little Moorgate, next to London Wall, near Moorfields,John Lever ; Little Moorgate, next to London Wall, near Moorfields,
John Lever ; Little Moorgate, next to London Wall, near Moorfields ; Print-Seller,John Lever ; Little Moorgate, next to London Wall, near Moorfields ; Print-Seller,
John M'creery,John M'creery,
John M'Creery,John M'Creery,
John M'Creery,John M'Creery,
John Manson, No. 6, Pall Mall,John Manson, No. 6, Pall Mall,
John March,John March,
John March,John March,
John March,John March,
John March, Tower-Hill,John March, Tower-Hill,
John Marshall,John Marshall,
John Marshall,John Marshall,
John Marshall,John Marshall,
John Marshall,John Marshall,
John Marshall,John Marshall,
John Marshall,John Marshall,
John Marshall,John Marshall,
John Marshall,John Marshall,
John Marshall ; Silver Oar, Execution-dock ; whom may be had lists of the sporting ladies,John Marshall ; Silver Oar, Execution-dock ; whom may be had lists of sporting ladies,
John Marshall, No. 4 Aldermary Church Yard, Bow-Lane, Cheapside ; sold,John Marshall, No. 4 Aldermary Church Yard, Bow-Lane, Cheapside,
John Marshall, No. 4, Aldermary Church-Yard,John Marshall, No. 4, Aldermary Church-Yard,
John Maw, Gainsborough,John Maw, Gainsborough,
John Mccreary,John Mccreary,
John Mennons,John Mennons,
John Millan ; White-Hall,John Millan ; White-Hall,
John Miller,John Miller,
John Moseley Dunham ; sold at Haverhill, Newhampshire,John Moseley Dunham ; at Haverhill, Newhampshire,
John Murray,John Murray,
John Murray,John Murray,
John Murray,John Murray,
John Murray,John Murray,
John Murray,John Murray,
John Murray,John Murray,
John Murray,John Murray,
John Murray ; Sold,John Murray ; Sold,
John Nichols,John Nichols,
John Nichols,John Nichols,
John Nichols,John Nichols,
John Nichols,John Nichols,
John Nichols,John Nichols,
John Nichols,John Nichols,
John Nichols,John Nichols,
John Nichols,John Nichols,
John Nichols,John Nichols,
John Nichols,John Nichols,
John Nichols,John Nichols,
John Nichols,John Nichols,
John Nichols,John Nichols,
John Nichols,John Nichols,
John Nichols,John Nichols,
John Nichols,John Nichols,
John Nichols ; antiquaries,John Nichols ; antiquaries,
John Nichols ; Leeds & Newcastle ; Richardson & Sewell ; Royal Exchange ; sold by J. Debrett, Piccadilly,John Nichols ; Leeds ; Newcastle ; Richardson ; Sewell ; Royal Exchange ; J. Debrett, Piccadilly,
John Nichols ; Messrs. Lacy ; benefit of the Society ; sold,John Nichols ; Messrs. Lacy ; benefit of Society,
John Nichols ; order of the Society,John Nichols ; order of Society,
John Nichols ; order of the Society,John Nichols ; order of Society,
John Nichols ; order of the Society,John Nichols ; order of Society,
John Nichols ; order of the Society,John Nichols ; order of Society,
John Nichols ; order of the Society,John Nichols ; order of Society,
John Nichols ; order of the Society,John Nichols ; order of Society,
John Nichols ; order of the Society,John Nichols ; order of Society,
John Nichols ; order of the Society,John Nichols ; order of Society,
John Nichols ; Red-Lion-Passage, Fleet-Street,John Nichols ; Red-Lion-Passage, Fleet-Street,
John Nichols ; Richard Bigland,John Nichols ; Richard Bigland,
John Nichols ; sold by G.G.J & J. Robinson,John Nichols ; G.G.J ; J. Robinson,
John Nichols ; T. Cadell junior & W. Davies, Strand,John Nichols ; T. Cadell junior ; W. Davies,,
John Nichols & sold by G. G & J. Robinson ; Mr. Delamotte, Weymouth ; Mr. Sellers, Blandford ; T. Payne,John Nichols ; G. G ; J. Robinson ; Mr. Delamotte, Weymouth ; Mr. Sellers, Blandford ; T. Payne,
John Nichols & sold by Johnson, Dilly, Hookham ; Libraries in Bath, Bristol ; society,John Nichols ; Johnson, Dilly, Hookham ; Libraries Bath, Bristol ; society,
John Nichols & sold by Mr. Debrett ; Messrs. Wilkie ; Mr. Pridden ; Mr. Richardson,John Nichols ; Mr. Debrett ; Messrs. Wilkie ; Mr. Pridden ; Mr. Richardson,
John Nichols Red-Lion passage, Fleet Street ; Publish'd for the engraver ; T. Egerton, Whitehall, London ; Thos. Pearson, Birmingham,John Nichols Red-Lion passage, Fleet Street ; Publish'd for engraver ; T. Egerton, Whitehall, London ; Thos. Pearson, Birmingham,
John Nichols, one of their registers ; November ; order of the Society,John Nichols, one of their registers ; November ; order of Society,
John Nichols, one of their registers ; order of the Society,John Nichols, one of their registers ; order of Society,
John Nichols, one of their registers ; order of the Society,John Nichols, one of their registers ; order of Society,
John Nichols, one of their Registrars ; order of the Society,John Nichols, one of their Registrars ; order of Society,
John Nichols, one of their registrars ; order of the Society,John Nichols, one of their registrars ; order of Society,
John Nichols, Red Lion passage, Fleet Street ; order of the Society,John Nichols, Red Lion passage, Fleet Street ; order of Society,
John Nichols, Red Lion Passage, Fleet Street ; order of the Society,John Nichols, Red Lion Passage, Fleet Street ; order of Society,
John Nichols, Red Lion Passage, Fleet Street ; order of the Society,John Nichols, Red Lion Passage, Fleet Street ; order of Society,
John Nichols, Red-Lion Passage, Fleet-Street,John Nichols, Red-Lion Passage, Fleet-Street,
John Nichols, Red-Lion Passage, Fleet-Street, London,John Nichols, Red-Lion Passage, Fleet-Street, London,
John Nicholson, Bradforth ; sold by him & T. Knott, London,John Nicholson, Bradforth ; him ; T. Knott, London,
John Nicholson, Bradforth ; sold by him & T. Knott, London,John Nicholson, Bradforth ; him ; T. Knott, London,
John Nicols, Red Lion-Passage, Fleet-street,John Nicols, Red Lion-Passage, Fleet-street,
John Northall, New Market-street, Sheffield,John Northall, New Market-street, Sheffield,
John Nott, Butt,John Nott, Butt,
John Otridge, No. 158 ; William Otridge, No. 134 ; strand,John Otridge, No. 158 ; William Otridge, No. 134,
John Owen, No. 168, Piccadilly,John Owen, No. 168, Piccadilly,
John Parsons, Paternoster Row ; M. Ritchie,John Parsons, Paternoster Row ; M. Ritchie,
John Poole,John Poole,
John Rann,John Rann,
John Rann,John Rann,
John Reed, No. 10, Wine-Street. Sold ; T.N. Longman, London,John Reed, No. 10, Wine-Street. Sold ; T.N. Longman, London,
John Richardson,John Richardson,
John Richardson,John Richardson,
John Richardson,John Richardson,
John Richardson ; printeid,John Richardson ; printeid,
John Rider,John Rider,
John Rider,John Rider,
John Rider,John Rider,
John Rider ; sold by Messrs. Rivington,John Rider ; Messrs. Rivington,
John Rider, NO 36, Little-Britain sold by James Rider, NO. 12, Lud?ate-Hill,John Rider, NO 36, Little-Britain James Rider, NO. 12, Lud?ate-Hill,
John Rider, no. 36, Little Britain,John Rider, no. 36, Little Britain,
John Rider, no.36, Little Britain. Sold by F & C. Rivington ; T. Burnham, Northampton,John Rider, no.36, Little Britain. Sold F ; C. Rivington ; T. Burnham, Northampton,
John Rose,John Rose,
John Rose,John Rose,
John Rose,John Rose,
John Rose ; name ; own hand-writing, to the authority given in the ensuing page. - October 26 ; sold by none,John Rose ; name ; own hand-writing, to authority given ensuing page. - October 26 ; none,
John Rose ; Plymouth & Dock ; Rose ; sold by Cottle, James,John Rose ; Plymouth ; Dock ; Rose ; Cottle, James,
John Rose ; sold,John Rose,
John Rose ; sold by James Norton, Wine-Street ; throughout the Kingdom,John Rose ; James Norton, Wine-Street ; throughout Kingdom,
John Rose, Broadmead. Sold ; sold,John Rose, Broadmead. Sold,
John Rose, Broadmead. Sold ; sold,John Rose, Broadmead. Sold,
John Rose, No. 21, Broadmead,John Rose, No. 21, Broadmead,
John Rose, No. 21, Broadmead ; sold by the different,John Rose, No. 21, Broadmead ; different,
John Sewell, Cornhill,John Sewell, Cornhill,
John Sewell, Cornhill,John Sewell, Cornhill,
John Sewell, Cornhill ; T. Bensley for Benjamin & John White, Horace's Head, Fleet-Street,John Sewell, Cornhill ; T. Bensley for Benjamin ; John White, Horace's Head, Fleet-Street,
John Sibbald,John Sibbald,
John Smith,John Smith,
John Smith,John Smith,
John Smith,John Smith,
John Smith,John Smith,
John Smith ; Leeds, Halifax, Rotherham ; sold by J. Fox, Pontefract,John Smith ; Leeds, Halifax, Rotherham ; J. Fox, Pontefract,
John Smith, Portsmouth Street, Lincoln's Inn Fields,John Smith, Portsmouth Street, Lincoln's Inn Fields,
John Stockdale,John Stockdale,
John Stockdale,John Stockdale,
John Stockdale,John Stockdale,
John Stockdale,John Stockdale,
John Stockdale,John Stockdale,
John Stockdale,John Stockdale,
John Stockdale,John Stockdale,
John Stockdale,John Stockdale,
John Stockdale,John Stockdale,
John Stockdale,John Stockdale,
John Stockdale,John Stockdale,
John Stockdale,John Stockdale,
John Stockdale,John Stockdale,
John Stockdale,John Stockdale,
John Stockdale,John Stockdale,
John Stockdale,John Stockdale,
John Stockdale,John Stockdale,
John Stockdale,John Stockdale,
John Stockdale,John Stockdale,
John Stockdale,John Stockdale,
John Stockdale,John Stockdale,
John Stockdale,John Stockdale,
John Stockdale,John Stockdale,
John Stockdale,John Stockdale,
John Stockdale,John Stockdale,
John Stockdale,John Stockdale,
John Stockdale,John Stockdale,
John Stockdale,John Stockdale,
John Stockdale,John Stockdale,
John Stockdale,John Stockdale,
John Stockdale,John Stockdale,
John Stockdale,John Stockdale,
John Stockdale,John Stockdale,
John Stockdale,John Stockdale,
John Stockdale,John Stockdale,
John Stockdale,John Stockdale,
John Stockdale,John Stockdale,
John Stockdale,John Stockdale,
John Stockdale,John Stockdale,
John Stockdale,John Stockdale,
John Stockdale,John Stockdale,
John Stockdale,John Stockdale,
John Stockdale,John Stockdale,
John Stockdale,John Stockdale,
John Stockdale,John Stockdale,
John Stockdale,John Stockdale,
John Stockdale,John Stockdale,
John Stockdale,John Stockdale,
John Stockdale,John Stockdale,
John Stockdale,John Stockdale,
John Stockdale,John Stockdale,
John Stockdale,John Stockdale,
John Stockdale,John Stockdale,
John Stockdale,John Stockdale,
John Stockdale,John Stockdale,
John Stockdale,John Stockdale,
John Stockdale,John Stockdale,
John Stockdale,John Stockdale,
John Stockdale,John Stockdale,
John Stockdale,John Stockdale,
John Stockdale,John Stockdale,
John Stockdale,John Stockdale,
John Stockdale,John Stockdale,
John Stockdale,John Stockdale,
John Stockdale,John Stockdale,
John Stockdale,John Stockdale,
John Stockdale,John Stockdale,
John Stockdale,John Stockdale,
John Stockdale,John Stockdale,
John Stockdale,John Stockdale,
John Stockdale,John Stockdale,
John Stockdale,John Stockdale,
John Stockdale,John Stockdale,
John Stockdale,John Stockdale,
John Stockdale,John Stockdale,
John Stockdale,John Stockdale,
John Stockdale,John Stockdale,
John Stockdale,John Stockdale,
John Stockdale,John Stockdale,
John Stockdale,John Stockdale,
John Stockdale,John Stockdale,
John Stockdale,John Stockdale,
John Stockdale,John Stockdale,
John Stockdale,John Stockdale,
John Stockdale,John Stockdale,
John Stockdale,John Stockdale,
John Stockdale,John Stockdale,
John Stockdale,John Stockdale,
John Stockdale,John Stockdale,
John Stockdale,John Stockdale,
John Stockdale,John Stockdale,
John Stockdale,John Stockdale,
John Stockdale,John Stockdale,
John Stockdale,John Stockdale,
John Stockdale,John Stockdale,
John Stockdale,John Stockdale,
John Stockdale,John Stockdale,
John Stockdale,John Stockdale,
John Stockdale,John Stockdale,
John Stockdale,John Stockdale,
John Stockdale,John Stockdale,
John Stockdale,John Stockdale,
John Stockdale,John Stockdale,
John Stockdale,John Stockdale,
John Stockdale,John Stockdale,
John Stockdale,John Stockdale,
John Stockdale ; Piccadilly,John Stockdale ; Piccadilly,
John Stockdale ; Piccadilly,John Stockdale ; Piccadilly,
John Stockdale ; Piccadilly,John Stockdale ; Piccadilly,
John Stockdale ; Piccadilly. 1st January,John Stockdale ; Piccadilly. 1st January,
John Stockdale ; sold by J. Sewell,John Stockdale ; J. Sewell,
John Stockdale opposite Burlington House, Piccadilly, London ; W. Eyres,John Stockdale opposite Burlington House, Piccadilly, London ; W. Eyres,
John Stockdale Piccadilly,John Stockdale Piccadilly,
John Stockdale, January,John Stockdale, January,
John Stockdale, London ; W. Epps, Margate,John Stockdale, London ; W. Epps, Margate,
John Stockdale, Opposite Berlington House, Piccadilly,John Stockdale, Opposite Berlington House, Piccadilly,
John Stockdale, opposite Burlington House, Piccadilly,John Stockdale, opposite Burlington House, Piccadilly,
John Stockdale, opposite Burlington House, Piccadilly,John Stockdale, opposite Burlington House, Piccadilly,
John Stockdale, opposite Burlington House, Piccadilly,John Stockdale, opposite Burlington House, Piccadilly,
John Stockdale, Opposite Burlington House, Piccadilly,John Stockdale, Opposite Burlington House, Piccadilly,
John Stockdale, opposite Burlington House, Piccadilly,John Stockdale, opposite Burlington House, Piccadilly,
John Stockdale, opposite Burlington House, Piccadilly,John Stockdale, opposite Burlington House, Piccadilly,
John Stockdale, opposite Burlington House, Piccadilly,John Stockdale, opposite Burlington House, Piccadilly,
John Stockdale, opposite Burlington House, Piccadilly,John Stockdale, opposite Burlington House, Piccadilly,
John Stockdale, opposite Burlington House, Piccadilly,John Stockdale, opposite Burlington House, Piccadilly,
John Stockdale, opposite Burlington House, Piccadilly,John Stockdale, opposite Burlington House, Piccadilly,
John Stockdale, opposite Burlington House, Piccadilly,John Stockdale, opposite Burlington House, Piccadilly,
John Stockdale, opposite Burlington House, Piccadilly,John Stockdale, opposite Burlington House, Piccadilly,
John Stockdale, opposite Burlington House, Piccadilly,John Stockdale, opposite Burlington House, Piccadilly,
John Stockdale, opposite Burlington House, Piccadilly,John Stockdale, opposite Burlington House, Piccadilly,
John Stockdale, opposite Burlington House, Piccadilly,John Stockdale, opposite Burlington House, Piccadilly,
John Stockdale, opposite Burlington House, Piccadilly,John Stockdale, opposite Burlington House, Piccadilly,
John Stockdale, opposite Burlington House, Piccadilly,John Stockdale, opposite Burlington House, Piccadilly,
John Stockdale, opposite Burlington House, Piccadilly,John Stockdale, opposite Burlington House, Piccadilly,
John Stockdale, opposite Burlington house, Piccadilly,John Stockdale, opposite Burlington house, Piccadilly,
John Stockdale, opposite Burlington House, Piccadilly,John Stockdale, opposite Burlington House, Piccadilly,
John Stockdale, Opposite Burlington House, Piccadilly,John Stockdale, Opposite Burlington House, Piccadilly,
John Stockdale, opposite Burlington House, Piccadilly,John Stockdale, opposite Burlington House, Piccadilly,
John Stockdale, opposite Burlington House, Piccadilly,John Stockdale, opposite Burlington House, Piccadilly,
John Stockdale, Opposite Burlington House, Piccadilly,John Stockdale, Opposite Burlington House, Piccadilly,
John Stockdale, Opposite Burlington House, Piccadilly,John Stockdale, Opposite Burlington House, Piccadilly,
John Stockdale, opposite Burlington House, Piccadilly,John Stockdale, opposite Burlington House, Piccadilly,
John Stockdale, opposite Burlington House, Piccadilly,John Stockdale, opposite Burlington House, Piccadilly,
John Stockdale, Opposite Burlington House, Piccadilly,John Stockdale, Opposite Burlington House, Piccadilly,
John Stockdale, Opposite Burlington House, Piccadilly,John Stockdale, Opposite Burlington House, Piccadilly,
John Stockdale, Opposite Burlington House, Piccadilly,John Stockdale, Opposite Burlington House, Piccadilly,
John Stockdale, opposite Burlington House, Piccadilly,John Stockdale, opposite Burlington House, Piccadilly,
John Stockdale, opposite Burlington House, Piccadilly,John Stockdale, opposite Burlington House, Piccadilly,
John Stockdale, opposite Burlington House, Piccadilly,John Stockdale, opposite Burlington House, Piccadilly,
John Stockdale, opposite Burlington House, Piccadilly,John Stockdale, opposite Burlington House, Piccadilly,
John Stockdale, opposite Burlington House, Piccadilly,John Stockdale, opposite Burlington House, Piccadilly,
John Stockdale, opposite Burlington House, Piccadilly,John Stockdale, opposite Burlington House, Piccadilly,
John Stockdale, opposite Burlington House, Piccadilly,John Stockdale, opposite Burlington House, Piccadilly,
John Stockdale, opposite Burlington House, Piccadilly,John Stockdale, opposite Burlington House, Piccadilly,
John Stockdale, opposite Burlington House, Piccadilly,John Stockdale, opposite Burlington House, Piccadilly,
John Stockdale, opposite Burlington House, Piccadilly,John Stockdale, opposite Burlington House, Piccadilly,
John Stockdale, opposite Burlington House, Piccadilly. M.DCC.LXXXIX,John Stockdale, opposite Burlington House, Piccadilly. M.DCC.LXXXIX,
John Stockdale, Opposite Burlington House, Piccadilly. M.DCC.XCI,John Stockdale, Opposite Burlington House, Piccadilly. M.DCC.XCI,
John Stockdale, opposite Burlington-House, Piccadilly,John Stockdale, opposite Burlington-House, Piccadilly,
John Stockdale, opposite Burlington-House, Piccadilly,John Stockdale, opposite Burlington-House, Piccadilly,
John Stockdale, Opposite Burlington-House, Piccadilly,John Stockdale, Opposite Burlington-House, Piccadilly,
John Stockdale, Opposite Burlington-House, Piccadilly,John Stockdale, Opposite Burlington-House, Piccadilly,
John Stockdale, Opposite Burlington-House, Piccadilly,John Stockdale, Opposite Burlington-House, Piccadilly,
John Stockdale, Opposite Burlington-House, Piccadilly,John Stockdale, Opposite Burlington-House, Piccadilly,
John Stockdale, opposite Burlington-House, Piccadilly,John Stockdale, opposite Burlington-House, Piccadilly,
John Stockdale, opposite Burlington-House, Piccadilly,John Stockdale, opposite Burlington-House, Piccadilly,
John Stockdale, opposite Burlington-House, Piccadilly,John Stockdale, opposite Burlington-House, Piccadilly,
John Stockdale, opposite Burlington-House, Piccadilly,John Stockdale, opposite Burlington-House, Piccadilly,
John Stockdale, Opposite Burlington-House, Piccadilly,John Stockdale, Opposite Burlington-House, Piccadilly,
John Stockdale, Opposite Burlington-House, Piccadilly,John Stockdale, Opposite Burlington-House, Piccadilly,
John Stockdale, opposite Burlington-House, Piccadilly,John Stockdale, opposite Burlington-House, Piccadilly,
John Stockdale, Opposite Burlington-House, Piccadilly,John Stockdale, Opposite Burlington-House, Piccadilly,
John Stockdale, Opposite Burlington-House, Piccadilly,John Stockdale, Opposite Burlington-House, Piccadilly,
John Stockdale, opposite Burlington-House, Piccadilly,John Stockdale, opposite Burlington-House, Piccadilly,
John Stockdale, opposite Burlington-House, Piccadilly,John Stockdale, opposite Burlington-House, Piccadilly,
John Stockdale, opposite Burlington-House, Piccadilly,John Stockdale, opposite Burlington-House, Piccadilly,
John Stockdale, opposite Burlington-House, Piccadilly,John Stockdale, opposite Burlington-House, Piccadilly,
John Stockdale, opposite Burlington-House, Piccadilly,John Stockdale, opposite Burlington-House, Piccadilly,
John Stockdale, opposite Burlington-House, Piccadilly,John Stockdale, opposite Burlington-House, Piccadilly,
John Stockdale, opposite Burlington-House, Piccadilly,John Stockdale, opposite Burlington-House, Piccadilly,
John Stockdale, opposite Burlington-House, Piccadilly,John Stockdale, opposite Burlington-House, Piccadilly,
John Stockdale, opposite Burlington-House, Piccadilly,John Stockdale, opposite Burlington-House, Piccadilly,
John Stockdale, opposite Burlington-House, Piccadilly,John Stockdale, opposite Burlington-House, Piccadilly,
John Stockdale, opposite Burlington-House, Piccadilly,John Stockdale, opposite Burlington-House, Piccadilly,
John Stockdale, opposite Burlington-House, Piccadilly,John Stockdale, opposite Burlington-House, Piccadilly,
John Stockdale, opposite Burlington-House, Piccadilly,John Stockdale, opposite Burlington-House, Piccadilly,
John Stockdale, opposite Burlington-House, Piccadilly,John Stockdale, opposite Burlington-House, Piccadilly,
John Stockdale, opposite Burlington-House, Piccadilly,John Stockdale, opposite Burlington-House, Piccadilly,
John Stockdale, opposite Burlington-House, Piccadilly,John Stockdale, opposite Burlington-House, Piccadilly,
John Stockdale, Opposite Burlington-House, Piccadilly,John Stockdale, Opposite Burlington-House, Piccadilly,
John Stockdale, opposite Burlington-House, Piccadilly,John Stockdale, opposite Burlington-House, Piccadilly,
John Stockdale, opposite Burlington-House, Piccadilly,John Stockdale, opposite Burlington-House, Piccadilly,
John Stockdale, Opposite Burlington-House, Piccadilly,John Stockdale, Opposite Burlington-House, Piccadilly,
John Stockdale, opposite Burlington-House, Piccadilly,John Stockdale, opposite Burlington-House, Piccadilly,
John Stockdale, Opposite Burlington-House, Piccadilly,John Stockdale, Opposite Burlington-House, Piccadilly,
John Stockdale, Opposite Burlington-House, Piccadilly,John Stockdale, Opposite Burlington-House, Piccadilly,
John Stockdale, opposite Burlington-House, Piccadilly,John Stockdale, opposite Burlington-House, Piccadilly,
John Stockdale, Opposite Burlington-House, Piccadilly,John Stockdale, Opposite Burlington-House, Piccadilly,
John Stockdale, Opposite Burlington-House, Piccadilly,John Stockdale, Opposite Burlington-House, Piccadilly,
John Stockdale, Opposite Burlington-House, Piccadilly,John Stockdale, Opposite Burlington-House, Piccadilly,
John Stockdale, Opposite Burlington-House, Piccadilly,John Stockdale, Opposite Burlington-House, Piccadilly,
John Stockdale, Opposite Burlington-House, Piccadilly,John Stockdale, Opposite Burlington-House, Piccadilly,
John Stockdale, Opposite Burlington-House, Piccadilly,John Stockdale, Opposite Burlington-House, Piccadilly,
John Stockdale, opposite Burlington-House, Piccadilly,John Stockdale, opposite Burlington-House, Piccadilly,
John Stockdale, opposite Burlington-House, Piccadilly,John Stockdale, opposite Burlington-House, Piccadilly,
John Stockdale, opposite Burlington-House, Piccadilly,John Stockdale, opposite Burlington-House, Piccadilly,
John Stockdale, opposite Burlington-House, Piccadilly,John Stockdale, opposite Burlington-House, Piccadilly,
John Stockdale, opposite Burlington-House, Piccadilly,John Stockdale, opposite Burlington-House, Piccadilly,
John Stockdale, opposite Burlington-House, Piccadilly,John Stockdale, opposite Burlington-House, Piccadilly,
John Stockdale, opposite Burlington-House, Piccadilly,John Stockdale, opposite Burlington-House, Piccadilly,
John Stockdale, opposite Burlington-House, Piccadilly,John Stockdale, opposite Burlington-House, Piccadilly,
John Stockdale, opposite Burlington-House, Piccadilly,John Stockdale, opposite Burlington-House, Piccadilly,
John Stockdale, opposite Burlington-House, Piccadilly,John Stockdale, opposite Burlington-House, Piccadilly,
John Stockdale, opposite Burlington-House, Piccadilly,John Stockdale, opposite Burlington-House, Piccadilly,
John Stockdale, opposite Burlington-House, Piccadilly,John Stockdale, opposite Burlington-House, Piccadilly,
John Stockdale, opposite Burlington-House, Piccadilly,John Stockdale, opposite Burlington-House, Piccadilly,
John Stockdale, opposite Burlington, House, Piccadilly,John Stockdale, opposite Burlington, House, Piccadilly,
John Stockdale, Opposite to Burlington House, Piccadilly,John Stockdale, Opposite to Burlington House, Piccadilly,
John Stockdale, Picadilly,John Stockdale, Picadilly,
John Stockdale, Picadilly,John Stockdale, Picadilly,
John Stockdale, Piccadilly,John Stockdale, Piccadilly,
John Stockdale, Piccadilly,John Stockdale, Piccadilly,
John Stockdale, Piccadilly,John Stockdale, Piccadilly,
John Stockdale, Piccadilly,John Stockdale, Piccadilly,
John Stockdale, Piccadilly,John Stockdale, Piccadilly,
John Stockdale, Piccadilly,John Stockdale, Piccadilly,
John Stockdale, Piccadilly,John Stockdale, Piccadilly,
John Stockdale, Piccadilly,John Stockdale, Piccadilly,
John Stockdale, Piccadilly,John Stockdale, Piccadilly,
John Stockdale, Piccadilly,John Stockdale, Piccadilly,
John Stockdale, Piccadilly,John Stockdale, Piccadilly,
John Stockdale, Piccadilly,John Stockdale, Piccadilly,
John Stockdale, Piccadilly,John Stockdale, Piccadilly,
John Stockdale, Piccadilly,John Stockdale, Piccadilly,
John Stockdale, Piccadilly,John Stockdale, Piccadilly,
John Stockdale, Piccadilly,John Stockdale, Piccadilly,
John Stockdale, Piccadilly,John Stockdale, Piccadilly,
John Stockdale, Piccadilly,John Stockdale, Piccadilly,
John Stockdale, Piccadilly,John Stockdale, Piccadilly,
John Stockdale, Piccadilly,John Stockdale, Piccadilly,
John Stockdale, Piccadilly,John Stockdale, Piccadilly,
John Stockdale, Piccadilly,John Stockdale, Piccadilly,
John Stockdale, Piccadilly,John Stockdale, Piccadilly,
John Stockdale, Piccadilly,John Stockdale, Piccadilly,
John Stockdale, Piccadilly,John Stockdale, Piccadilly,
John Stockdale, Piccadilly,John Stockdale, Piccadilly,
John Stockdale, Piccadilly,John Stockdale, Piccadilly,
John Stockdale, Piccadilly,John Stockdale, Piccadilly,
John Stockdale, Piccadilly,John Stockdale, Piccadilly,
John Stockdale, Piccadilly,John Stockdale, Piccadilly,
John Stockdale, Piccadilly,John Stockdale, Piccadilly,
John Stockdale, Piccadilly,John Stockdale, Piccadilly,
John Stockdale, Piccadilly,John Stockdale, Piccadilly,
John Stockdale, Piccadilly,John Stockdale, Piccadilly,
John Stockdale, Piccadilly,John Stockdale, Piccadilly,
John Stockdale, Piccadilly,John Stockdale, Piccadilly,
John Stockdale, Piccadilly,John Stockdale, Piccadilly,
John Stockdale, Piccadilly,John Stockdale, Piccadilly,
John Stockdale, Piccadilly,John Stockdale, Piccadilly,
John Stockdale, Piccadilly,John Stockdale, Piccadilly,
John Stockdale, Piccadilly,John Stockdale, Piccadilly,
John Stockdale, Piccadilly,John Stockdale, Piccadilly,
John Stockdale, Piccadilly,John Stockdale, Piccadilly,
John Stockdale, Piccadilly,John Stockdale, Piccadilly,
John Stockdale, Piccadilly,John Stockdale, Piccadilly,
John Stockdale, Piccadilly,John Stockdale, Piccadilly,
John Stockdale, Piccadilly,John Stockdale, Piccadilly,
John Stockdale, Piccadilly,John Stockdale, Piccadilly,
John Stockdale, Piccadilly,John Stockdale, Piccadilly,
John Stockdale, Piccadilly,John Stockdale, Piccadilly,
John Stockdale, Piccadilly,John Stockdale, Piccadilly,
John Stockdale, Piccadilly,John Stockdale, Piccadilly,
John Stockdale, Piccadilly,John Stockdale, Piccadilly,
John Stockdale, Piccadilly,John Stockdale, Piccadilly,
John Stockdale, Piccadilly,John Stockdale, Piccadilly,
John Stockdale, Piccadilly,John Stockdale, Piccadilly,
John Stockdale, Piccadilly,John Stockdale, Piccadilly,
John Stockdale, Piccadilly,John Stockdale, Piccadilly,
John Stockdale, Piccadilly,John Stockdale, Piccadilly,
John Stockdale, Piccadilly,John Stockdale, Piccadilly,
John Stockdale, Piccadilly,John Stockdale, Piccadilly,
John Stockdale, Piccadilly,John Stockdale, Piccadilly,
John Stockdale, Piccadilly,John Stockdale, Piccadilly,
John Stockdale, Piccadilly,John Stockdale, Piccadilly,
John Stockdale, Piccadilly,John Stockdale, Piccadilly,
John Stockdale, Piccadilly,John Stockdale, Piccadilly,
John Stockdale, Piccadilly,John Stockdale, Piccadilly,
John Stockdale, Piccadilly,John Stockdale, Piccadilly,
John Stockdale, Piccadilly,John Stockdale, Piccadilly,
John Stockdale, Piccadilly,John Stockdale, Piccadilly,
John Stockdale, Piccadilly,John Stockdale, Piccadilly,
John Stockdale, Piccadilly,John Stockdale, Piccadilly,
John Stockdale, Piccadilly,John Stockdale, Piccadilly,
John Stockdale, Piccadilly,John Stockdale, Piccadilly,
John Stockdale, Piccadilly,John Stockdale, Piccadilly,
John Stockdale, Piccadilly,John Stockdale, Piccadilly,
John Stockdale, Piccadilly,John Stockdale, Piccadilly,
John Stockdale, Piccadilly,John Stockdale, Piccadilly,
John Stockdale, Piccadilly,John Stockdale, Piccadilly,
John Stockdale, Piccadilly,John Stockdale, Piccadilly,
John Stockdale, Piccadilly,John Stockdale, Piccadilly,
John Stockdale, Piccadilly,John Stockdale, Piccadilly,
John Stockdale, Piccadilly,John Stockdale, Piccadilly,
John Stockdale, Piccadilly,John Stockdale, Piccadilly,
John Stockdale, Piccadilly,John Stockdale, Piccadilly,
John Stockdale, Piccadilly,John Stockdale, Piccadilly,
John Stockdale, Piccadilly,John Stockdale, Piccadilly,
John Stockdale, Piccadilly,John Stockdale, Piccadilly,
John Stockdale, Piccadilly,John Stockdale, Piccadilly,
John Stockdale, Piccadilly,John Stockdale, Piccadilly,
John Stockdale, Piccadilly,John Stockdale, Piccadilly,
John Stockdale, Piccadilly,John Stockdale, Piccadilly,
John Stockdale, Piccadilly,John Stockdale, Piccadilly,
John Stockdale, Piccadilly,John Stockdale, Piccadilly,
John Stockdale, Piccadilly,John Stockdale, Piccadilly,
John Stockdale, Piccadilly,John Stockdale, Piccadilly,
John Stockdale, Piccadilly,John Stockdale, Piccadilly,
John Stockdale, Piccadilly,John Stockdale, Piccadilly,
John Stockdale, Piccadilly,John Stockdale, Piccadilly,
John Stockdale, Piccadilly,John Stockdale, Piccadilly,
John Stockdale, Piccadilly,John Stockdale, Piccadilly,
John Stockdale, Piccadilly,John Stockdale, Piccadilly,
John Stockdale, Piccadilly,John Stockdale, Piccadilly,
John Stockdale, Piccadilly,John Stockdale, Piccadilly,
John Stockdale, Piccadilly,John Stockdale, Piccadilly,
John Stockdale, Piccadilly,John Stockdale, Piccadilly,
John Stockdale, Piccadilly,John Stockdale, Piccadilly,
John Stockdale, Piccadilly,John Stockdale, Piccadilly,
John Stockdale, Piccadilly,John Stockdale, Piccadilly,
John Stockdale, Piccadilly,John Stockdale, Piccadilly,
John Stockdale, Piccadilly,John Stockdale, Piccadilly,
John Stockdale, Piccadilly,John Stockdale, Piccadilly,
John Stockdale, Piccadilly,John Stockdale, Piccadilly,
John Stockdale, Piccadilly,John Stockdale, Piccadilly,
John Stockdale, Piccadilly,John Stockdale, Piccadilly,
John Stockdale, Piccadilly,John Stockdale, Piccadilly,
John Stockdale, Piccadilly,John Stockdale, Piccadilly,
John Stockdale, Piccadilly,John Stockdale, Piccadilly,
John Stockdale, Piccadilly,John Stockdale, Piccadilly,
John Stockdale, Piccadilly,John Stockdale, Piccadilly,
John Stockdale, Piccadilly,John Stockdale, Piccadilly,
John Stockdale, Piccadilly,John Stockdale, Piccadilly,
John Stockdale, Piccadilly,John Stockdale, Piccadilly,
John Stockdale, Piccadilly,John Stockdale, Piccadilly,
John Stockdale, Piccadilly,John Stockdale, Piccadilly,
John Stockdale, Piccadilly,John Stockdale, Piccadilly,
John Stockdale, Piccadilly,John Stockdale, Piccadilly,
John Stockdale, Piccadilly,John Stockdale, Piccadilly,
John Stockdale, Piccadilly,John Stockdale, Piccadilly,
John Stockdale, Piccadilly,John Stockdale, Piccadilly,
John Stockdale, Piccadilly,John Stockdale, Piccadilly,
John Stockdale, Piccadilly,John Stockdale, Piccadilly,
John Stockdale, Piccadilly,John Stockdale, Piccadilly,
John Stockdale, Piccadilly,John Stockdale, Piccadilly,
John Stockdale, Piccadilly,John Stockdale, Piccadilly,
John Stockdale, Piccadilly,John Stockdale, Piccadilly,
John Stockdale, Piccadilly,John Stockdale, Piccadilly,
John Stockdale, Piccadilly,John Stockdale, Piccadilly,
John Stockdale, Piccadilly,John Stockdale, Piccadilly,
John Stockdale, Piccadilly,John Stockdale, Piccadilly,
John Stockdale, Piccadilly,John Stockdale, Piccadilly,
John Stockdale, Piccadilly,John Stockdale, Piccadilly,
John Stockdale, Piccadilly,John Stockdale, Piccadilly,
John Stockdale, Piccadilly,John Stockdale, Piccadilly,
John Stockdale, Piccadilly,John Stockdale, Piccadilly,
John Stockdale, Piccadilly,John Stockdale, Piccadilly,
John Stockdale, Piccadilly,John Stockdale, Piccadilly,
John Stockdale, Piccadilly,John Stockdale, Piccadilly,
John Stockdale, Piccadilly,John Stockdale, Piccadilly,
John Stockdale, Piccadilly,John Stockdale, Piccadilly,
John Stockdale, Piccadilly,John Stockdale, Piccadilly,
John Stockdale, Piccadilly,John Stockdale, Piccadilly,
John Stockdale, Piccadilly,John Stockdale, Piccadilly,
John Stockdale, Piccadilly,John Stockdale, Piccadilly,
John Stockdale, Piccadilly,John Stockdale, Piccadilly,
John Stockdale, Piccadilly,John Stockdale, Piccadilly,
John Stockdale, Piccadilly,John Stockdale, Piccadilly,
John Stockdale, Piccadilly,John Stockdale, Piccadilly,
John Stockdale, Piccadilly,John Stockdale, Piccadilly,
John Stockdale, Piccadilly,John Stockdale, Piccadilly,
John Stockdale, Piccadilly,John Stockdale, Piccadilly,
John Stockdale, Piccadilly,John Stockdale, Piccadilly,
John Stockdale, Piccadilly,John Stockdale, Piccadilly,
John Stockdale, piccadilly,John Stockdale, piccadilly,
John Stockdale, Piccadilly,John Stockdale, Piccadilly,
John Stockdale, Piccadilly,John Stockdale, Piccadilly,
John Stockdale, Piccadilly,John Stockdale, Piccadilly,
John Stockdale, Piccadilly,John Stockdale, Piccadilly,
John Stockdale, Piccadilly,John Stockdale, Piccadilly,
John Stockdale, Piccadilly,John Stockdale, Piccadilly,
John Stockdale, Piccadilly,John Stockdale, Piccadilly,
John Stockdale, Piccadilly,John Stockdale, Piccadilly,
John Stockdale, Piccadilly,John Stockdale, Piccadilly,
John Stockdale, Piccadilly,John Stockdale, Piccadilly,
John Stockdale, Piccadilly,John Stockdale, Piccadilly,
John Stockdale, Piccadilly,John Stockdale, Piccadilly,
John Stockdale, Piccadilly,John Stockdale, Piccadilly,
John Stockdale, Piccadilly,John Stockdale, Piccadilly,
John Stockdale, Piccadilly,John Stockdale, Piccadilly,
John Stockdale, Piccadilly,John Stockdale, Piccadilly,
John Stockdale, Piccadilly ; Salisburg Square ; T. Gillet,John Stockdale, Piccadilly ; Salisburg Square ; T. Gillet,
John Stockdale, Piccadilly ; Salisbury Square ; T. Gillet,John Stockdale, Piccadilly ; Salisbury Square ; T. Gillet,
John Stockdale, Piccadilly ; sold at the European Magazinewarehouse, Cowper's Court, Cornhill,John Stockdale, Piccadilly ; at European Magazinewarehouse, Cowper's Court, Cornhill,
John Stockdale, Piccadilly ; William Laing, Edinburgh,John Stockdale, Piccadilly ; William Laing,,
John Stockdale, Piccadilly & sold,John Stockdale, Piccadilly ;,
John Stockdale, Piccadilly, 15th August,John Stockdale, Piccadilly, 15th August,
John Stockdale, Piccadilly, London ; sold by Simmons, Kirkby & Jones,John Stockdale, Piccadilly, London ; Simmons, Kirkby ; Jones,
John Stockdale, Piccadilly. 20th,John Stockdale, Piccadilly. 20th,
John Stockdale, Piccadilly. Decr 29th,John Stockdale, Piccadilly. Decr 29th,
John Stockdale, Piccadilly. January the 27th,John Stockdale, Piccadilly. January 27th,
John Stockdale, Piccadilly. M.DCC.XCVI,John Stockdale, Piccadilly. M.DCC.XCVI,
John Stockdale, September 27,John Stockdale, September 27,
John Stockdale. Decr 31st,John Stockdale. Decr 31st,
John Stockdale. Jany,John Stockdale. Jany,
John Strahan, No 67, Strand,John Strahan, No 67,,
John Sudbury, No. 16, Tooly-Street, Soutawark,John Sudbury, No. 16, Tooly-Street, Soutawark,
John Taylor,John Taylor,
John Taylor,John Taylor,
John Taylor,John Taylor,
John Taylor,John Taylor,
John Taylor,John Taylor,
John Taylor,John Taylor,
John Taylor,John Taylor,
John Taylor,John Taylor,
John Taylor,John Taylor,
John Taylor,John Taylor,
John Taylor,John Taylor,
John Taylor,John Taylor,
John Taylor,John Taylor,
John Taylor ; sold,John Taylor,
John Thomas, No. 12, Little New-Street, Shoe-Lane,John Thomas, No. 12, Little New-Street, Shoe-Lane,
John Thompson,John Thompson,
John Thompson ; prnted ; sold by J. Johnson, London,John Thompson ; prnted ; J. Johnson, London,
John Thompson ; sold by J. Johnson, London,John Thompson ; J. Johnson, London,
John Thompson ; sold by J. Johnson, ST. Paul's Church-Yard, London,John Thompson ; J. Johnson, ST. Paul's Church-Yard, London,
John Thompson ; sold by J. Johnson, St. Paul's Church-Yard, London,John Thompson ; J. Johnson, St. Paul's Church-Yard, London,
John Thompson ; sold by J. Johnson, St. Paul's Church-Yard, London,John Thompson ; J. Johnson, St. Paul's Church-Yard, London,
John Thompson ; sold by J. Johnson, ST. Paul's Church-Yard, London,John Thompson ; J. Johnson, ST. Paul's Church-Yard, London,
John Thompson ; sold by J. Johnson, ST. Paul's Church-Yard, London,John Thompson ; J. Johnson, ST. Paul's Church-Yard, London,
John Thompson ; sold by J. Johnson, ST. Paul's Church-Yard, London,John Thompson ; J. Johnson, ST. Paul's Church-Yard, London,
John Thompson & A. Nunes ; sold,John Thompson ; A. Nunes,
John Thompson, of Birmingham,John Thompson, of Birmingham,
John Thompson, sold by J. Johnson, ST. Paul's Church-Yard ; Marsom, Holborn ; Ramsey, Temple-Bar, London,John Thompson, J. Johnson, ST. Paul's Church-Yard ; Marsom, Holborn ; Ramsey, Temple-Bar, London,
John Todd,John Todd,
John Tregortha,John Tregortha,
John Trumbull,John Trumbull,
John Trumbull, near the Meeting-House,John Trumbull, near Meeting-House,
John Vint, No. 335, Strand, opposite Somerset House. Sold by all the news-vendors in town ; Mr. Campbell, Wine Street, Bristol ; Mr. J. Robertson,John Vint, No. 335, Strand, opposite Somerset House. Sold all news-vendors town ; Mr. Campbell, Wine Street, Bristol ; Mr. J. Robertson,
John Vint, No. 335, Strand, opposite Somerset-House. Where advertisements, letters ; Morning post office, Blake-Court, Catherine-Street, Strand ; are received,John Vint, No. 335, Strand, opposite Somerset-House. Where advertisements, letters ; Morning post office, Blake-Court, Catherine-Street, ; are received,
John Walker,John Walker,
John Walker,John Walker,
John Walker,John Walker,
John Walker,John Walker,
John Walker,John Walker,
