sold by G. Nicol,G. Nicol,
sold by G. Nicol,G. Nicol,
sold by G. Nicol, Pall-Mall,G. Nicol, Pall-Mall,
sold by G. Nicol, Pall-Mall,G. Nicol, Pall-Mall,
sold by G. Riebau,G. Riebau,
sold by G. Riebau & J. Wright,G. Riebau ; J. Wright,
Sold by G. Riebau, No. 439, Strand,Sold G. Riebau, No. 439,,
sold by G. Riebau, No. 439, Strand,G. Riebau, No. 439,,
sold by G. Riebau, No. 439, Strand, near Buckingham-Street,G. Riebau, No. 439, Strand, near Buckingham-Street,
sold by G. Riebau, NO. 439, Strand, Near Buckingham-Street & J. Wright, NO. 48. Dorset-Street, Manchester-Square,G. Riebau, NO. 439, Strand, Near Buckingham-Street ; J. Wright, NO. 48. Dorset-Street, Manchester-Square,
Sold by G. Riebau, No.439 Strand,Sold G. Riebau, No.439,
sold by G. Sael,G. Sael,
sold by G. Sael,G. Sael,
sold by G. Sael,G. Sael,
sold by G. Sael, Newcastle-Street, Strand,G. Sael, Newcastle-Street,,
sold by G. Swindells,G. Swindells,
sold by G. Swindells,G. Swindells,
sold by G. Swindells,G. Swindells,
sold by G. Swindells,G. Swindells,
sold by G. Swindells,G. Swindells,
sold by G. Swindells,G. Swindells,
sold by G. Swindells,G. Swindells,
sold by G. Swindells,G. Swindells,
sold by G. Swindells,G. Swindells,
sold by G. Swindells, New Printing-Office, Hanging-Bridge,G. Swindells, New Printing-Office, Hanging-Bridge,
sold by G. Swindells, New Printing-Office, Hanging-Bridge,G. Swindells, New Printing-Office, Hanging-Bridge,
sold by G. Swindells, New Printing-Office, Hanging-Bridge,G. Swindells, New Printing-Office, Hanging-Bridge,
sold by G. Thompson, No. 43, Long Lane, West Smithfield,G. Thompson, No. 43, Long Lane, West Smithfield,
sold by G. Walker,G. Walker,
Sold by G. Whitfield, London, & at the Methodist preaching-houses in town & country,Sold G. Whitfield, London, ; at Methodist preaching-houses town ; country,
sold by G. Wilkie, No. 57, Paternoster Row,G. Wilkie, No. 57, Paternoster Row,
sold by G.G & J. Robinson,G.G ; J. Robinson,
sold by G.G & J. Robinson, Pater-Noster-Row,G.G ; J. Robinson, Pater-Noster-Row,
Sold by G.G & J. Robinson, Paternoster-Row,Sold G.G ; J. Robinson, Paternoster-Row,
sold by G.G & J. Robinson, Paternoster-Row,G.G ; J. Robinson, Paternoster-Row,
sold by G.G. & J. Robinson, Paternoster-Row,G.G. ; J. Robinson, Paternoster-Row,
sold by George Cawthorn,George Cawthorn,
sold by George Cawthorn,George Cawthorn,
sold by George Cawthorn,George Cawthorn,
sold by George Gower,George Gower,
sold by George Greenhill,George Greenhill,
sold by George Greenhill,George Greenhill,
sold by George Greenhill,George Greenhill,
sold by George Greenhill,George Greenhill,
sold by George Greenhill,George Greenhill,
sold by George Greenhill,George Greenhill,
Sold by George Greenhill ; their Hall in Ludgate-Street,Sold George Greenhill ; their Hall Ludgate-Street,
sold by George Greenhill ; their Hall, near Ludgate-Street,George Greenhill ; their Hall, near Ludgate-Street,
sold by George Huntley, a disabled soldier,George Huntley, a disabled soldier,
sold by George Nicol,George Nicol,
sold by H. Bradley,H. Bradley,
sold by H. Bradley,H. Bradley,
Sold by H. D. Symmonds, Paternoster-Row,Sold H. D. Symmonds, Paternoster-Row,
sold by H. D. Symonds,H. D. Symonds,
sold by H. D. Symonds,H. D. Symonds,
sold by H. D. Symonds,H. D. Symonds,
sold by H. D. Symonds,H. D. Symonds,
sold by H. D. Symonds,H. D. Symonds,
sold by H. D. Symonds,H. D. Symonds,
sold by H. D. Symonds,H. D. Symonds,
sold by H. D. Symonds,H. D. Symonds,
sold by H. D. Symonds,H. D. Symonds,
sold by H. D. Symonds,H. D. Symonds,
sold by H. D. Symonds,H. D. Symonds,
sold by H. D. Symonds No. 20. Paternoster Row,H. D. Symonds No. 20. Paternoster Row,
sold by H. D. Symonds, C. Wood,H. D. Symonds, C. Wood,
sold by H. D. Symonds, No. 20, Paternoster-Row,H. D. Symonds, No. 20, Paternoster-Row,
sold by H. D. Symonds, No. 20, Paternoster-Row,H. D. Symonds, No. 20, Paternoster-Row,
sold by H. D. Symonds, No. 20, Paternoster-Row,H. D. Symonds, No. 20, Paternoster-Row,
Sold by H. D. Symonds, Pater Noster Row ; place of meeting,Sold H. D. Symonds, Pater Noster Row ; place of meeting,
sold by H. D. Symonds, Paternoster Row,H. D. Symonds, Paternoster Row,
sold by H. D. Symonds, Paternoster-Row,H. D. Symonds, Paternoster-Row,
sold by H. Fenwick,H. Fenwick,
sold by H. Forshaw,H. Forshaw,
sold by H. Forshaw,H. Forshaw,
sold by H. Forshaw,H. Forshaw,
sold by H. Forshaw, Edmund Street,H. Forshaw, Edmund Street,
sold by H. Forshaw, Edmund Street, Liverpool,H. Forshaw, Edmund Street, Liverpool,
sold by H. Hodgson,H. Hodgson,
sold by H. Hodgson ; sold by him At The Corner Of Sir Thomas's Buildings, White-Chapel,H. Hodgson ; him At The Corner Of Sir Thomas's Buildings, White-Chapel,
sold by H. Hodgson, No. 51, Ranelagh-Street,H. Hodgson, No. 51, Ranelagh-Street,
sold by H. Mozley,H. Mozley,
sold by H. Procter,H. Procter,
sold by H. Trapp,H. Trapp,
sold by H. Trapp,H. Trapp,
sold by H. Trapp,H. Trapp,
sold by H. Trapp,H. Trapp,
sold by H. Trapp,H. Trapp,
sold by H. Trapp,H. Trapp,
sold by H. Trapp,H. Trapp,
sold by H. Trapp,H. Trapp,
sold by H. Trapp,H. Trapp,
sold by H. Trapp,H. Trapp,
sold by H. Trapp no. 1. Paternoster-Row,H. Trapp no. 1. Paternoster-Row,
sold by H. Trapp, No. 1, Pater-Noster-Row,H. Trapp, No. 1, Pater-Noster-Row,
sold by H. Trapp, No. 1, Pater-Noster-Row,H. Trapp, No. 1, Pater-Noster-Row,
sold by H. Trapp, No. 1, Pater-Noster-Row,H. Trapp, No. 1, Pater-Noster-Row,
sold by H. Trapp, No. 1, Paternoster-Row,H. Trapp, No. 1, Paternoster-Row,
sold by H. Trapp, No. 1, Paternoster-Row,H. Trapp, No. 1, Paternoster-Row,
sold by H. Trapp, No. 1, Paternoster-Row,H. Trapp, No. 1, Paternoster-Row,
sold by H. Trapp, No. 1, Paternoster-Row,H. Trapp, No. 1, Paternoster-Row,
sold by H. Trapp, No. 1, Paternoster-Row,H. Trapp, No. 1, Paternoster-Row,
sold by H. Trapp, No. 1, Paternoster-Row,H. Trapp, No. 1, Paternoster-Row,
sold by H. Trapp, No. 1, Paternoster-Row,H. Trapp, No. 1, Paternoster-Row,
sold by H. Trapp, No. 1, Paternoster-Row,H. Trapp, No. 1, Paternoster-Row,
sold by H. Trapp, No. 1. Pater-Noster-Row,H. Trapp, No. 1. Pater-Noster-Row,
sold by H. Trapp, No. 1. Pater-Noster-Row, near Cheapside,H. Trapp, No. 1. Pater-Noster-Row, near Cheapside,
sold by H. Trapp, No. 3. Pater-noster-row,H. Trapp, No. 3. Pater-noster-row,
sold by H. Whitworth,H. Whitworth,
sold by H.D. Symmonds, No. 20 Paternoster-Row,H.D. Symmonds, No. 20 Paternoster-Row,
sold by H.D. Symonds,H.D. Symonds,
sold by H.D. Symonds, & W. Button, Paternoster Row,H.D. Symonds, ; W. Button, Paternoster Row,
sold by H.D. Symonds, No. 20, Paternoster-Row,H.D. Symonds, No. 20, Paternoster-Row,
sold by H.D. Symonds, Pater Noster Row,H.D. Symonds, Pater Noster Row,
sold by H.D. Symonds, Paternoster-Row,H.D. Symonds, Paternoster-Row,
sold by H.D. Symonds, Paternoster-Row,H.D. Symonds, Paternoster-Row,
sold by Hall & Elliot ; sold by J. P. Coghlan, No. 37, Duke-Street, Grosvenor Square, London,Hall ; Elliot ; J. P. Coghlan, No. 37, Duke-Street, Grosvenor Square, London,
Sold by Harrison,Sold Harrison,
sold by Hatchard, Piccadilly,Hatchard, Piccadilly,
sold by Henry Fenwick,Henry Fenwick,
Sold by Henry Gardner ; Strand,Sold Henry Gardner,
sold by him at Lichfield - Mr. Smart, Mr. Skillern, Messrs. Thompson's, London,him at Lichfield - Mr. Smart, Mr. Skillern, Messrs. Thompson's, London,
sold by him at No. 168, Opposite Bond-Street, Piccadilly,him at No. 168, Opposite Bond-Street, Piccadilly,
sold by him at the Vestry of the Chapel in Parliament Court, Artillery Street,him at Vestry of Chapel Parliament Court, Artillery Street,
sold by him singly or in sets,him singly or sets,
sold by him singly or in sets at N. 7 Old Round Court Strand,him singly or sets at N. 7 Old Round Court,
sold by him, No. 4 Chichester Rents, Chancery-Lane,him, No. 4 Chichester Rents, Chancery-Lane,
sold by Holl & Brandish,Holl ; Brandish,
sold by Hookham & Carpenter,Hookham ; Carpenter,
sold by Hookham & Carpenter,Hookham ; Carpenter,
sold by Hookham & Carpenter, 14, Old Bond Street,Hookham ; Carpenter, 14, Old Bond Street,
sold by Hookham & Carpenter, Bond Street,Hookham ; Carpenter, Bond Street,
sold by Hookham & Carpenter, Bond-Street,Hookham ; Carpenter, Bond-Street,
sold by Hookham & Carpenter, Bond-Street,Hookham ; Carpenter, Bond-Street,
sold by Hookham & Carpenter, No. 147, New Bond Street,Hookham ; Carpenter, No. 147, New Bond Street,
sold by Hookham & Carpenter, Old Bond Street,Hookham ; Carpenter, Old Bond Street,
sold by Hookham & Carpenter, Old Bond-Street, Piccadilly,Hookham ; Carpenter, Old Bond-Street, Piccadilly,
Sold by Howard & Evans, 42, Long-Lane,Sold Howard ; Evans, 42, Long-Lane,
sold by Howard & Evans, London,Howard ; Evans, London,
sold by Hurst,Hurst,
Sold by I. James, Bristol ; Thomson, Manchester ; W. Button, Paternoster Row, London,Sold I. James, Bristol ; Thomson, Manchester ; W. Button, Paternoster Row, London,
Sold by I. Seago print seller in London,Sold I. Seago print seller London,
sold by I. Taylor, No 56, nearly opposite Turnstile,I. Taylor, No 56, nearly opposite Turnstile,
sold by I. Tinney,I. Tinney,
sold by Innes & Gray,Innes ; Gray,
sold by Iohn Marshall,Iohn Marshall,
sold by Ion Iohnston,Ion Iohnston,
sold by Isaac Herbert,Isaac Herbert,
sold by J & J. Boydell,J ; J. Boydell,
sold by J & J. Taylor,J ; J. Taylor,
sold by J & M. Sibly, Goswell Street,J ; M. Sibly, Goswell Street,
sold by J & S. Russell ; sold by T. Evans, P. Brett, London,J ; S. Russell ; T. Evans, P. Brett, London,
sold by J & W. Eddowes,J ; W. Eddowes,
sold by J & W. Eddowes,J ; W. Eddowes,
sold by J Brook,J Brook,
sold by J Davenport, London,J Davenport, London,
sold by J Davenport, No. 6, Little Chatherine-Street, Strand, London,J Davenport, No. 6, Little Chatherine-Street, Strand, London,
sold by J Evans, no. 41, Long Lane,J Evans, no. 41, Long Lane,
sold by J. Agg,J. Agg,
sold by J. Agg,J. Agg,
sold by J. Agg,J. Agg,
sold by J. Agg,J. Agg,
sold by J. Agg,J. Agg,
sold by J. Agg,J. Agg,
sold by J. Agg,J. Agg,
sold by J. Aitken,J. Aitken,
sold by J. Aitken, No. 14, Castle Street, Leicester Square,J. Aitken, No. 14, Castle Street, Leicester Square,
sold by J. Anderson, No. 62, Holborn-Hill,J. Anderson, No. 62, Holborn-Hill,
sold by J. Atkinson,J. Atkinson,
sold by J. B. Rutter,J. B. Rutter,
sold by J. Barker, Dramatic Repository, Great Russell-Street, Covent-Garden,J. Barker, Dramatic Repository, Great Russell-Street, Covent-Garden,
sold by J. Barker, Dramatic Repository, Great Russell-Street, Covent-Garden,J. Barker, Dramatic Repository, Great Russell-Street, Covent-Garden,
sold by J. Barker, dramatic repository, great Russell-Street, Covent-Garden,J. Barker, dramatic repository, great Russell-Street, Covent-Garden,
sold by J. Barker, opposite the Pit Door of Drury-Lane Theatre,J. Barker, opposite Pit Door of Drury-Lane Theatre,
sold by J. Belcher,J. Belcher,
sold by J. Bell,J. Bell,
sold by J. Bell,J. Bell,
sold by J. Bence,J. Bence,
sold by J. Bence,J. Bence,
Sold by J. Bence ; Wotton-Underedge,Sold J. Bence ; Wotton-Underedge,
Sold by J. Bence ; Wotton-Underedge,Sold J. Bence ; Wotton-Underedge,
sold by J. Bew,J. Bew,
sold by J. Bew, No 28, Pater-Noster-Row,J. Bew, No 28, Pater-Noster-Row,
sold by J. Bew, Pater-noster-row,J. Bew, Pater-noster-row,
sold by J. Bew, PaterNoster-Row,J. Bew, PaterNoster-Row,
sold by J. Bew, Paternoster-Row,J. Bew, Paternoster-Row,
sold by J. Bew, Paternoster-Row,J. Bew, Paternoster-Row,
sold by J. Bew, Paternoster-Row,J. Bew, Paternoster-Row,
sold by J. Binns,J. Binns,
sold by J. Blake,J. Blake,
sold by J. Bland,J. Bland,
sold by J. Bowen, No. 10, Cockey-Lane,J. Bowen, No. 10, Cockey-Lane,
sold by J. Breadhower,J. Breadhower,
sold by J. Brook,J. Brook,
sold by J. Brook,J. Brook,
sold by J. Brook,J. Brook,
sold by J. Brook,J. Brook,
sold by J. Brook,J. Brook,
sold by J. Brook,J. Brook,
sold by J. Brook,J. Brook,
sold by J. Brook,J. Brook,
sold by J. Brown,J. Brown,
sold by J. Brown,J. Brown,
sold by J. Brown,J. Brown,
sold by J. Buckland, No 57, Pater-Noster-Row,J. Buckland, No 57, Pater-Noster-Row,
sold by J. Buckland, No 57, Pater-Noster-Row,J. Buckland, No 57, Pater-Noster-Row,
sold by J. Bullock,J. Bullock,
sold by J. Burks, 74, Sun,J. Burks, 74, Sun,
Sold by J. Burks, Crispin Street, Spital-Fields,Sold J. Burks, Crispin Street, Spital-Fields,
sold by J. Burks, No.52, Crispin-Street, Shitalfields,J. Burks, No.52, Crispin-Street, Shitalfields,
Sold by J. Burks, No.74, Sun Street ; political,Sold J. Burks, No.74, Sun Street ; political,
sold by J. Bush,J. Bush,
sold by J. Bush,J. Bush,
sold by J. Butler,J. Butler,
sold by J. Butler, Worcester,J. Butler, Worcester,
sold by J. Butler, Worcester,J. Butler, Worcester,
sold by J. Butler, Worcester,J. Butler, Worcester,
sold by J. Butler, Worcester,J. Butler, Worcester,
Sold by J. Butler, Worcetser,Sold J. Butler, Worcetser,
sold by J. Butterworth, Fleet-Street,J. Butterworth, Fleet-Street,
sold by J. C. B. Campbell,J. C. B. Campbell,
sold by J. Cary,J. Cary,
sold by J. Cary, No.181, Strand,J. Cary, No.181,,
sold by J. Chalmers, No. 81, Old-Street,J. Chalmers, No. 81, Old-Street,
sold by J. Cheney,J. Cheney,
sold by J. Cheney,J. Cheney,
sold by J. Cheney, Banbury,J. Cheney, Banbury,
sold by J. Cooke,J. Cooke,
sold by J. Cooke,J. Cooke,
sold by J. Cutler, High Street, Worcester,J. Cutler, High Street, Worcester,
sold by J. Davenport,J. Davenport,
sold by J. Davenport, 6 George's Court, St. John's Gate, West Smithfield, London,J. Davenport, 6 George's Court, St. John's Gate, West Smithfield, London,
sold by J. Davenport, 6, George's Court, St. John's Lane, West Smithfield, London where may be had the greatest variety of slips, collections, patters,J. Davenport, 6, George's Court, St. John's Lane, West Smithfield, London where may be had greatest variety of slips, collections, patters,
sold by J. Davenport, 6, Little Catherine-street, Strand,J. Davenport, 6, Little Catherine-street,,
sold by J. Davenport, London,J. Davenport, London,
sold by J. Davenport, London,J. Davenport, London,
sold by J. Davenport, London,J. Davenport, London,
sold by J. Davenport, London,J. Davenport, London,
sold by J. Davenport, London,J. Davenport, London,
sold by J. Davenport, London,J. Davenport, London,
sold by J. Davenport, London,J. Davenport, London,
sold by J. Davenport, London,J. Davenport, London,
sold by J. Davenport, London,J. Davenport, London,
sold by J. Davenport, London,J. Davenport, London,
sold by J. Davenport, London,J. Davenport, London,
sold by J. Davenport, London,J. Davenport, London,
sold by J. Davenport, London,J. Davenport, London,
sold by J. Davenport, London,J. Davenport, London,
sold by J. Davenport, London,J. Davenport, London,
sold by J. Davenport, No. 27, Angel-Court, near Storey's Gate,J. Davenport, No. 27, Angel-Court, near Storey's Gate,
sold by J. Davenport, no. 6, Little Catherine-street, Strand,J. Davenport, no. 6, Little Catherine-street,,
sold by J. Davenport, No. 6, Little Catherine-Street, Strand,J. Davenport, No. 6, Little Catherine-Street,,
sold by J. Davenport, No. 6, Little Catherine-street, Strand,J. Davenport, No. 6, Little Catherine-street,,
sold by J. Debrett,J. Debrett,
sold by J. Debrett,J. Debrett,
sold by J. Debrett,J. Debrett,
sold by J. Debrett,J. Debrett,
sold by J. Debrett,J. Debrett,
sold by J. Debrett,J. Debrett,
sold by J. Debrett,J. Debrett,
sold by J. Debrett, opposite Burlington house, piccadilly,J. Debrett, opposite Burlington house, piccadilly,
sold by J. Debrett, Opposite Burlington-House, Piccadilly,J. Debrett, Opposite Burlington-House, Piccadilly,
sold by J. Debrett, Piccadilly,J. Debrett, Piccadilly,
sold by J. Debrett, Piccadilly,J. Debrett, Piccadilly,
Sold by J. Debrett, Piccadilly,Sold J. Debrett, Piccadilly,
sold by J. Debrett, Piccadilly,J. Debrett, Piccadilly,
sold by J. Debrett, Piccadilly,J. Debrett, Piccadilly,
sold by J. Debrett, Richardson, Dilly, Johnson, Murray,J. Debrett, Richardson, Dilly, Johnson, Murray,
Sold by J. Deighton,Sold J. Deighton,
sold by J. Deighton,J. Deighton,
sold by J. Deighton, Holborn,J. Deighton, Holborn,
sold by J. Deighton, Holborn,J. Deighton, Holborn,
sold by J. Deighton, No. 274, Holbourn,J. Deighton, No. 274, Holbourn,
sold by J. Deighton, opposite Gray's-Inn, Holborn,J. Deighton, opposite Gray's-Inn, Holborn,
sold by J. Downes,J. Downes,
sold by J. Downes,J. Downes,
sold by J. Downes,J. Downes,
sold by J. Downes,J. Downes,
sold by J. Downes,J. Downes,
Sold by J. Downes,Sold J. Downes,
Sold by J. Downes,Sold J. Downes,
sold by J. Downes, no. 240, Strand,J. Downes, no. 240,,
sold by J. Downes, no. 240, Strand,J. Downes, no. 240,,
sold by J. Downes, No. 240, Strand, Near Temple Bar,J. Downes, No. 240, Strand, Near Temple Bar,
sold by J. Downes, No. 240, Strand, near Temple-Bar ; supplied with any quantity ; where,J. Downes, No. 240, Strand, near Temple-Bar ; supplied with any quantity ; where,
sold by J. Drew, No 31, Fetter-Lane,J. Drew, No 31, Fetter-Lane,
sold by J. Drewry,J. Drewry,
sold by J. Drewry, Derby,J. Drewry, Derby,
sold by J. Easton,J. Easton,
sold by J. Easton,J. Easton,
sold by J. Edwards,J. Edwards,
sold by J. Edwards, Pall mall,J. Edwards, Pall mall,
sold by J. Edwards, Pall-Mall,J. Edwards, Pall-Mall,
Sold by J. Evans,Sold J. Evans,
sold by J. Evans,J. Evans,
sold by J. Evans,J. Evans,
sold by J. Evans,J. Evans,
sold by J. Evans,J. Evans,
sold by J. Evans,J. Evans,
sold by J. Evans,J. Evans,
Sold by J. Evans,Sold J. Evans,
sold by J. Evans,J. Evans,
sold by J. Evans,J. Evans,
sold by J. Evans,J. Evans,
sold by J. Evans,J. Evans,
sold by J. Evans,J. Evans,
sold by J. Evans,J. Evans,
sold by J. Evans,J. Evans,
sold by J. Evans,J. Evans,
sold by J. Evans,J. Evans,
sold by J. Evans,J. Evans,
sold by J. Evans,J. Evans,
sold by J. Evans,J. Evans,
sold by J. Evans,J. Evans,
sold by J. Evans,J. Evans,
sold by J. Evans,J. Evans,
sold by J. Evans,J. Evans,
sold by J. Evans,J. Evans,
sold by J. Evans,J. Evans,
sold by J. Evans,J. Evans,
sold by J. Evans,J. Evans,
sold by J. Evans No. 41 Long-lane, West-Smithfield, London,J. Evans No. 41 Long-lane, West-Smithfield, London,
sold by J. Evans No. 41, Long-Lane, West-Smithfield,J. Evans No. 41, Long-Lane, West-Smithfield,
sold by J. Evans Pater Noster Row,J. Evans Pater Noster Row,
sold by J. Evans, 41, Long lane,J. Evans, 41, Long lane,
sold by J. Evans, 41, Long Lane,J. Evans, 41, Long Lane,
sold by J. Evans, 41, Long-Lane,J. Evans, 41, Long-Lane,
sold by J. Evans, 41, Long-lane,J. Evans, 41, Long-lane,
sold by J. Evans, 41, Long-Lane,J. Evans, 41, Long-Lane,
sold by J. Evans, 41, Long-Lane,J. Evans, 41, Long-Lane,
Sold by J. Evans, 41, Long-Lane,Sold J. Evans, 41, Long-Lane,
Sold by J. Evans, 41, Long-Lane,Sold J. Evans, 41, Long-Lane,
Sold by J. Evans, 41, Long-Lane,Sold J. Evans, 41, Long-Lane,
sold by J. Evans, 41, Long-Lane,J. Evans, 41, Long-Lane,
sold by J. Evans, 41, Long-Lane,J. Evans, 41, Long-Lane,
sold by J. Evans, London,J. Evans, London,
sold by J. Evans, London,J. Evans, London,
Sold by J. Evans, London,Sold J. Evans, London,
sold by J. Evans, London,J. Evans, London,
sold by J. Evans, London,J. Evans, London,
sold by J. Evans, London,J. Evans, London,
Sold by J. Evans, London,Sold J. Evans, London,
sold by J. Evans, London,J. Evans, London,
sold by J. Evans, London,J. Evans, London,
sold by J. Evans, London,J. Evans, London,
Sold by J. Evans, London,Sold J. Evans, London,
sold by J. Evans, Long-lane,J. Evans, Long-lane,
Sold by J. Evans, Long-lane, London,Sold J. Evans, Long-lane, London,
Sold by J. Evans, no 41, Long-Lane,Sold J. Evans, no 41, Long-Lane,
sold by J. Evans, No. 41 Long-Lane,J. Evans, No. 41 Long-Lane,
sold by J. Evans, No. 41 Long-Lane, West-Smithfield, London,J. Evans, No. 41 Long-Lane, West-Smithfield, London,
Sold by J. Evans, No. 41 Long-Lane, West-Smithfield, London,Sold J. Evans, No. 41 Long-Lane, West-Smithfield, London,
sold by J. Evans, no. 41, Long Lane,J. Evans, no. 41, Long Lane,
sold by J. Evans, no. 41, Long Lane,J. Evans, no. 41, Long Lane,
sold by J. Evans, no. 41, Long Lane,J. Evans, no. 41, Long Lane,
sold by J. Evans, no. 41, Long Lane,J. Evans, no. 41, Long Lane,
Sold by J. Evans, no. 41, Long Lane,Sold J. Evans, no. 41, Long Lane,
Sold by J. Evans, No. 41, Long Lane,Sold J. Evans, No. 41, Long Lane,
sold by J. Evans, no. 41, Long Lane, West Smithfield,J. Evans, no. 41, Long Lane, West Smithfield,
sold by J. Evans, No. 41, Long Lane, West Smithfield,J. Evans, No. 41, Long Lane, West Smithfield,
Sold by J. Evans, no. 41, Long-Lane,Sold J. Evans, no. 41, Long-Lane,
Sold by J. Evans, no. 41, Long-Lane,Sold J. Evans, no. 41, Long-Lane,
Sold by J. Evans, no. 41, Long-Lane,Sold J. Evans, no. 41, Long-Lane,
Sold by J. Evans, no. 41, Long-Lane,Sold J. Evans, no. 41, Long-Lane,
Sold by J. Evans, no. 41, Long-lane,Sold J. Evans, no. 41, Long-lane,
Sold by J. Evans, no. 41, Long-Lane,Sold J. Evans, no. 41, Long-Lane,
sold by J. Evans, no. 41, Long-Lane,J. Evans, no. 41, Long-Lane,
Sold by J. Evans, No. 41, Long-lane,Sold J. Evans, No. 41, Long-lane,
Sold by J. Evans, no. 41, Long-Lane,Sold J. Evans, no. 41, Long-Lane,
Sold by J. Evans, no. 41, Long-Lane,Sold J. Evans, no. 41, Long-Lane,
Sold by J. Evans, no. 41, Long-Lane,Sold J. Evans, no. 41, Long-Lane,
Sold by J. Evans, no. 41, Long-Lane,Sold J. Evans, no. 41, Long-Lane,
Sold by J. Evans, no. 41, Long-Lane,Sold J. Evans, no. 41, Long-Lane,
Sold by J. Evans, no. 41, Long-Lane,Sold J. Evans, no. 41, Long-Lane,
Sold by J. Evans, no. 41, Long-Lane,Sold J. Evans, no. 41, Long-Lane,
Sold by J. Evans, no. 41, Long-Lane,Sold J. Evans, no. 41, Long-Lane,
Sold by J. Evans, No. 41, Long-Lane,Sold J. Evans, No. 41, Long-Lane,
Sold by J. Evans, no. 41, Long-Lane,Sold J. Evans, no. 41, Long-Lane,
Sold by J. Evans, no. 41, Long-Lane,Sold J. Evans, no. 41, Long-Lane,
Sold by J. Evans, no. 41, Long-lane,Sold J. Evans, no. 41, Long-lane,
Sold by J. Evans, no. 41, Long-Lane,Sold J. Evans, no. 41, Long-Lane,
Sold by J. Evans, no. 41, Long-lane,Sold J. Evans, no. 41, Long-lane,
Sold by J. Evans, no. 41, Long-Lane,Sold J. Evans, no. 41, Long-Lane,
Sold by J. Evans, no. 41, Long-lane,Sold J. Evans, no. 41, Long-lane,
Sold by J. Evans, no. 41, Long-Lane,Sold J. Evans, no. 41, Long-Lane,
sold by J. Evans, no. 41, Long-lane,J. Evans, no. 41, Long-lane,
Sold by J. Evans, no. 41, Long-lane,Sold J. Evans, no. 41, Long-lane,
Sold by J. Evans, no. 41, Long-lane,Sold J. Evans, no. 41, Long-lane,
sold by J. Evans, no. 41, Long-Lane,J. Evans, no. 41, Long-Lane,
sold by J. Evans, no. 41, Long-Lane,J. Evans, no. 41, Long-Lane,
sold by J. Evans, No. 41, Long-Lane, London,J. Evans, No. 41, Long-Lane, London,
Sold by J. Evans, No. 41, Long-lane, London,Sold J. Evans, No. 41, Long-lane, London,
sold by J. Evans, No. 41, Long-lane, West Smithfield, London,J. Evans, No. 41, Long-lane, West Smithfield, London,
sold by J. Evans, No. 41, Long-Lane, West Smithfield, London,J. Evans, No. 41, Long-Lane, West Smithfield, London,
sold by J. Evans, no. 41, Long-Lane, West Smithfield, London,J. Evans, no. 41, Long-Lane, West Smithfield, London,
Sold by J. Evans, No. 41, Long-lane, West-Smithfield,Sold J. Evans, No. 41, Long-lane, West-Smithfield,
sold by J. Evans, No. 41, Long-Lane, West-Smithfield,J. Evans, No. 41, Long-Lane, West-Smithfield,
sold by J. Evans, no. 41, Long-lane, West-Smithfield,J. Evans, no. 41, Long-lane, West-Smithfield,
sold by J. Evans, no. 41, Long-lane, West-smithfield,J. Evans, no. 41, Long-lane, West-smithfield,
sold by J. Evans, no. 41, Long-lane, West-Smithfield,J. Evans, no. 41, Long-lane, West-Smithfield,
sold by J. Evans, No. 41, Long-Lane, West-Smithfield,J. Evans, No. 41, Long-Lane, West-Smithfield,
sold by J. Evans, no. 41, Long-lane, West-smithfield,J. Evans, no. 41, Long-lane, West-smithfield,
sold by J. Evans, no. 41, Long-lane, West-Smithfield, London,J. Evans, no. 41, Long-lane, West-Smithfield, London,
sold by J. Evans, No. 41, Long-Lane, West-Smithfield, London,J. Evans, No. 41, Long-Lane, West-Smithfield, London,
sold by J. Evans, No. 41, Long-lane, West-Smithfield, London,J. Evans, No. 41, Long-lane, West-Smithfield, London,
sold by J. Evans, No. 41, Long-Lane, West-Smithfield, London,J. Evans, No. 41, Long-Lane, West-Smithfield, London,
sold by J. Evans, No. 41, Long-Lane, West-Smithfield, London,J. Evans, No. 41, Long-Lane, West-Smithfield, London,
Sold by J. Evans, No. 41, Long-Lane, West-Smithfield, London,Sold J. Evans, No. 41, Long-Lane, West-Smithfield, London,
sold by J. Evans, No. 41, Long-lane, West-Smithfield, London,J. Evans, No. 41, Long-lane, West-Smithfield, London,
sold by J. Evans, No. 41, Long-Lane, West-Smithfield, London,J. Evans, No. 41, Long-Lane, West-Smithfield, London,
sold by J. Evans, No.41, Long Lane, West-Smithfield,J. Evans, No.41, Long Lane, West-Smithfield,
sold by J. Evans, No.41, Long-Lane, London,J. Evans, No.41, Long-Lane, London,
sold by J. Fenno,J. Fenno,
sold by J. Ferraby,J. Ferraby,
sold by J. Fletcher,J. Fletcher,
sold by J. Forbes, Covent-Garden,J. Forbes, Covent-Garden,
Sold by J. Forbes, Tavistock-Row, Covent Garden,Sold J. Forbes, Tavistock-Row, Covent Garden,
sold by J. Forbes, Tavistock-Row, Covent-Garden,J. Forbes, Tavistock-Row, Covent-Garden,
sold by J. Fores,J. Fores,
sold by J. Fowler, No. 21, Newcastle-Street, Strand,J. Fowler, No. 21, Newcastle-Street,,
sold by J. Gardner,J. Gardner,
sold by J. Gill,J. Gill,
sold by J. Good,J. Good,
sold by J. Good, No. 159, New Bond-Street,J. Good, No. 159, New Bond-Street,
Sold by J. Gore, Castle-Street,Sold J. Gore, Castle-Street,
Sold by J. Grundy, Silver-Street, Worcester,Sold J. Grundy, Silver-Street, Worcester,
sold by J. Hartnell, 153, Tooley-Street,J. Hartnell, 153, Tooley-Street,
sold by J. Hatchard, No. 173, Piccadilly, opposite Burlington House,J. Hatchard, No. 173, Piccadilly, opposite Burlington House,
sold by J. Hollis,J. Hollis,
sold by J. Hollis,J. Hollis,
sold by J. Hollis,J. Hollis,
sold by J. Hollis,J. Hollis,
sold by J. Hollis, No. 21, Shoemaker-Row, Black-Friars,J. Hollis, No. 21, Shoemaker-Row, Black-Friars,
sold by J. Hollis, No. 21, Shoemaker-Row, Black-Friars,J. Hollis, No. 21, Shoemaker-Row, Black-Friars,
sold by J. Hollis, No. 21, Shoemaker-Row, Black-Friars,J. Hollis, No. 21, Shoemaker-Row, Black-Friars,
sold by J. Hollis, No. 21, Shoemaker-Row, Black-Friars,J. Hollis, No. 21, Shoemaker-Row, Black-Friars,
sold by J. Hollis, No. 21, Shoemaker-Row, Black-Friars,J. Hollis, No. 21, Shoemaker-Row, Black-Friars,
sold by J. Horsey,J. Horsey,
sold by J. Horsey, Portsea,J. Horsey, Portsea,
sold by J. Huxtable,J. Huxtable,
sold by J. Jackson,J. Jackson,
sold by J. Jackson,J. Jackson,
sold by J. Jackson,J. Jackson,
sold by J. Jacob,J. Jacob,
sold by J. Jacob,J. Jacob,
sold by J. Jacob,J. Jacob,
sold by J. Jacob,J. Jacob,
sold by J. Jacob,J. Jacob,
sold by J. Jennings, 15, Water Lane Fleet Street, London,J. Jennings, 15, Water Lane Fleet Street, London,
sold by J. Jennings, 15, Water Lane, Fleet Street,J. Jennings, 15, Water Lane, Fleet Street,
sold by J. Jennings, 15, Water Lane, Fleet Street,J. Jennings, 15, Water Lane, Fleet Street,
sold by J. Jennings, 15, Water-Lane, Fleet-street,J. Jennings, 15, Water-Lane, Fleet-street,
sold by J. Jennings, 15, Water-lane, Fleet-street,J. Jennings, 15, Water-lane, Fleet-street,
sold by J. Jennings, 15. Water-lane, Fleet-street,J. Jennings, 15. Water-lane, Fleet-street,
sold by J. Jennings, 5, Water-Lane, Fleet Street,J. Jennings, 5, Water-Lane, Fleet Street,
sold by J. Jennings, no. 15, Water Lane Fleet Street, London,J. Jennings, no. 15, Water Lane Fleet Street, London,
sold by J. Jennings, No. 15, Water Lane, Fleet Street, London,J. Jennings, No. 15, Water Lane, Fleet Street, London,
sold by J. Jennings, No. 15, Water Lane, Fleet-street,J. Jennings, No. 15, Water Lane, Fleet-street,
sold by J. Jennings, No. 15, Water-lane, Fleet Street, London,J. Jennings, No. 15, Water-lane, Fleet Street, London,
sold by J. Jennings, No. 15, Water-lane, Fleet Street, London,J. Jennings, No. 15, Water-lane, Fleet Street, London,
sold by J. Jennings, No. 15, Water-lane, Fleet-street, London,J. Jennings, No. 15, Water-lane, Fleet-street, London,
sold by J. Johnson,J. Johnson,
sold by J. Johnson,J. Johnson,
sold by J. Johnson,J. Johnson,
sold by J. Johnson & J. Stockdale,J. Johnson ; J. Stockdale,
sold by J. Johnson, No 72, St. Paul's Church-Yard,J. Johnson, No 72, St. Paul's Church-Yard,
sold by J. Johnson, No 72, St. Paul's Church-Yard,J. Johnson, No 72, St. Paul's Church-Yard,
sold by J. Johnson, NO. 72, ST. Paul's Church Yard,J. Johnson, NO. 72, ST. Paul's Church Yard,
sold by J. Johnson, No. 72, St. Paul's Church-Yard,J. Johnson, No. 72, St. Paul's Church-Yard,
sold by J. Johnson, No. 72, St. Paul's Church-Yard,J. Johnson, No. 72, St. Paul's Church-Yard,
Sold by J. Johnson, Saint Paul's Church Yard,Sold J. Johnson, Saint Paul's Church Yard,
sold by J. Johnson, Saint Paul's Church Yard,J. Johnson, Saint Paul's Church Yard,
Sold by J. Johnson, St. Paul's Church Yard,Sold J. Johnson, St. Paul's Church Yard,
Sold by J. Johnson, St. Paul's Church Yard,Sold J. Johnson, St. Paul's Church Yard,
sold by J. Johnson, St. Paul's Church Yard,J. Johnson, St. Paul's Church Yard,
sold by J. Johnson, St. Paul's Church Yard,J. Johnson, St. Paul's Church Yard,
sold by J. Johnson, St. Paul's Church Yard,J. Johnson, St. Paul's Church Yard,
sold by J. Johnson, St. Paul's Church Yard,J. Johnson, St. Paul's Church Yard,
sold by J. Johnson, St. Paul's Church Yard,J. Johnson, St. Paul's Church Yard,
sold by J. Johnson, ST. Paul's Church Yard,J. Johnson, ST. Paul's Church Yard,
sold by J. Johnson, St. Paul's Church-Yard,J. Johnson, St. Paul's Church-Yard,
sold by J. Johnson, St. Paul's Church-Yard,J. Johnson, St. Paul's Church-Yard,
sold by J. Johnson, St. Paul's Church-Yard,J. Johnson, St. Paul's Church-Yard,
sold by J. Johnson, St. Paul's Church-Yard,J. Johnson, St. Paul's Church-Yard,
sold by J. Johnson, St. Paul's Church-Yard,J. Johnson, St. Paul's Church-Yard,
sold by J. Johnson, St. Paul's Church-Yard,J. Johnson, St. Paul's Church-Yard,
sold by J. Johnson, St. Paul's Church-Yard, London,J. Johnson, St. Paul's Church-Yard, London,
Sold by J. Jordan ; W. Glendinning,Sold J. Jordan ; W. Glendinning,
sold by J. Leadley,J. Leadley,
sold by J. Leadley,J. Leadley,
sold by J. Legg,J. Legg,
sold by J. M. Mozley,J. M. Mozley,
sold by J. M. Mozley ; sold by Messrs. Rivington, St. Paul's-Church-Yard, London,J. M. Mozley ; Messrs. Rivington, St. Paul's-Church-Yard, London,
sold by J. M'Kenzie,J. M'Kenzie,
sold by J. Macgowan, no. 27, Pater-noster-Row,J. Macgowan, no. 27, Pater-noster-Row,
sold by J. Mackenzie, No. 138, Whitechapel,J. Mackenzie, No. 138, Whitechapel,
sold by J. March,J. March,
sold by J. March,J. March,
sold by J. March,J. March,
sold by J. March, Cockey-Lane. London ; sold by J. Smith, Portsmouth-Street, Lincoln's Inn Fields,J. March, Cockey-Lane. London ; J. Smith, Portsmouth-Street, Lincoln's Inn Fields,
sold by J. March. - This,J. March. - This,
sold by J. Marshall,J. Marshall,
sold by J. Marshall,J. Marshall,
sold by J. Marshall,J. Marshall,
sold by J. Marshall,J. Marshall,
Sold by J. Martin, Junior, No. 432, Oxford-Street ; W. Button, No. 24, Pater-Noster-Row,Sold J. Martin, Junior, No. 432, Oxford-Street ; W. Button, No. 24, Pater-Noster-Row,
sold by J. Mathews & T. Heptinstall,J. Mathews ; T. Heptinstall,
sold by J. Mathews, C. Dilly,J. Mathews, C. Dilly,
sold by J. Mathews, C. Dilly,J. Mathews, C. Dilly,
sold by J. Mathews, No 18, Strand,J. Mathews, No 18,,
sold by J. Mathews, No. 18, Strand,J. Mathews, No. 18,,
Sold by J. Mathews, No. 18, Strand,Sold J. Mathews, No. 18,,
sold by J. Mathews, No. 18, Strand,J. Mathews, No. 18,,
sold by J. Mathews, No. 18, Strand,J. Mathews, No. 18,,
sold by J. Mathews, No. 18, Strand,J. Mathews, No. 18,,
sold by J. Mathews, No. 18, Strand,J. Mathews, No. 18,,
Sold by J. Matthews ; Strand ; house, no. 77, Mark Lane,Sold J. Matthews ; house, no. 77, Mark Lane,
Sold by J. Mawman, 22. Poultry,Sold J. Mawman, 22. Poultry,
sold by J. Mills, Castle-street,J. Mills, Castle-street,
sold by J. Mitchell,J. Mitchell,
sold by J. Mitchell,J. Mitchell,
sold by J. Mitchell,J. Mitchell,
sold by J. Mitchell, Carlisle,J. Mitchell, Carlisle,
sold by J. Mitchell. Anno,J. Mitchell. Anno,
sold by J. Moore,J. Moore,
sold by J. Moore,J. Moore,
sold by J. Murgatroyd,J. Murgatroyd,
sold by J. Murgatroyd Chiswell Street, London,J. Murgatroyd Chiswell Street, London,
sold by J. Murray,J. Murray,
sold by J. Murray,J. Murray,
sold by J. Murray,J. Murray,
sold by J. Murray, Fleet-Street,J. Murray, Fleet-Street,
sold by J. Murray, Fleet-Street,J. Murray, Fleet-Street,
sold by J. Murray, No 32, Fleet Street,J. Murray, No 32, Fleet Street,
sold by J. Murray, No 32, Fleet-Street,J. Murray, No 32, Fleet-Street,
sold by J. Murray, No. 32, Fleet-Street,J. Murray, No. 32, Fleet-Street,
sold by J. Murray, No. 32, Fleet-Street,J. Murray, No. 32, Fleet-Street,
sold by J. Nourse,J. Nourse,
sold by J. Nunn, No. 48, Great Queen Street, Lincolns-Inn-Fields,J. Nunn, No. 48, Great Queen Street, Lincolns-Inn-Fields,
sold by J. Owen,J. Owen,
sold by J. Owen,J. Owen,
sold by J. Owen,J. Owen,
Sold by J. Owen,Sold J. Owen,
sold by J. Owen No. 168, Piccadilly,J. Owen No. 168, Piccadilly,
sold by J. Owen, No. 162. Piccadilly,J. Owen, No. 162. Piccadilly,
Sold by J. Owen, No. 168, Piccadilly,Sold J. Owen, No. 168, Piccadilly,
sold by J. Owen, No. 168, Piccadilly,J. Owen, No. 168, Piccadilly,
sold by J. Owen, No. 168, Piccadilly,J. Owen, No. 168, Piccadilly,
sold by J. Owen, No. 168, Piccadilly,J. Owen, No. 168, Piccadilly,
sold by J. Owen, No. 168, Piccadilly,J. Owen, No. 168, Piccadilly,
sold by J. Owen, No. 168, Piccadilly,J. Owen, No. 168, Piccadilly,
sold by J. P. Bateman,J. P. Bateman,
sold by J. P. Coghlan,J. P. Coghlan,
sold by J. Parsons,J. Parsons,
sold by J. Parsons,J. Parsons,
sold by J. Parsons,J. Parsons,
sold by J. Parsons,J. Parsons,
sold by J. Parsons,J. Parsons,
sold by J. Parsons,J. Parsons,
sold by J. Parsons,J. Parsons,
sold by J. Parsons,J. Parsons,
sold by J. Parsons,J. Parsons,
sold by J. Parsons J.S. Jordan & J. Mathews,J. Parsons J.S. Jordan ; J. Mathews,
sold by J. Parsons, 21, Paternoster-Row,J. Parsons, 21, Paternoster-Row,
sold by J. Parsons, No 21, Paternoster-Row,J. Parsons, No 21, Paternoster-Row,
sold by J. Parsons, No. 21 Paternoster-Row,J. Parsons, No. 21 Paternoster-Row,
Sold by J. Parsons, no. 21, Pater-Noster-Row,Sold J. Parsons, no. 21, Pater-Noster-Row,
sold by J. Parsons, NO. 21, Paternoster-Row,J. Parsons, NO. 21, Paternoster-Row,
sold by J. Parsons, No. 21, Paternoster-Row,J. Parsons, No. 21, Paternoster-Row,
sold by J. Parsons, No. 21, Paternoster-Row,J. Parsons, No. 21, Paternoster-Row,
sold by J. Parsons, No. 21, Paternoster-Row,J. Parsons, No. 21, Paternoster-Row,
sold by J. Parsons, No. 21, Paternoster-Row,J. Parsons, No. 21, Paternoster-Row,
sold by J. Parsons, No. 21, Paternoster-Row,J. Parsons, No. 21, Paternoster-Row,
sold by J. Parsons, No. 21, Paternoster-Row, St. Paul's,J. Parsons, No. 21, Paternoster-Row, St. Paul's,
sold by J. Parsons, Paternoster Row,J. Parsons, Paternoster Row,
sold by J. Parsons, Paternoster-Row,J. Parsons, Paternoster-Row,
sold by J. Parsons, Paternoster-Row,J. Parsons, Paternoster-Row,
sold by J. Parsons. Paternoster-Row ; sold by W. Kemmish, Borough,J. Parsons. Paternoster-Row ; W. Kemmish, Borough,
sold by J. Phillips, George Yard, Lombard Street,J. Phillips, George Yard, Lombard Street,
sold by J. Phillips, George Yard, Lombard Street,J. Phillips, George Yard, Lombard Street,
sold by J. Phillips, George-Yard, Lombard-Street,J. Phillips, George-Yard, Lombard-Street,
sold by J. Phillips, George-Yard, Lombard-Street,J. Phillips, George-Yard, Lombard-Street,
sold by J. Pitts, 14, Great St. Andrew Street, Seven Dials,J. Pitts, 14, Great St. Andrew Street, Seven Dials,
sold by J. Pitts, 14, Great St. Andrew-street Seven Dials,J. Pitts, 14, Great St. Andrew-street Seven Dials,
sold by J. Rackham,J. Rackham,
sold by J. Rackham & may be had of all the venders of Rackham's Ladies memorandum-book,J. Rackham ; may be had of all venders of Rackham's Ladies memorandum-book,
sold by J. Ridgway,J. Ridgway,
sold by J. Ridgway,J. Ridgway,
sold by J. Ridgway, NO. 1, York Street, ST. James's Square,J. Ridgway, NO. 1, York Street, ST. James's Square,
sold by J. Ridgway, No. 1, York Street, St. James's Square,J. Ridgway, No. 1, York Street, St. James's Square,
sold by J. Ridgway, No. 1, York-Street, ST. James's-Square,J. Ridgway, No. 1, York-Street, ST. James's-Square,
sold by J. Ridgway, No. 1, York-Street, St. James's-Square,J. Ridgway, No. 1, York-Street, St. James's-Square,
sold by J. Ridgway, York Street, St. James's,J. Ridgway, York Street, St. James's,
sold by J. Ridgway, York-Street, St. James's-Sq. MDCCLXXXIX,J. Ridgway, York-Street, St. James's-Sq. MDCCLXXXIX,
sold by J. Ridgway, York-Street, St. James's-Square,J. Ridgway, York-Street, St. James's-Square,
sold by J. Ridgway, York-Street, St. James's, London,J. Ridgway, York-Street, St. James's, London,
sold by J. Roach, J. Sudbury, Southwark,J. Roach, J. Sudbury, Southwark,
sold by J. Robbins, High-Street,J. Robbins, High-Street,
sold by J. S. Jordan,J. S. Jordan,
sold by J. S. Jordan,J. S. Jordan,
sold by J. S. Jordan,J. S. Jordan,
sold by J. S. Jordan, No. 166, Fleet Street,J. S. Jordan, No. 166, Fleet Street,
sold by J. S. Jordan, No. 166, Fleet Street,J. S. Jordan, No. 166, Fleet Street,
sold by J. Sadler,J. Sadler,
sold by J. Sadler, J. Eves,J. Sadler, J. Eves,
sold by J. Salter,J. Salter,
Sold by J. Scott, No. 2, King Street, Westminster,Sold J. Scott, No. 2, King Street, Westminster,
Sold by J. Seago print-seller, London,Sold J. Seago print-seller, London,
sold by J. Seagrave,J. Seagrave,
sold by J. Sewell ; sold by J. Smeeton,J. Sewell ; J. Smeeton,
sold by J. Smart,J. Smart,
sold by J. Smeeton,J. Smeeton,
sold by J. Smeeton, 148, St. Martin's Lane, Charing Cross ; sold by Mess. Scatcherd & Whitaker, Ave-Maria Lane,J. Smeeton, 148, St. Martin's Lane, Charing Cross ; Mess. Scatcherd ; Whitaker, Ave-Maria Lane,
sold by J. Smeeton, No. 148, St. Martin's Lane, near Charing Cross,J. Smeeton, No. 148, St. Martin's Lane, near Charing Cross,
sold by J. Smith,J. Smith,
sold by J. Smith ; town & country,J. Smith ; town ; country,
sold by J. Smith, Portsmouth Street, Lincoln's-Inn Fields,J. Smith, Portsmouth Street, Lincoln's-Inn Fields,
sold by J. Smith, Portsmouth-Street, Lincoln's-Inn-Fields & J. Burks, No. 52, Crispin-Street, Spital-Fields,J. Smith, Portsmouth-Street, Lincoln's-Inn-Fields ; J. Burks, No. 52, Crispin-Street, Spital-Fields,
sold by J. Southern,J. Southern,
sold by J. Sprange,J. Sprange,
sold by J. Sprange,J. Sprange,
sold by J. Sprange & may be had of Messrs. Rivingtons, St. Paul's Church-Yard, London,J. Sprange ; may be had of Messrs. Rivingtons, St. Paul's Church-Yard, London,
sold by J. Stockdale, Piccadilly,J. Stockdale, Piccadilly,
sold by J. Stone,J. Stone,
sold by J. Stratford,J. Stratford,
sold by J. Stratford,J. Stratford,
sold by J. Sudbury, no. 16 Tooly-Street,J. Sudbury, no. 16 Tooly-Street,
sold by J. Taylor,J. Taylor,
sold by J. Taylor,J. Taylor,
sold by J. Thompson,J. Thompson,
sold by J. Thompson,J. Thompson,
sold by J. Thompson, No. 42, Moor-Street,J. Thompson, No. 42, Moor-Street,
Sold by J. Thomson, Market-Street-Lane,Sold J. Thomson, Market-Street-Lane,
sold by J. Thomson, Market-Street-Lane, Manchester,J. Thomson, Market-Street-Lane, Manchester,
Sold by J. Thomson, Market-Street-Lane, Manchester,Sold J. Thomson, Market-Street-Lane, Manchester,
sold by J. Turner,J. Turner,
sold by J. Turner,J. Turner,
sold by J. Turner,J. Turner,
sold by J. Turner,J. Turner,
sold by J. Tymbs,J. Tymbs,
sold by J. W. Johnson,J. W. Johnson,
sold by J. Walker, No 44, Pater-Noster Row,J. Walker, No 44, Pater-Noster Row,
sold by J. Walker, No. 46, Paternoster-Row,J. Walker, No. 46, Paternoster-Row,
Sold by J. Wallis,Sold J. Wallis,
sold by J. Walter,J. Walter,
sold by J. Walter, Charing Cross,J. Walter, Charing Cross,
sold by J. Weir, Horncastle,J. Weir, Horncastle,
sold by J. Wheble, o. 18. Warwick Square, Warwick Lane, near St. Paul's,J. Wheble, o. 18. Warwick Square, Warwick Lane, near St. Paul's,
sold by J. White,J. White,
sold by J. White, Fleet-Street, London,J. White, Fleet-Street, London,
sold by J. White, horace's head, Fleet Street, London,J. White, horace's head, Fleet Street, London,
sold by J. Whitfield,J. Whitfield,
sold by J. Wright,J. Wright,
sold by J. Wright, No. 169, Opposite old Bond-Street, Piccadilly,J. Wright, No. 169, Opposite old Bond-Street, Piccadilly,
sold by J.C. Sharp,J.C. Sharp,
sold by J.Jennings, no. 15, Water Lane Fleet Street, London,J.Jennings, no. 15, Water Lane Fleet Street, London,
sold by J.Johnson, No. 72, St. Paul's Church-Yard,J.Johnson, No. 72, St. Paul's Church-Yard,
sold by J.P. Bateman, No. 21, Devonshire-Street,J.P. Bateman, No. 21, Devonshire-Street,
sold by J.S. Jordan,J.S. Jordan,
sold by J.S. Jordan, No. 166, Fleet-Street,J.S. Jordan, No. 166, Fleet-Street,
sold by J.S. Jordan, No. 166, Fleet-Street,J.S. Jordan, No. 166, Fleet-Street,
sold by J.S. Jordan. 166. Fleet Street, & G. Terry. 54, Pater-Noster Row,J.S. Jordan. 166. Fleet Street, ; G. Terry. 54, Pater-Noster Row,
sold by Ja. Robbins,Ja. Robbins,
sold by James Easton, High-Street, Salisbury,James Easton, High-Street, Salisbury,
sold by James Evans,James Evans,
sold by James Parker,James Parker,
sold by James Philips, George Yard, Lombard Street,James Philips, George Yard, Lombard Street,
sold by James Philips, George Yard, Lombard Street,James Philips, George Yard, Lombard Street,
sold by James Phillips,James Phillips,
sold by James Phillips,James Phillips,
sold by James Phillips,James Phillips,
sold by James Phillips,James Phillips,
sold by James Phillips,James Phillips,
sold by James Phillips,James Phillips,
sold by James Phillips,James Phillips,
sold by James Phillips,James Phillips,
sold by James Phillips,James Phillips,
sold by James Phillips,James Phillips,
sold by James Phillips,James Phillips,
sold by James Phillips,James Phillips,
sold by James Phillips,James Phillips,
sold by James Phillips,James Phillips,
sold by James Phillips,James Phillips,
sold by James Phillips,James Phillips,
sold by James Phillips George-Yard, Lombard-Street,James Phillips George-Yard, Lombard-Street,
sold by James Phillips, George Yard, Lombard Street,James Phillips, George Yard, Lombard Street,
sold by James Phillips, George Yard, Lombard Street,James Phillips, George Yard, Lombard Street,
sold by James Phillips, George Yard, Lombard Street,James Phillips, George Yard, Lombard Street,
sold by James Phillips, George Yard, Lombard Street,James Phillips, George Yard, Lombard Street,
sold by James Phillips, George Yard, Lombard Street,James Phillips, George Yard, Lombard Street,
sold by James Phillips, George Yard, Lombard Street,James Phillips, George Yard, Lombard Street,
sold by James Phillips, George Yard, Lombard Street,James Phillips, George Yard, Lombard Street,
sold by James Phillips, George Yard, Lombard Street,James Phillips, George Yard, Lombard Street,
sold by James Phillips, George Yard, Lombard Street,James Phillips, George Yard, Lombard Street,
sold by James Phillips, George Yard, Lombard Street,James Phillips, George Yard, Lombard Street,
sold by James Phillips, George Yard, Lombard Street,James Phillips, George Yard, Lombard Street,
sold by James Phillips, George Yard, Lombard Street,James Phillips, George Yard, Lombard Street,
sold by James Phillips, George Yard, Lombard Street,James Phillips, George Yard, Lombard Street,
sold by James Phillips, George Yard, Lombard Street,James Phillips, George Yard, Lombard Street,
sold by James Phillips, George Yard, Lombard Street,James Phillips, George Yard, Lombard Street,
sold by James Phillips, George Yard, Lombard Street,James Phillips, George Yard, Lombard Street,
sold by James Phillips, George Yard, Lombard Street,James Phillips, George Yard, Lombard Street,
sold by James Phillips, George Yard, Lombard Street,James Phillips, George Yard, Lombard Street,
sold by James Phillips, George Yard, Lombard Street,James Phillips, George Yard, Lombard Street,
sold by James Phillips, George Yard, Lombard Street,James Phillips, George Yard, Lombard Street,
sold by James Phillips, George Yard, Lombard Street,James Phillips, George Yard, Lombard Street,
sold by James Phillips, George Yard, Lombard Street,James Phillips, George Yard, Lombard Street,
sold by James Phillips, George Yard, Lombard Street,James Phillips, George Yard, Lombard Street,
sold by James Phillips, George Yard, Lombard Street,James Phillips, George Yard, Lombard Street,
sold by James Phillips, George Yard, Lombard Street,James Phillips, George Yard, Lombard Street,
sold by James Phillips, George Yard, Lombard-Street,James Phillips, George Yard, Lombard-Street,
sold by James Phillips, George Yard, Lombard-Street,James Phillips, George Yard, Lombard-Street,
sold by James Phillips, George Yard, Lombard-Street,James Phillips, George Yard, Lombard-Street,
sold by James Phillips, George Yard, Lombard-Street,James Phillips, George Yard, Lombard-Street,
sold by James Phillips, George-Yard, Lombard-Street,James Phillips, George-Yard, Lombard-Street,
sold by James Phillips, George-Yard, Lombard-Street,James Phillips, George-Yard, Lombard-Street,
sold by James Phillips, George-Yard, Lombard-Street,James Phillips, George-Yard, Lombard-Street,
sold by James Phillips, George-Yard, Lombard-Street,James Phillips, George-Yard, Lombard-Street,
sold by James Phillips, George-Yard, Lombard-Street,James Phillips, George-Yard, Lombard-Street,
sold by James Phillips, George-Yard, Lombard-Street,James Phillips, George-Yard, Lombard-Street,
sold by James Phillips, George-Yard, Lombard-Street,James Phillips, George-Yard, Lombard-Street,
sold by James Phillips, George-Yard, Lombard-Street,James Phillips, George-Yard, Lombard-Street,
sold by James Phillips, George-Yard, Lombard-Street,James Phillips, George-Yard, Lombard-Street,
sold by James Phillips, George-Yard, Lombard-Street,James Phillips, George-Yard, Lombard-Street,
sold by James Phillips, George-Yard, Lombard-Street,James Phillips, George-Yard, Lombard-Street,
sold by James Phillips, George-Yard, Lombard-Street,James Phillips, George-Yard, Lombard-Street,
sold by James Ridgway,James Ridgway,
sold by James Ridgway, NO 1, York-Street, ST. James's-Square,James Ridgway, NO 1, York-Street, ST. James's-Square,
sold by James Ridgway, No. 1. York-Street, St. James's-Square,James Ridgway, No. 1. York-Street, St. James's-Square,
Sold by James Ridgway, No.1. York-Street, St. James's Square,Sold James Ridgway, No.1. York-Street, St. James's Square,
sold by James Sadler,James Sadler,
sold by James Savage ; sold by T. N. Longman, London, W. Savage, Hull,James Savage ; T. N. Longman, London, W. Savage, Hull,
sold by James Wallis,James Wallis,
sold by Jefferson & Dobson,Jefferson ; Dobson,
sold by Jennings, 13 Water-lane, Fleet-street, London,Jennings, 13 Water-lane, Fleet-street, London,
sold by Jennings, 13 Water-lane, Fleet-street, London,Jennings, 13 Water-lane, Fleet-street, London,
sold by Jennings, 13, Water-lane, Fleet-street,Jennings, 13, Water-lane, Fleet-street,
sold by Jennings, 13, Water-lane, Fleet-street,Jennings, 13, Water-lane, Fleet-street,
sold by Jennings, 13, Water-lane, Fleet-street,Jennings, 13, Water-lane, Fleet-street,
sold by Jennings, 13, Water-lane, Fleet-street, London,Jennings, 13, Water-lane, Fleet-street, London,
sold by Jennings, 13, Water-lane, Fleet-street, London,Jennings, 13, Water-lane, Fleet-street, London,
sold by Jennings, 13, Water-lane, Fleet-street, London,Jennings, 13, Water-lane, Fleet-street, London,
sold by Jennings, 13, Water-lane, Fleet-street, London,Jennings, 13, Water-lane, Fleet-street, London,
sold by Jennings, 13, Water-lane, Fleet-street, London,Jennings, 13, Water-lane, Fleet-street, London,
sold by Jennings, 15, Water-lane, Fleet-street,Jennings, 15, Water-lane, Fleet-street,
sold by Jennings, No. 13, Water-lane, Fleet-street, London,Jennings, No. 13, Water-lane, Fleet-street, London,
sold by Jennings, No. 13, Water-lane, Fleet-street, London,Jennings, No. 13, Water-lane, Fleet-street, London,
sold by Jennings, Water-land, Fleet-street, London,Jennings, Water-land, Fleet-street, London,
sold by Jennings, Water-lane, Fleet-street,Jennings, Water-lane, Fleet-street,
sold by Jennings, Water-lane, Fleet-street,Jennings, Water-lane, Fleet-street,
sold by Jennings, Water-lane, Fleet-street,Jennings, Water-lane, Fleet-street,
sold by Jennings, Water-lane, Fleet-street,Jennings, Water-lane, Fleet-street,
sold by Jennings, Water-lane, Fleet-street,Jennings, Water-lane, Fleet-street,
sold by Jennings, Water-lane, Fleet-street, London,Jennings, Water-lane, Fleet-street, London,
sold by Jennings, Water-lane, Fleet-street, London,Jennings, Water-lane, Fleet-street, London,
sold by Jennings, Water-lane, Fleet-street, London,Jennings, Water-lane, Fleet-street, London,
sold by Jennings, Water-lane, Fleet-street, London,Jennings, Water-lane, Fleet-street, London,
sold by Jennings, Water-lane, Fleet-street, London,Jennings, Water-lane, Fleet-street, London,
sold by Jennings, Water-lane, Fleet-street, London,Jennings, Water-lane, Fleet-street, London,
sold by Jennings, Water-Lane, Fleetstreet, London,Jennings, Water-Lane, Fleetstreet, London,
sold by Jennings, Water-lane, Whitefriars,Jennings, Water-lane, Whitefriars,
sold by Jennings, Water-lane, Whitefriars, London,Jennings, Water-lane, Whitefriars, London,
sold by Jennings, Water-lane, Whitefriars, London,Jennings, Water-lane, Whitefriars, London,
sold by Jennings, Water-lane, Whitefriars, London,Jennings, Water-lane, Whitefriars, London,
sold by Jennings, Water-lane, Whitefriars, London,Jennings, Water-lane, Whitefriars, London,
Sold by Jeremiah Samuel Jordan, no. 166, Fleet-Street,Sold Jeremiah Samuel Jordan, no. 166, Fleet-Street,
sold by John & Josiah Boydell,John ; Josiah Boydell,
sold by John & Josiah Boydell,John ; Josiah Boydell,
sold by John Agg,John Agg,
sold by John Baxter,John Baxter,
sold by John Bush,John Bush,
sold by John Drewry,John Drewry,
sold by John Drury,John Drury,
sold by John Drury, Opposite the Bank,John Drury, Opposite Bank,
sold by John Drury, opposite the bank,John Drury, opposite bank,
sold by John Drury, opposite the bank,John Drury, opposite bank,
sold by John Evans, 42, Long Lane, West Smithfield, London,John Evans, 42, Long Lane, West Smithfield, London,
sold by John Gray,John Gray,
sold by John Jackson ; sold by Messrs. Robinsons, London,John Jackson ; Messrs. Robinsons, London,
sold by John Jackson ; sold by Messrs. Robinsons, London,John Jackson ; Messrs. Robinsons, London,
sold by John March,John March,
sold by John March,John March,
sold by John March,John March,
sold by John Marsall,John Marsall,
sold by John Marshall,John Marshall,
sold by John Marshall,John Marshall,
sold by John Marshall,John Marshall,
sold by John Marshall,John Marshall,
sold by John Marshall,John Marshall,
sold by John Marshall,John Marshall,
sold by John Marshall,John Marshall,
sold by John Marshall,John Marshall,
sold by John Marshall,John Marshall,
sold by John Marshall,John Marshall,
sold by John Marshall,John Marshall,
sold by John Marshall,John Marshall,
sold by John Marshall,John Marshall,
sold by John Marshall,John Marshall,
sold by John Marshall,John Marshall,
sold by John Marshall,John Marshall,
sold by John Marshall,John Marshall,
sold by John Marshall,John Marshall,
sold by John Marshall,John Marshall,
sold by John Marshall,John Marshall,
sold by John Marshall,John Marshall,
sold by John Marshall,John Marshall,
sold by John Marshall,John Marshall,
sold by John Marshall,John Marshall,
sold by John Marshall No. 4 Aldermary Church Yard,John Marshall No. 4 Aldermary Church Yard,
sold by John Marshall No. 4 Aldermary Church Yard,John Marshall No. 4 Aldermary Church Yard,
sold by John Marshall No. 4 Aldermary Church Yard in Bow Lane. & No. 17 Queen Street Cheapside,John Marshall No. 4 Aldermary Church Yard Bow Lane. ; No. 17 Queen Street Cheapside,
sold by John Marshall No. 4, Aldermary Church-Yard, Bow-Lane, Cheapside,John Marshall No. 4, Aldermary Church-Yard, Bow-Lane, Cheapside,
sold by John Marshall No.4 Aldermary Church Yard in Bow Lane Cheapside,John Marshall No.4 Aldermary Church Yard Bow Lane Cheapside,
sold by John Marshall No.4, Aldermary Church-Yard, Bow-Lane, Cheapside,John Marshall No.4, Aldermary Church-Yard, Bow-Lane, Cheapside,
sold by John Marshall, London,John Marshall, London,
sold by John Marshall, No. 4 Aldermary Church Yard in Bow Lane. & No. 17, Queen Street, Cheapside,John Marshall, No. 4 Aldermary Church Yard Bow Lane. ; No. 17, Queen Street, Cheapside,
sold by John Marshall, No. 4 Aldermary Church Yard in Bow Lane. & No. 17. Queen-Street, Cheapside,John Marshall, No. 4 Aldermary Church Yard Bow Lane. ; No. 17. Queen-Street, Cheapside,
sold by John Marshall, No. 4 Aldermary Church Yard, Bow-Lane, Cheapside,John Marshall, No. 4 Aldermary Church Yard, Bow-Lane, Cheapside,
sold by John Marshall, No. 4, Aldermary Church Yard, Bow-Lane, Cheapside,John Marshall, No. 4, Aldermary Church Yard, Bow-Lane, Cheapside,
sold by John Marshall, No. 4, Aldermary Church-Yard, Bow Lane, Cheapside,John Marshall, No. 4, Aldermary Church-Yard, Bow Lane, Cheapside,
sold by John Marshall, No. 4, Aldermary Church-Yard, Bow-Lane, Cheapside,John Marshall, No. 4, Aldermary Church-Yard, Bow-Lane, Cheapside,
sold by John Marshall, No. 4, Aldermary Church-Yard, Bow-Lane, Cheapside,John Marshall, No. 4, Aldermary Church-Yard, Bow-Lane, Cheapside,
sold by John Marshall, No. 4, Aldermary Church-Yard, Bow-Lane, Cheapside,John Marshall, No. 4, Aldermary Church-Yard, Bow-Lane, Cheapside,
sold by John Marshall, No. 4, Aldermary Church-Yard, Bow-Lane, Cheapside,John Marshall, No. 4, Aldermary Church-Yard, Bow-Lane, Cheapside,
sold by John Marshall, No. 4, Aldermary Church-Yard, Bow-Lane, Cheapside,John Marshall, No. 4, Aldermary Church-Yard, Bow-Lane, Cheapside,
sold by John Marshall, No. 4, Aldermary Church-Yard, Bow-lane, Cheapside,John Marshall, No. 4, Aldermary Church-Yard, Bow-lane, Cheapside,
sold by John Marshall, No. 4, Aldermary Church-Yard, Bow-Lane, Cheapside,John Marshall, No. 4, Aldermary Church-Yard, Bow-Lane, Cheapside,
sold by John Marshall, No. 4, Aldermary Church-Yard, Bow-Lane, Cheapside,John Marshall, No. 4, Aldermary Church-Yard, Bow-Lane, Cheapside,
sold by John Marshall, No. 4, Aldermary Church-Yard, Bow-Lane, Cheapside,John Marshall, No. 4, Aldermary Church-Yard, Bow-Lane, Cheapside,
sold by John Marshall, No. 4, Aldermary Church-Yard, Bow-Lane, Cheapside,John Marshall, No. 4, Aldermary Church-Yard, Bow-Lane, Cheapside,
sold by John Marshall, no. 4, Aldermary Church-Yard, Bow-Lane, Cheapside,John Marshall, no. 4, Aldermary Church-Yard, Bow-Lane, Cheapside,
sold by John Marshall, no. 4, Aldermary Church-Yard, Bow-Lane, Cheapside,John Marshall, no. 4, Aldermary Church-Yard, Bow-Lane, Cheapside,
sold by John Marshall, No.4 Aldermary Church Yard, Bow-Lane, Cheapside,John Marshall, No.4 Aldermary Church Yard, Bow-Lane, Cheapside,
sold by John Marshall, No.4, Aldermary Church-Yard, Bow-Lane, Cheapside,John Marshall, No.4, Aldermary Church-Yard, Bow-Lane, Cheapside,
sold by John Marshall, No.4, Aldermary Church-Yard, Bow-Lane, Cheapside,John Marshall, No.4, Aldermary Church-Yard, Bow-Lane, Cheapside,
sold by John Marshall, no.4, Aldermary Church-Yard, Bow-Lane, Cheapside,John Marshall, no.4, Aldermary Church-Yard, Bow-Lane, Cheapside,
sold by John Marshall, No.4, Aldermary Church-Yard, Bow-Lane, Cheapside,John Marshall, No.4, Aldermary Church-Yard, Bow-Lane, Cheapside,
sold by John Marshall, No.4, Aldermary Church-Yard, Bow-Lane, Cheapside,John Marshall, No.4, Aldermary Church-Yard, Bow-Lane, Cheapside,
sold by John Nichols,John Nichols,
sold by John Nichols,John Nichols,
sold by John Parsons,John Parsons,
sold by John Pile,John Pile,
sold by John Preston,John Preston,
sold by John Pytt at the Britannia Printing Office,John Pytt at Britannia Printing Office,
sold by John Stockdale,John Stockdale,
sold by John Stockdale,John Stockdale,
sold by John Stockdale,John Stockdale,
sold by John Stockdale,John Stockdale,
sold by John Stockdale, Piccadilly,John Stockdale, Piccadilly,
sold by John Stockdale, Piccadilly,John Stockdale, Piccadilly,
sold by John Stockdale, Piccadilly,John Stockdale, Piccadilly,
sold by John Stockdale, Piccadilly,John Stockdale, Piccadilly,
sold by John Stockdale, Piccadilly,John Stockdale, Piccadilly,
sold by John Taylor,John Taylor,
sold by John Tregortha,John Tregortha,
sold by John White,John White,
Sold by John White, Fleet-Street,Sold John White, Fleet-Street,
Sold by John Wilkie, corner of Exeter 'Change ; Strand ; conductor, will be received & attended ; letters ; where advertisements & orders for the paper,Sold John Wilkie, corner of Exeter 'Change ; conductor, will be received ; attended ; letters ; where advertisements ; orders for paper,
Sold by Johnson, St. Paul's Churchyard, J. Buckland, Paternoster-Row,Sold Johnson, St. Paul's Churchyard, J. Buckland, Paternoster-Row,
Sold by Johnson, St. Paul's Churchyard, J.Buckland, Paternoster-Row,Sold Johnson, St. Paul's Churchyard, J.Buckland, Paternoster-Row,
sold by Jones & Crane,Jones ; Crane,
sold by Jones & Crane,Jones ; Crane,
sold by Joseph Burks,Joseph Burks,
sold by Joseph Downing,Joseph Downing,
sold by Joseph Gales,Joseph Gales,
Sold by Joseph Moore, Poole,Sold Joseph Moore, Poole,
sold by Joseph White,Joseph White,
sold by Kearsley, No. 46, Fleet-Street,Kearsley, No. 46, Fleet-Street,
sold by Kearsley, No. 46, Fleet-Street,Kearsley, No. 46, Fleet-Street,
sold by Kearsley, No. 46, Fleet-Street,Kearsley, No. 46, Fleet-Street,
sold by Kearsley, No. 46, Fleet-Street,Kearsley, No. 46, Fleet-Street,
sold by Kearsley, No. 46, Fleet-Street,Kearsley, No. 46, Fleet-Street,
sold by Kerby & Nephew, Old Bond-Street,Kerby ; Nephew, Old Bond-Street,
sold by Knight,Knight,
sold by Knight,Knight,
sold by L. Bell, 148, Oxford Street, & T. Baker, Southampton,L. Bell, 148, Oxford Street, ; T. Baker, Southampton,
sold by L. Congdon,L. Congdon,
Sold by L. I. Heigham, No. 6, Ray-Street, Clerkenwell,Sold L. I. Heigham, No. 6, Ray-Street, Clerkenwell,
Sold by L. I. Higham, No 2, Ray-street, Clerkenwell,Sold L. I. Higham, No 2, Ray-street, Clerkenwell,
Sold by L. I. Higham, No 6 Ray-street Clerkenwell,Sold L. I. Higham, No 6 Ray-street Clerkenwell,
Sold by L. I. Higham, No 6, Ray-street Clerkenwell,Sold L. I. Higham, No 6, Ray-street Clerkenwell,
Sold by L. I. Higham, No 6, Ray-street, Clerkenwell,Sold L. I. Higham, No 6, Ray-street, Clerkenwell,
Sold by L. I. Higham, No 6, Ray-street, Clerkenwell,Sold L. I. Higham, No 6, Ray-street, Clerkenwell,
Sold by L. I. Higham, No 6, Ray-street, Clerkenwell,Sold L. I. Higham, No 6, Ray-street, Clerkenwell,
Sold by L. I. Higham, No 6, Ray-street, Clerkenwell,Sold L. I. Higham, No 6, Ray-street, Clerkenwell,
sold by L. I. Higham, No. 2, Ray-Street, Clerkenwell,L. I. Higham, No. 2, Ray-Street, Clerkenwell,
Sold by L. I. Higham, No. 6, Ray-street, Clerkenwell,Sold L. I. Higham, No. 6, Ray-street, Clerkenwell,
sold by L. Legoux,L. Legoux,
sold by L. Pennington,L. Pennington,
sold by L. Pennington,L. Pennington,
Sold by L. Pennington ; printing-office in Coffee-Yard,Sold L. Pennington ; printing-office Coffee-Yard,
sold by L. Piggot,L. Piggot,
sold by L. Piggot,L. Piggot,
sold by L. Wayland,L. Wayland,
sold by Lee & Hurst ; sold by S. Fisher,Lee ; Hurst ; S. Fisher,
sold by Lee & Hurst ; sold by S. Fisher,Lee ; Hurst ; S. Fisher,
sold by Lee & Hurst, No. 32, Paternoster Row ; sold by S. Fisher, No. 10, St. John's Lane, Clerkenwell,Lee ; Hurst, No. 32, Paternoster Row ; S. Fisher, No. 10, St. John's Lane, Clerkenwell,
sold by Lee & Hurst, Pater-Noster-Row,Lee ; Hurst, Pater-Noster-Row,
sold by Lee & Hurst, Paternoster-Row,Lee ; Hurst, Paternoster-Row,
sold by Leigh & Sotheby, York Street, Covent Garden,Leigh ; Sotheby, York Street, Covent Garden,
sold by Leigh & Sotheby, York Street, Covent Garden,Leigh ; Sotheby, York Street, Covent Garden,
sold by Lewis Covent Garden Barry Wapping & Burford, Fleet Market,Lewis Covent Garden Barry Wapping ; Burford, Fleet Market,
sold by Longman & Broderip,Longman ; Broderip,
sold by Longman & Broderip,Longman ; Broderip,
Sold by Longman, Paternoster Row, London,Sold Longman, Paternoster Row, London,
sold by Louis Legoux, No. 52, Poland Street, Oxford Street,Louis Legoux, No. 52, Poland Street, Oxford Street,
Sold by Louis Legoux, No. 52, Poland-Street, Oxford-Road,Sold Louis Legoux, No. 52, Poland-Street, Oxford-Road,
sold by Luckman & Suffield,Luckman ; Suffield,
sold by Luckman & Suffield,Luckman ; Suffield,
sold by Luckman & Suffield,Luckman ; Suffield,
sold by Luckman & Suffield,Luckman ; Suffield,
sold by M & S. Bull, No. 321, near the Worcester Coffee-House, Oxford-Road,M ; S. Bull, No. 321, near Worcester Coffee-House, Oxford-Road,
sold by M Morgan. Where may be had all Sorts of Histories,M Morgan. Where may be had all Sorts of Histories,
sold by M. Allen,M. Allen,
sold by M. Angus,M. Angus,
sold by M. Angus,M. Angus,
sold by M. Angus, Side,M. Angus, Side,
sold by M. Brown,M. Brown,
sold by M. Brown,M. Brown,
sold by M. Bull,M. Bull,
sold by M. Gurney,M. Gurney,
sold by M. Gurney,M. Gurney,
sold by M. Gurney,M. Gurney,
sold by M. Gurney,M. Gurney,
sold by M. Gurney,M. Gurney,
sold by M. Gurney,M. Gurney,
sold by M. Gurney,M. Gurney,
sold by M. Gurney,M. Gurney,
sold by M. Gurney, No. 128, Holborn,M. Gurney, No. 128, Holborn,
Sold by M. Gurney, No. 128, Holborn Hill,Sold M. Gurney, No. 128, Holborn Hill,
sold by M. Gurney, No. 128, Holborn Hill,M. Gurney, No. 128, Holborn Hill,
sold by M. Gurney, No. 128, Holborn Hill,M. Gurney, No. 128, Holborn Hill,
sold by M. Gurney, No. 128, Holborn Hill,M. Gurney, No. 128, Holborn Hill,
Sold by M. Gurney, No. 128, Holborn-Hill,Sold M. Gurney, No. 128, Holborn-Hill,
sold by M. Gurney, No. 128, Holborn-Hill,M. Gurney, No. 128, Holborn-Hill,
Sold by M. Gurney, No. 128, Holborn-Hill,Sold M. Gurney, No. 128, Holborn-Hill,
sold by M. Gurney, No. 128, Holborn-Hill,M. Gurney, No. 128, Holborn-Hill,
Sold by M. Gurney, No. 128, Holborn, L. Way-Land, Middle-Row ; T. Knott, No. 47, Lom-Yard-Street,Sold M. Gurney, No. 128, Holborn, L. Way-Land, Middle-Row ; T. Knott, No. 47, Lom-Yard-Street,
sold by M. Heavisides,M. Heavisides,
sold by M. Luckman,M. Luckman,
sold by M. Luckman,M. Luckman,
sold by M. Luckman. Sold,M. Luckman. Sold,
sold by M. Morgan,M. Morgan,
sold by M. Pote,M. Pote,
sold by M. Pote,M. Pote,
sold by M. Pote,M. Pote,
sold by M. Pote & E. Williams,M. Pote ; E. Williams,
sold by M. Pote & E. Williams,M. Pote ; E. Williams,
sold by M. Pote & E. Williams,M. Pote ; E. Williams,
sold by M. Richardson, Messrs Lee & Hurst & W. Stewart,M. Richardson, Messrs Lee ; Hurst ; W. Stewart,
sold by M. Sibly,M. Sibly,
sold by M. Swinney,M. Swinney,
sold by M. Swinney,M. Swinney,
sold by M. Trapp,M. Trapp,
sold by M. Trapp,M. Trapp,
sold by M. Trapp,M. Trapp,
sold by M. Trapp,M. Trapp,
sold by M. Trapp,M. Trapp,
sold by M. Trapp,M. Trapp,
sold by M. Trapp,M. Trapp,
sold by M. Trapp,M. Trapp,
sold by M. Trapp ; sold by Mathews,M. Trapp ; Mathews,
sold by M. Trapp, J. Mathews, J. Cass, J. Murgatroyd, Button, Hind,M. Trapp, J. Mathews, J. Cass, J. Murgatroyd, Button, Hind,
sold by M. Trapp, No. 1, Pater-Noster-Row,M. Trapp, No. 1, Pater-Noster-Row,
sold by M. Trapp, No. 1, Pater-Noster-Row,M. Trapp, No. 1, Pater-Noster-Row,
sold by M. Trapp, No. 1, Pater-Noster-Row, near Cheapside,M. Trapp, No. 1, Pater-Noster-Row, near Cheapside,
sold by M. Trapp, No. 1, Paternoster-Row, near Cheapside,M. Trapp, No. 1, Paternoster-Row, near Cheapside,
sold by M. Trapp, No. 1, Paternoster-Row, near Cheapside,M. Trapp, No. 1, Paternoster-Row, near Cheapside,
sold by M. Trapp, No. 1, Paternoster-Row, near Cheapside,M. Trapp, No. 1, Paternoster-Row, near Cheapside,
sold by M. Trapp, No. 1, Paternoster-Row, near Cheapside,M. Trapp, No. 1, Paternoster-Row, near Cheapside,
sold by M. Young, Shepherd & Shepherdess Walk, City - Road,M. Young, Shepherd ; Shepherdess Walk, City - Road,
sold by Martha Gurney,Martha Gurney,
sold by Martha Gurney, No. 128, Holborn-Hill,Martha Gurney, No. 128, Holborn-Hill,
sold by Martha Gurney, No. 128, Holborn-Hill,Martha Gurney, No. 128, Holborn-Hill,
sold by Mess. Egerton, Opposite the Admiralty,Mess. Egerton, Opposite Admiralty,
sold by Mess. Egertons,Mess. Egertons,
Sold by Mess. Law, Faulder, Lowndes & Deighton, London - R. Goadby, Sherborne - R. Trewman, Exeter & M. Haydon,Sold Mess. Law, Faulder, Lowndes ; Deighton, London - R. Goadby, Sherborne - R. Trewman, Exeter ; M. Haydon,
sold by Mess. Lee & Hurst, London,Mess. Lee ; Hurst, London,
sold by Mess. Lee & Hurst, Paternoster Row, London,Mess. Lee ; Hurst, Paternoster Row, London,
sold by Messieurs Robinsons, Pater-Noster Row,Messieurs Robinsons, Pater-Noster Row,
sold by Messieurs Robinsons, Pater-Noster Row,Messieurs Robinsons, Pater-Noster Row,
sold by Messrs Grosvenor & Chater,Messrs Grosvenor ; Chater,
sold by Messrs. Benjamin & John White, Horace's Head, Fleet Street,Messrs. Benjamin ; John White, Horace's Head, Fleet Street,
sold by Messrs. Edwards, Pall-Mall,Messrs. Edwards, Pall-Mall,
sold by Messrs. Gilbert & Wright, No. 148, Leadenhall-Street,Messrs. Gilbert ; Wright, No. 148, Leadenhall-Street,
sold by Messrs. Harrison,Messrs. Harrison,
sold by Messrs. Longman & Broderip, Mr. R. Birchall's music shop Mr. Smart's & Mr Mazzinghi,Messrs. Longman ; Broderip, Mr. R. Birchall's music shop Mr. Smart's ; Mr Mazzinghi,
sold by Messrs. Richardson, Cornhill, London,Messrs. Richardson, Cornhill, London,
Sold by Messrs. Rivington, St. Paul's Church-Yard,Sold Messrs. Rivington, St. Paul's Church-Yard,
Sold by Messrs. Rivingtons, St. Paul's Church-Yard,Sold Messrs. Rivingtons, St. Paul's Church-Yard,
Sold by Messrs. Rivingtons, St. Paul's church-yard,Sold Messrs. Rivingtons, St. Paul's church-yard,
sold by Messrs. Rivingtons, St. Paul's Church-Yard,Messrs. Rivingtons, St. Paul's Church-Yard,
sold by Messrs. Rivingtons, St. Paul's Church-Yard,Messrs. Rivingtons, St. Paul's Church-Yard,
Sold by Messrs. Robinsons, Paternoster-Row,Sold Messrs. Robinsons, Paternoster-Row,
sold by Messrs. Shepperson & Reynolds, No. 137, Oxford-Street,Messrs. Shepperson ; Reynolds, No. 137, Oxford-Street,
sold by most,most,
Sold by Mount & Davidson, Tower-Hill,Sold Mount ; Davidson, Tower-Hill,
sold by Mozley,Mozley,
sold by Mr. Elmsly, Strand,Mr. Elmsly,,
sold by Mr. George Nicol,Mr. George Nicol,
