sold by Mr. Henderson, NO. 14, Fullwood's Rents, Holbourn,Mr. Henderson, NO. 14, Fullwood's Rents, Holbourn,
sold by Mr. John Hepburn,Mr. John Hepburn,
sold by Mr. Johnson, St. Paul's Church-yard,Mr. Johnson, St. Paul's Church-yard,
sold by Mr. Jones, optician,Mr. Jones, optician,
Sold by Mr. Mason, Piccadilly,Sold Mr. Mason, Piccadilly,
sold by Mr. Murray, No. 32, Fleet-Street,Mr. Murray, No. 32, Fleet-Street,
sold by Mr. Parsons,Mr. Parsons,
sold by Mr. Parsons, No. 21, Pater-Noster-Row,Mr. Parsons, No. 21, Pater-Noster-Row,
sold by Mr. Parsons, Paternoster-Row,Mr. Parsons, Paternoster-Row,
sold by Mr. Richardson, London ; sold by W. Blanchard,Mr. Richardson, London ; W. Blanchard,
sold by Mr. Richardson, London ; sold by W. Blanchard,Mr. Richardson, London ; W. Blanchard,
sold by Mr. Robinson, Mr. Debrett, Mr. Payne, Mr. Jeffery & Mr. Faulder,Mr. Robinson, Mr. Debrett, Mr. Payne, Mr. Jeffery ; Mr. Faulder,
sold by Mr. Wallis, Ludgate-Hill,Mr. Wallis, Ludgate-Hill,
sold by Murray & Highley,Murray ; Highley,
sold by N. Biggs,N. Biggs,
sold by N. G. Trimer,N. G. Trimer,
sold by N. Merridew,N. Merridew,
sold by N. Merridew,N. Merridew,
sold by N. Merridew,N. Merridew,
sold by Nathaniel Scarlett, NO. 348, Strand, Near Exeter Change,Nathaniel Scarlett, NO. 348, Strand, Near Exeter Change,
Sold by O. Turner, No.68, Chancery-Lane, Holborn,Sold O. Turner, No.68, Chancery-Lane, Holborn,
sold by Owen Rees, No. 10, Wine-Street,Owen Rees, No. 10, Wine-Street,
sold by P. Elmsly & D. Bremner,P. Elmsly ; D. Bremner,
sold by P. Elmsly, opposite Southampton Street, Strand,P. Elmsly, opposite Southampton Street,,
sold by P. Keating, Mr. Booker,P. Keating, Mr. Booker,
sold by P. Keating, No. 18, Warwick-Street, Golden Square,P. Keating, No. 18, Warwick-Street, Golden Square,
sold by P. Macqueen, London,P. Macqueen, London,
sold by P. Nettleton ; sold by Thomas Chapman, London,P. Nettleton ; Thomas Chapman, London,
sold by P. Nettleton, No. 57, Market-Street,P. Nettleton, No. 57, Market-Street,
sold by P. Sandford,P. Sandford,
sold by P. Wogan, No. 23, on the Old-Bridge,P. Wogan, No. 23, on Old-Bridge,
sold by Parsons, No. 21, Pasternoster-Row,Parsons, No. 21, Pasternoster-Row,
sold by Pearson & Rollason,Pearson ; Rollason,
sold by Pearson & Rollason,Pearson ; Rollason,
sold by Pearson & Rollason,Pearson ; Rollason,
sold by Pearson & Rollason,Pearson ; Rollason,
sold by Preston,Preston,
sold by Preston,Preston,
sold by Preston,Preston,
sold by Preston,Preston,
sold by Preston,Preston,
sold by Preston,Preston,
sold by Preston,Preston,
sold by Preston,Preston,
sold by R. Baldwin, G. Robinson, S. Crowder G & T. Wilkie, B. C. Collins,R. Baldwin, G. Robinson, S. Crowder G ; T. Wilkie, B. C. Collins,
sold by R. Baldwin, Pater-Noster-Row, London, - J.Graham, Sunderland, - W. Charnley, Newcastle, - L. Pennington, Durham, - W. Kelly, Northshields & R Christopher, Stockton,R. Baldwin, Pater-Noster-Row, London, - J.Graham, Sunderland, - W. Charnley, Newcastle, - L. Pennington, Durham, - W. Kelly, Northshields ; R Christopher, Stockton,
sold by R. Butters,R. Butters,
sold by R. Christopher,R. Christopher,
sold by R. Coster,R. Coster,
sold by R. Cruttwell,R. Cruttwell,
sold by R. Davidson, High Street,R. Davidson, High Street,
sold by R. Dawes,R. Dawes,
sold by R. Edwards,R. Edwards,
sold by R. Edwards,R. Edwards,
sold by R. Edwards, No. 142, New Bond Street,R. Edwards, No. 142, New Bond Street,
sold by R. Edwards, Union-Street,R. Edwards, Union-Street,
sold by R. Edwards, Union-Street,R. Edwards, Union-Street,
sold by R. Edwards, Union-Street,R. Edwards, Union-Street,
sold by R. Edwards, Union-Street,R. Edwards, Union-Street,
sold by R. Edwards, Union-Street,R. Edwards, Union-Street,
Sold by R. Faulder,Sold R. Faulder,
Sold by R. Faulder ; W. Bulmer,Sold R. Faulder ; W. Bulmer,
sold by R. Faulder, New Bond Street,R. Faulder, New Bond Street,
sold by R. Faulder, New Bond-Street,R. Faulder, New Bond-Street,
sold by R. Floyer,R. Floyer,
sold by R. Floyer, no. 456, Strand,R. Floyer, no. 456,,
sold by R. H. Wesley, No. 201, Strand,R. H. Wesley, No. 201,,
sold by R. H. Westley,R. H. Westley,
sold by R. H. Westley,R. H. Westley,
sold by R. H. Westley, No. 201, Strand,R. H. Westley, No. 201,,
sold by R. Hawes,R. Hawes,
sold by R. Hawes,R. Hawes,
sold by R. Hindmarsh,R. Hindmarsh,
sold by R. Hindmarsh,R. Hindmarsh,
sold by R. Hindmarsh,R. Hindmarsh,
sold by R. Hindmarsh,R. Hindmarsh,
sold by R. Hindmarsh,R. Hindmarsh,
sold by R. Horsfield,R. Horsfield,
sold by R. Horsfield,R. Horsfield,
sold by R. Horsfield,R. Horsfield,
sold by R. Horsfield,R. Horsfield,
sold by R. Horsfield,R. Horsfield,
sold by R. Horsfield,R. Horsfield,
sold by R. Horsfield,R. Horsfield,
sold by R. Horsfield,R. Horsfield,
sold by R. Horsfield,R. Horsfield,
sold by R. Horsfield,R. Horsfield,
sold by R. Horsfield,R. Horsfield,
sold by R. Horsfield,R. Horsfield,
sold by R. Horsfield,R. Horsfield,
sold by R. Horsfield,R. Horsfield,
sold by R. Horsfield ; their Hall, near Ludgate Street,R. Horsfield ; their Hall, near Ludgate Street,
sold by R. Horsfield & G. Greenhill,R. Horsfield ; G. Greenhill,
sold by R. Horsfield & G. Greenhill ; their Hall in Ludgate-Street,R. Horsfield ; G. Greenhill ; their Hall Ludgate-Street,
sold by R. Horsfield & G. Greenhill ; their Hall, near Ludgate-Street,R. Horsfield ; G. Greenhill ; their Hall, near Ludgate-Street,
sold by R. Lea, Greek-Street,R. Lea, Greek-Street,
sold by R. Lee,R. Lee,
Sold by R. Lee,Sold R. Lee,
sold by R. Lee,R. Lee,
Sold by R. Lee,Sold R. Lee,
Sold by R. Lee ; Tree of Liberty, No. 2 St. Ann's Court, Dean-Street, Soho,Sold R. Lee ; Tree of Liberty, No. 2 St. Ann's Court, Dean-Street, Soho,
Sold by R. Lee ; Tree of Liberty, No. 2, St. Ann's Court, Dean Street, Soho,Sold R. Lee ; Tree of Liberty, No. 2, St. Ann's Court, Dean Street, Soho,
Sold by R. Lee ; Tree of Liberty, no. 2, St. Ann's Court, Dean-street, Soho,Sold R. Lee ; Tree of Liberty, no. 2, St. Ann's Court, Dean-street, Soho,
Sold by R. Lee ; Tree of Liberty, No. 2, St. Ann's Court, Soho,Sold R. Lee ; Tree of Liberty, No. 2, St. Ann's Court, Soho,
Sold by R. Lee ; Tree of Liberty, No. 2, St. Ann's Court, Soho,Sold R. Lee ; Tree of Liberty, No. 2, St. Ann's Court, Soho,
Sold by R. Lee ; tree of liberty, No.2, St. Ann's-Court, Dean-Street, Soho,Sold R. Lee ; tree of liberty, No.2, St. Ann's-Court, Dean-Street, Soho,
sold by R. Loder,R. Loder,
sold by R. Phillips,R. Phillips,
sold by R. Pocock,R. Pocock,
sold by R. Pocock,R. Pocock,
sold by R. Randall, no. 4, Shoe-Lane, Fleet Street,R. Randall, no. 4, Shoe-Lane, Fleet Street,
sold by R. Richards,R. Richards,
sold by R. S. Kireby,R. S. Kireby,
sold by R. Thomson in the Strand,R. Thomson,
Sold by R. Thomson in the Strand,Sold R. Thomson,
sold by R. Trewman,R. Trewman,
Sold by R. White, Piccadilly,Sold R. White, Piccadilly,
sold by R.H. Westley, No. 201, Strand,R.H. Westley, No. 201,,
sold by R.W. Phelps, No. 24, Angel-Street, St. Martin's-Le-Grand,R.W. Phelps, No. 24, Angel-Street, St. Martin's-Le-Grand,
sold by Richard & Henry Causton,Richard ; Henry Causton,
sold by Richard & Henry Causton,Richard ; Henry Causton,
sold by Richard & Henry Causton,Richard ; Henry Causton,
sold by Richard & Henry Causton,Richard ; Henry Causton,
sold by Richard & Henry Causton,Richard ; Henry Causton,
sold by Richard & Henry Causton,Richard ; Henry Causton,
sold by Richard & Henry Causton,Richard ; Henry Causton,
sold by Richard & Henry Causton,Richard ; Henry Causton,
sold by Richard & Henry Causton,Richard ; Henry Causton,
sold by Richard & Henry Causton,Richard ; Henry Causton,
Sold by Richard Edwards, No. 142, Bond-Street,Sold Richard Edwards, No. 142, Bond-Street,
sold by Richard Edwards, NO. 142, Bond-Street,Richard Edwards, NO. 142, Bond-Street,
sold by Ridgway,Ridgway,
Sold by Ridgway London & at the printing office of the Social circle, Paris,Sold Ridgway London ; at printing office of Social circle, Paris,
sold by Rivingtons, ST. Paul's Church-Yard,Rivingtons, ST. Paul's Church-Yard,
sold by Robbins,Robbins,
sold by Robert Horsefield,Robert Horsefield,
sold by Robert Horsefield & George Greenhill,Robert Horsefield ; George Greenhill,
sold by Robert Horsfield,Robert Horsfield,
sold by Robert Horsfield,Robert Horsfield,
sold by Robert Horsfield,Robert Horsfield,
sold by Robert Horsfield,Robert Horsfield,
sold by Robert Horsfield,Robert Horsfield,
sold by Robert Horsfield,Robert Horsfield,
sold by Robert Horsfield,Robert Horsfield,
sold by Robert Horsfield,Robert Horsfield,
sold by Robert Horsfield,Robert Horsfield,
sold by Robert Horsfield,Robert Horsfield,
sold by Robert Horsfield,Robert Horsfield,
sold by Robert Horsfield,Robert Horsfield,
sold by Robert Horsfield,Robert Horsfield,
sold by Robert Horsfield,Robert Horsfield,
sold by Robert Horsfield,Robert Horsfield,
sold by Robert Horsfield,Robert Horsfield,
sold by Robert Horsfield,Robert Horsfield,
sold by Robert Horsfield,Robert Horsfield,
sold by Robert Horsfield,Robert Horsfield,
sold by Robert Horsfield,Robert Horsfield,
sold by Robert Horsfield,Robert Horsfield,
sold by Robert Horsfield,Robert Horsfield,
sold by Robert Horsfield,Robert Horsfield,
sold by Robert Horsfield,Robert Horsfield,
sold by Robert Horsfield,Robert Horsfield,
sold by Robert Horsfield,Robert Horsfield,
Sold by Robert Horsfield,Sold Robert Horsfield,
sold by Robert Horsfield,Robert Horsfield,
sold by Robert Horsfield,Robert Horsfield,
sold by Robert Horsfield,Robert Horsfield,
sold by Robert Horsfield,Robert Horsfield,
sold by Robert Horsfield,Robert Horsfield,
sold by Robert Horsfield,Robert Horsfield,
sold by Robert Horsfield,Robert Horsfield,
sold by Robert Horsfield,Robert Horsfield,
sold by Robert Horsfield,Robert Horsfield,
sold by Robert Horsfield,Robert Horsfield,
sold by Robert Horsfield,Robert Horsfield,
sold by Robert Horsfield,Robert Horsfield,
sold by Robert Horsfield,Robert Horsfield,
sold by Robert Horsfield,Robert Horsfield,
sold by Robert Horsfield,Robert Horsfield,
sold by Robert Horsfield,Robert Horsfield,
sold by Robert Horsfield,Robert Horsfield,
sold by Robert Horsfield,Robert Horsfield,
sold by Robert Horsfield,Robert Horsfield,
sold by Robert Horsfield,Robert Horsfield,
sold by Robert Horsfield,Robert Horsfield,
sold by Robert Horsfield,Robert Horsfield,
sold by Robert Horsfield ; their Hall,Robert Horsfield ; their Hall,
sold by Robert Horsfield ; their Hall,Robert Horsfield ; their Hall,
Sold by Robert Horsfield ; their Hall,Sold Robert Horsfield ; their Hall,
Sold by Robert Horsfield ; their Hall,Sold Robert Horsfield ; their Hall,
Sold by Robert Horsfield ; their Hall,Sold Robert Horsfield ; their Hall,
Sold by Robert Horsfield ; their Hall,Sold Robert Horsfield ; their Hall,
sold by Robert Horsfield ; their Hall,Robert Horsfield ; their Hall,
sold by Robert Horsfield ; their Hall in Ludgate-Street,Robert Horsfield ; their Hall Ludgate-Street,
sold by Robert Horsfield ; their Hall in Ludgate-Street,Robert Horsfield ; their Hall Ludgate-Street,
sold by Robert Horsfield ; their Hall in Ludgate-Street,Robert Horsfield ; their Hall Ludgate-Street,
sold by Robert Horsfield ; their Hall in Ludgate-Street,Robert Horsfield ; their Hall Ludgate-Street,
Sold by Robert Horsfield ; their Hall in Ludgate-Street,Sold Robert Horsfield ; their Hall Ludgate-Street,
Sold by Robert Horsfield ; their Hall in Ludgate-Street,Sold Robert Horsfield ; their Hall Ludgate-Street,
Sold by Robert Horsfield ; their Hall in Ludgate-Street,Sold Robert Horsfield ; their Hall Ludgate-Street,
Sold by Robert Horsfield ; their Hall in Ludgate-Street,Sold Robert Horsfield ; their Hall Ludgate-Street,
sold by Robert Horsfield ; their Hall in Ludgate-Street,Robert Horsfield ; their Hall Ludgate-Street,
sold by Robert Horsfield ; their Hall in Ludgate-Street,Robert Horsfield ; their Hall Ludgate-Street,
sold by Robert Horsfield ; their Hall in Ludgate-Street,Robert Horsfield ; their Hall Ludgate-Street,
sold by Robert Horsfield ; their Hall in Ludgate-Street,Robert Horsfield ; their Hall Ludgate-Street,
sold by Robert Horsfield ; their Hall in Ludgate-Street,Robert Horsfield ; their Hall Ludgate-Street,
sold by Robert Horsfield ; their Hall in Ludgate-Street,Robert Horsfield ; their Hall Ludgate-Street,
sold by Robert Horsfield & George Greenhill,Robert Horsfield ; George Greenhill,
sold by Robert Horsfield & George Greenhill,Robert Horsfield ; George Greenhill,
sold by Robert Horsfield & George Greenhill,Robert Horsfield ; George Greenhill,
sold by Robt. Bassam,Robt. Bassam,
sold by Rose & Drury,Rose ; Drury,
sold by Rose & Drury,Rose ; Drury,
sold by Rt. Birchall,Rt. Birchall,
sold by S. Bailey, 35, Threadneedle street,S. Bailey, 35, Threadneedle street,
sold by S. Crowder,S. Crowder,
sold by S. Fisher ; sold by T. Hurst,S. Fisher ; T. Hurst,
sold by S. Fisher ; sold by T. Hurst,S. Fisher ; T. Hurst,
sold by S. Fisher ; sold by T. Hurst,S. Fisher ; T. Hurst,
sold by S. Fisher ; sold by T. Hurst,S. Fisher ; T. Hurst,
sold by S. Fisher ; sold by T. Hurst,S. Fisher ; T. Hurst,
sold by S. Fisher ; sold by T. Hurst,S. Fisher ; T. Hurst,
sold by S. Fisher ; sold by T. Hurst,S. Fisher ; T. Hurst,
sold by S. Fisher, No. 10, ST John's Lane, Clerkenwell ; sold by T. Hurst, No. 32, Paternoster Row,S. Fisher, No. 10, ST John's Lane, Clerkenwell ; T. Hurst, No. 32, Paternoster Row,
sold by S. Fisher, No. 10, St. John's Lane, Clerkenwell ; sold by T. Hurst, No. 32, Paternoster Row,S. Fisher, No. 10, St. John's Lane, Clerkenwell ; T. Hurst, No. 32, Paternoster Row,
sold by S. Fores, Piccadilly,S. Fores, Piccadilly,
sold by S. Harwood,S. Harwood,
sold by S. Hazard,S. Hazard,
sold by S. Hazard,S. Hazard,
sold by S. Hodgson & E. Walker,S. Hodgson ; E. Walker,
sold by S. Hooper, No. 212, High Holborn,S. Hooper, No. 212, High Holborn,
sold by S. Low, Berwick Street, Soho,S. Low, Berwick Street, Soho,
sold by S. Martin, Ann-Street,S. Martin, Ann-Street,
Sold by S. Needham, Castleton,Sold S. Needham, Castleton,
sold by S. Rudder,S. Rudder,
sold by S. Rudder,S. Rudder,
sold by S. Rudder,S. Rudder,
sold by S. Summerside, No. 58, White Chapel, Liverpool,S. Summerside, No. 58, White Chapel, Liverpool,
sold by S. Summersides,S. Summersides,
sold by S. Waters,S. Waters,
sold by S.Summerside,S.Summerside,
sold by S.W. Fores,S.W. Fores,
sold by S.W. Fores, Piccadilly,S.W. Fores, Piccadilly,
sold by S.W. Fores, Piccadilly,S.W. Fores, Piccadilly,
sold by Sampson Low, Berwick Street, Soho,Sampson Low, Berwick Street, Soho,
sold by Sampson Low, Berwick Street, Soho,Sampson Low, Berwick Street, Soho,
sold by Sampson Low, No. 7, Berwick Street, Soho,Sampson Low, No. 7, Berwick Street, Soho,
sold by Samuel Bagster, No. 81, Strand,Samuel Bagster, No. 81,,
sold by Samuel Cave,Samuel Cave,
sold by Samuel Cave,Samuel Cave,
sold by Samuel Hazard ; vestry,Samuel Hazard ; vestry,
sold by Scatcherd & Whitaker,Scatcherd ; Whitaker,
sold by Sikes,Sikes,
sold by Silvester Sikes,Silvester Sikes,
sold by Simmons & Kirkby,Simmons ; Kirkby,
sold by Simmons & Kirkby,Simmons ; Kirkby,
sold by Simmons & Kirkby, Canterbury,Simmons ; Kirkby, Canterbury,
sold by Simmons, Kirkby & Jones,Simmons, Kirkby ; Jones,
sold by Smart & Cowslade,Smart ; Cowslade,
sold by Smart & Cowslade,Smart ; Cowslade,
sold by Sowler & Russell, No. 125, Deansgate,Sowler ; Russell, No. 125, Deansgate,
sold by Stearns & Winslow,Stearns ; Winslow,
sold by Swarbreck & Phillips, Vernon-Street,Swarbreck ; Phillips, Vernon-Street,
sold by T & J. Egerton, near Whitehall,T ; J. Egerton, near Whitehall,
sold by T Payne at the Mews Gate,T Payne at Mews Gate,
sold by T, Boosey, Old Broad Street,T, Boosey, Old Broad Street,
sold by T. Axtell, Cornhill,T. Axtell, Cornhill,
sold by T. Baker,T. Baker,
sold by T. Baker. For B. Law, Ave-Maria-Lane, Ludgate-Street,T. Baker. For B. Law, Ave-Maria-Lane, Ludgate-Street,
sold by T. Beckett,T. Beckett,
sold by T. Bennett ; sold by T. Massey, M. Trapp, M. Gurney, & W. Wilkins,T. Bennett ; T. Massey, M. Trapp, M. Gurney, ; W. Wilkins,
sold by T. Blagden,T. Blagden,
sold by T. Boosey,T. Boosey,
Sold by T. Boosey, Old Broad-street, near the Royal Exchange,Sold T. Boosey, Old Broad-street, near Royal Exchange,
sold by T. Brice,T. Brice,
sold by T. Briggs,T. Briggs,
sold by T. Browne, Russel-Court, Drury-Lane,T. Browne, Russel-Court, Drury-Lane,
sold by T. Cadell,T. Cadell,
sold by T. Cadell,T. Cadell,
sold by T. Cadell in the Strand,T. Cadell,
sold by T. Cadell jun & W. Davies,T. Cadell Jr. ; W. Davies,
sold by T. Cadell, Strand,T. Cadell,,
sold by T. Chapman,T. Chapman,
sold by T. Chapman,T. Chapman,
sold by T. Chapman,T. Chapman,
sold by T. Chapman, 151, Fleet-Street,T. Chapman, 151, Fleet-Street,
sold by T. Chapman, Fleet Street,T. Chapman, Fleet Street,
sold by T. Chapman, Fleet Street,T. Chapman, Fleet Street,
sold by T. Chapman, Fleet-Street,T. Chapman, Fleet-Street,
sold by T. Chapman, No. 151, Fleet-Street,T. Chapman, No. 151, Fleet-Street,
sold by T. Chapman, No. 151, Fleet-Street,T. Chapman, No. 151, Fleet-Street,
sold by T. Chapman, No. 151, Fleet-Street,T. Chapman, No. 151, Fleet-Street,
sold by T. Chapman, No. 151, Fleet-Street,T. Chapman, No. 151, Fleet-Street,
sold by T. Chapman, No. 151, Fleet-Street,T. Chapman, No. 151, Fleet-Street,
sold by T. Chapman, No. 151, Fleet-Street,T. Chapman, No. 151, Fleet-Street,
sold by T. Cheney, Banbury,T. Cheney, Banbury,
sold by T. Conder, Bucklersbury,T. Conder, Bucklersbury,
sold by T. Cox,T. Cox,
sold by T. Egerton,T. Egerton,
sold by T. Egerton,T. Egerton,
sold by T. Egerton,T. Egerton,
sold by T. Evans, 79, Long-Lane,T. Evans, 79, Long-Lane,
sold by T. Evans, Pater-Noster-Row,T. Evans, Pater-Noster-Row,
sold by T. G. Ballard,T. G. Ballard,
sold by T. G. Ballard, No. 3, Bedford Court Bedford Street, Covent Garden. - where may be had a great variety of Patriotic Publications,T. G. Ballard, No. 3, Bedford Court Bedford Street, Covent Garden. - where may be had a great variety of Patriotic Publications,
sold by T. Gardiner, Princes-Street, Cavendish-Square,T. Gardiner, Princes-Street, Cavendish-Square,
Sold by T. Greenhill, Gracechurch Street, H. D. Symmonds, No. 20, Paternoster-Row, T. Vernor, No. 10, Birchin Lane,Sold T. Greenhill, Gracechurch Street, H. D. Symmonds, No. 20, Paternoster-Row, T. Vernor, No. 10, Birchin Lane,
Sold by T. Greenhill, No. 14, Grace-church-street, H. D. Symonds, No. 20, Paternoster-row, T. Vernor, Birchin-lane,Sold T. Greenhill, No. 14, Grace-church-street, H. D. Symonds, No. 20, Paternoster-row, T. Vernor, Birchin-lane,
sold by T. Hannam, near the Methodist Chapel,T. Hannam, near Methodist Chapel,
sold by T. Harper ; sold by T. Scollick, London,T. Harper ; T. Scollick, London,
sold by T. Hawkins, Borough,T. Hawkins, Borough,
sold by T. Hookham,T. Hookham,
sold by T. Hookham,T. Hookham,
sold by T. Hookham, New Bond-Street,T. Hookham, New Bond-Street,
sold by T. Hurst no32 Pater Noster Row London,T. Hurst no32 Pater Noster Row London,
sold by T. Hurst, NO. 32, Patrenoster-Row. MDCCXCIX,T. Hurst, NO. 32, Patrenoster-Row. MDCCXCIX,
sold by T. Jones, Clifford's-Inn Gate, Fetter-Lane,T. Jones, Clifford's-Inn Gate, Fetter-Lane,
sold by T. Knott, No. 47, Lombard-Street,T. Knott, No. 47, Lombard-Street,
sold by T. Lewis,T. Lewis,
sold by T. Longman,T. Longman,
sold by T. Longman, No. 39, Pater-Noster-Row,T. Longman, No. 39, Pater-Noster-Row,
sold by T. Longman, Paternoster-Row,T. Longman, Paternoster-Row,
sold by T. Martin,T. Martin,
sold by T. Martin-pocket-book maker No. 76. Wood street, Cheapside,T. Martin-pocket-book maker No. 76. Wood street, Cheapside,
sold by T. N. Longman,T. N. Longman,
sold by T. N. Longman,T. N. Longman,
sold by T. N. Longman,T. N. Longman,
sold by T. N. Longman,T. N. Longman,
sold by T. N. Longman, Paternoster Row,T. N. Longman, Paternoster Row,
Sold by T. N. Longman, Paternoster-Row, London,Sold T. N. Longman, Paternoster-Row, London,
sold by T. N. Longman, Paternoster-Row, London,T. N. Longman, Paternoster-Row, London,
sold by T. Norris,T. Norris,
sold by T. Norris,T. Norris,
sold by T. P. Trimer,T. P. Trimer,
sold by T. P. Trimer,T. P. Trimer,
sold by T. Payne,T. Payne,
sold by T. Pearson,T. Pearson,
sold by T. Pote,T. Pote,
Sold by T. Pote,Sold T. Pote,
sold by T. Pote,T. Pote,
sold by T. Pote,T. Pote,
sold by T. Reed,T. Reed,
sold by T. Sabine,T. Sabine,
sold by T. Sabine,T. Sabine,
sold by T. Sabine,T. Sabine,
sold by T. Sabine,T. Sabine,
sold by T. Sabine,T. Sabine,
sold by T. Sabine,T. Sabine,
sold by T. Sabine,T. Sabine,
sold by T. Sabine,T. Sabine,
sold by T. Sabine,T. Sabine,
sold by T. Sabine,T. Sabine,
sold by T. Sabine, 81, Shoe Lane, Fleet Street,T. Sabine, 81, Shoe Lane, Fleet Street,
sold by T. Sabine, No. 81, Shoe Lane,T. Sabine, No. 81, Shoe Lane,
sold by T. Sabine, No. 81, Shoe Lane, Fleet Street,T. Sabine, No. 81, Shoe Lane, Fleet Street,
sold by T. Sabine, No. 81, Shoe Lane, Fleet Street,T. Sabine, No. 81, Shoe Lane, Fleet Street,
sold by T. Sabine, No. 81, Shoe Lane, Fleet Street,T. Sabine, No. 81, Shoe Lane, Fleet Street,
sold by T. Sabine, No. 81, Shoe Lane, London,T. Sabine, No. 81, Shoe Lane, London,
sold by T. Sabine, No. 81, Shoe-Lane,T. Sabine, No. 81, Shoe-Lane,
sold by T. Sabine, No. 81, Shoe-Lane,T. Sabine, No. 81, Shoe-Lane,
sold by T. Sabine, No. 81, Shoe-Lane,T. Sabine, No. 81, Shoe-Lane,
sold by T. Sabine, No. 81, Shoe-Lane, Fleet-Street,T. Sabine, No. 81, Shoe-Lane, Fleet-Street,
sold by T. Sabine, No. 81, Shoe-Lane, Fleet-Street ; where Printing is expeditiously performed in all its various Branches of Letter-Press & Copper-Piate, on the most reasonable Terms,T. Sabine, No. 81, Shoe-Lane, Fleet-Street ; where Printing is expeditiously performed all its various Branches of Letter-Press ; Copper-Piate, on most reasonable Terms,
sold by T. Sabine, no.81, Shoe Lane,T. Sabine, no.81, Shoe Lane,
sold by T. Sabine, No.81, Shoe-Lane,T. Sabine, No.81, Shoe-Lane,
sold by T. Schofield,T. Schofield,
sold by T. Schofield, Dale-Street,T. Schofield, Dale-Street,
sold by T. Skillern,T. Skillern,
sold by T. Smart,T. Smart,
sold by T. Smart, St. John-Street,T. Smart, St. John-Street,
sold by T. Smith,T. Smith,
sold by T. Smith, Week Street, Maidstone,T. Smith, Week Street, Maidstone,
sold by T. Spence,T. Spence,
sold by T. Steel,T. Steel,
sold by T. W. Fores,T. W. Fores,
sold by T. Whieldon, No. 43, Fleet-Street,T. Whieldon, No. 43, Fleet-Street,
sold by T. Wilkins,T. Wilkins,
sold by T. Wilkins,T. Wilkins,
sold by T. Wilkins,T. Wilkins,
sold by T. Wilkins,T. Wilkins,
sold by T. Wilkins,T. Wilkins,
sold by T. Wilkins,T. Wilkins,
sold by T. Wilkins,T. Wilkins,
sold by T. Wilkins, No 45, Cow-Lane, West-Smithfield,T. Wilkins, No 45, Cow-Lane, West-Smithfield,
sold by T. Wilkins, No. 23 Aldermanbury,T. Wilkins, No. 23 Aldermanbury,
sold by T. Wilkins, No. 23 Aldermanbury,T. Wilkins, No. 23 Aldermanbury,
sold by T. Wilkins, No. 23, Aldermanbury,T. Wilkins, No. 23, Aldermanbury,
sold by T. Wilkins, No. 23, Aldermanbury,T. Wilkins, No. 23, Aldermanbury,
sold by T. Wilkins, NO. 23, Aldermanbury,T. Wilkins, NO. 23, Aldermanbury,
sold by T. Williams,T. Williams,
sold by T. Wills, London,T. Wills, London,
sold by T. Wills, London,T. Wills, London,
sold by T.N. Longman,T.N. Longman,
sold by T.N. Longman & O. Rees, Paternoster-Row,T.N. Longman ; O. Rees, Paternoster-Row,
sold by T.N. Longman, Pater Noster Row,T.N. Longman, Pater Noster Row,
sold by T.N. Longman, Paternoster-Row,T.N. Longman, Paternoster-Row,
sold by T.P. Bateman, No. 21, Devonshire-Street, Queen's-Square,T.P. Bateman, No. 21, Devonshire-Street, Queen's-Square,
sold by T.P. Trimer,T.P. Trimer,
sold by T.Wilkins, No. 23, Aldermanbury,T.Wilkins, No. 23, Aldermanbury,
sold by Taylor,Taylor,
sold by the Baptist ministers throughout England & America,Baptist ministers throughout England ; America,
sold by the boolsellers in town & country,boolsellers town ; country,
sold by the corner of Chancery-Lane, Holborn,corner of Chancery-Lane, Holborn,
sold by the country,country,
sold by the loyal,loyal,
sold by Thomas Becket,Thomas Becket,
sold by Thomas Boozey, NO. 4 Old-Broad-Street, Near The Royal Exchange,Thomas Boozey, NO. 4 Old-Broad-Street, Near The Royal Exchange,
sold by Thomas Clio Rickman, No. 7, Upper Mary-le-Bonne street,Thomas Clio Rickman, No. 7, Upper Mary-le-Bonne street,
sold by Thomas Clio Rickman, upper Mary-Le-Bone Street,Thomas Clio Rickman, upper Mary-Le-Bone Street,
sold by Thomas Clio Rickman, upper Mary-le-Bone Street,Thomas Clio Rickman, upper Mary-le-Bone Street,
sold by Thomas Clio Rickman, upper Mary-le-Bone-Street,Thomas Clio Rickman, upper Mary-le-Bone-Street,
sold by Thomas Evans,Thomas Evans,
sold by Thomas Knott, No. 47, Lombard-Street,Thomas Knott, No. 47, Lombard-Street,
sold by Thomas Pearson,Thomas Pearson,
sold by Thomas Pearson,Thomas Pearson,
sold by Thomas Pearson,Thomas Pearson,
sold by Thomas Pearson,Thomas Pearson,
sold by Thomas Pearson,Thomas Pearson,
sold by Thomas Pearson,Thomas Pearson,
sold by Thomas Pearson,Thomas Pearson,
sold by Thomas Pearson,Thomas Pearson,
sold by Thomas Pearson,Thomas Pearson,
sold by Thomas Pearson,Thomas Pearson,
sold by Thomas Pearson,Thomas Pearson,
sold by Thomas Pearson,Thomas Pearson,
sold by Thomas Pearson,Thomas Pearson,
sold by Thomas Pearson,Thomas Pearson,
sold by Thomas Spence, No. 8, Little-Turnstile, High Holborn ; use of the members,Thomas Spence, No. 8, Little-Turnstile, High Holborn ; use of members,
sold by Thomas Walker,Thomas Walker,
sold by Thomas Wright,Thomas Wright,
sold by Thomas Wright,Thomas Wright,
sold by Thompson,Thompson,
sold by Thos. Wilkins. Aldermanbury,Thos. Wilkins. Aldermanbury,
sold by V. Griffiths,V. Griffiths,
Sold by V. Griffiths,Sold V. Griffiths,
sold by V. Griffiths, No. 1, Paternoster Row,V. Griffiths, No. 1, Paternoster Row,
sold by V. Griffiths, No. 1, Paternoster Row,V. Griffiths, No. 1, Paternoster Row,
sold by V. Griffiths, No. I, Paternoster-Row,V. Griffiths, No. I, Paternoster-Row,
sold by V. Griffiths. January,V. Griffiths. January,
sold by Vernor & Hood, Birchin Lane, Cornhill,Vernor ; Hood, Birchin Lane, Cornhill,
sold by Vernor & Hood, Birchin-Lane,Vernor ; Hood, Birchin-Lane,
sold by Vernor & Hood, Birchin-Lane,Vernor ; Hood, Birchin-Lane,
sold by Vernor & Hood, Crane & Jones Liverpool, James & Andrew Duncan Glasgow, Wilson, Spence & Mawman, York,Vernor ; Hood, Crane ; Jones Liverpool, James ; Andrew Duncan Glasgow, Wilson, Spence ; Mawman, York,
sold by Vernor & Hood, No. 31, Poultry,Vernor ; Hood, No. 31, Poultry,
sold by Vernor & Hood, No. 31, Poultry,Vernor ; Hood, No. 31, Poultry,
sold by W & J. Stratford,W ; J. Stratford,
sold by W & J. Stratford,W ; J. Stratford,
sold by W & J. Stratford, Holborn-Hill,W ; J. Stratford, Holborn-Hill,
sold by W & J. Stratford, No. 112 Holborn-Hill,W ; J. Stratford, No. 112 Holborn-Hill,
sold by W & J. Stratford, No. 118, Holborn-Hill,W ; J. Stratford, No. 118, Holborn-Hill,
sold by W & S. Jones, Holborn, London,W ; S. Jones, Holborn, London,
sold by W & S. Jones, No. 135, Holborn,W ; S. Jones, No. 135, Holborn,
sold by W. Allen,W. Allen,
sold by W. Baynes, NO. 54, Paternoster-Row,W. Baynes, NO. 54, Paternoster-Row,
sold by W. Bentley, No. 22, Fetter-Lane,W. Bentley, No. 22, Fetter-Lane,
Sold by W. Bingley, Red Lion Passage, Fleet Street,Sold W. Bingley, Red Lion Passage, Fleet Street,
sold by W. Brackett,W. Brackett,
sold by W. Brooke,W. Brooke,
sold by W. Brooke,W. Brooke,
sold by W. Brooke,W. Brooke,
sold by W. Button,W. Button,
sold by W. Button,W. Button,
sold by W. Button Paternoster Row,W. Button Paternoster Row,
sold by W. Button, No. 24, Pater-Noster-Row,W. Button, No. 24, Pater-Noster-Row,
sold by W. Button, No. 24, Pater-Noster-Row,W. Button, No. 24, Pater-Noster-Row,
Sold by W. Button, Paternoster Row ; T. Gardiner, Princes-Street, Oxford-Street,Sold W. Button, Paternoster Row ; T. Gardiner, Princes-Street, Oxford-Street,
sold by W. Button, Paternoster-Row,W. Button, Paternoster-Row,
sold by W. Cavell, Middle-Row, Holborn,W. Cavell, Middle-Row, Holborn,
sold by W. Chalklen, 49, Gracechurch-Street,W. Chalklen, 49, Gracechurch-Street,
sold by W. Clarke, No. 38, New-Bond Street,W. Clarke, No. 38, New-Bond Street,
sold by W. Cruttwell,W. Cruttwell,
sold by W. Darton,W. Darton,
sold by W. Darton,W. Darton,
sold by W. Eckford,W. Eckford,
sold by W. Edwards,W. Edwards,
sold by W. Eyres ; sold by W. H. Lunn, No.332. Oxford-Street, London ; warehouse, Cambridge,W. Eyres ; W. H. Lunn, No.332. Oxford-Street, London ; warehouse, Cambridge,
sold by W. Felton,W. Felton,
sold by W. Felton,W. Felton,
sold by W. Gillman, J. Murray, Fleet-Street, J. Evans, Pater-Noster-Row & C. Forster, Poultry, London,W. Gillman, J. Murray, Fleet-Street, J. Evans, Pater-Noster-Row ; C. Forster, Poultry, London,
sold by W. Gillman, J. Murray, Fleet-Street, J. Evans, Pater-Noster-Row & C. Forster, Poultry, London,W. Gillman, J. Murray, Fleet-Street, J. Evans, Pater-Noster-Row ; C. Forster, Poultry, London,
sold by W. Glendinning,W. Glendinning,
sold by W. Glendinning, No. 9, Charles-Street, Hatton-Garden,W. Glendinning, No. 9, Charles-Street, Hatton-Garden,
sold by W. Gray,W. Gray,
sold by W. H. Westley, No. 201, opposite St. Clement's Church, Strand,W. H. Westley, No. 201, opposite St. Clement's Church,,
sold by W. Hick, York,W. Hick, York,
sold by W. J & J. Richardson, Royal Exchange,W. J ; J. Richardson, Royal Exchange,
sold by W. J & J. Richardson, Royal-Exchange,W. J ; J. Richardson, Royal-Exchange,
sold by W. Justins, Blackfriars,W. Justins, Blackfriars,
sold by W. Justins, No. 35, Shoemaker-row, Blackfriars, near Ludgate-hill,W. Justins, No. 35, Shoemaker-row, Blackfriars, near Ludgate-hill,
sold by W. Lane,W. Lane,
sold by W. Leicester, Warrington,W. Leicester, Warrington,
sold by W. Lowndes,W. Lowndes,
sold by W. Lowndes, London,W. Lowndes, London,
sold by W. Lowndes, No. 76, Fleet Street,W. Lowndes, No. 76, Fleet Street,
sold by W. Lowndes, No. 77, Fleet-Street,W. Lowndes, No. 77, Fleet-Street,
sold by W. Lubbock, Rathbone Place,W. Lubbock, Rathbone Place,
sold by W. Minshull,W. Minshull,
sold by W. Minshull,W. Minshull,
sold by W. Minshull,W. Minshull,
sold by W. Minshull, Eastgate, Chester,W. Minshull, Eastgate, Chester,
Sold by W. Moon, No. 120, Whitechapel,Sold W. Moon, No. 120, Whitechapel,
sold by W. Owen,W. Owen,
sold by W. Phorson,W. Phorson,
sold by W. Richardson,W. Richardson,
sold by W. Richardson,W. Richardson,
sold by W. Richardson,W. Richardson,
sold by W. Richardson,W. Richardson,
Sold by W. Richardson, Cornhill, London,Sold W. Richardson, Cornhill, London,
sold by W. Richardson, Royal Exchange,W. Richardson, Royal Exchange,
Sold by W. Richardson, Royal Exchange ; T & J. Egerton, Whitehall ; seedsmen & nurserymen in London,Sold W. Richardson, Royal Exchange ; T ; J. Egerton, Whitehall ; seedsmen ; nurserymen London,
sold by W. Richardson, Royal-Exchange,W. Richardson, Royal-Exchange,
sold by W. Rusher, Banbury,W. Rusher, Banbury,
sold by W. Sergent,W. Sergent,
sold by W. Sergent,W. Sergent,
sold by W. Sheardown,W. Sheardown,
sold by W. Smith,W. Smith,
sold by W. Smith,W. Smith,
sold by W. Smith ; two universities,W. Smith ; two universities,
sold by W. Smith, King-Street, Seven-Dials,W. Smith, King-Street, Seven-Dials,
sold by W. Squance, Statigner, Bookbinder,W. Squance, Statigner, Bookbinder,
sold by W. Suffield,W. Suffield,
sold by W. Tesseyman, Minster-Yard,W. Tesseyman, Minster-Yard,
sold by W. Wellers, Hampstead, near the Church. One-Penny,W. Wellers, Hampstead, near Church. One-Penny,
sold by W. Woodward,W. Woodward,
sold by W.C. Jones, St. Peter's Church-Yard,W.C. Jones, St. Peter's Church-Yard,
sold by W.H. Parker, Broad Capuchin-lane,W.H. Parker, Broad Capuchin-lane,
Sold by W.I & I. Richardson, Royal Exchange ; whom may be had the other works of the same,Sold W.I ; I. Richardson, Royal Exchange ; whom may be had other works of same,
Sold by W.I & I.Richardson, Royal Exchange ; whom may be had the other works of the same,Sold W.I ; I.Richardson, Royal Exchange ; whom may be had other works of same,
sold by William Bingley,William Bingley,
sold by William Darton,William Darton,
sold by William Epps, Castle-Street,William Epps, Castle-Street,
sold by William Fawdington,William Fawdington,
sold by William Innes, No. 1, Grace Church-Street,William Innes, No. 1, Grace Church-Street,
sold by William Lane,William Lane,
sold by William Matthews, No. 10, Broad mead,William Matthews, No. 10, Broad mead,
sold by William Phillips,William Phillips,
sold by Wm. Darton,Wm. Darton,
sold by Wm. Darton, & Josh. Harvey, No. 55 Gracechurch Street,Wm. Darton, ; Josh. Harvey, No. 55 Gracechurch Street,
Sold by-see page,Sold by-see page,
sold by, Darton & Harvey, No. 55, Grace-Church-Street,by, Darton ; Harvey, No. 55, Grace-Church-Street,
sold by, Darton & Harvey, No. 55, Grace-Church-Street,by, Darton ; Harvey, No. 55, Grace-Church-Street,
sold by, J. Debrett, Piccadilly,by, J. Debrett, Piccadilly,
sold by, J. Owen, Piccadilly,by, J. Owen, Piccadilly,
sold by, J. Parsons, Paternoster-Row,by, J. Parsons, Paternoster-Row,
sold by, J. Ward,by, J. Ward,
sold by, J. Weitstein,by, J. Weitstein,
sold by, John Smith, Portsmouth-Street, Lincoln's Inn Fields ; who is just discharged from Newgate, after having been detained there for seven months, on a supposed charge of High Treason,by, John Smith, Portsmouth-Street, Lincoln's Inn Fields ; who is just discharged from Newgate, after having been detained there for seven months, on a supposed charge of High Treason,
sold by, P & J. Molini, No. 28, Hay-Market,by, P ; J. Molini, No. 28, Hay-Market,
sold by, R. T. Pooler, mathematical-instrument-maker to the Prince of Wales, No. 43, Fish-Street-Hill,by, R. T. Pooler, mathematical-instrument-maker to Prince of Wales, No. 43, Fish-Street-Hill,
sold by, W & S. Jones ; their shop, No. 135, next Furnival's-Inn, Holborn,by, W ; S. Jones ; their shop, No. 135, next Furnival's-Inn, Holborn,
sold by, W & S. Jones, Holborn,by, W ; S. Jones, Holborn,
sold by, W. J. & J. Richardson, Royal Exchange,by, W. J. ; J. Richardson, Royal Exchange,
sold for the benefit of Agnes Stratford ; unprovided sister ; whom it was bequeathed, as the only legacy he had to leave,for benefit of Agnes Stratford ; unprovided sister ; whom it was bequeathed, as only legacy he had to leave,
sold for the benefit of the fund of the infirmary ; special request of the President & governors present,for benefit of fund of infirmary ; special request of President ; governors present,
sold in Aldermary Church Yard London,Aldermary Church Yard London,
sold in Aldermary church yard, Bow Lane,Aldermary church yard, Bow Lane,
sold in Aldermary Church Yard, Bow Lane, London,Aldermary Church Yard, Bow Lane, London,
Sold in Aldermary Church Yard, Bow Lane, London,Sold Aldermary Church Yard, Bow Lane, London,
sold in Aldermary Church Yard, London,Aldermary Church Yard, London,
sold in Aldermary Church-Yard, Bow Lane, London,Aldermary Church-Yard, Bow Lane, London,
sold in Aldermary Church-Yard, Bow Lane, London,Aldermary Church-Yard, Bow Lane, London,
sold in Aldermary Church-Yard, Bow Lane, London,Aldermary Church-Yard, Bow Lane, London,
sold in Aldermary Church-Yard, Bow-Lane, London,Aldermary Church-Yard, Bow-Lane, London,
sold in Aldermary Church-yard, Bow-Lane, London,Aldermary Church-yard, Bow-Lane, London,
sold in Aldermary Church-Yard, London,Aldermary Church-Yard, London,
sold in Aldermary Church-yard, London,Aldermary Church-yard, London,
sold in Aldermary Church-Yard, London,Aldermary Church-Yard, London,
sold in Aldermary-Church Yard,Aldermary-Church Yard,
sold in Bow churchyard, London,Bow churchyard, London,
sold in London,London,
sold in London,London,
sold in London,London,
sold in London,London,
sold in London,London,
sold in London,London,
sold in London,London,
sold in London,London,
sold in London,London,
sold in London,London,
sold in London,London,
sold in London,London,
sold in London,London,
sold in London,London,
sold in London,London,
sold in London,London,
sold in London,London,
sold in London,London,
sold in London,London,
sold in London,London,
sold in London,London,
sold in London,London,
sold in London,London,
sold in London,London,
sold in London,London,
sold in London,London,
sold in London,London,
sold in London,London,
sold in London,London,
sold in London,London,
sold in London,London,
sold in London,London,
sold in London,London,
sold in London,London,
sold in London,London,
sold in London,London,
sold in London,London,
sold in London,London,
sold in London,London,
sold in London,London,
sold in London,London,
sold in London,London,
sold in London,London,
sold in London,London,
sold in London,London,
sold in London,London,
sold in London,London,
sold in London,London,
sold in London,London,
sold in London,London,
sold in London,London,
sold in London,London,
Sold in London ; most of the principal towns of the Kingdom,Sold London ; most of principal towns of Kingdom,
sold in Long-lane,Long-lane,
sold in Long-Lane,Long-Lane,
sold in Long-Lane, West Smithfield,Long-Lane, West Smithfield,
sold in Red-Lion Street, Banbury,Red-Lion Street, Banbury,
Sold in Stone-Cutter-Street near the Fleet-Market,Sold Stone-Cutter-Street near Fleet-Market,
sold in Stonecutter-street, Fleet-Market,Stonecutter-street, Fleet-Market,
sold in town & country,town ; country,
Sold only at the Hospital,Sold only at Hospital,
Sold only at the Hospital,Sold only at Hospital,
Sold only at the Hospital,Sold only at Hospital,
Sold only at the Hospital,Sold only at Hospital,
sold only at the hospital,only at hospital,
sold only at the hospital,only at hospital,
Sold only at the hospital,Sold only at hospital,
Sold only at the Hospital,Sold only at Hospital,
Sold only at the Magdalen Hospital ; St. George's road, Surry,Sold only at Magdalen Hospital ; St. George's road, Surry,
sold only by W. Allen,only W. Allen,
Sold or given gratis ; lovers of the old English constitution in town & country,Sold or given gratis ; lovers of old English constitution town ; country,
sold Piccadilly No.231,Piccadilly No.231,
Sold under the gateway of St. Bartholomew's Hospital,Sold under gateway of St. Bartholomew's Hospital,
Sold wholesale & retail by J. Tymbs ; Worcester Journal,Sold wholesale ; retail J. Tymbs ; Worcester Journal,
sold wholesale & retail by, Alex. Hogg, No. 16, Paternoster Row,wholesale ; retail by, Alex. Hogg, No. 16, Paternoster Row,
sold wholesale & retail by, Alex. Hogg, W. Taylor,wholesale ; retail by, Alex. Hogg, W. Taylor,
sold wholesale by S. Jewkes, London & retail,wholesale S. Jewkes, London ; retail,
sold with the telescope at Watkin's, optician. N. 70. St. James's Street,with telescope at Watkin's, optician. N. 70. St. James's Street,
Sold, on Thursdays ; chapels in Dudley Court, Crown-Street, Soho, London ; foot of Carrubber's Close, Edinburgh,Sold, on Thursdays ; chapels Dudley Court, Crown-Street, Soho, London ; foot of Carrubber's Close,,
soldy,soldy,
South Front-Street ; Thomas Bradford,South Front-Street ; Thomas Bradford,
South-Street, Dorchester ; William Cruttwell,South-Street, Dorchester ; William Cruttwell,
Southern, No. 27, St. James's Street ; sold by Kearsley, No. 46, Fleet Street,Southern, No. 27, St. James's Street ; Kearsley, No. 46, Fleet Street,
Sowler & Russell,Sowler ; Russell,
Sowler & Russell,Sowler ; Russell,
Sowler & Russell,Sowler ; Russell,
Sowler & Russell,Sowler ; Russell,
Sowler & Russell,Sowler ; Russell,
Sowler & Russell,Sowler ; Russell,
Sowler & Russell,Sowler ; Russell,
Sowler & Russell,Sowler ; Russell,
Sowler & Russell,Sowler ; Russell,
Sowler & Russell,Sowler ; Russell,
Sowler & Russell,Sowler ; Russell,
Sowler & Russell,Sowler ; Russell,
Sowler & Russell,Sowler ; Russell,
Sowler & Russell,Sowler ; Russell,
Sowler & Russell,Sowler ; Russell,
Sowler & Russell,Sowler ; Russell,
Sowler & Russell,Sowler ; Russell,
Sowler & Russell,Sowler ; Russell,
Sowler & Russell,Sowler ; Russell,
Sowler & Russell,Sowler ; Russell,
Sowler & Russell Deansgate,Sowler ; Russell Deansgate,
Sowler & Russell, Deansdate,Sowler ; Russell, Deansdate,
Sowler & Russell, Deansgate,Sowler ; Russell, Deansgate,
Sowler & Russell, Deansgate,Sowler ; Russell, Deansgate,
Sowler & Russell, Deansgate,Sowler ; Russell, Deansgate,
Sowler & Russell, Deansgate,Sowler ; Russell, Deansgate,
Sowler & Russell, Deansgate,Sowler ; Russell, Deansgate,
Sowler & Russell, Hunt's-Bank,Sowler ; Russell, Hunt's-Bank,
Sowler & Russell, Hunt's-Bank,Sowler ; Russell, Hunt's-Bank,
Sowler & Russell, No 125, Deansgate,Sowler ; Russell, No 125, Deansgate,
Sowler & Russell, No. 125, Deansgate,Sowler ; Russell, No. 125, Deansgate,
Sowler & Russell, No. 125, Deansgate,Sowler ; Russell, No. 125, Deansgate,
special request of the committee appointed to carry the design into effect,special request of committee appointed to carry design into effect,
Spilsburianis typis, apud J. Owen,Spilsburianis typis, apud J. Owen,
Spilsburianis, Snow-Hill. Ví_nit apud A. Dulau & Soc,Spilsburianis, Snow-Hill. Ví_nit apud A. Dulau ; Soc,
Spilsbury ; l'imprimerie de W,Spilsbury ; l'imprimerie de W,
Spilsbury, Snowhill ; l'imprimerie de W,Spilsbury, Snowhill ; l'imprimerie de W,
Spilsbury, Snowhill ; l'imprimerie de W,Spilsbury, Snowhill ; l'imprimerie de W,
Spilsbury. Pour A. Dulau ; T. Boosey,Spilsbury. Pour A. Dulau ; T. Boosey,
Spilsbury. Se vend chez J. de Boffe ; l'imprimerie de W,Spilsbury. Se vend chez J. de Boffe ; l'imprimerie de W,
Spilsbury. Se vend chez J. De Boffe, & Dulau ; l'imprimerie de W,Spilsbury. Se vend chez J. De Boffe, ; Dulau ; l'imprimerie de W,
Spilsbury. Se vend chez J. De Boffe, Gerard Street, Soho ; l'imprimie de W ; les principaux libraires en Angleterre & sur le continent,Spilsbury. Se vend chez J. De Boffe, Gerard Street, Soho ; l'imprimie de W ; les principaux libraires en Angleterre ; sur le continent,
Spilsbury. Se vend chez J. Debrett, J. Wright. J. de Boffe, L'Homme, & W.J. & J. Richardson ; l'imprimerie de W,Spilsbury. Se vend chez J. Debrett, J. Wright. J. de Boffe, L'Homme, ; W.J. ; J. Richardson ; l'imprimerie de W,
Spilsbury. Stat venale apud T. Payne, J. White, T. Egerton, G. G & J. Robinson, West & Hughes,Spilsbury. Stat venale apud T. Payne, J. White, T. Egerton, G. G ; J. Robinson, West ; Hughes,
Sprange,Sprange,
Sprange ; T. Wells,Sprange ; T. Wells,
Sprange ; T. Wells,Sprange ; T. Wells,
Sprange ; Tunb ; Wells,Sprange ; Tunb ; Wells,
Sprange ; Tunb ; Wells,Sprange ; Tunb ; Wells,
Sprange ; Tunb ; Wells,Sprange ; Tunb ; Wells,
Sprange ; Tunb ; Wells,Sprange ; Tunb ; Wells,
Sprange ; Tunb ; Wells,Sprange ; Tunb ; Wells,
Sprange ; Tunb ; Wells,Sprange ; Tunb ; Wells,
Sprange ; Tunb ; Wells,Sprange ; Tunb ; Wells,
Sprange ; Tunb ; Wells,Sprange ; Tunb ; Wells,
Sprange ; Tunb ; Wells,Sprange ; Tunb ; Wells,
Sprange ; Tunb ; Wells,Sprange ; Tunb ; Wells,
Sprange ; Tunb ; Wells,Sprange ; Tunb ; Wells,
Sprange ; Tunb ; Wells,Sprange ; Tunb ; Wells,
Sprange ; Tunb ; Wells,Sprange ; Tunb ; Wells,
Sprange ; Tunb ; Wells,Sprange ; Tunb ; Wells,
Sprange ; Tunb ; Wells,Sprange ; Tunb ; Wells,
Sprange ; Tunb ; Wells,Sprange ; Tunb ; Wells,
Sprange ; Tunb ; Wells,Sprange ; Tunb ; Wells,
Sprange ; Tunbridge-Wells,Sprange ; Tunbridge-Wells,
Sprange ; Tunbridge-Wells,Sprange ; Tunbridge-Wells,
Sprange ; Tunbridge-Wells,Sprange ; Tunbridge-Wells,
Sprange ; Tunbridge-Wells,Sprange ; Tunbridge-Wells,
Sprange ; Tunbridge-Wells,Sprange ; Tunbridge-Wells,
Sprange ; Tunbridge-Wells,Sprange ; Tunbridge-Wells,
Sprange ; Tunbridge-Wells,Sprange ; Tunbridge-Wells,
Sprange ; Tunbridge-Wells,Sprange ; Tunbridge-Wells,
Sprange ; Tunbridge-Wells,Sprange ; Tunbridge-Wells,
Sprange ; Tunbridge-Wells,Sprange ; Tunbridge-Wells,
Sprange ; Tunbridge-Wells,Sprange ; Tunbridge-Wells,
Sprange ; Tunbridge-Wells,Sprange ; Tunbridge-Wells,
Sprange ; Tunbridge-Wells,Sprange ; Tunbridge-Wells,
Sprange ; Tunbridge-Wells,Sprange ; Tunbridge-Wells,
Sprange ; Tunbridge-Wells,Sprange ; Tunbridge-Wells,
Sprange ; Tunbridge-Wells,Sprange ; Tunbridge-Wells,
Sprange ; Tunbridge-Wells,Sprange ; Tunbridge-Wells,
Sprange ; Tunbridge-Wells,Sprange ; Tunbridge-Wells,
Sprange ; Tunbridge-Wells,Sprange ; Tunbridge-Wells,
Sprange ; Tunbridge-Wells,Sprange ; Tunbridge-Wells,
Sprange ; Tunbridge-Wells,Sprange ; Tunbridge-Wells,
Sprange ; Tunbridge-Wells,Sprange ; Tunbridge-Wells,
Sprange ; Tunbridge-Wells,Sprange ; Tunbridge-Wells,
Sprange ; Tunbridge-Wells,Sprange ; Tunbridge-Wells,
Sprange ; Tunbridge-Wells,Sprange ; Tunbridge-Wells,
Sprange ; Tunbridge-Wells,Sprange ; Tunbridge-Wells,
Sprange ; Tunbridge-Wells,Sprange ; Tunbridge-Wells,
Sprange ; Tunbridge-Wells,Sprange ; Tunbridge-Wells,
Sprange ; Tunbridge-Wells,Sprange ; Tunbridge-Wells,
Sprange ; Tunbridge-Wells,Sprange ; Tunbridge-Wells,
Sprange ; Tunbridge-Wells,Sprange ; Tunbridge-Wells,
Sprange ; Tunbridge-Wells,Sprange ; Tunbridge-Wells,
Sprange ; Tunbridge-Wells,Sprange ; Tunbridge-Wells,
Sprange ; Tunbridge-Wells,Sprange ; Tunbridge-Wells,
Sprange ; Tunbridge-Wells,Sprange ; Tunbridge-Wells,
Sprange ; Tunbridge-Wells,Sprange ; Tunbridge-Wells,
Sprange ; Tunbridge-Wells,Sprange ; Tunbridge-Wells,
Sprange ; Tunbridge-Wells,Sprange ; Tunbridge-Wells,
Sprange ; Tunbridge-Wells,Sprange ; Tunbridge-Wells,
Sprange ; Tunbridge-Wells,Sprange ; Tunbridge-Wells,
Sprange ; Tunbridge-Wells,Sprange ; Tunbridge-Wells,
Sprange ; Tunbridge-Wells,Sprange ; Tunbridge-Wells,
Sprange ; Tunbridge-Wells,Sprange ; Tunbridge-Wells,
Sprange ; Tunbridge-Wells,Sprange ; Tunbridge-Wells,
Sprange ; Tunbridge-Wells,Sprange ; Tunbridge-Wells,
Sprange ; Tunbridge-Wells,Sprange ; Tunbridge-Wells,
Sprange ; Tunbridge-Wells,Sprange ; Tunbridge-Wells,
Sprange ; Tunbridge-Wells,Sprange ; Tunbridge-Wells,
Sprange ; Tunbridge-Wells,Sprange ; Tunbridge-Wells,
Sprange ; Tunbridge-Wells,Sprange ; Tunbridge-Wells,
Sprange ; Tunbridge-Wells,Sprange ; Tunbridge-Wells,
Sprange ; Tunbridge-Wells,Sprange ; Tunbridge-Wells,
Sprange ; Tunbridge-Wells,Sprange ; Tunbridge-Wells,
Sprange ; Tunbridge-Wells,Sprange ; Tunbridge-Wells,
Sprange ; Tunbridge-Wells,Sprange ; Tunbridge-Wells,
Sprange ; Tunbridge-Wells,Sprange ; Tunbridge-Wells,
Sprange ; Tunbridge-Wells,Sprange ; Tunbridge-Wells,
Sprange ; Tunbridge-Wells,Sprange ; Tunbridge-Wells,
Sprange ; Tunbridge-Wells,Sprange ; Tunbridge-Wells,
Sprange ; Tunbridge-Wells,Sprange ; Tunbridge-Wells,
Sprange ; Tunbridge-Wells,Sprange ; Tunbridge-Wells,
Sprange ; Tunbridge-Wells,Sprange ; Tunbridge-Wells,
Sprange ; Tunbridge-Wells,Sprange ; Tunbridge-Wells,
Sprange ; Tunbridge-Wells,Sprange ; Tunbridge-Wells,
Sprange ; Tunbridge-Wells,Sprange ; Tunbridge-Wells,
Sprange ; Tunbridge-Wells,Sprange ; Tunbridge-Wells,
Sprange ; Tunbridge-Wells,Sprange ; Tunbridge-Wells,
Sprange ; Tunbridge-Wells,Sprange ; Tunbridge-Wells,
Sprange ; Tunbridge-Wells,Sprange ; Tunbridge-Wells,
Sprange ; Tunbridge-Wells,Sprange ; Tunbridge-Wells,
Sprange ; Tunbridge-Wells,Sprange ; Tunbridge-Wells,
Sprange ; Tunbridge-Wells,Sprange ; Tunbridge-Wells,
Sprange ; Tunbridge-Wells,Sprange ; Tunbridge-Wells,
Sprange ; Tunbridge-Wells,Sprange ; Tunbridge-Wells,
Sprange ; Tunbridge-Wells,Sprange ; Tunbridge-Wells,
Sprange ; Tunbridge-Wells,Sprange ; Tunbridge-Wells,
Sprange ; Tunbridge-Wells,Sprange ; Tunbridge-Wells,
Sprange ; Tunbridge-Wells,Sprange ; Tunbridge-Wells,
Sprange ; Tunbridge-Wells,Sprange ; Tunbridge-Wells,
Sprange ; Tunbridge-Wells,Sprange ; Tunbridge-Wells,
Sprange ; Tunbridge-Wells,Sprange ; Tunbridge-Wells,
Sprange ; Tunbridge-Wells,Sprange ; Tunbridge-Wells,
Sprange ; Tunbridge-Wells,Sprange ; Tunbridge-Wells,
Sprange ; Tunbridge-Wells,Sprange ; Tunbridge-Wells,
Sprange ; Tunbridge-Wells,Sprange ; Tunbridge-Wells,
Sprange ; Tunbridge-Wells,Sprange ; Tunbridge-Wells,
Sprange ; Tunbridge-Wells,Sprange ; Tunbridge-Wells,
Sprange ; Tunbridge-Wells,Sprange ; Tunbridge-Wells,
Sprange ; Tunbridge-Wells,Sprange ; Tunbridge-Wells,
Sprange ; Tunbridge-Wells,Sprange ; Tunbridge-Wells,
Sprange ; Tunbridge-Wells,Sprange ; Tunbridge-Wells,
Sprange ; Tunbridge-Wells,Sprange ; Tunbridge-Wells,
Sprange ; Tunbridge-Wells,Sprange ; Tunbridge-Wells,
Sprange ; Tunbridge-Wells,Sprange ; Tunbridge-Wells,
Sprange ; Tunbridge-Wells,Sprange ; Tunbridge-Wells,
Sprange ; Tunbridge-Wells,Sprange ; Tunbridge-Wells,
Sprange ; Tunbridge-Wells,Sprange ; Tunbridge-Wells,
Sprange ; Tunbridge-Wells,Sprange ; Tunbridge-Wells,
Sprange ; Tunbridge-Wells,Sprange ; Tunbridge-Wells,
Sprange ; Tunbridge-Wells,Sprange ; Tunbridge-Wells,
Sprange ; Tunbridge-Wells,Sprange ; Tunbridge-Wells,
Sprange ; Tunbridge-Wells,Sprange ; Tunbridge-Wells,
Sprange ; Tunbridge-Wells,Sprange ; Tunbridge-Wells,
Sprange ; Tunbridge-Wells,Sprange ; Tunbridge-Wells,
Sprange ; Tunbridge-Wells,Sprange ; Tunbridge-Wells,
Sprange ; Tunbridge-Wells,Sprange ; Tunbridge-Wells,
Sprange ; Tunbridge-Wells,Sprange ; Tunbridge-Wells,
Sprange ; Tunbridge-Wells,Sprange ; Tunbridge-Wells,
Sprange ; Tunbridge-Wells,Sprange ; Tunbridge-Wells,
Sprange ; Tunbridge-Wells,Sprange ; Tunbridge-Wells,
Sprange ; Tunbridge-Wells,Sprange ; Tunbridge-Wells,
Sprange ; Tunbridge-Wells,Sprange ; Tunbridge-Wells,
Sprange ; Tunbridge-Wells,Sprange ; Tunbridge-Wells,
Sprange ; Tunbridge-Wells,Sprange ; Tunbridge-Wells,
Sprange ; Tunbridge-Wells,Sprange ; Tunbridge-Wells,
Sprange ; Tunrridge-Wells,Sprange ; Tunrridge-Wells,
Spurway,Spurway,
Ssic Stanton,Ssic Stanton,
St John's Lane, Clerkenwell ; circulating library ; sold by Lee & Hurst, No. 32, Paternoster Row ; sold by S. Fisher,St John's Lane, Clerkenwell ; circulating library ; Lee ; Hurst, No. 32, Paternoster Row ; S. Fisher,
St Paul's Church Yard ; sold by J. Johnson,St Paul's Church Yard ; J. Johnson,
St. George's Hospital,St. George's Hospital,
St. James's-Square ; sold by J. Ridgway, No. 1, York-Street,St. James's-Square ; J. Ridgway, No. 1, York-Street,
St. John's Lane, Clerkenwell ; circulating library ; sold by Lee & Hurst, No. 32, Paternoster Row ; sold by S. Fisher,St. John's Lane, Clerkenwell ; circulating library ; Lee ; Hurst, No. 32, Paternoster Row ; S. Fisher,
St. John's Lane, Clerkenwell ; circulating library ; sold by Lee & Hurst, no. 32, Paternoster Row ; sold by S. Fisher,St. John's Lane, Clerkenwell ; circulating library ; Lee ; Hurst, no. 32, Paternoster Row ; S. Fisher,
St. John's Lane, Clerkenwell ; circulating library ; sold by Messr. Lee & Hurst, No. 32, Paternoster Row ; sold by S. Fisher,St. John's Lane, Clerkenwell ; circulating library ; Messr. Lee ; Hurst, No. 32, Paternoster Row ; S. Fisher,
St. John's Lane, Clerkenwell ; circulating library ; sold by S. Fisher ; sold by T. Hurst, No. 32, Paternoster Row,St. John's Lane, Clerkenwell ; circulating library ; S. Fisher ; T. Hurst, No. 32, Paternoster Row,
St. John's-Square,St. John's-Square,
St. John's-Street ; W. Bridges,St. John's-Street ; W. Bridges,
St. Paul's Church-Yard ; late T. Carnan,St. Paul's Church-Yard ; late T. Carnan,
St. Paul's Church-Yard ; said Society ; sold by F & C. Rivington,St. Paul's Church-Yard ; said Society ; F ; C. Rivington,
St. Paul's Church-Yard ; sold by F & C. Rivington,St. Paul's Church-Yard ; F ; C. Rivington,
St. Paul's Church-Yard ; sold by J. Johnson, No. 72,St. Paul's Church-Yard ; J. Johnson, No. 72,
St. Paul's Churchyard ; sold by W. Nicoll,St. Paul's Churchyard ; W. Nicoll,
Stace & Herbert libraires,Stace ; Herbert libraires,
Stace & Herbert, Libraires,Stace ; Herbert, Libraires,
stace & maids, No. 11, Haymarket,stace ; maids, No. 11, Haymarket,
Stafford-Street, Old Bond-Street ; sold by Kerby ; their Literary Repository, Wimpole & Wigmore-Street, Cavendish-Square,Stafford-Street, Old Bond-Street ; Kerby ; their Literary Repository, Wimpole ; Wigmore-Street, Cavendish-Square,
Stafford-Street, Old Bond-Street ; Wimpole & Wigmore-Street, Cavendish-Square ; sold by Kerby ; their new Literary Repository,Stafford-Street, Old Bond-Street ; Wimpole ; Wigmore-Street, Cavendish-Square ; Kerby ; their new Literary Repository,
Stainbank,Stainbank,
Stampata da T. Gill, sotto l'ispezione dell',Stampata da T. Gill, sotto l'ispezione dell',
stampata da T. Gill, sotto l'ispezione dell',stampata da T. Gill, sotto l'ispezione dell',
Stampate a spese dell' ; trovano vendibili presso del medesimo al no. 3, Little Brook-Street, Hanover-Square,Stampate a spese dell' ; trovano vendibili presso del medesimo al no. 3, Little Brook-Street, Hanover-Square,
Stampato da G. Cooper, a spese di P. Molini e T. Hookham,Stampato da G. Cooper, a spese di P. Molini e T. Hookham,
stampato per l'autore ; vende apresso Sampson Low,stampato per l'autore ; vende apresso Sampson Low,
Stampe, Libraire,Stampe, Libraire,
Stampe, Libraire,Stampe, Libraire,
Stanley Crowder,Stanley Crowder,
Stanley Crowder, Pater-Noster-Row,Stanley Crowder, Pater-Noster-Row,
Stanley Crowder, Paternoster-Row,Stanley Crowder, Paternoster-Row,
Stanley Crowder, Paternoster-Row,Stanley Crowder, Paternoster-Row,
Stanley Crowder, Paternoster-Row,Stanley Crowder, Paternoster-Row,
Stannary Press ; Thomas Flindell,Stannary Press ; Thomas Flindell,
Stannary-Press ; T. Flindell,Stannary-Press ; T. Flindell,
Steering Compass ; Usual Errors Removed ; sold by him at No. 25, Parker's-Row New-Road, Dock-Head, Southwark, of whom,Steering Compass ; Usual Errors Removed ; him at No. 25, Parker's-Row New-Road, Dock-Head, Southwark, of whom,
Stephen Austin,Stephen Austin,
Stephen Austin,Stephen Austin,
Stephen Austin,Stephen Austin,
Stephen Austin,Stephen Austin,
Stephen Austin,Stephen Austin,
Stephen Austin,Stephen Austin,
Stephen Austin,Stephen Austin,
Stephen Austin,Stephen Austin,
Stephen Austin,Stephen Austin,
Stephen Austin,Stephen Austin,
Stephen Austin,Stephen Austin,
Stephen Austin,Stephen Austin,
Stephen Austin ; are neatly & expeditiously ; whom hand bills, catalogues, club articles, constables precepts, land-tax receipts,Stephen Austin ; are neatly ; expeditiously ; whom hand bills, catalogues, club articles, constables precepts, land-tax receipts,
Stephen Clark, Number 15, Broker-Row, Moorfields,Stephen Clark, Number 15, Broker-Row, Moorfields,
Stephen Clark, number 15, Broker-Row, Moorfields,Stephen Clark, number 15, Broker-Row, Moorfields,
Stephen Clark, number 15, Broker-Row, Moorfields,Stephen Clark, number 15, Broker-Row, Moorfields,
Stephen Clark, number 15, Broker-Row, Moorfields,Stephen Clark, number 15, Broker-Row, Moorfields,
Stephen Clark, number 15, Broker-Row, Moorfields,Stephen Clark, number 15, Broker-Row, Moorfields,
Stephen Couchman,Stephen Couchman,
Stephen Couchman,Stephen Couchman,
Stephen Couchman,Stephen Couchman,
Stephen Couchman,Stephen Couchman,
Stephen Couchman,Stephen Couchman,
Stephen Couchman ; sold by Dan. Taylor, Union-Street, Bishopsgate-Street,Stephen Couchman ; Dan. Taylor, Union-Street, Bishopsgate-Street,
Stephen Couchman ; sold by J. Johnson, St. Paul's Church-Yard,Stephen Couchman ; J. Johnson, St. Paul's Church-Yard,
Stephen Couchman ; Vernor & Hood, Birchin-Lane, Cornhill,Stephen Couchman ; Vernor ; Hood, Birchin-Lane, Cornhill,
Stephen Couchman ; W. Curtis, No 3, St. George's-Crescent, Black-Friars-Road ; sold,Stephen Couchman ; W. Curtis, No 3, St. George's-Crescent, Black-Friars-Road,
Stephen Couchman ; William Richardson, Cornhill,Stephen Couchman ; William Richardson, Cornhill,
Stephen Couchman, No. 10, Throgmorton-Street,Stephen Couchman, No. 10, Throgmorton-Street,
Stephen Couchman, No. 10, Throgmorton-Street,Stephen Couchman, No. 10, Throgmorton-Street,
Stephen Couchman, No. 10, Throgmorton-street,Stephen Couchman, No. 10, Throgmorton-street,
Stephen Couchman, Throgmorton-Street,Stephen Couchman, Throgmorton-Street,
Stephen Couchman, Throgmorton-Street, London,Stephen Couchman, Throgmorton-Street, London,
Stephen Fuller, Esq. agent for Jamaica ; order of the House,Stephen Fuller, Esq. agent for Jamaica ; order of House,
Sternes Head, Ludgate-Hill ; T. Wailis,Sternes Head, Ludgate-Hill ; T. Wailis,
Stevenson & Matchett,Stevenson ; Matchett,
Stevenson & Matchett,Stevenson ; Matchett,
Stevenson & Matchett,Stevenson ; Matchett,
Stevenson & Matchett,Stevenson ; Matchett,
Stevenson & Matchett,Stevenson ; Matchett,
Stevenson & Matchett,Stevenson ; Matchett,
Stevenson & Matchett, Norwich,Stevenson ; Matchett, Norwich,
Stevenson & Matchett, Norwich ; sold ; sold by J. White,Stevenson ; Matchett, Norwich ; J. White,
Stockdale,Stockdale,
Stockdale, Piccadilly,Stockdale, Piccadilly,
Stonecutter-street, Fleet-Market ; sold by C. Sympson,Stonecutter-street, Fleet-Market ; C. Sympson,
Stony Stratford ; sold ; sold by J. Seeley,Stony Stratford ; J. Seeley,
Strahan & Preston,Strahan ; Preston,
Strand ; sold at no. 6, Little Chatharine-str,at no. 6, Little Chatharine-str,
Strand ; sold by Elmsly & Bremner,Elmsly ; Bremner,
Strand ; sold by H. Trapp, No. 1. Pater-Noster-Row ; sold by J. Mathews, No. 18,H. Trapp, No. 1. Pater-Noster-Row ; J. Mathews, No. 18,
Strand ; sold by Mr. Mathews,Mr. Mathews,
Strand ; sold by P. Elmsly,P. Elmsly,
Strand ; sold by T. Adams,T. Adams,
Strand ; sold by T. Cadell,T. Cadell,
Strand ; sold price 10s.6d. at Birchall's Music Shop in Bond Street & at Wright's in Catherine Street,price 10s.6d. at Birchall's Music Shop Bond Street ; at Wright's Catherine Street,
Strand ; T. Bensley ; T. Cadell Junr. & W. Davies,T. Bensley ; T. Cadell Junr. ; W. Davies,
Strand ; T. Bensley ; T. Cadell Junr. & W. Davies,T. Bensley ; T. Cadell Junr. ; W. Davies,
Strand ; T. Cadel,T. Cadel,
Strand ; T. Cadel ; W. Davies,T. Cadel ; W. Davies,
Strand ; T. Cadell ; T. Cadell, Jun & W. Davies ; rinted for J. Debrett, Piccadilly,T. Cadell ; T. Cadell, Jr. ; W. Davies ; rinted for J. Debrett, Piccadilly,
Strand ; T. Cadell ; T. Rickaby,T. Cadell ; T. Rickaby,
Strand ; T. Cadell ; T. Rickaby,T. Cadell ; T. Rickaby,
Strand ; T. Cadell ; T. Rickaby,T. Cadell ; T. Rickaby,
Strand ; T. Cadell ; T. Wright,T. Cadell ; T. Wright,
Strand ; T. Cadell ; W & W. Ginger, College-Street, Westminster,T. Cadell ; W ; W. Ginger, College-Street, Westminster,
Strand ; T. Cadell ; W. Creech, Edinburgh,T. Cadell ; W. Creech,
Strand ; T. Cadell ; W. H. Lunn, Cambridge,T. Cadell ; W. H. Lunn, Cambridge,
Strand ; T. Cadell ; W. Strahan,T. Cadell ; W. Strahan,
Strand ; T. Gillet ; sold by N. Scarlett,T. Gillet ; N. Scarlett,
Strand ; T. Thornton, Southampton-Street,T. Thornton, Southampton-Street,
Strand ; W. Harrison,W. Harrison,
Strand & Fleet Street, London ; sold,; Fleet Street, London,
Strand, London ; T. Baker, Southampton ; T. Cadell, jun & W. Davies,Strand, London ; T. Baker, Southampton ; T. Cadell, Jr. ; W. Davies,
Stratford ; sold by W & J,Stratford ; W ; J,
Stratford-Green, Essex ; sold,Stratford-Green, Essex,
Strawberry Hill,Strawberry Hill,
Strawberry Hill press,Strawberry Hill press,
Strawberry Hill Press ; Thomas Kirgate,Strawberry Hill Press ; Thomas Kirgate,
Strawberry-Hill,Strawberry-Hill,
Strawberry-Hill,Strawberry-Hill,
Strawberry-Hill,Strawberry-Hill,
Strawberry-Hill,Strawberry-Hill,
Strawberry-Hill,Strawberry-Hill,
Strawberry-Hill ; Thomas Kirgate,Strawberry-Hill ; Thomas Kirgate,
Strawberry-Hill ; Thomas Kirgate ; collector, Daniel Lysons,Strawberry-Hill ; Thomas Kirgate ; collector, Daniel Lysons,
Stuart,Stuart,
subscription in the year,subscription year,
Subscription Repository & Operative Farriery Edgeware Road London & sold by J. Wheble. Warwick Square,Subscription Repository ; Operative Farriery Edgeware Road London ; J. Wheble. Warwick Square,
Subscriptions received by R. Foulder, Bond-Street ; T & J. Egerton, Military Library ; W. Richardson, Cornhill ; Whitehall,Subscriptions received R. Foulder, Bond-Street ; T ; J. Egerton, Military Library ; W. Richardson, Cornhill ; Whitehall,
Suffolk ; sold ; sold by J. Rackham,Suffolk ; J. Rackham,
Suffolk ; sold ; sold by J. Rackham,Suffolk ; J. Rackham,
sumptibus E. Ballard, J. F. & C. Rivington, T. Longman, G. Ginger, & T. Pote,sumptibus E. Ballard, J. F. ; C. Rivington, T. Longman, G. Ginger, ; T. Pote,
sumptibus G & G. Ginger, Juxta Scholam Regiam Westmonasteriensem,sumptibus G ; G. Ginger, Juxta Scholam Regiam Westmonasteriensem,
sumptibus G. & G. Ginger, juxta scholam regiam Westmonasteriensem,sumptibus G. ; G. Ginger, juxta scholam regiam Westmonasteriensem,
sumptibus G. & G. Ginger, juxta scholam regiam Westmonasteriensem,sumptibus G. ; G. Ginger, juxta scholam regiam Westmonasteriensem,
sumptibus Gulielmi Ginger,sumptibus Gulielmi Ginger,
Sumptibus Soc. Antiquar,Sumptibus Soc. Antiquar,
sumptibus W & W. Ginger,sumptibus W ; W. Ginger,
sumptibus W. & W. Ginger, F. & C. Rivington, T. N. Longman, & M. Pote,sumptibus W. ; W. Ginger, F. ; C. Rivington, T. N. Longman, ; M. Pote,
sumptibus W. Ginger,sumptibus W. Ginger,
Sumptibus. Soc. Antiquar. Londini, publish'd according to Act of Parliament, 23d. April,Sumptibus. Soc. Antiquar. Londini, publish'd according to Act of Parliament, 23d. April,
Sutton,Sutton,
Sutton,Sutton,
Sutton,Sutton,
Sutton's Office, Bridlesmith Gate,Sutton's Office, Bridlesmith Gate,
Sutton's office, Bridlesmith-Gate,Sutton's office, Bridlesmith-Gate,
Swalwell ; sold by M. Brown,Swalwell ; M. Brown,
Swarbreck,Swarbreck,
Swindells,Swindells,
Swinney & Collins,Swinney ; Collins,
Swinney & Hawking, No. 75, High-Street, Birmingham ; Walker & Beck, No. 46,Fith-Street Hill, London ; sold wholesale,Swinney ; Hawking, No. 75, High-Street, Birmingham ; Walker ; Beck, No. 46,Fith-Street Hill, London ; wholesale,
Swinney & Hawkins,Swinney ; Hawkins,
Swinney & Hawkins,Swinney ; Hawkins,
Swinney & Hawkins,Swinney ; Hawkins,
Swinney & Hawkins,Swinney ; Hawkins,
Swinney & Hawkins,Swinney ; Hawkins,
Swinney & Hawkins,Swinney ; Hawkins,
Swinney & Hawkins ; T. Hurst, Paternoster-Row, London ; sold by G.G. & J. Robinson,Swinney ; Hawkins ; T. Hurst, Paternoster-Row, London ; G.G. ; J. Robinson,
Swinney & Walker ; sold,Swinney ; Walker,
Swinney & Walker ; sold by F. Milwardm, Walsall,Swinney ; Walker ; F. Milwardm, Walsall,
Symonds,Symonds,
Symonds, NO. 20, Paternoster-Row,Symonds, NO. 20, Paternoster-Row,
Symonds, Parsons ; news-carriers in England, Wales, Scotland ; sold ; sold by Alex. Hogg,Symonds, Parsons ; news-carriers England, Wales, Scotland ; Alex. Hogg,
Symonds, Pater-noster Row ; sold by R. Butters, no. 79, Fleet-street,Symonds, Pater-noster Row ; R. Butters, no. 79, Fleet-street,
T & J. Egerton,T ; J. Egerton,
T & J. Egerton,T ; J. Egerton,
T & J. Egerton,T ; J. Egerton,
T & J. Egerton,T ; J. Egerton,
T & J. Egerton,T ; J. Egerton,
