T & J. Egerton,T ; J. Egerton,
T & J. Egerton ; T. Spilsbury,T ; J. Egerton ; T. Spilsbury,
T & J. Egerton ; W. Woodfall ; press,T ; J. Egerton ; W. Woodfall ; press,
T & J. Egerton ; W. Woodfall ; press,T ; J. Egerton ; W. Woodfall ; press,
T & J. Egerton ; Whitehall ; military library,T ; J. Egerton ; Whitehall ; military library,
T & J. Egerton, Military Library ; Whitehall,T ; J. Egerton, Military Library ; Whitehall,
T & J. Egerton, Military Library ; Whitehall,T ; J. Egerton, Military Library ; Whitehall,
T & J. Egerton, Military Library ; Whitehall,T ; J. Egerton, Military Library ; Whitehall,
T & J. Egerton, Whitehall,T ; J. Egerton, Whitehall,
T & J. Egerton, Whitehall,T ; J. Egerton, Whitehall,
T & J. Egerton, Whitehall,T ; J. Egerton, Whitehall,
T & J. Egerton, Whitehall,T ; J. Egerton, Whitehall,
T & J. Egerton, Whitehall,T ; J. Egerton, Whitehall,
T & J. Egerton, Whitehall,T ; J. Egerton, Whitehall,
T & J. Egerton, Whitehall,T ; J. Egerton, Whitehall,
T & J. Egerton, Whitehall,T ; J. Egerton, Whitehall,
T & J. Egerton, Whitehall,T ; J. Egerton, Whitehall,
T & J. Egerton, Whitehall,T ; J. Egerton, Whitehall,
T & J. Egerton, Whitehall,T ; J. Egerton, Whitehall,
T & J. Egerton, Whitehall,T ; J. Egerton, Whitehall,
T & J. Egerton, whitehall,T ; J. Egerton, whitehall,
T & J. Egerton, Whitehall ; sold by P. Broster, Chester,T ; J. Egerton, Whitehall ; P. Broster, Chester,
T & J. Egerton, Whitehall ; T. Spilsbury,T ; J. Egerton, Whitehall ; T. Spilsbury,
T & J. Evans, Paternoster-Row,T ; J. Evans, Paternoster-Row,
T Gillet,T Gillet,
T. & I. Egerton,T. ; I. Egerton,
T. & I. Egerton,T. ; I. Egerton,
T. & J. Egerton, Military Library ; Whitehall ; whom may be had all Military Publications,T. ; J. Egerton, Military Library ; Whitehall ; whom may be had all Military Publications,
T. & J. Swords,T. ; J. Swords,
T. & R. Davidson, Sise Lane, London ; T. Baker, Southampton. W. March, Ludgate Street,T. ; R. Davidson, Sise Lane, London ; T. Baker, Southampton. W. March, Ludgate Street,
T. & T. Payne,T. ; T. Payne,
T. A. Pearson,T. A. Pearson,
T. A. Pearson,T. A. Pearson,
T. A. Pearson,T. A. Pearson,
T. A. Pearson,T. A. Pearson,
T. A. Pearson,T. A. Pearson,
T. A. Pearson, Birmingham,T. A. Pearson, Birmingham,
T. A. Pearson's printing office,T. A. Pearson's printing office,
T. A. Pearson's printing office,T. A. Pearson's printing office,
T. A. Pearson's Printing Office, High Street ; sold by L. B. Seeley, Ave-Maria Lane, London,T. A. Pearson's Printing Office, High Street ; L. B. Seeley, Ave-Maria Lane, London,
T. Adams, Shaston ; sold by Edward Easton. --Sold,T. Adams, Shaston ; Edward Easton. --Sold,
T. Adams, Shaston & W. Sollers, Blandford ; sold ; sold by J. Easton,T. Adams, Shaston ; W. Sollers, Blandford ; J. Easton,
T. Allen,T. Allen,
T. Allen,T. Allen,
T. Allen,T. Allen,
T. Allen,T. Allen,
T. Allen, 26, Bank-Top,T. Allen, 26, Bank-Top,
T. Allen, No. 26, Bank-Top,T. Allen, No. 26, Bank-Top,
T. Allen, No. 26, Bank-Top,T. Allen, No. 26, Bank-Top,
T. Ansell, Richmond, Surrey ; sold by H. D. Symonds, Paternoster-Row,T. Ansell, Richmond, Surrey ; H. D. Symonds, Paternoster-Row,
T. Axtell,T. Axtell,
T. Axtell,T. Axtell,
T. Axtell, Cornhill,T. Axtell, Cornhill,
T. Axtell, Cornhill,T. Axtell, Cornhill,
T. Axtell, Cornhill ; sold,T. Axtell, Cornhill,
T. B ; rice,T. B ; rice,
T. B. Walford,T. B. Walford,
T. Badham, Church-Sweet, Deptford,T. Badham, Church-Sweet, Deptford,
T. Baker,T. Baker,
T. Baker,T. Baker,
T. Baker,T. Baker,
T. Baker,T. Baker,
T. Baker,T. Baker,
T. Baker ; year MDCCXCV,T. Baker ; year MDCCXCV,
T. Baker. For W. Dawson, Paternoster-Row, London,T. Baker. For W. Dawson, Paternoster-Row, London,
T. Barker ; T. Burton,T. Barker ; T. Burton,
T. Barker, Russel-Street, Covent Garden ; T. Burton, Gate-Street, Lincoln's-Inn Fields,T. Barker, Russel-Street, Covent Garden ; T. Burton, Gate-Street, Lincoln's-Inn Fields,
T. Barker, Russel-Street, Covent-Garden ; T. Burton, Gate-Street, Lincoln's-Inn Fields,T. Barker, Russel-Street, Covent-Garden ; T. Burton, Gate-Street, Lincoln's-Inn Fields,
T. Barnes,T. Barnes,
T. Barnes, No. 9, Piccadilly, near the Hay-Market,T. Barnes, No. 9, Piccadilly, near Hay-Market,
T. Barnes, No. 9, Piccadilly, near the Hay-Market,T. Barnes, No. 9, Piccadilly, near Hay-Market,
T. Barnes, No. 9, Piccadilly, near the Hay-Market,T. Barnes, No. 9, Piccadilly, near Hay-Market,
T. Bayles, Greville Street, Holborn,T. Bayles, Greville Street, Holborn,
T. Baylis,T. Baylis,
T. Baylis ; vornehmsten Stí_dte in Europa ; zu finden by den h. Buchhí_ndlern in London,T. Baylis ; vornehmsten Stí_dte Europa ; zu finden den h. Buchhí_ndlern London,
T. Baylis, Greville-Street, Holborn ; l'auteur,T. Baylis, Greville-Street, Holborn ; l'auteur,
T. Baylis, No. 15, Greville-Street, Holborn,T. Baylis, No. 15, Greville-Street, Holborn,
T. Baylis, NO. 15, Greville-Street, Holborn,T. Baylis, NO. 15, Greville-Street, Holborn,
T. Becket,T. Becket,
T. Becket,T. Becket,
T. Becket,T. Becket,
T. Becket,T. Becket,
T. Becket,T. Becket,
T. Becket,T. Becket,
T. Becket,T. Becket,
T. Becket,T. Becket,
T. Becket,T. Becket,
T. Becket,T. Becket,
T. Becket,T. Becket,
T. Becket,T. Becket,
T. Becket,T. Becket,
T. Becket,T. Becket,
T. Becket,T. Becket,
T. Becket,T. Becket,
T. Becket,T. Becket,
T. Becket,T. Becket,
T. Becket,T. Becket,
T. Becket,T. Becket,
T. Becket ; order of the Society,T. Becket ; order of Society,
T. Becket ; T. Mills, Bristol,T. Becket ; T. Mills, Bristol,
T. Becket ; T. Spilsbury ; sold by J. Evans,T. Becket ; T. Spilsbury ; J. Evans,
T. Becket ; W. Bulmer,T. Becket ; W. Bulmer,
T. Becket ; W. Bulmer,T. Becket ; W. Bulmer,
T. Becket, 81, Pall-Mall,T. Becket, 81, Pall-Mall,
T. Becket, Adelphi Strand,T. Becket, Adelphi,
T. Becket, Adelphi, Strand,T. Becket, Adelphi,,
T. Becket, No. 186, Pall-Mall,T. Becket, No. 186, Pall-Mall,
T. Becket, no. 81 Pall Mall,T. Becket, no. 81 Pall Mall,
T. Becket, No. 81, Pall Mall,T. Becket, No. 81, Pall Mall,
T. Becket, No. 81, Pall Mall,T. Becket, No. 81, Pall Mall,
T. Becket, No. 81, Pall Mall,T. Becket, No. 81, Pall Mall,
T. Becket, No. 81, Pall Mall,T. Becket, No. 81, Pall Mall,
T. Becket, No. 81, Pall Mall,T. Becket, No. 81, Pall Mall,
T. Becket, No. 81, Pall Mall,T. Becket, No. 81, Pall Mall,
T. Becket, Pall Mall,T. Becket, Pall Mall,
T. Becket, Pall Mall,T. Becket, Pall Mall,
T. Becket, Pall Mall,T. Becket, Pall Mall,
T. Becket, Pall Mall,T. Becket, Pall Mall,
T. Becket, Pall Mall,T. Becket, Pall Mall,
T. Becket, Pall Mall,T. Becket, Pall Mall,
T. Becket, Pall Mall,T. Becket, Pall Mall,
T. Becket, Pall Mall,T. Becket, Pall Mall,
T. Becket, Pall Mall,T. Becket, Pall Mall,
T. Becket, Pall Mall,T. Becket, Pall Mall,
T. Becket, Pall Mall,T. Becket, Pall Mall,
T. Becket, Pall Mall,T. Becket, Pall Mall,
T. Becket, Pall Mall ; T. Spilsbury ; sold by J. Evans, Paternoster Row,T. Becket, Pall Mall ; T. Spilsbury ; J. Evans, Paternoster Row,
T. Becket, Pall-Mall,T. Becket, Pall-Mall,
T. Becket, Pall-Mall,T. Becket, Pall-Mall,
T. Becket, Pall-Mall,T. Becket, Pall-Mall,
T. Becket, Pall-Mall,T. Becket, Pall-Mall,
T. Becket, Pall-Mall,T. Becket, Pall-Mall,
T. Becket, Pall-Mall,T. Becket, Pall-Mall,
T. Becket, Pall-Mall,T. Becket, Pall-Mall,
T. Becket, Pall-Mall,T. Becket, Pall-Mall,
T. Becket, Pall-Mall,T. Becket, Pall-Mall,
T. Becket, Pall-Mall,T. Becket, Pall-Mall,
T. Becket, Pall-Mall,T. Becket, Pall-Mall,
T. Becket, Pall-Mall,T. Becket, Pall-Mall,
T. Becket, Pall-Mall ; T. Mills, Bristol,T. Becket, Pall-Mall ; T. Mills, Bristol,
T. Becket, Pall-Mall ; their Royal Highnesses the Princes,T. Becket, Pall-Mall ; their Royal Highnesses Princes,
T. Becket, Pallmall,T. Becket, Pallmall,
T. Becket, Pallmall,T. Becket, Pallmall,
T. Becket. Adelphi Strand,T. Becket. Adelphi,
T. Becket. Adelphi Strand,T. Becket. Adelphi,
T. Beckett, Pall-Mall,T. Beckett, Pall-Mall,
T. Beckett, Pall-Mall,T. Beckett, Pall-Mall,
T. Beckett, Pall-Mall,T. Beckett, Pall-Mall,
T. Beckett, Pall-Mall,T. Beckett, Pall-Mall,
T. Bell,T. Bell,
T. Bennett,T. Bennett,
T. Bensley,T. Bensley,
T. Bensley,T. Bensley,
T. Bensley,T. Bensley,
T. Bensley,T. Bensley,
T. Bensley,T. Bensley,
T. Bensley,T. Bensley,
T. Bensley,T. Bensley,
T. Bensley,T. Bensley,
T. Bensley,T. Bensley,
T. Bensley,T. Bensley,
T. Bensley,T. Bensley,
T. Bensley,T. Bensley,
T. Bensley,T. Bensley,
T. Bensley,T. Bensley,
T. Bensley,T. Bensley,
T. Bensley,T. Bensley,
T. Bensley,T. Bensley,
T. Bensley,T. Bensley,
T. Bensley,T. Bensley,
T. Bensley,T. Bensley,
T. Bensley,T. Bensley,
T. Bensley,T. Bensley,
T. Bensley ; letter press,T. Bensley ; letter press,
T. Bensley ; sold,T. Bensley,
T. Bensley ; sold by G Nicol,T. Bensley ; G Nicol,
T. Bensley ; sold by Lawrence & Winchester,T. Bensley ; Lawrence ; Winchester,
T. Bensley ; sold by P. Elmsly,T. Bensley ; P. Elmsly,
T. Bensley ; sold by P. Elmsly,T. Bensley ; P. Elmsly,
T. Bensley ; T. Egerton, Whitehall,T. Bensley ; T. Egerton, Whitehall,
T. Bensley ; Vernor & Hood, Birchin-Lane,T. Bensley ; Vernor ; Hood, Birchin-Lane,
T. Bensley ; Vernor & Hood, Birchin-Lane,T. Bensley ; Vernor ; Hood, Birchin-Lane,
T. Bensley ; William Laing, Edinburgh ; sold by Thomas Egerton, Whitehall,T. Bensley ; William Laing, ; Thomas Egerton, Whitehall,
T. Bensley ; William Laing, Edinburgh ; sold by Thomas Egerton, Whitehall,T. Bensley ; William Laing, ; Thomas Egerton, Whitehall,
T. Bensley & sold at the exchange,T. Bensley ; at exchange,
T. Bensley, Bolt Court, Fleet Street,T. Bensley, Bolt Court, Fleet Street,
T. Bensley, Bolt Court, Fleet Street,T. Bensley, Bolt Court, Fleet Street,
T. Bensley, Bolt Court, Fleet Street,T. Bensley, Bolt Court, Fleet Street,
T. Bensley, Bolt Court, Fleet Street,T. Bensley, Bolt Court, Fleet Street,
T. Bensley, Bolt Court, Fleet Street,T. Bensley, Bolt Court, Fleet Street,
T. Bensley, Bolt Court, Fleet Street, London,T. Bensley, Bolt Court, Fleet Street, London,
T. Bensley, London,T. Bensley, London,
T. Bensley. Anno,T. Bensley. Anno,
T. Bensley. For Vernor & Hood, Birchin-Lane,T. Bensley. For Vernor ; Hood, Birchin-Lane,
T. Bensley. Sold by G.G & J. Robinsons ; T. Cox,T. Bensley. Sold G.G ; J. Robinsons ; T. Cox,
T. Bensley. The types by V. Figgins ; W. Tomkins. The letter press,T. Bensley. The types V. Figgins ; W. Tomkins. The letter press,
T. Billinge,T. Billinge,
T. Billinge, Liverpool ; sold by I. P. Coghlan, London,T. Billinge, Liverpool ; I. P. Coghlan, London,
T. Bloom ; W. Davis, Ely ; sold,T. Bloom ; W. Davis, Ely,
T. Boosey,T. Boosey,
T. Boosey,T. Boosey,
T. Boosey,T. Boosey,
T. Boosey,T. Boosey,
T. Boosey ; l'imprimerie de T. Spilsbury & Fils. Se vend chez J. de Boffe,T. Boosey ; l'imprimerie de T. Spilsbury ; Fils. Se vend chez J. de Boffe,
T. Boosey ; sold,T. Boosey,
T. Boosey ; sold by G. Sael,T. Boosey ; G. Sael,
T. Boosey ; T. Egerton, W. Miller, J. Bell ; sold by Martin & Bain, sold,T. Boosey ; T. Egerton, W. Miller, J. Bell ; Martin ; Bain,,
T. Boosey ; T. Vernor & Hood ; sold by L. Bennet, Rotterdam,T. Boosey ; T. Vernor ; Hood ; L. Bennet, Rotterdam,
T. Boosey ; Vernor & Hood,T. Boosey ; Vernor ; Hood,
T. Boosey, Darton & Harvey, & P. Delau,T. Boosey, Darton ; Harvey, ; P. Delau,
T. Boosey, J. de Boffe ; trouve chez J. Stockdale,T. Boosey, J. de Boffe ; trouve chez J. Stockdale,
T. Boosey, No. 4, Broad Street, Royal Exchange,T. Boosey, No. 4, Broad Street, Royal Exchange,
T. Boosey, No. 4, Broadstreet, Royal Exchange,T. Boosey, No. 4, Broadstreet, Royal Exchange,
T. Boosey, No. 4, Old Broad-Street ; W. Gilbert, Dublin ; W. Mudie Edinburgh,T. Boosey, No. 4, Old Broad-Street ; W. Gilbert, Dublin ; W. Mudie,
T. Boosey, No. 4, Old Broad-Street, near the Royal Exchange,T. Boosey, No. 4, Old Broad-Street, near Royal Exchange,
T. Boosey, No. 4, old Broad-Street, Near the Royal Exchange,T. Boosey, No. 4, old Broad-Street, Near Royal Exchange,
T. Boosey, No. 4, Old Broad-street, near the Royal-Exchange,T. Boosey, No. 4, Old Broad-street, near Royal-Exchange,
T. Boosey, No. 4, Old Broad-street, near the Royal-Exchange,T. Boosey, No. 4, Old Broad-street, near Royal-Exchange,
T. Boosey, No. 4, Old Broad-Street, near the Royal-Exchange ; sold,T. Boosey, No. 4, Old Broad-Street, near Royal-Exchange,
T. Boosey, No. 4, old Broad-Street, near the Royal-Exchange ; West-Minster & throughout the Kingdom,T. Boosey, No. 4, old Broad-Street, near Royal-Exchange ; West-Minster ; throughout Kingdom,
T. Boosey, no. 4, Old Broad-street, Royal Exchange,T. Boosey, no. 4, Old Broad-street, Royal Exchange,
T. Boosey, Old Broad Street ; Vernor & Hood, Birchin-Lane,T. Boosey, Old Broad Street ; Vernor ; Hood, Birchin-Lane,
T. Boosey, Old Broad Street, Near The Royal Exchange,T. Boosey, Old Broad Street, Near The Royal Exchange,
T. Boosey, Old Broad-Street, near the Royal Exchange ; T. Vernor & Hood, Birchin-Lane ; sold by C. Hake, Rotterdam,T. Boosey, Old Broad-Street, near Royal Exchange ; T. Vernor ; Hood, Birchin-Lane ; C. Hake, Rotterdam,
T. Boosey, Old Broad-Street, Royal Exchange,T. Boosey, Old Broad-Street, Royal Exchange,
T. Brice,T. Brice,
T. Brice,T. Brice,
T. Brice,T. Brice,
T. Brice,T. Brice,
T. Brice,T. Brice,
T. Brice,T. Brice,
T. Brice,T. Brice,
T. Brice,T. Brice,
T. Brice,T. Brice,
T. Brice,T. Brice,
T. Brice ; sold by J. Johnson, No. 72, St. Paul's Church-Yard, London,T. Brice ; J. Johnson, No. 72, St. Paul's Church-Yard, London,
T. Brice ; sold by J. Johnson, ST. Paul's Church-Yard, London,T. Brice ; J. Johnson, ST. Paul's Church-Yard, London,
T. Brice, Letter-Press & Copper-Plate,T. Brice, Letter-Press ; Copper-Plate,
T. Briggs,T. Briggs,
T. Briggs,T. Briggs,
T. Briggs, Leadenhall-Square,T. Briggs, Leadenhall-Square,
T. Briggs, Leadenhall-Square,T. Briggs, Leadenhall-Square,
T. Browne,T. Browne,
T. Browne ; house ; sold by J. Ferraby,T. Browne ; house ; J. Ferraby,
T. Browne ; sold by H. D. Symonds,T. Browne ; H. D. Symonds,
T. Browne, Russel-Court, Drury-Lane,T. Browne, Russel-Court, Drury-Lane,
T. Browne, Russel-Court, Drury-Lane,T. Browne, Russel-Court, Drury-Lane,
T. Browne, Russell-Court, Drury-Lane ; sold by H.D. Symonds, Pater-Noster-Row,T. Browne, Russell-Court, Drury-Lane ; H.D. Symonds, Pater-Noster-Row,
T. Budgen,T. Budgen,
T. Burton,T. Burton,
T. Burton,T. Burton,
T. Burton,T. Burton,
T. Burton,T. Burton,
T. Burton, Gate-Street, Lincoln's Inn Fields,T. Burton, Gate-Street, Lincoln's Inn Fields,
T. Burton, Gate-Street, Lincoln's-Inn Fields,T. Burton, Gate-Street, Lincoln's-Inn Fields,
T. Burton, Gate-Street, Lincoln's-Inn Fields,T. Burton, Gate-Street, Lincoln's-Inn Fields,
T. Burton, Gate-Street, Lincoln's-Inn Fields,T. Burton, Gate-Street, Lincoln's-Inn Fields,
T. Burton, Gate-Street, Lincoln's-Inn Fields,T. Burton, Gate-Street, Lincoln's-Inn Fields,
T. Burton, Gate-Street. Lincoln's-Inn Fields. For John Planner, auctioneer, No 6, Bangor-Court, Shoe-Lane, or at Garraway's Coffee-House, 'change-Alley, Cornhill,T. Burton, Gate-Street. Lincoln's-Inn Fields. For John Planner, auctioneer, No 6, Bangor-Court, Shoe-Lane, or at Garraway's Coffee-House, 'change-Alley, Cornhill,
T. Burton, No. 11, Gate-Street, Lincoln's-Inn Fields. Sold by E. Booker, No. 56, New Bond-Street,T. Burton, No. 11, Gate-Street, Lincoln's-Inn Fields. Sold E. Booker, No. 56, New Bond-Street,
T. Burton, No. 28, Little Queen-street, Holborn ; order of the Society,T. Burton, No. 28, Little Queen-street, Holborn ; order of Society,
T. Burton, No. 28. Little Queen-Street, Lincoln's-Inn-Fields,T. Burton, No. 28. Little Queen-Street, Lincoln's-Inn-Fields,
T. Burton, No. 31, Little Queen-Street, Lincoln's-Inn Fields,T. Burton, No. 31, Little Queen-Street, Lincoln's-Inn Fields,
T. Burton, No. 31, Little Queen-Street, Lincoln's-Inn Fields,T. Burton, No. 31, Little Queen-Street, Lincoln's-Inn Fields,
T. C. Rickman ; sold by A. Seale, No. 34, Goodge-Street, H. D. Symonds,T. C. Rickman ; A. Seale, No. 34, Goodge-Street, H. D. Symonds,
T. Cadell, Strand ; T. Vernor, Birchin-Lane, Cornhill,T. Cadell, ; T. Vernor, Birchin-Lane, Cornhill,
T. Cadell, Strand ; Whieldon & Butterworth, Fleet-Street,T. Cadell, ; Whieldon ; Butterworth, Fleet-Street,
T. Cadell, Strand ; Whieldon & Butterworth, Fleet-Street,T. Cadell, ; Whieldon ; Butterworth, Fleet-Street,
T. Cadell, Strand, London ; T. Longman, Pater-Noster-Row ; sold by J & W. Eddowes. Sold,T. Cadell, Strand, London ; T. Longman, Pater-Noster-Row ; J ; W. Eddowes. Sold,
T. Cadell, W. & W. Ginger, T. Pote, G. G. J. & J. Robinson ; T. Longman, B,T. Cadell, W. ; W. Ginger, T. Pote, G. G. J. ; J. Robinson ; T. Longman, B,
T. Cander, Bucklersbury ; T. Chapman, Fleet Street ; T. Knott, Lombard Street, London ; sold by J. Burkitt. Sold,T. Cander, Bucklersbury ; T. Chapman, Fleet Street ; T. Knott, Lombard Street, London ; J. Burkitt. Sold,
T. Chapman,T. Chapman,
T. Chapman,T. Chapman,
T. Chapman,T. Chapman,
T. Chapman,T. Chapman,
T. Chapman,T. Chapman,
T. Chapman,T. Chapman,
T. Chapman,T. Chapman,
T. Chapman,T. Chapman,
T. Chapman,T. Chapman,
T. Chapman,T. Chapman,
T. Chapman,T. Chapman,
T. Chapman,T. Chapman,
T. Chapman,T. Chapman,
T. Chapman,T. Chapman,
T. Chapman,T. Chapman,
T. Chapman,T. Chapman,
T. Chapman,T. Chapman,
T. Chapman,T. Chapman,
T. Chapman ; sold by Chapman,T. Chapman ; Chapman,
T. Chapman ; T. Egerton,T. Chapman ; T. Egerton,
T. Chapman ; T. Egerton ; T. Mason ; W. Richardson,T. Chapman ; T. Egerton ; T. Mason ; W. Richardson,
T. Chapman ; T. Gillet,T. Chapman ; T. Gillet,
T. Chapman ; V. Griffiths,T. Chapman ; V. Griffiths,
T. Chapman No. 151, Fleet-Street,T. Chapman No. 151, Fleet-Street,
T. Chapman, 151, Fleet Street,T. Chapman, 151, Fleet Street,
T. Chapman, 151, Fleet-Street ; T. Gillet, Salisbury-Square,T. Chapman, 151, Fleet-Street ; T. Gillet, Salisbury-Square,
T. Chapman, Bull-street,T. Chapman, Bull-street,
T. Chapman, Fleet Street,T. Chapman, Fleet Street,
T. Chapman, Fleet Street,T. Chapman, Fleet Street,
T. Chapman, Fleet-Street,T. Chapman, Fleet-Street,
T. Chapman, Fleet-Street,T. Chapman, Fleet-Street,
T. Chapman, Fleet-Street,T. Chapman, Fleet-Street,
T. Chapman, Fleet-Street,T. Chapman, Fleet-Street,
T. Chapman, Fleet-Street,T. Chapman, Fleet-Street,
T. Chapman, Fleet-Street,T. Chapman, Fleet-Street,
T. Chapman, Fleet-Street ; W. Button, Paternoster-Row ; sold by T. Conder, Bucklersbury,T. Chapman, Fleet-Street ; W. Button, Paternoster-Row ; T. Conder, Bucklersbury,
T. Chapman, Fleet-Street, London ; sold ; sold by T. Baker,T. Chapman, Fleet-Street, London ; T. Baker,
T. Chapman, Nevil's Court, Fetter-Lane,T. Chapman, Nevil's Court, Fetter-Lane,
T. Chapman, No. 151 Fleet street,T. Chapman, No. 151 Fleet street,
T. Chapman, No. 151, Fleet Street,T. Chapman, No. 151, Fleet Street,
T. Chapman, No. 151, Fleet Street,T. Chapman, No. 151, Fleet Street,
T. Chapman, No. 151, Fleet Street,T. Chapman, No. 151, Fleet Street,
T. Chapman, No. 151, Fleet Street,T. Chapman, No. 151, Fleet Street,
T. Chapman, No. 151, Fleet Street,T. Chapman, No. 151, Fleet Street,
T. Chapman, No. 151, Fleet Street ; order of the directors,T. Chapman, No. 151, Fleet Street ; order of directors,
T. Chapman, No. 151, Fleet-Street,T. Chapman, No. 151, Fleet-Street,
T. Chapman, NO. 151, Fleet-Street,T. Chapman, NO. 151, Fleet-Street,
T. Chapman, No. 151, Fleet-Street,T. Chapman, No. 151, Fleet-Street,
T. Chapman, No. 151, Fleet-Street,T. Chapman, No. 151, Fleet-Street,
T. Chapman, No. 151, Fleet-Street,T. Chapman, No. 151, Fleet-Street,
T. Chapman, No. 151, Fleet-Street,T. Chapman, No. 151, Fleet-Street,
T. Chapman, No. 151, Fleet-Street,T. Chapman, No. 151, Fleet-Street,
T. Chapman, No. 151, Fleet-Street,T. Chapman, No. 151, Fleet-Street,
T. Chapman, No. 151, Fleet-Street,T. Chapman, No. 151, Fleet-Street,
T. Chapman, No. 151, Fleet-Street,T. Chapman, No. 151, Fleet-Street,
T. Chapman, No. 151, Fleet-Street,T. Chapman, No. 151, Fleet-Street,
T. Chapman, No. 151, Fleet-Street,T. Chapman, No. 151, Fleet-Street,
T. Chapman, No. 151, Fleet-Street,T. Chapman, No. 151, Fleet-Street,
T. Chapman, No. 151, Fleet-Street,T. Chapman, No. 151, Fleet-Street,
T. Chapman, No. 151, Fleet-Street,T. Chapman, No. 151, Fleet-Street,
T. Chapman, No. 151, Fleet-Street,T. Chapman, No. 151, Fleet-Street,
T. Chapman, No. 151, Fleet-Street,T. Chapman, No. 151, Fleet-Street,
T. Chapman, No. 151, Fleet-Street,T. Chapman, No. 151, Fleet-Street,
T. Chapman, No. 151, Fleet-Street,T. Chapman, No. 151, Fleet-Street,
T. Chapman, No. 151, Fleet-Street,T. Chapman, No. 151, Fleet-Street,
T. Chapman, No. 151, Fleet-Street,T. Chapman, No. 151, Fleet-Street,
T. Chapman, No. 151, Fleet-Street,T. Chapman, No. 151, Fleet-Street,
T. Chapman, No. 151, Fleet-Street,T. Chapman, No. 151, Fleet-Street,
T. Chapman, No. 151, Fleet-Street,T. Chapman, No. 151, Fleet-Street,
T. Chapman, No. 151, Fleet-Street,T. Chapman, No. 151, Fleet-Street,
T. Chapman, No. 151, Fleet-Street,T. Chapman, No. 151, Fleet-Street,
T. Chapman, No. 151, Fleet-Street,T. Chapman, No. 151, Fleet-Street,
T. Chapman, No. 151, Fleet-Street,T. Chapman, No. 151, Fleet-Street,
T. Chapman, No. 151, Fleet-Street,T. Chapman, No. 151, Fleet-Street,
T. Chapman, No. 151, Fleet-Street ; benefit of Mrs. Nonmus,T. Chapman, No. 151, Fleet-Street ; benefit of Mrs. Nonmus,
T. Chapman, No. 151, Fleet-Street ; T. Gillet, Salisbury-Square,T. Chapman, No. 151, Fleet-Street ; T. Gillet, Salisbury-Square,
T. Chapman, W. Richardson, T. Egerton ; T. Mason,T. Chapman, W. Richardson, T. Egerton ; T. Mason,
T. Chapman. Sold by J. S. Jordan, No. 166, Fleet-Street,T. Chapman. Sold J. S. Jordan, No. 166, Fleet-Street,
T. Chapman's Printing Office,T. Chapman's Printing Office,
T. Clout,T. Clout,
T. Conder,T. Conder,
T. Conder ; sold by E. Palmer,T. Conder ; E. Palmer,
T. Conder ; T. Knott ; W. Richardson ; benefit of seven orphans ; sold by T. Longman,T. Conder ; T. Knott ; W. Richardson ; benefit of seven orphans ; T. Longman,
T. Conder, Bucklersbury ; sold by W. Button, Paternoster-Row,T. Conder, Bucklersbury ; W. Button, Paternoster-Row,
T. Conder, Bucklersbury ; T. Knott, Lombard-Street,T. Conder, Bucklersbury ; T. Knott, Lombard-Street,
T. Conder, Bucklersbury ; T. Knott, Lombard-Street,T. Conder, Bucklersbury ; T. Knott, Lombard-Street,
T. Conder, No. 30, Bucklersbury ; sold by S. Conder, No. 98, Cheapside,T. Conder, No. 30, Bucklersbury ; S. Conder, No. 98, Cheapside,
T. Conder, No. 34, Bucklersbury ; T. Knott, No. 47, Lombard-Street ; sold by W. Button, No. 24, Paternoster-Row,T. Conder, No. 34, Bucklersbury ; T. Knott, No. 47, Lombard-Street ; W. Button, No. 24, Paternoster-Row,
T. Cornell, Bruton Street, Berkeley Square,T. Cornell, Bruton Street, Berkeley Square,
T. Cornell, Bruton-Street, Berkley-Square,T. Cornell, Bruton-Street, Berkley-Square,
T. Cox,T. Cox,
T. Cox,T. Cox,
T. Cox, St. Thomas's Street, Borough,T. Cox, St. Thomas's Street, Borough,
T. Cox, St. Thomas's-Street, Boro',T. Cox, St. Thomas's-Street, Boro',
T. Cox, St. Thomas's-Street, Borough ; sold by Dilly, Poultry,T. Cox, St. Thomas's-Street, Borough ; Dilly, Poultry,
T. Craft ; order,T. Craft ; order,
T. Craft ; order,T. Craft ; order,
T. Craig, Nantwich,T. Craig, Nantwich,
T. Crampton,T. Crampton,
T. Crampton, Barnard Castle,T. Crampton, Barnard Castle,
T. Crookes,T. Crookes,
T. Curson Hansard, Peterborough-Court, Fleet-street,T. Curson Hansard, Peterborough-Court, Fleet-street,
T. Dangerfield,T. Dangerfield,
T. Dangerfield, No. 26, Berkeley Square,T. Dangerfield, No. 26, Berkeley Square,
T. Dangerfield, No. 26, Berkley-Square,T. Dangerfield, No. 26, Berkley-Square,
T. Davies ; W. Strahan, C. Bathurst, T. Caslon, G. Keith,T. Davies ; W. Strahan, C. Bathurst, T. Caslon, G. Keith,
T. Davison ; sold by Charles Dilly,T. Davison ; Charles Dilly,
T. Davison, Lombard-Street, Fleet-Street ; sold,T. Davison, Lombard-Street, Fleet-Street,
T. Davison, White Friars,T. Davison, White Friars,
T. Dennison,T. Dennison,
T. Dicey,T. Dicey,
T. Dicey,T. Dicey,
T. Dicey,T. Dicey,
T. Dicey,T. Dicey,
T. Dicey,T. Dicey,
T. Dicey,T. Dicey,
T. Dicey,T. Dicey,
T. Dicey,T. Dicey,
T. Dicey,T. Dicey,
T. Dicey,T. Dicey,
T. Dicey,T. Dicey,
T. Dicey,T. Dicey,
T. Dicey,T. Dicey,
T. Dicey,T. Dicey,
T. Dicey,T. Dicey,
T. Dicey,T. Dicey,
T. Dicey,T. Dicey,
T. Dicey,T. Dicey,
T. Dicey,T. Dicey,
T. Dicey,T. Dicey,
T. Durham, Cockspur Street, Charing Cross ; sold by W. Nicoll, Jun. No. 51, St. Paul's Church-Yard,T. Durham, Cockspur Street, Charing Cross ; W. Nicoll, Jun. No. 51, St. Paul's Church-Yard,
T. Egerton,T. Egerton,
T. Egerton,T. Egerton,
T. Egerton,T. Egerton,
T. Egerton,T. Egerton,
T. Egerton ; sold by J. Walter,T. Egerton ; J. Walter,
T. Egerton ; War Office,T. Egerton ; War Office,
T. Egerton ; War-Office,T. Egerton ; War-Office,
T. Egerton ; Whitehall ; military library,T. Egerton ; Whitehall ; military library,
T. Egerton Library ; Whitehall,T. Egerton Library ; Whitehall,
T. Egerton, Whitehall,T. Egerton, Whitehall,
T. Egerton, Whitehall ; W. Wilson, St. Peter's-Hill, Doctors'-Commons ; sold by Messrs. Robinson, Paternoster-Row,T. Egerton, Whitehall ; W. Wilson, St. Peter's-Hill, Doctors'-Commons ; Messrs. Robinson, Paternoster-Row,
T. Etherington, Rochester,T. Etherington, Rochester,
T. Evans,T. Evans,
T. Evans,T. Evans,
T. Evans,T. Evans,
T. Evans,T. Evans,
T. Evans,T. Evans,
T. Evans ; sold by J. Evans,T. Evans ; J. Evans,
T. Evans ; sold by J. Evans, Paternoster-Row,T. Evans ; J. Evans, Paternoster-Row,
T. Evans ; sold by J. Evans, Paternoster-Row,T. Evans ; J. Evans, Paternoster-Row,
T. Evans ; sold by T. Hookham,T. Evans ; T. Hookham,
T. Evans, No. 46, Pater-Noster-Row,T. Evans, No. 46, Pater-Noster-Row,
T. Evans, No. 46, Paternoster-Row,T. Evans, No. 46, Paternoster-Row,
T. Evans, No. 46, Paternoster-Row,T. Evans, No. 46, Paternoster-Row,
T. Evans, Paternoster-Row,T. Evans, Paternoster-Row,
T. Evans, Paternoster-Row,T. Evans, Paternoster-Row,
T. Field,T. Field,
T. Field,T. Field,
T. Field ; promoting Religious Knowledge among the Poor,T. Field ; promoting Religious Knowledge among Poor,
T. Field, NO. 11, Cornhill,T. Field, NO. 11, Cornhill,
T. French, & W. Millar,T. French, ; W. Millar,
T. French, & W. Millar,T. French, ; W. Millar,
T. G. Ballard,T. G. Ballard,
T. G. Ballard ; sold by Parsons,T. G. Ballard ; Parsons,
T. Gardiner, No. 19, Princes-Street, Cavendish-Square,T. Gardiner, No. 19, Princes-Street, Cavendish-Square,
T. Gardiner, No. 19, Princes-Street, Cavendish-Square,T. Gardiner, No. 19, Princes-Street, Cavendish-Square,
T. Geoghegan,T. Geoghegan,
T. Geoghegan, Kent Street, Borough,T. Geoghegan, Kent Street, Borough,
T. Gill,T. Gill,
T. Gill,T. Gill,
T. Gillet,T. Gillet,
T. Gillet,T. Gillet,
T. Gillet ; sold by him at his house & by Mr. Parsons,T. Gillet ; him at his house ; Mr. Parsons,
T. Gillet ; sold by J. Stockdale,T. Gillet ; J. Stockdale,
T. Gillet ; sold by T. Field,T. Gillet ; T. Field,
T. Gillet ; W. Brown & T. Kay ; W. Creech, Edinburgh ; sold by C. Dilly,T. Gillet ; W. Brown ; T. Kay ; W. Creech ; C. Dilly,
T. Gillet Bartholomew-Close ; sold by T. Chapman No. 51, Fleet-Street & T. Nott, Lombard-Street,T. Gillet Bartholomew-Close ; T. Chapman No. 51, Fleet-Street ; T. Nott, Lombard-Street,
T. Gillet, Bartholomew-Close,T. Gillet, Bartholomew-Close,
T. Gillet, Bartholomew-Close ; sold by J. Johnson, St. Paul's Church-Yard,T. Gillet, Bartholomew-Close ; J. Johnson, St. Paul's Church-Yard,
T. Gillet, Bartholomew-Close ; sold by J. Owen, No. 168, Piccadilly,T. Gillet, Bartholomew-Close ; J. Owen, No. 168, Piccadilly,
T. Gillet, Crown Court, Fleet Street,T. Gillet, Crown Court, Fleet Street,
T. Gillet, Crown-court, Fleet-street ; sold by R. Good No. 65, Bishopsgate,T. Gillet, Crown-court, Fleet-street ; R. Good No. 65, Bishopsgate,
T. Gillet, No. 19, Bartholomew Close, Smithfield,T. Gillet, No. 19, Bartholomew Close, Smithfield,
T. Gillft, No. 19, Bartholomew Close ; Vestry of the Chapel ; sold by him at his House, No. 5, Winck-worth's Buildings,T. Gillft, No. 19, Bartholomew Close ; Vestry of Chapel ; him at his House, No. 5, Winck-worth's Buildings,
T. Griffiths, No. 39, near London Bridge ; sold by J. Buckland, Paternoster-Row, J. Marsom, No. 187, High-Holborn,T. Griffiths, No. 39, near London Bridge ; J. Buckland, Paternoster-Row, J. Marsom, No. 187, High-Holborn,
T. Hannam ; back of the Shambles,T. Hannam ; back of Shambles,
T. Hannam ; sold,T. Hannam,
T. Harding,T. Harding,
T. Harding,T. Harding,
T. Harding,T. Harding,
T. Harding ; licensed Printing-Office, High Street, Croydon, Surrey ; sold by James Wilmott, No. 50, Borough, London,T. Harding ; licensed Printing-Office, High Street, Croydon, Surrey ; James Wilmott, No. 50, Borough, London,
T. Harper,T. Harper,
T. Harper,T. Harper,
T. Harper,T. Harper,
T. Harper,T. Harper,
T. Harper, No. 34, Smithy-Door,T. Harper, No. 34, Smithy-Door,
T. Harper, Smithy-Door,T. Harper, Smithy-Door,
T. Harper, Smithy-Door,T. Harper, Smithy-Door,
T. Harrison,T. Harrison,
T. Harrison & S. Brooke ; Warwick-Lane,T. Harrison ; S. Brooke ; Warwick-Lane,
T. Harrison & S. Brooke ; Warwick-Lane,T. Harrison ; S. Brooke ; Warwick-Lane,
T. Harrison & S. Brooke ; Warwick-Lane,T. Harrison ; S. Brooke ; Warwick-Lane,
T. Heptinstall,T. Heptinstall,
T. Heptinstall,T. Heptinstall,
T. Heptinstall,T. Heptinstall,
T. Heptinstall,T. Heptinstall,
T. Heptinstall,T. Heptinstall,
T. Heptinstall,T. Heptinstall,
T. Heptinstall,T. Heptinstall,
T. Heptinstall ; late W. Heptinstall & sold,T. Heptinstall ; late W. Heptinstall ;,
T. Heptinstall ; late W. Heptinstall, & sold,T. Heptinstall ; late W. Heptinstall, ;,
T. Heptinstall ; pub. Jany. 14,T. Heptinstall ; pub. Jany. 14,
T. Heptinstall, Fleet Street ; sold by W. Button, Paternoster-Row,T. Heptinstall, Fleet Street ; W. Button, Paternoster-Row,
T. Heptinstall, Fleet-Street,T. Heptinstall, Fleet-Street,
T. Heptinstall, Holborn,T. Heptinstall, Holborn,
T. Heptinstall, No 131, Fleet-Street ; W. Button, Paternoster-Row ; sold,T. Heptinstall, No 131, Fleet-Street ; W. Button, Paternoster-Row,
T. Heptinstall, No. 131, Fleet Street,T. Heptinstall, No. 131, Fleet Street,
T. Heptinstall, NO. 131, Fleet-Street,T. Heptinstall, NO. 131, Fleet-Street,
T. Heptinstall, No. 131, Fleet-Street,T. Heptinstall, No. 131, Fleet-Street,
T. Hodgson,T. Hodgson,
T. Hoggett,T. Hoggett,
T. Holl,T. Holl,
T. Holl, no. 72, High-Street,T. Holl, no. 72, High-Street,
T. Hookham,T. Hookham,
T. Hookham,T. Hookham,
T. Hookham,T. Hookham,
T. Hookham,T. Hookham,
T. Hookham,T. Hookham,
T. Hookham ; T. Longman,T. Hookham ; T. Longman,
T. Hookham & J. Carpenter,T. Hookham ; J. Carpenter,
T. Hookham & J. Carpenter,T. Hookham ; J. Carpenter,
T. Hookham & J. Carpenter, New & Old Bond Street,T. Hookham ; J. Carpenter, New ; Old Bond Street,
T. Hookham & J. Carpenter, new & old Bond Street,T. Hookham ; J. Carpenter, new ; old Bond Street,
T. Hookham & J. Carpenter, Old & New Bond-Street,T. Hookham ; J. Carpenter, Old ; New Bond-Street,
T. Hookham & J. Carpenter, Old & New Bond-Street,T. Hookham ; J. Carpenter, Old ; New Bond-Street,
T. Hookham & J. Carpenter, Old & New Bond-Street,T. Hookham ; J. Carpenter, Old ; New Bond-Street,
T. Hookham & J. Carpenter, Old & New Bond-Street,T. Hookham ; J. Carpenter, Old ; New Bond-Street,
T. Hookham, Corner of Bruton Street, Bond Street,T. Hookham, Corner of Bruton Street, Bond Street,
T. Hookham, New Bond Street,T. Hookham, New Bond Street,
T. Hookham, New Bond Street,T. Hookham, New Bond Street,
T. Hookham, New Bond Street,T. Hookham, New Bond Street,
T. Hookham, New Bond Street,T. Hookham, New Bond Street,
T. Hookham, New Bond Street,T. Hookham, New Bond Street,
T. Hookham, New Bond Street,T. Hookham, New Bond Street,
T. Hookham, New Bond Street,T. Hookham, New Bond Street,
T. Hookham, New Bond-Street,T. Hookham, New Bond-Street,
T. Hookham, New Bond-Street,T. Hookham, New Bond-Street,
T. Hookham, New Bond-Street,T. Hookham, New Bond-Street,
T. Hookham, New Bond-Street,T. Hookham, New Bond-Street,
T. Hookham, New Bond-Street,T. Hookham, New Bond-Street,
T. Hookham, New Bond-Street,T. Hookham, New Bond-Street,
T. Hookham, New Bond-Street,T. Hookham, New Bond-Street,
T. Hookham, New Bond-Street,T. Hookham, New Bond-Street,
T. Hookham, New Bond-Street,T. Hookham, New Bond-Street,
T. Hookham, New Bond-Street,T. Hookham, New Bond-Street,
T. Hookham, New Bond-Street,T. Hookham, New Bond-Street,
T. Hookham, New Bond-Street,T. Hookham, New Bond-Street,
T. Hookham, New Bond-Street,T. Hookham, New Bond-Street,
T. Hookham, New Bond-Street,T. Hookham, New Bond-Street,
T. Hookham, New Bond-Street,T. Hookham, New Bond-Street,
T. Hookham, New-Bond Street,T. Hookham, New-Bond Street,
T. Hookham, No. 147, New Bond Street,T. Hookham, No. 147, New Bond Street,
T. Hughes,T. Hughes,
T. Hurst,T. Hurst,
T. Hurst ; W. Lowndes No. 76, Fleet Street ; fishing tackle shops, 82, Pater-Noster Row ; sold by G. Sael 192, Strand,T. Hurst ; W. Lowndes No. 76, Fleet Street ; fishing tackle shops, 82, Pater-Noster Row ; G. Sael 192,,
T. Hurst, NO. 32, Pater-Noster-Row,T. Hurst, NO. 32, Pater-Noster-Row,
T. Johnson,T. Johnson,
T. Johnson,T. Johnson,
T. Johnson, Castle-Street,T. Johnson, Castle-Street,
T. Johnson, Castle-Street,T. Johnson, Castle-Street,
T. Johnson, Castle-Street, near the Exchange,T. Johnson, Castle-Street, near Exchange,
T. Jones,T. Jones,
T. Jones,T. Jones,
T. Jones for J. Collyer, Constiation Row, Gray's Inn Lane ; sold by F & C. Rivington, St. Paul's Church Yard, C. Law, Ave Mary Lane, G. G & J. Robinson, T. Longman, R. Baldwin, & G. Wilkie, Paternoster Row,T. Jones for J. Collyer, Constiation Row, Gray's Inn Lane ; F ; C. Rivington, St. Paul's Church Yard, C. Law, Ave Mary Lane, G. G ; J. Robinson, T. Longman, R. Baldwin, ; G. Wilkie, Paternoster Row,
T. Jones, Clifford's - Inn - Gate, Fetter - Lane ; sold by R. Pheney, Inner-Temple Lane, Fleetstreet,T. Jones, Clifford's - Inn - Gate, Fetter - Lane ; R. Pheney, Inner-Temple Lane, Fleetstreet,
T. Jones, London,T. Jones, London,
T. Jones, London,T. Jones, London,
T. Kay, No. 332. Strand ; sold by W. Creech, Edinburgh,T. Kay, No. 332. ; W. Creech,
T. Kay, NO. 332. Strand ; sold by W. Creech, Edinburgh,T. Kay, NO. 332. ; W. Creech,
T. King, No. 25, New Broad-Street ; place of sale,T. King, No. 25, New Broad-Street ; place of sale,
T. Knott,T. Knott,
T. Knott ; sold by C. Dilly,T. Knott ; C. Dilly,
T. Knott ; sold by M. Gurney, L. Wayland,T. Knott ; M. Gurney, L. Wayland,
T. Knott ; sold by W. Button,T. Knott ; W. Button,
T. Knott ; W. Button,T. Knott ; W. Button,
T. Knott, 47, Lombard-Street, London ; sold ; sold by George Nicholson, 9, Spring-Gardens,T. Knott, 47, Lombard-Street, London ; George Nicholson, 9, Spring-Gardens,
T. Knott, Lombard Street ; sold by W. Button, Paternoster Row,T. Knott, Lombard Street ; W. Button, Paternoster Row,
T. Knott, Lombard Street ; W. Button, Paternoster Row ; W. Smith, King Street, Seven Dials ; sold by J. Mathews, Strand,T. Knott, Lombard Street ; W. Button, Paternoster Row ; W. Smith, King Street, Seven Dials ; J. Mathews,,
T. Knott, Lombard-Street ; sold by T. Cadell, Jun & W. Davies, Strand,T. Knott, Lombard-Street ; T. Cadell, Jr. ; W. Davies,,
T. Knott, Lombard-Street, London ; office of the Staffordshire Advertiser ; sold ; sold by J. Drewry,T. Knott, Lombard-Street, London ; office of Staffordshire Advertiser ; J. Drewry,
T. Knott, Lombard-Street, London ; sold ; sold by Chester & Mort, Hanley & Newcastle,T. Knott, Lombard-Street, London ; Chester ; Mort, Hanley ; Newcastle,
T. Knott, Lombard-Street, W. Ash, Little Tower-Street, J. Marsom, High Holborn ; W. Button, Newington-Causeway,T. Knott, Lombard-Street, W. Ash, Little Tower-Street, J. Marsom, High Holborn ; W. Button, Newington-Causeway,
T. Knott, No 47, Lombard-Street,T. Knott, No 47, Lombard-Street,
T. Knott, NO. 47 Lombard-Street, London ; sold by J. Heming. Sold,T. Knott, NO. 47 Lombard-Street, London ; J. Heming. Sold,
T. Knott, No. 47, Lombard-Street,T. Knott, No. 47, Lombard-Street,
T. Knott, No. 47, Lombard-Street,T. Knott, No. 47, Lombard-Street,
T. Knott, No. 47, Lombard-Street,T. Knott, No. 47, Lombard-Street,
T. Knott, No. 47, Lombard-Street ; sold by M. Gurney, No. 128, Holborn, L. Way-Land, Middle-Row,T. Knott, No. 47, Lombard-Street ; M. Gurney, No. 128, Holborn, L. Way-Land, Middle-Row,
T. Lake,T. Lake,
T. Laws ; sold,T. Laws,
T. Lesson ; Where Shopkeepers & Travellers may be supplied with the greatest Choice of old & new Ballads, Penny-Histories,T. Lesson ; Where Shopkeepers ; Travellers may be supplied with greatest Choice of old ; new Ballads, Penny-Histories,
T. Lewis, Russel Street, Covent Garden,T. Lewis, Russel Street, Covent Garden,
T. Lewis, Russel Street, Covent Garden,T. Lewis, Russel Street, Covent Garden,
T. Long,T. Long,
T. Long,T. Long,
T. Long,T. Long,
T. Long, Trowbridge,T. Long, Trowbridge,
T. Longman,T. Longman,
T. Longman,T. Longman,
T. Longman,T. Longman,
T. Longman & O. Rees,T. Longman ; O. Rees,
T. Longman & T. Evans, Paternoster-Row,T. Longman ; T. Evans, Paternoster-Row,
T. Longman G. Nicol ; W. Richardson,T. Longman G. Nicol ; W. Richardson,
T. Longman, ad Insignia Navis in Paternoster-Row,T. Longman, ad Insignia Navis Paternoster-Row,
T. Longman, B. Law, C. Dilly, G. G & J & J. Robinsons, T. Cadell, J. Johnson, P. Elmsly, R. Baldwin, J. Sewell, G & T. Wilkie ; Vaillant, J. Rivington ; W. Lowndes,T. Longman, B. Law, C. Dilly, G. G ; J ; J. Robinsons, T. Cadell, J. Johnson, P. Elmsly, R. Baldwin, J. Sewell, G ; T. Wilkie ; Vaillant, J. Rivington ; W. Lowndes,
T. Longman, B. Law, C. Dilly, G. G & J. Robinson, T. Pott,T. Longman, B. Law, C. Dilly, G. G ; J. Robinson, T. Pott,
T. Longman, B. Law, G. G & J. Robinson, T. Cadell, J. Johnson,T. Longman, B. Law, G. G ; J. Robinson, T. Cadell, J. Johnson,
T. Longman, B. Law, G. G. & J. Robinson, R. Baldwin, Scatcherd & Whitaker, & G. & T. Wilkie,T. Longman, B. Law, G. G. ; J. Robinson, R. Baldwin, Scatcherd ; Whitaker, ; G. ; T. Wilkie,
T. Longman, B. Law, G. G. J & J. Robinson, T. Cadell, R. Baldwin, W. Otridge ; W. Lowndes,T. Longman, B. Law, G. G. J ; J. Robinson, T. Cadell, R. Baldwin, W. Otridge ; W. Lowndes,
T. Longman, B. Law, G. G. J & J. Robinsons, T. Cadell R. Baldwin, P. Elmsly, J. Bew ; Vaillant, J. Rivington ; W. Lowndes,T. Longman, B. Law, G. G. J ; J. Robinsons, T. Cadell R. Baldwin, P. Elmsly, J. Bew ; Vaillant, J. Rivington ; W. Lowndes,
T. Longman, B. Law, G. G. J & J. Robinsons, T. Cadell, R. Baldwin, P. Elmsly, J. Bew ; Vaillant, J. Rivington ; W. Lowndes,T. Longman, B. Law, G. G. J ; J. Robinsons, T. Cadell, R. Baldwin, P. Elmsly, J. Bew ; Vaillant, J. Rivington ; W. Lowndes,
T. Longman, B. Law, G. G. J. & J. Robinson, T. Pote, R. Baldwin, F. & C. Rivington ; W. Goldsmith,T. Longman, B. Law, G. G. J. ; J. Robinson, T. Pote, R. Baldwin, F. ; C. Rivington ; W. Goldsmith,
T. Longman, B. Law, G.G. & J. Robinson, J. Johnson, C. Dilly, R. Baldwin, T. Pote, J. Nichols, G. Richardson, F. & C. Rivington, G. Goldsmith, S. Hayes, Scatcherd & Whitaker, B. & J. White, G. & T. Wilkie, E. Newbery, J. Evans, & H. Murray,T. Longman, B. Law, G.G. ; J. Robinson, J. Johnson, C. Dilly, R. Baldwin, T. Pote, J. Nichols, G. Richardson, F. ; C. Rivington, G. Goldsmith, S. Hayes, Scatcherd ; Whitaker, B. ; J. White, G. ; T. Wilkie, E. Newbery, J. Evans, ; H. Murray,
T. Longman, B. Law, J. Johnson, F. & C. Rivington, G. & T. Wilkie, W. Lowndes, Scatcherd & Whitaker, W. Goldsmith, J. Evans, F. Wingrave, & E. Newberry,T. Longman, B. Law, J. Johnson, F. ; C. Rivington, G. ; T. Wilkie, W. Lowndes, Scatcherd ; Whitaker, W. Goldsmith, J. Evans, F. Wingrave, ; E. Newberry,
T. Longman, B. Law, J. Johnson, G.G.J & J. Robinson, W. Ginger, S. Bladon, R. Baldwin, S. Hayes, Ogilvy & Speare, G & T. Wilkie ; W. Lowndes,T. Longman, B. Law, J. Johnson, G.G.J ; J. Robinson, W. Ginger, S. Bladon, R. Baldwin, S. Hayes, Ogilvy ; Speare, G ; T. Wilkie ; W. Lowndes,
T. Longman, B. Law, T. Pote, J. Johnson, W. & W. Ginger,T. Longman, B. Law, T. Pote, J. Johnson, W. ; W. Ginger,
T. Longman, B. Law, W. Ginger, J. Johnson, G. G & J. Robinson,T. Longman, B. Law, W. Ginger, J. Johnson, G. G ; J. Robinson,
T. Longman, B. Law. G.G.J. & J. Robinson, W. Stuart, F. & C. Rivington, H. Gardner, Ogilvie & Speare, Schatcherd & Whitaker, J. Evans, & T. Boosey,T. Longman, B. Law. G.G.J. ; J. Robinson, W. Stuart, F. ; C. Rivington, H. Gardner, Ogilvie ; Speare, Schatcherd ; Whitaker, J. Evans, ; T. Boosey,
T. Longman, F. & C. Rivington, & G. & T. Wilkie,T. Longman, F. ; C. Rivington, ; G. ; T. Wilkie,
T. Longman, F. & C. Rivington, & T. & G. Wilkie,T. Longman, F. ; C. Rivington, ; T. ; G. Wilkie,
T. Longman, J. Johnson, C. Dilly, W. Richardson, F & C. Rivington, G & T. Wilkie, J. Mathews, J. Scatcherd, J. Walker ; Vernor & Hood,T. Longman, J. Johnson, C. Dilly, W. Richardson, F ; C. Rivington, G ; T. Wilkie, J. Mathews, J. Scatcherd, J. Walker ; Vernor ; Hood,
T. Longman, J. Johnson, T. Field, C. Dilly, F & C. Rivington,T. Longman, J. Johnson, T. Field, C. Dilly, F ; C. Rivington,
T. Longman, London ; sold ; sold by J & W. Eddowes,T. Longman, London ; J ; W. Eddowes,
T. Longman, London ; sold ; sold by J & W. Eddowes,T. Longman, London ; J ; W. Eddowes,
T. Longman, London ; sold ; sold by J & W. Eddowes,T. Longman, London ; J ; W. Eddowes,
T. Longman, London ; W. Richardson ; sold ; sold by R. Edwards,T. Longman, London ; W. Richardson ; R. Edwards,
T. Longman, Pater Noster Row,T. Longman, Pater Noster Row,
T. Longman, Pater Noster Row, London ; sold by J. Jacob,T. Longman, Pater Noster Row, London ; J. Jacob,
T. Longman, Pater Noster Row, London ; sold by J. Jacob,T. Longman, Pater Noster Row, London ; J. Jacob,
T. Longman, pater noster row, London ; sold by J. Jacob,T. Longman, pater noster row, London ; J. Jacob,
T. Longman, Pater-Noster-Row,T. Longman, Pater-Noster-Row,
T. Longman, Pater-Noster-Row,T. Longman, Pater-Noster-Row,
T. Longman, Pater-Noster-Row ; sold,T. Longman, Pater-Noster-Row,
T. Longman, Paternoster-Row,T. Longman, Paternoster-Row,
T. Longman, Paternoster-Row, London ; W. Richardson, Cornhill ; sold ; sold by R. Edwards, Union-Street,T. Longman, Paternoster-Row, London ; W. Richardson, Cornhill ; R. Edwards, Union-Street,
T. Longman, T. Field, C. Dilly, J. Johnson, F & C. Rivington,T. Longman, T. Field, C. Dilly, J. Johnson, F ; C. Rivington,
T. Longman, T. Field, C. Dilly, T. Vernor, G. G. J & J. Robinson,T. Longman, T. Field, C. Dilly, T. Vernor, G. G. J ; J. Robinson,
T. Longman, T. Field, C. Dilly, W. Goldsmith, D. Ogilvy & J. Speare,T. Longman, T. Field, C. Dilly, W. Goldsmith, D. Ogilvy ; J. Speare,
T. Longman, W. Lowndes, S. Bladon, T. Cadell, J. Robson, G. G. & J. Robinson, B. & C. Law, F. & C. Rivington,T. Longman, W. Lowndes, S. Bladon, T. Cadell, J. Robson, G. G. ; J. Robinson, B. ; C. Law, F. ; C. Rivington,
T. Maide n, Sherburne-Lane,T. Maide n, Sherburne-Lane,
T. Maiden,T. Maiden,
T. Maiden ; Vernor & Hood, No. 31, Poultry,T. Maiden ; Vernor ; Hood, No. 31, Poultry,
T. Maiden, No 16, Middle-Row, Holborn ; sold,T. Maiden, No 16, Middle-Row, Holborn,
T. Maiden, Sherbourne-Lane,T. Maiden, Sherbourne-Lane,
T. March,T. March,
T. Margrie,T. Margrie,
T. Martin No 76 Wood Street, Cheapside,T. Martin No 76 Wood Street, Cheapside,
T. Martin No. 76, Wood Street Cheapside,T. Martin No. 76, Wood Street Cheapside,
T. Martin, book binder & pocket book maker, No. 67, Wood-street, Cheapside,T. Martin, book binder ; pocket book maker, No. 67, Wood-street, Cheapside,
T. Martin, book-binder ; pocket-book maker, No. 76, Wood-Street,T. Martin, book-binder ; pocket-book maker, No. 76, Wood-Street,
T. Martin, Book-Binder, No. 76, Wood-Street, Cheapside,T. Martin, Book-Binder, No. 76, Wood-Street, Cheapside,
T. Martin, No. 44, Grace-Church-Street,T. Martin, No. 44, Grace-Church-Street,
T. Martin, No.76 Wood Street, Cheapside,T. Martin, No.76 Wood Street, Cheapside,
T. Mason, No 169, Piccadilly,T. Mason, No 169, Piccadilly,
T. Massey ; sold,T. Massey,
T. Measam,T. Measam,
T. Mills, Wine-Street, Bristol ; sold by G. Herdsfield, Aldersgate-Bars, London,T. Mills, Wine-Street, Bristol ; G. Herdsfield, Aldersgate-Bars, London,
T. N. Longman,T. N. Longman,
T. N. Longman,T. N. Longman,
T. N. Longman,T. N. Longman,
T. N. Longman,T. N. Longman,
T. N. Longman,T. N. Longman,
T. N. Longman,T. N. Longman,
T. N. Longman,T. N. Longman,
T. N. Longman,T. N. Longman,
T. N. Longman,T. N. Longman,
T. N. Longman,T. N. Longman,
T. N. Longman,T. N. Longman,
T. N. Longman,T. N. Longman,
T. N. Longman,T. N. Longman,
T. N. Longman,T. N. Longman,
T. N. Longman,T. N. Longman,
T. N. Longman,T. N. Longman,
T. N. Longman,T. N. Longman,
T. N. Longman,T. N. Longman,
T. N. Longman,T. N. Longman,
T. N. Longman,T. N. Longman,
T. N. Longman,T. N. Longman,
T. N. Longman,T. N. Longman,
T. N. Longman ; T. Woodfall,T. N. Longman ; T. Woodfall,
T. N. Longman ; T. Woodfall,T. N. Longman ; T. Woodfall,
T. N. Longman ; T. Woodfall,T. N. Longman ; T. Woodfall,
T. N. Longman & O Rees, Paternoster-Row,T. N. Longman ; O Rees, Paternoster-Row,
T. N. Longman & O. Rees,T. N. Longman ; O. Rees,
T. N. Longman & O. Rees,T. N. Longman ; O. Rees,
T. N. Longman & O. Rees,T. N. Longman ; O. Rees,
T. N. Longman & O. Rees, Paternoster-Row,T. N. Longman ; O. Rees, Paternoster-Row,
T. N. Longman & O. Rees, Paternoster-Row,T. N. Longman ; O. Rees, Paternoster-Row,
T. N. Longman & O. Rees, Paternoster-Row,T. N. Longman ; O. Rees, Paternoster-Row,
T. N. Longman & O. Rees, Paternoster-Row,T. N. Longman ; O. Rees, Paternoster-Row,
T. N. Longman, London ; sold by J. Smart, sold,T. N. Longman, London ; J. Smart,,
T. N. Longman, London ; sold by W. Felton, Ludlow, sold,T. N. Longman, London ; W. Felton, Ludlow,,
T. N. Longman, London ; W. Dyde, Tewkesbury ; sold ; sold by J. Agg,T. N. Longman, London ; W. Dyde, Tewkesbury ; J. Agg,
T. N. Longman, No 39, Paternoster-Row,T. N. Longman, No 39, Paternoster-Row,
T. N. Longman, No 39, Paternoster-Row,T. N. Longman, No 39, Paternoster-Row,
T. N. Longman, No 39, Paternoster-Row,T. N. Longman, No 39, Paternoster-Row,
T. N. Longman, NO, 39. Paternoster-Row,T. N. Longman, NO, 39. Paternoster-Row,
T. N. Longman, No, Pater Noster Row,T. N. Longman, No, Pater Noster Row,
T. N. Longman, No. 39 Pater Noster Row ; sold,T. N. Longman, No. 39 Pater Noster Row,
T. N. Longman, NO. 39, Paternoster Row,T. N. Longman, NO. 39, Paternoster Row,
T. N. Longman, No. 39, Paternoster Row,T. N. Longman, No. 39, Paternoster Row,
T. N. Longman, No. 39, Paternoster Row,T. N. Longman, No. 39, Paternoster Row,
T. N. Longman, No. 39, Paternoster Row,T. N. Longman, No. 39, Paternoster Row,
T. N. Longman, No. 39, Paternoster Row,T. N. Longman, No. 39, Paternoster Row,
T. N. Longman, No. 39, Paternoster-Row,T. N. Longman, No. 39, Paternoster-Row,
T. N. Longman, no. 39, Paternoster-Row,T. N. Longman, no. 39, Paternoster-Row,
T. N. Longman, No. 39, Paternoster-Row,T. N. Longman, No. 39, Paternoster-Row,
T. N. Longman, No. 39, Paternoster-Row ; Vaughan Griffiths,T. N. Longman, No. 39, Paternoster-Row ; Vaughan Griffiths,
T. N. Longman, No. 39. Paternoster-Row,T. N. Longman, No. 39. Paternoster-Row,
T. N. Longman, No. 39. Paternoster-Row,T. N. Longman, No. 39. Paternoster-Row,
T. N. Longman, Pater-Noster Row,T. N. Longman, Pater-Noster Row,
T. N. Longman, Pater-Noster Row,T. N. Longman, Pater-Noster Row,
T. N. Longman, Pater-Noster Row,T. N. Longman, Pater-Noster Row,
T. N. Longman, Pater-Noster Row,T. N. Longman, Pater-Noster Row,
T. N. Longman, Pater-Noster Row,T. N. Longman, Pater-Noster Row,
T. N. Longman, Pater-Noster Row,T. N. Longman, Pater-Noster Row,
T. N. Longman, Pater-Noster Row,T. N. Longman, Pater-Noster Row,
T. N. Longman, Pater-Noster Row,T. N. Longman, Pater-Noster Row,
T. N. Longman, Pater-Noster Row,T. N. Longman, Pater-Noster Row,
T. N. Longman, Pater-Noster Row,T. N. Longman, Pater-Noster Row,
T. N. Longman, Pater-Noster Row,T. N. Longman, Pater-Noster Row,
T. N. Longman, Pater-Noster-Row,T. N. Longman, Pater-Noster-Row,
T. N. Longman, Pater-Noster-Row,T. N. Longman, Pater-Noster-Row,
T. N. Longman, Pater-Noster-Row,T. N. Longman, Pater-Noster-Row,
T. N. Longman, Pater-Noster-Row,T. N. Longman, Pater-Noster-Row,
T. N. Longman, Pater-Noster-Row,T. N. Longman, Pater-Noster-Row,
T. N. Longman, Pater-Noster-Row,T. N. Longman, Pater-Noster-Row,
T. N. Longman, Pater-Noster-Row,T. N. Longman, Pater-Noster-Row,
T. N. Longman, Pater-Noster-Row,T. N. Longman, Pater-Noster-Row,
T. N. Longman, Pater-Noster-Row ; sold by J. Debrett, Piccadilly,T. N. Longman, Pater-Noster-Row ; J. Debrett, Piccadilly,
T. N. Longman, Paternoster Row,T. N. Longman, Paternoster Row,
T. N. Longman, Paternoster Row,T. N. Longman, Paternoster Row,
T. N. Longman, Paternoster Row,T. N. Longman, Paternoster Row,
T. N. Longman, Paternoster Row,T. N. Longman, Paternoster Row,
T. N. Longman, Paternoster Row,T. N. Longman, Paternoster Row,
T. N. Longman, Paternoster Row,T. N. Longman, Paternoster Row,
T. N. Longman, Paternoster Row,T. N. Longman, Paternoster Row,
T. N. Longman, Paternoster Row,T. N. Longman, Paternoster Row,
T. N. Longman, Paternoster Row ; sold by J. Cottle, High Street, Bristol,T. N. Longman, Paternoster Row ; J. Cottle, High Street, Bristol,
T. N. Longman, Paternoster Row, London ; sold by J & W. Eddowes. Sold,T. N. Longman, Paternoster Row, London ; J ; W. Eddowes. Sold,
T. N. Longman, Paternoster-Row,T. N. Longman, Paternoster-Row,
T. N. Longman, Paternoster-Row,T. N. Longman, Paternoster-Row,
T. N. Longman, Paternoster-Row,T. N. Longman, Paternoster-Row,
T. N. Longman, Paternoster-Row,T. N. Longman, Paternoster-Row,
T. N. Longman, Paternoster-Row,T. N. Longman, Paternoster-Row,
T. N. Longman, Paternoster-Row,T. N. Longman, Paternoster-Row,
T. N. Longman, Paternoster-Row,T. N. Longman, Paternoster-Row,
T. N. Longman, Paternoster-Row,T. N. Longman, Paternoster-Row,
T. N. Longman, Paternoster-Row,T. N. Longman, Paternoster-Row,
T. N. Longman, Paternoster-Row,T. N. Longman, Paternoster-Row,
T. N. Longman, Paternoster-Row,T. N. Longman, Paternoster-Row,
T. N. Longman, Paternoster-Row,T. N. Longman, Paternoster-Row,
T. N. Longman, Paternoster-Row,T. N. Longman, Paternoster-Row,
T. N. Longman, Paternoster-Row,T. N. Longman, Paternoster-Row,
T. N. Longman, Paternoster-Row,T. N. Longman, Paternoster-Row,
T. N. Longman, Paternoster-Row,T. N. Longman, Paternoster-Row,
T. N. Longman, Paternoster-Row,T. N. Longman, Paternoster-Row,
T. N. Longman, Paternoster-Row,T. N. Longman, Paternoster-Row,
T. N. Longman, Paternoster-Row,T. N. Longman, Paternoster-Row,
T. N. Longman, Paternoster-Row,T. N. Longman, Paternoster-Row,
T. N. Longman, Paternoster-Row,T. N. Longman, Paternoster-Row,
T. N. Longman, Paternoster-Row,T. N. Longman, Paternoster-Row,
T. N. Longman, Paternoster-Row,T. N. Longman, Paternoster-Row,
T. N. Longman, Paternoster-Row,T. N. Longman, Paternoster-Row,
T. N. Longman, Paternoster-Row ; T. Woodfall, No 104 Drury-Lane,T. N. Longman, Paternoster-Row ; T. Woodfall, No 104 Drury-Lane,
T. N. Longman, Paternoster-Row ; T. Woodfall, No. 104, Drury-Lane,T. N. Longman, Paternoster-Row ; T. Woodfall, No. 104, Drury-Lane,
T. N. Longman, Paternoster-Row ; T. Woodfall, No. 104, Drury-Lane,T. N. Longman, Paternoster-Row ; T. Woodfall, No. 104, Drury-Lane,
T. N. Longman, Paternoster-Row ; W. Woodfall,T. N. Longman, Paternoster-Row ; W. Woodfall,
T. N. Longman, Paternoster-Row London ; sold ; sold by H. Procter,T. N. Longman, Paternoster-Row London ; H. Procter,
T. N. Longman, Paternoster-Row, London ; sold by J. Agg,T. N. Longman, Paternoster-Row, London ; J. Agg,
T. N. Longman. Pater-Noster Row,T. N. Longman. Pater-Noster Row,
T. Norris,T. Norris,
T. Norris,T. Norris,
T. Norris,T. Norris,
T. Norris,T. Norris,
T. Norris ; sold by J. Johnson, No. 72, St. Paul's Church Yard, London,T. Norris ; J. Johnson, No. 72, St. Paul's Church Yard, London,
T. Norris ; sold by J. Johnson, No. 72, St. Paul's Churchyard, London,T. Norris ; J. Johnson, No. 72, St. Paul's Churchyard, London,
T. Norris. Sold by J. Johnson, ST. Paul's Church-Yard, London,T. Norris. Sold J. Johnson, ST. Paul's Church-Yard, London,
T. North, Little Tower Street,T. North, Little Tower Street,
T. North, Little Tower Street ; sold,T. North, Little Tower Street,
T. North, Little Tower Street ; W. Ash, Little Tower Street ; sold by him, No. 85, Blackman Street,T. North, Little Tower Street ; W. Ash, Little Tower Street ; him, No. 85, Blackman Street,
T. Orton,T. Orton,
T. Osborne & S. Griffin,T. Osborne ; S. Griffin,
T. Osborne & S. Griffin,T. Osborne ; S. Griffin,
T. Ostell,T. Ostell,
T. Palser,T. Palser,
T. Palser ; Turnagain-Lane, Snow-Hill,T. Palser ; Turnagain-Lane, Snow-Hill,
T. Palser, No.11, Turnagain-Lane, Snow-Hill,T. Palser, No.11, Turnagain-Lane, Snow-Hill,
T. Parker, Jewin Street,T. Parker, Jewin Street,
T. Parsons,T. Parsons,
T. Parsons,T. Parsons,
T. Parsons,T. Parsons,
T. Parsons, No. 21, Pater-Noster Row ; Winksworth's Buildings, City Road ; sold by Samuel Reece, No. I, Carthusian Street, Aldersgate Street,T. Parsons, No. 21, Pater-Noster Row ; Winksworth's Buildings, City Road ; Samuel Reece, No. I, Carthusian Street, Aldersgate Street,
T. Payne,T. Payne,
T. Payne,T. Payne,
T. Payne,T. Payne,
T. Payne,T. Payne,
T. Payne,T. Payne,
T. Payne ; next the Mews-Gate, St. Martin's,T. Payne ; next Mews-Gate, St. Martin's,
T. Payne ; Upper Mews Gate,T. Payne ; Upper Mews Gate,
T. Payne & J. Edwards,T. Payne ; J. Edwards,
T. Payne near the Mews Gate, Charing-Cross,T. Payne near Mews Gate, Charing-Cross,
T. Payne, B. & J. White, R. Faulder, & J. Edwards ; T. Rickaby,T. Payne, B. ; J. White, R. Faulder, ; J. Edwards ; T. Rickaby,
T. Payne, B. & J. White, R. Faulder, & J. Edwards ; T. Rickaby,T. Payne, B. ; J. White, R. Faulder, ; J. Edwards ; T. Rickaby,
T. Payne, London ; sold by J. Fletcher,T. Payne, London ; J. Fletcher,
T. Payne, Mews-Gate,T. Payne, Mews-Gate,
T. Payne, Mews-Gate,T. Payne, Mews-Gate,
T. Payne, Mews-Gate,T. Payne, Mews-Gate,
T. Payne, Mews-Gate,T. Payne, Mews-Gate,
T. Pearson,T. Pearson,
T. Pearson & B. Law, London,T. Pearson ; B. Law, London,
T. Pearson & sold by R. Baldwin, London,T. Pearson ; R. Baldwin, London,
T. Pearson, Birmingham ; sold by George Gower. Sold,T. Pearson, Birmingham ; George Gower. Sold,
T. Pearson, Birmingham ; sold by R. Baldwin, Pater-Noster-Row, London,T. Pearson, Birmingham ; R. Baldwin, Pater-Noster-Row, London,
T. Pierson,T. Pierson,
T. Pitcher, No. 44, Barbican,T. Pitcher, No. 44, Barbican,
T. Pitcher, No. 44, Barbican,T. Pitcher, No. 44, Barbican,
T. Plummer, Seething-Lane,T. Plummer, Seething-Lane,
T. Plummer, Seething-Lane,T. Plummer, Seething-Lane,
T. Plummer, Seething-Lane, Tower-Street,T. Plummer, Seething-Lane, Tower-Street,
T. Plummer, Seething-Lane, Tower-Street ; sold by Russells & Willmott, nursery & seedsmen, Lewisham,T. Plummer, Seething-Lane, Tower-Street ; Russells ; Willmott, nursery ; seedsmen, Lewisham,
T. Pote,T. Pote,
T. Pote,T. Pote,
T. Pote,T. Pote,
T. Pote,T. Pote,
T. Pote,T. Pote,
T. Pote,T. Pote,
T. Pote,T. Pote,
T. Pote,T. Pote,
T. Pote,T. Pote,
T. Pote,T. Pote,
T. Pote,T. Pote,
T. Pote,T. Pote,
T. Pote,T. Pote,
T. Pote,T. Pote,
T. Pote,T. Pote,
T. Pote,T. Pote,
T. Pote,T. Pote,
T. Pote,T. Pote,
T. Pote,T. Pote,
T. Pote,T. Pote,
T. Pote,T. Pote,
T. Pote,T. Pote,
T. Pote,T. Pote,
T. Pote,T. Pote,
T. Pote,T. Pote,
T. Pote,T. Pote,
T. Pote,T. Pote,
T. Pridden Fleet-Street ; William Coke,T. Pridden Fleet-Street ; William Coke,
T. Reed,T. Reed,
T. Reed,T. Reed,
T. Reed,T. Reed,
T. Reed,T. Reed,
T. Reed,T. Reed,
T. Reed,T. Reed,
T. Reed ; sold by him & J. Graham,T. Reed ; him ; J. Graham,
T. Rickaby,T. Rickaby,
T. Rickaby,T. Rickaby,
T. Rickaby,T. Rickaby,
T. Rickaby,T. Rickaby,
T. Rickaby,T. Rickaby,
T. Rickaby,T. Rickaby,
T. Rickaby,T. Rickaby,
T. Rickaby,T. Rickaby,
T. Rickaby,T. Rickaby,
T. Rickaby,T. Rickaby,
T. Rickaby,T. Rickaby,
T. Rickaby,T. Rickaby,
T. Rickaby,T. Rickaby,
T. Rickaby,T. Rickaby,
T. Rickaby,T. Rickaby,
T. Rickaby,T. Rickaby,
T. Rickaby,T. Rickaby,
T. Rickaby,T. Rickaby,
T. Rickaby,T. Rickaby,
T. Rickaby,T. Rickaby,
T. Rickaby,T. Rickaby,
T. Rickaby,T. Rickaby,
T. Rickaby ; sold by B. B. Kelsey, Boston,T. Rickaby ; B. B. Kelsey, Boston,
T. Rickaby ; W Peacock. Salisbury Court, Fleet Street & sold,T. Rickaby ; W Peacock. Salisbury Court, Fleet Street ;,
T. Rickaby ; W. Peacock,T. Rickaby ; W. Peacock,
T. Rickaby ; W. Peacock,T. Rickaby ; W. Peacock,
T. Rickaby ; W. Peacock,T. Rickaby ; W. Peacock,
T. Rickaby ; W. Peacock,T. Rickaby ; W. Peacock,
T. Rickaby ; W. Peacock & sold,T. Rickaby ; W. Peacock ;,
T. Rickaby, impensis T. Payne, B. & J. White, R. Faulder, & J. Edwards,T. Rickaby, impensis T. Payne, B. ; J. White, R. Faulder, ; J. Edwards,
T. Rickaby, impensis T. Payne, B. & J. White, R. Faulder, & J. Edwards,T. Rickaby, impensis T. Payne, B. ; J. White, R. Faulder, ; J. Edwards,
T. Ridgeway,T. Ridgeway,
T. Sabine,T. Sabine,
T. Sabine,T. Sabine,
T. Sabine,T. Sabine,
T. Sabine,T. Sabine,
T. Sabine,T. Sabine,
T. Sabine,T. Sabine,
T. Sabine,T. Sabine,
T. Sabine,T. Sabine,
T. Sabine,T. Sabine,
T. Sabine,T. Sabine,
T. Sabine ; sold at the London & Middlesex Printing Office, No.81, Shoe Lane, Holborn,T. Sabine ; at London ; Middlesex Printing Office, No.81, Shoe Lane, Holborn,
T. Sabine, London,T. Sabine, London,
T. Sabine, No. 81, Shee-Lane, Fleet-Street,T. Sabine, No. 81, Shee-Lane, Fleet-Street,
T. Sabine, No. 81, Shoe Lane,T. Sabine, No. 81, Shoe Lane,
T. Sabine, No. 81, Shoe Lane,T. Sabine, No. 81, Shoe Lane,
T. Sabine, No. 81, Shoe Lane,T. Sabine, No. 81, Shoe Lane,
T. Sabine, No. 81, Shoe Lane, Fleet Street,T. Sabine, No. 81, Shoe Lane, Fleet Street,
T. Sabine, No. 81, Shoe Lane, Fleet Street,T. Sabine, No. 81, Shoe Lane, Fleet Street,
T. Sabine, No. 81, Shoe Lane, Fleet Street,T. Sabine, No. 81, Shoe Lane, Fleet Street,
T. Sabine, No. 81, Shoe Lane, Fleet Street,T. Sabine, No. 81, Shoe Lane, Fleet Street,
T. Sabine, No. 81, Shoe Lane, Fleet Street,T. Sabine, No. 81, Shoe Lane, Fleet Street,
T. Sabine, No. 81, Shoe Lane, Holborn ; where printing is performed in all its various branches,T. Sabine, No. 81, Shoe Lane, Holborn ; where printing is performed all its various branches,
T. Sabine, No. 81, Shoe-Lane,T. Sabine, No. 81, Shoe-Lane,
T. Sabine, No. 81, Shoe-lane, Fleet-street,T. Sabine, No. 81, Shoe-lane, Fleet-street,
T. Sabine, no. 81, Shoe-Lane, Fleet-Street,T. Sabine, no. 81, Shoe-Lane, Fleet-Street,
T. Sanderson,T. Sanderson,
T. Schofield ; sold,T. Schofield,
T. Schofield, Corner of Tempest's-Hey,T. Schofield, Corner of Tempest's-Hey,
T. Schofield, Dale-Street,T. Schofield, Dale-Street,
T. Schofield, Dale-Street,T. Schofield, Dale-Street,
T. Scollick ; T. Wilson & R. Spence, York ; road,T. Scollick ; T. Wilson ; R. Spence, York ; road,
T. Scollick, Little Turnstile, Holborn, London ; sold by J. Rose. Sold,T. Scollick, Little Turnstile, Holborn, London ; J. Rose. Sold,
T. Shrimpton ; sold,T. Shrimpton,
T. Skelton,T. Skelton,
T. Skelton,T. Skelton,
T. Skelton,T. Skelton,
T. Skelton,T. Skelton,
T. Skelton & sold by G. Law, London,T. Skelton ; G. Law, London,
T. Skelton, Southampton ; sold by B. Law, London,T. Skelton, Southampton ; B. Law, London,
T. Skillern ; music shops,T. Skillern ; music shops,
T. Skillern ; W. Keymer, jun. Colchester ; sold,T. Skillern ; W. Keymer, jun. Colchester,
T. Smart, St. John-Street ; sold ; sold by J. Rose, Broadmead,T. Smart, St. John-Street ; J. Rose, Broadmead,
T. Smith,T. Smith,
T. Smith,T. Smith,
T. Spence,T. Spence,
T. Spence,T. Spence,
T. Spence,T. Spence,
T. Spence,T. Spence,
T. Spence,T. Spence,
T. Spence ; hive of liberty, No. 8, Little-Turnstile, High-Holborn,T. Spence ; hive of liberty, No. 8, Little-Turnstile, High-Holborn,
T. Spence, dealer in coins, No. 8, Little Turnstile, High Holborn,T. Spence, dealer coins, No. 8, Little Turnstile, High Holborn,
T. Spence, no, 8. Little Turnstile, Holborn,T. Spence, no, 8. Little Turnstile, Holborn,
T. Spence, no, 8. Little Turnstile, Holborn,T. Spence, no, 8. Little Turnstile, Holborn,
T. Spence, no, 8. Little Turnstile, Holborn,T. Spence, no, 8. Little Turnstile, Holborn,
T. Spence, no, 8. Little Turnstile, Holborn,T. Spence, no, 8. Little Turnstile, Holborn,
T. Spence, no. 8, Little Turnstile, Holborn,T. Spence, no. 8, Little Turnstile, Holborn,
T. Spence, no. 8, Little Turnstile, Holborn,T. Spence, no. 8, Little Turnstile, Holborn,
T. Spence, no. 8, Little Turnstile, Holborn,T. Spence, no. 8, Little Turnstile, Holborn,
T. Spence, no. 8, Little Turnstile, Holborn,T. Spence, no. 8, Little Turnstile, Holborn,
T. Spence, No. 8. Little Turn-Stile High-Holborn,T. Spence, No. 8. Little Turn-Stile High-Holborn,
T. Spence, No.8, Little Turnstile, High Holborn,T. Spence, No.8, Little Turnstile, High Holborn,
T. Spence. No. 8, Little Turnstile, Holborn,T. Spence. No. 8, Little Turnstile, Holborn,
T. Spence. No. 8, Little Turnstile, Holborn,T. Spence. No. 8, Little Turnstile, Holborn,
T. Spence. No. 8, Little Turnstile, Holborn,T. Spence. No. 8, Little Turnstile, Holborn,
T. Spilsbury,T. Spilsbury,
T. Spilsbury,T. Spilsbury,
T. Spilsbury ; sold by T. Evans,T. Spilsbury ; T. Evans,
T. Spilsbury & Fils ; Venise. Rí©imprimí© íæ Londres,T. Spilsbury ; Fils ; Venise. Rí©imprimí© íæ Londres,
T. Thomas ; sold by W. Button,T. Thomas ; W. Button,
T. Thornton, Southampton Street, Strand,T. Thornton, Southampton Street,,
T. Vere & J. Wright ; no.6, Clare Court, Drury Lane ; sold by James Caulfield,T. Vere ; J. Wright ; no.6, Clare Court, Drury Lane ; James Caulfield,
T. Vernor,T. Vernor,
T. Vernor, Birchin-Lane ; W. Mackie, Thomas-Street, opposite Guy's Hospital ; sold,T. Vernor, Birchin-Lane ; W. Mackie, Thomas-Street, opposite Guy's Hospital,
T. Vernor, Birchin-Lane, Cornhill,T. Vernor, Birchin-Lane, Cornhill,
T. Vernor, Birchin-Lane, Cornhill,T. Vernor, Birchin-Lane, Cornhill,
T. Vernor, Birchin-Lane, Cornhill,T. Vernor, Birchin-Lane, Cornhill,
T. Vernor, Bircnin Lane, London ; sold by J. Dean,T. Vernor, Bircnin Lane, London ; J. Dean,
T. Vernor, W. Otridge, Scatchard & Whitaker, Ogilvy & Speare, Darton & Harvey & W. Millar,T. Vernor, W. Otridge, Scatchard ; Whitaker, Ogilvy ; Speare, Darton ; Harvey ; W. Millar,
T. Vernor, W. Otridge, Scatchard & Whitaker, Oglevie & Spear, Darton & Harvey & W. Millar. Decr,T. Vernor, W. Otridge, Scatchard ; Whitaker, Oglevie ; Spear, Darton ; Harvey ; W. Millar. Decr,
T. W. Hawkins, High-Street, Southwark ; sold by Parsons, Paternoster-Row,T. W. Hawkins, High-Street, Southwark ; Parsons, Paternoster-Row,
T. Walker,T. Walker,
T. Walker,T. Walker,
T. Walker,T. Walker,
T. Waller,T. Waller,
T. Wayte,T. Wayte,
T. Wayte,T. Wayte,
T. Wayte,T. Wayte,
T. Webster,T. Webster,
T. Webster,T. Webster,
T. Webster,T. Webster,
T. Webster,T. Webster,
T. Webster,T. Webster,
T. Webster,T. Webster,
T. Webster,T. Webster,
T. Webster,T. Webster,
T. Webster. Sold ; W. Tesseyman, York,T. Webster. Sold ; W. Tesseyman, York,
T. Whieldon,T. Whieldon,
T. Whieldon,T. Whieldon,
T. Whieldon, opposite Fetter Lane, Fleet-Street,T. Whieldon, opposite Fetter Lane, Fleet-Street,
T. Whitewood,T. Whitewood,
T. Wiche ; promoting religious knowledge among the poor,T. Wiche ; promoting religious knowledge among poor,
T. Wilcox,T. Wilcox,
T. Wilkie, London ; sold by J. Tymbs. Sold,T. Wilkie, London ; J. Tymbs. Sold,
T. Wilkie, London ; sold by J. Tymbs. Sold,T. Wilkie, London ; J. Tymbs. Sold,
T. Wilkins,T. Wilkins,
T. Wilkins,T. Wilkins,
T. Wilkins,T. Wilkins,
T. Wilkins,T. Wilkins,
T. Wilkins ; sold by J. Johnson,T. Wilkins ; J. Johnson,
T. Wilkins & sold by T. Hookham ; sold,T. Wilkins ; T. Hookham,
T. Wilkins, Aldermanbury,T. Wilkins, Aldermanbury,
T. Wilkins, Aldermanbury,T. Wilkins, Aldermanbury,
T. Wilkins, Aldermanbury,T. Wilkins, Aldermanbury,
T. Wilkins, Aldermanbury & sold by Lee & Hurst, Paternoster-Row ; no.268, Oxford-Street,T. Wilkins, Aldermanbury ; Lee ; Hurst, Paternoster-Row ; no.268, Oxford-Street,
T. Wilkins, Aldermanbury & sold by Messrs. Allen & West, Paternoster-Row,T. Wilkins, Aldermanbury ; Messrs. Allen ; West, Paternoster-Row,
T. Wilkins, No. 11, Great Turnstile, Holborn ; sold,T. Wilkins, No. 11, Great Turnstile, Holborn,
T. Wilkins, No. 11, Great Turnstile, Holborn ; sold,T. Wilkins, No. 11, Great Turnstile, Holborn,
T. Wilkins, No. 11, Great Turnstile, Holborn ; sold,T. Wilkins, No. 11, Great Turnstile, Holborn,
T. Wilkins, No. 11, Great Turnstile, Holborn ; sold,T. Wilkins, No. 11, Great Turnstile, Holborn,
T. Wilkins, No. 23, Aldermanbury,T. Wilkins, No. 23, Aldermanbury,
T. Wilkins, No. 23, Aldermanbury,T. Wilkins, No. 23, Aldermanbury,
T. Wilkins, no. 23, Aldermanbury,T. Wilkins, no. 23, Aldermanbury,
T. Wilkins, No. 23, Aldermanbury,T. Wilkins, No. 23, Aldermanbury,
T. Wilkins, No. 23, Aldermanbury,T. Wilkins, No. 23, Aldermanbury,
T. Wilkins, No. 23, Aldermanbury,T. Wilkins, No. 23, Aldermanbury,
T. Wilkins, No. 23, Aldermanbury,T. Wilkins, No. 23, Aldermanbury,
T. Wilkins, No. 23, Aldermanbury,T. Wilkins, No. 23, Aldermanbury,
T. Wilkins, No. 23, Aldermanbury,T. Wilkins, No. 23, Aldermanbury,
T. Wilkins, No. 45, Cow-Lane, Snow-Hill,T. Wilkins, No. 45, Cow-Lane, Snow-Hill,
T. Williams,T. Williams,
