T. Williams,T. Williams,
T. Williams,T. Williams,
T. Williams ; W. Adlard. London,T. Williams ; W. Adlard. London,
T. Williams, Broadway, Blackfriars,T. Williams, Broadway, Blackfriars,
T. Williams, Little Turnstile, High Holborn,T. Williams, Little Turnstile, High Holborn,
T. Williams, No. 156, Leadenhall Street,T. Williams, No. 156, Leadenhall Street,
T. Williams, No. 2, Cob's Court, Shoemaker-Row, Black-Friars,T. Williams, No. 2, Cob's Court, Shoemaker-Row, Black-Friars,
T. Williams, No. 2, Cob's Court, Shoemaker-Row, Black-Friars,T. Williams, No. 2, Cob's Court, Shoemaker-Row, Black-Friars,
T. Williams, No. 2, Cob's Court, Shoemaker-Row, Black-Friars,T. Williams, No. 2, Cob's Court, Shoemaker-Row, Black-Friars,
T. Williams, No. 3, Little Turnstile, Holborn,T. Williams, No. 3, Little Turnstile, Holborn,
T. Williams, no. 43, nearly opposite Hatton-Street, Holborn,T. Williams, no. 43, nearly opposite Hatton-Street, Holborn,
T. Williams, No. 8, Little Turnstile, Holborn ; W. Adlard. London,T. Williams, No. 8, Little Turnstile, Holborn ; W. Adlard. London,
T. Wilson & R. Spence,T. Wilson ; R. Spence,
T. Wilson & R. Spence, High Ousegate, York ; Thomas Wright,T. Wilson ; R. Spence, High Ousegate, York ; Thomas Wright,
T. Wilson & R. Spence, York,T. Wilson ; R. Spence, York,
T. Wood,T. Wood,
T. Wood,T. Wood,
T. Wood,T. Wood,
T. Wood,T. Wood,
T. Wood ; expence of the Society ; instituted for the abolition of the African slave trade,T. Wood ; expence of Society ; instituted for abolition of African slave trade,
T. Wood ; information of the public,T. Wood ; information of public,
T. Wood ; sold by Messrs. Robinson, No. 25, Paternoster-Row, London,T. Wood ; Messrs. Robinson, No. 25, Paternoster-Row, London,
T. Wood & sold by J. Stockdale, London,T. Wood ; J. Stockdale, London,
T. Wood, on Pride-Hill ; articles of intelligence are received ; whom advertisements,T. Wood, on Pride-Hill ; articles of intelligence are received ; whom advertisements,
T. Wood, on Pride-Hill ; articles of intelligence are received ; whom advertisements,T. Wood, on Pride-Hill ; articles of intelligence are received ; whom advertisements,
T. Wood, on Pride-Hill ; articles of intelligence are received ; whom advertisements,T. Wood, on Pride-Hill ; articles of intelligence are received ; whom advertisements,
T. Wood, on St. John's Hill, near the theatre ; articles of intelligence are received ; whom advertisements,T. Wood, on St. John's Hill, near theatre ; articles of intelligence are received ; whom advertisements,
T. Wood, on St. John's Hill, near the theatre ; articles of intelligence are received ; whom advertisements,T. Wood, on St. John's Hill, near theatre ; articles of intelligence are received ; whom advertisements,
T. Wood, on St. John's-Hill,T. Wood, on St. John's-Hill,
T. Wood, St. John's Hill,T. Wood, St. John's Hill,
T. Woodfall ; illigible ; sold,T. Woodfall ; illigible,
T. Woodfall ; sold,T. Woodfall,
T. Woodfall, No. 104, Drury-Lane ; T.N. Longman, Paternoster-Row,T. Woodfall, No. 104, Drury-Lane ; T.N. Longman, Paternoster-Row,
T. Woodfall, No. 104, Drury-Lane ; T.N. Longman, Paternoster-Row,T. Woodfall, No. 104, Drury-Lane ; T.N. Longman, Paternoster-Row,
T. Wright,T. Wright,
T. Wright,T. Wright,
T. Wright,T. Wright,
T. Wright,T. Wright,
T.A. Pearson ; sold by L.B. Seeley, Paternoster-Row, London,T.A. Pearson ; L.B. Seeley, Paternoster-Row, London,
T.A. Pearson's printing Office,T.A. Pearson's printing Office,
T.A. Pearson's Printing-Office, High-Street,T.A. Pearson's Printing-Office, High-Street,
T.Baker,T.Baker,
T.G. Ballard,T.G. Ballard,
T.G. Ballard, No. 3, Bedford-Court, Covent-Garden,T.G. Ballard, No. 3, Bedford-Court, Covent-Garden,
T.G. Ballard, No. 7, Little May's Buildings, St. Martin's Lane,T.G. Ballard, No. 7, Little May's Buildings, St. Martin's Lane,
T.N. Longman,T.N. Longman,
T.N. Longman,T.N. Longman,
T.N. Longman,T.N. Longman,
T.N. Longman,T.N. Longman,
T.N. Longman,T.N. Longman,
T.N. Longman,T.N. Longman,
T.N. Longman,T.N. Longman,
T.N. Longman,T.N. Longman,
T.N. Longman,T.N. Longman,
T.N. Longman,T.N. Longman,
T.N. Longman ; W. Woodfall,T.N. Longman ; W. Woodfall,
T.N. Longman & O. Rees,T.N. Longman ; O. Rees,
T.N. Longman & O. Rees,T.N. Longman ; O. Rees,
T.N. Longman & O. Rees,T.N. Longman ; O. Rees,
T.N. Longman & O. Rees,T.N. Longman ; O. Rees,
T.N. Longman & O. Rees, No. 39, Paternoster-Row,T.N. Longman ; O. Rees, No. 39, Paternoster-Row,
T.N. Longman & O. Rees, No. 39, Paternoster-Row,T.N. Longman ; O. Rees, No. 39, Paternoster-Row,
T.N. Longman & O. Rees, No. 39, Paternoster-Row,T.N. Longman ; O. Rees, No. 39, Paternoster-Row,
T.N. Longman & O. Rees, NO. 39, Paternoster-Row,T.N. Longman ; O. Rees, NO. 39, Paternoster-Row,
T.N. Longman & O. Rees, No. 39, Paternoster-Row,T.N. Longman ; O. Rees, No. 39, Paternoster-Row,
T.N. Longman & O. Rees, No. 39, Paternoster-Row,T.N. Longman ; O. Rees, No. 39, Paternoster-Row,
T.N. Longman & O. Rees, No. 39, Paternoster-Row,T.N. Longman ; O. Rees, No. 39, Paternoster-Row,
T.N. Longman & O. Rees, Pasternoster-row,T.N. Longman ; O. Rees, Pasternoster-row,
T.N. Longman & O. Rees, Paternoster-Row,T.N. Longman ; O. Rees, Paternoster-Row,
T.N. Longman & O. Rees, Paternoster-Row,T.N. Longman ; O. Rees, Paternoster-Row,
T.N. Longman & O. Rees, Paternoster-Row,T.N. Longman ; O. Rees, Paternoster-Row,
T.N. Longman & O. Rees, Paternoster-Row,T.N. Longman ; O. Rees, Paternoster-Row,
T.N. Longman, London ; sold ; sold by J. Easton,T.N. Longman, London ; J. Easton,
T.N. Longman, No 39, Paternoster-Row,T.N. Longman, No 39, Paternoster-Row,
T.N. Longman, No. 39, Pater-noster Row,T.N. Longman, No. 39, Pater-noster Row,
T.N. Longman, No. 39, Paternoster Row,T.N. Longman, No. 39, Paternoster Row,
T.N. Longman, No. 39, Paternoster Row,T.N. Longman, No. 39, Paternoster Row,
T.N. Longman, No. 39, Paternoster Row,T.N. Longman, No. 39, Paternoster Row,
T.N. Longman, No. 39, Paternoster Row,T.N. Longman, No. 39, Paternoster Row,
T.N. Longman, No. 39, Paternoster Row,T.N. Longman, No. 39, Paternoster Row,
T.N. Longman, No. 39, Paternoster-Row,T.N. Longman, No. 39, Paternoster-Row,
T.N. Longman, No. 39. Pater-Noster-Row ; Tho. Kay, No. 232, strand,T.N. Longman, No. 39. Pater-Noster-Row ; Tho. Kay, No. 232,,
T.N. Longman, Pater Noster-Row,T.N. Longman, Pater Noster-Row,
T.N. Longman, Pater-Noster Row,T.N. Longman, Pater-Noster Row,
T.N. Longman, Pater-Noster Row,T.N. Longman, Pater-Noster Row,
T.N. Longman, Pater-Noster-Row,T.N. Longman, Pater-Noster-Row,
T.N. Longman, Pater-Noster-Row,T.N. Longman, Pater-Noster-Row,
T.N. Longman, Paternoster Row,T.N. Longman, Paternoster Row,
T.N. Longman, Paternoster Row,T.N. Longman, Paternoster Row,
T.N. Longman, Paternoster Row,T.N. Longman, Paternoster Row,
T.N. Longman, Paternoster-Row,T.N. Longman, Paternoster-Row,
T.N. Longman, Paternoster-Row,T.N. Longman, Paternoster-Row,
T.N. Longman, Paternoster-Row,T.N. Longman, Paternoster-Row,
T.N. Longman, Paternoster-Row,T.N. Longman, Paternoster-Row,
T.N. Longman, Paternoster-Row,T.N. Longman, Paternoster-Row,
T.N. Longman, Paternoster-Row,T.N. Longman, Paternoster-Row,
T.N. Longman, Paternoster-Row,T.N. Longman, Paternoster-Row,
T.N. Longman, Paternoster-Row,T.N. Longman, Paternoster-Row,
T.N. Longman, Paternoster-Row,T.N. Longman, Paternoster-Row,
T.N. Longman, Paternoster-Row,T.N. Longman, Paternoster-Row,
T.N. Longman, Paternoster-Row,T.N. Longman, Paternoster-Row,
T.N. Longman, Paternoster-Row,T.N. Longman, Paternoster-Row,
T.N. Longman, Paternoster-Row,T.N. Longman, Paternoster-Row,
T.N. Longman, Paternoster-Row,T.N. Longman, Paternoster-Row,
T.N. Longman, Paternoster-Row,T.N. Longman, Paternoster-Row,
T.N. Longman, Paternoster-Row,T.N. Longman, Paternoster-Row,
T.N. Longman, Paternoster-Row,T.N. Longman, Paternoster-Row,
T.N. Longman, Paternoster-Row, London ; sold by J & W. Eddowes. Sold,T.N. Longman, Paternoster-Row, London ; J ; W. Eddowes. Sold,
T.N. Longman, Paternoster-Row, London ; sold by John Agg,T.N. Longman, Paternoster-Row, London ; John Agg,
T.S. Billopp, Catharine-Place, Lime-Kiln Road, Greenwich,T.S. Billopp, Catharine-Place, Lime-Kiln Road, Greenwich,
Tabernacle Row, near Finsbury-Square. MDCCXCVIII. W. Blackader ; Took's Court, Chancers Lane ; house ; sold by R. Pheney, Inner Temple-Lane,Tabernacle Row, near Finsbury-Square. MDCCXCVIII. W. Blackader ; Took's Court, Chancers Lane ; house ; R. Pheney, Inner Temple-Lane,
Tabernacle, near Moorfields ; sold at the Chapel, Tottenham-Court-Road,Tabernacle, near Moorfields ; at Chapel, Tottenham-Court-Road,
Tabernacle, Near Moorfields ; sold at the Chapel, Tottenham-Court-Road,Tabernacle, Near Moorfields ; at Chapel, Tottenham-Court-Road,
Taylor ; This pamphlet not to be sold ; W. Eyres. MDCCLXXXIX. A few copies to be had gratis of Messrs. Cadell, Johnson, Dilly,Taylor ; This pamphlet not to be ; W. Eyres. MDCCLXXXIX. A few copies to be had gratis of Messrs. Cadell, Johnson, Dilly,
Taylor ; Thompson, Graham ; sold by J. Harrop,Taylor ; Thompson, Graham ; J. Harrop,
Tebaldo Monzani,Tebaldo Monzani,
Tebaldo Monzani,Tebaldo Monzani,
Tebaldo Monzani,Tebaldo Monzani,
ted for John Stockdale, Piccadilly,ted for John Stockdale, Piccadilly,
Temple of Fortune,Temple of Fortune,
Temple of the muses, Finsbury Square,Temple of muses, Finsbury Square,
Tenlon, No. 100, Houndsditch, London ; sold by John White. Sold,Tenlon, No. 100, Houndsditch, London ; John White. Sold,
Terrace, Walworth ; sold,Terrace, Walworth,
Thames Printing-Office, opposite St. Catharine's-Stairs ; me, William Bailey ; severe frost, January,Thames Printing-Office, opposite St. Catharine's-Stairs ; me, William Bailey ; severe frost, January,
Thanet Press ; libraries Margate, Ramsgate ; sold ; sold by J. Warren,Thanet Press ; libraries Margate, Ramsgate ; J. Warren,
Thanet press ; libraries Margate, Ramsgate ; sold ; sold by J. Warren, Duke Street,Thanet press ; libraries Margate, Ramsgate ; J. Warren, Duke Street,
Thanet Printing-Office, Margate ; William Epps,Thanet Printing-Office, Margate ; William Epps,
their authority,their authority,
their authority,their authority,
Thí©ophile Barrois le jeune ; quai des Augustins, No. 18,Thí©ophile Barrois le jeune ; quai des Augustins, No. 18,
Theophilus Barrois ; quai des Augustins, no.18,Theophilus Barrois ; quai des Augustins, no.18,
These ; house, No. 9, Lower Thornhaugh-Street, Bedford-Square, London ; works,These ; house, No. 9, Lower Thornhaugh-Street, Bedford-Square, London ; works,
These ; house, No. 9, Lower Thornhaugh-Street, Bedford-Square, London ; works,These ; house, No. 9, Lower Thornhaugh-Street, Bedford-Square, London ; works,
This copy ; Weir's printing-office, Horncastle ; order of Mr. John Codd,This copy ; Weir's printing-office, Horncastle ; order of Mr. John Codd,
this present year,this present year,
this present year,this present year,
this present year,this present year,
this present year,this present year,
this present year,this present year,
this present year,this present year,
this present year,this present year,
this present year,this present year,
this present year,this present year,
this present year,this present year,
this present year,this present year,
this present year,this present year,
this present year,this present year,
Tho. Bradford ; sold,Tho. Bradford,
Tho. Dring, ad insigne occí_ ; vico vulgo dicto Fleetstreet,Tho. Dring, ad insigne occí_ ; vico vulgo dicto Fleetstreet,
Tho. Walker,Tho. Walker,
Thomas & James Swords, no. 27, William-Street,Thomas ; James Swords, no. 27, William-Street,
Thomas Bensley, Fleet-street, London,Thomas Bensley, Fleet-street, London,
Thomas Billinge at his printing office East Side Lower Castle-street ; West Side Castle street,Thomas Billinge at his printing office East Side Lower Castle-street ; West Side Castle street,
Thomas Billinge, Castle-Street,Thomas Billinge, Castle-Street,
Thomas Brandish,Thomas Brandish,
Thomas Brice, North-street,Thomas Brice, North-street,
Thomas Caesar, Sen,Thomas Caesar, Sen,
Thomas Clio Rickman, Upper Mary-Le-Bone Street,Thomas Clio Rickman, Upper Mary-Le-Bone Street,
Thomas Clout,Thomas Clout,
Thomas Clout,Thomas Clout,
Thomas Clout jun,Thomas Clout Jr.,
Thomas Conder, Bucklersbury, London ; sold by B. Flower,Thomas Conder, Bucklersbury, London ; B. Flower,
Thomas Davison, Black-House-Court, Fleet-Street,Thomas Davison, Black-House-Court, Fleet-Street,
Thomas Egerton, Whitehall,Thomas Egerton, Whitehall,
Thomas Egerton, Whitehall,Thomas Egerton, Whitehall,
Thomas Fisher,Thomas Fisher,
Thomas Fisher,Thomas Fisher,
Thomas Fisher,Thomas Fisher,
Thomas Fisher,Thomas Fisher,
Thomas Fisher,Thomas Fisher,
Thomas Fisher,Thomas Fisher,
Thomas Fisher,Thomas Fisher,
Thomas Fisher,Thomas Fisher,
Thomas Fisher,Thomas Fisher,
Thomas Fisher,Thomas Fisher,
Thomas Fisher,Thomas Fisher,
Thomas Fisher,Thomas Fisher,
Thomas Fisher,Thomas Fisher,
Thomas Fisher,Thomas Fisher,
Thomas Fisher,Thomas Fisher,
Thomas Fisher,Thomas Fisher,
Thomas Fisher,Thomas Fisher,
Thomas Fisher,Thomas Fisher,
Thomas Fisher,Thomas Fisher,
Thomas Fisher,Thomas Fisher,
Thomas Fisher,Thomas Fisher,
Thomas Fisher,Thomas Fisher,
Thomas Fisher,Thomas Fisher,
Thomas Fisher,Thomas Fisher,
Thomas Fisher,Thomas Fisher,
Thomas Fisher,Thomas Fisher,
Thomas Fisher,Thomas Fisher,
Thomas Fisher,Thomas Fisher,
Thomas Fisher,Thomas Fisher,
Thomas Fisher,Thomas Fisher,
Thomas Fisher,Thomas Fisher,
Thomas Fisher,Thomas Fisher,
Thomas Fisher,Thomas Fisher,
Thomas Fisher,Thomas Fisher,
Thomas Fisher,Thomas Fisher,
Thomas Fisher,Thomas Fisher,
Thomas Fisher,Thomas Fisher,
Thomas Fisher,Thomas Fisher,
Thomas Fisher,Thomas Fisher,
Thomas Fisher,Thomas Fisher,
Thomas Fisher,Thomas Fisher,
Thomas Fisher,Thomas Fisher,
Thomas Fisher,Thomas Fisher,
Thomas Fisher,Thomas Fisher,
Thomas Fisher,Thomas Fisher,
Thomas Fisher,Thomas Fisher,
Thomas Fisher,Thomas Fisher,
Thomas Fisher,Thomas Fisher,
Thomas Fisher,Thomas Fisher,
Thomas Fisher,Thomas Fisher,
Thomas Fisher?c1790,Thomas Fisher?c1790,
Thomas Fisher?c1790,Thomas Fisher?c1790,
Thomas Gill,Thomas Gill,
Thomas Gill,Thomas Gill,
Thomas Gill,Thomas Gill,
Thomas Gill,Thomas Gill,
Thomas Gill,Thomas Gill,
Thomas Gill,Thomas Gill,
Thomas Gill,Thomas Gill,
Thomas Gill,Thomas Gill,
Thomas Gill,Thomas Gill,
Thomas Gill,Thomas Gill,
Thomas Gill,Thomas Gill,
Thomas Gill,Thomas Gill,
Thomas Gill,Thomas Gill,
Thomas Gill,Thomas Gill,
Thomas Gill,Thomas Gill,
Thomas Gill,Thomas Gill,
Thomas Gill,Thomas Gill,
Thomas Gill,Thomas Gill,
Thomas Gillet, Crown-Court, Fleet-Street. Advertisements are received by Thomas Chapman, no. 151, Fleet-Street,Thomas Gillet, Crown-Court, Fleet-Street. Advertisements are received Thomas Chapman, no. 151, Fleet-Street,
Thomas Greenleaf,Thomas Greenleaf,
Thomas Greenleaf,Thomas Greenleaf,
Thomas Hannam, near the Methodist-Chapel ; sold by J. Binns,Thomas Hannam, near Methodist-Chapel ; J. Binns,
Thomas Johnson,Thomas Johnson,
Thomas Kay, No. 332, opposite Somerset House, Strand ; W. Creech, Edinburgh,Thomas Kay, No. 332, opposite Somerset House, ; W. Creech,
Thomas Kay, No. 332, opposite Somerset House, Strand ; W. Creech, Edinburgh,Thomas Kay, No. 332, opposite Somerset House, ; W. Creech,
Thomas Kelly 17 Paternoster Row,Thomas Kelly 17 Paternoster Row,
Thomas King & Henry Chapman,Thomas King ; Henry Chapman,
Thomas Kirgate at Strawberry Hill,Thomas Kirgate at Strawberry Hill,
Thomas Kirgate at Strawberry Hill,Thomas Kirgate at Strawberry Hill,
Thomas Kirgate at Strawberry Hill,Thomas Kirgate at Strawberry Hill,
Thomas Kirgate at Strawberry Hill,Thomas Kirgate at Strawberry Hill,
Thomas Kirgate at Strawberry-Hill,Thomas Kirgate at Strawberry-Hill,
Thomas Knott, jun,Thomas Knott, Jr.,
Thomas Lee,Thomas Lee,
Thomas Lee,Thomas Lee,
Thomas Lee,Thomas Lee,
Thomas Lee,Thomas Lee,
Thomas Lee,Thomas Lee,
Thomas Lee,Thomas Lee,
Thomas Lee ; paper-manufacturers ; patent medicine warehouse in Scale-Lane, Hull ; their printing-office, paper,Thomas Lee ; paper-manufacturers ; patent medicine warehouse Scale-Lane, Hull ; their printing-office, paper,
Thomas Lee ; sold by W. Bell, E. Foster,Thomas Lee ; W. Bell, E. Foster,
Thomas Lockett,Thomas Lockett,
Thomas Martin,Thomas Martin,
Thomas Martin,Thomas Martin,
Thomas Martin,Thomas Martin,
Thomas Martin,Thomas Martin,
Thomas Martin,Thomas Martin,
Thomas Martin,Thomas Martin,
Thomas Martin,Thomas Martin,
Thomas Martin ; bookbinder & letter-case maker, No. 76, Wood Street, Cheapside,Thomas Martin ; bookbinder ; letter-case maker, No. 76, Wood Street, Cheapside,
Thomas Martin, London,Thomas Martin, London,
Thomas Martin, No. 76, Wood Street,Thomas Martin, No. 76, Wood Street,
Thomas Martin, No. 76, Wood-Street, Cheapside,Thomas Martin, No. 76, Wood-Street, Cheapside,
Thomas Martin, no. 76, Wood-street, Cheapside, London,Thomas Martin, no. 76, Wood-street, Cheapside, London,
Thomas Martin, No. 76, Wood-Street, Cheapside, London,Thomas Martin, No. 76, Wood-Street, Cheapside, London,
Thomas Martyn ; house ; sold,Thomas Martyn ; house,
Thomas Mason,Thomas Mason,
Thomas North, Little Tower Street,Thomas North, Little Tower Street,
Thomas Parker,Thomas Parker,
Thomas Parker,Thomas Parker,
Thomas Parker,Thomas Parker,
Thomas Parker, No. 71, Wood Street,Thomas Parker, No. 71, Wood Street,
Thomas Parker, No. 71, Wood-Street, Cheapside,Thomas Parker, No. 71, Wood-Street, Cheapside,
Thomas Payne,Thomas Payne,
Thomas Payne, near the Mews Gate,Thomas Payne, near Mews Gate,
Thomas Payne, near the Mews Gate, St. Martin's,Thomas Payne, near Mews Gate, St. Martin's,
Thomas Payne, Next the Mews-Gate, Castle-Street, St. Martin's,Thomas Payne, Next Mews-Gate, Castle-Street, St. Martin's,
Thomas Pearson,Thomas Pearson,
Thomas Pearson,Thomas Pearson,
Thomas Pearson,Thomas Pearson,
Thomas Pearson,Thomas Pearson,
Thomas Pearson,Thomas Pearson,
Thomas Pearson,Thomas Pearson,
Thomas Pearson,Thomas Pearson,
Thomas Pearson,Thomas Pearson,
Thomas Pearson,Thomas Pearson,
Thomas Pearson,Thomas Pearson,
Thomas Pearson,Thomas Pearson,
Thomas Pearson,Thomas Pearson,
Thomas Pearson,Thomas Pearson,
Thomas Pearson,Thomas Pearson,
Thomas Pearson,Thomas Pearson,
Thomas Pearson,Thomas Pearson,
Thomas Pearson,Thomas Pearson,
Thomas Pearson,Thomas Pearson,
Thomas Pearson,Thomas Pearson,
Thomas Pearson,Thomas Pearson,
Thomas Pearson,Thomas Pearson,
Thomas Pearson,Thomas Pearson,
Thomas Pearson,Thomas Pearson,
Thomas Pearson,Thomas Pearson,
Thomas Pearson,Thomas Pearson,
Thomas Pearson,Thomas Pearson,
Thomas Pearson,Thomas Pearson,
Thomas Pearson,Thomas Pearson,
Thomas Pearson,Thomas Pearson,
Thomas Pearson,Thomas Pearson,
Thomas Pearson ; sold,Thomas Pearson,
Thomas Pearson ; sold,Thomas Pearson,
Thomas Pearson ; sold,Thomas Pearson,
Thomas Pearson ; sold,Thomas Pearson,
Thomas Pearson ; sold by B. Law, London,Thomas Pearson ; B. Law, London,
Thomas Pearson ; sold by J. Johnson, St. Paul's Church-Yard, London,Thomas Pearson ; J. Johnson, St. Paul's Church-Yard, London,
Thomas Pearson ; sold by J. Johnson, St. Paul's Church-Yard, London,Thomas Pearson ; J. Johnson, St. Paul's Church-Yard, London,
Thomas Pearson ; sold by J. Johnson, St. Paul's Church-Yard, London,Thomas Pearson ; J. Johnson, St. Paul's Church-Yard, London,
Thomas Pearson ; sold by J. Johnson, St. Paul's Church-Yard, London,Thomas Pearson ; J. Johnson, St. Paul's Church-Yard, London,
Thomas Pearson ; sold by J. Johnson, St. Paul's Church-Yard, London,Thomas Pearson ; J. Johnson, St. Paul's Church-Yard, London,
Thomas Pearson ; sold by J. Johnson, St. Paul's Church-Yard, London,Thomas Pearson ; J. Johnson, St. Paul's Church-Yard, London,
Thomas Pearson ; sold by J. Johnson, St. Paul's Church-Yard, London,Thomas Pearson ; J. Johnson, St. Paul's Church-Yard, London,
Thomas Pearson ; sold by R. Baldwin, London,Thomas Pearson ; R. Baldwin, London,
Thomas Pearson ; sold by R. Baldwin, Pater-Noster Row London,Thomas Pearson ; R. Baldwin, Pater-Noster Row London,
Thomas Pearson ; sold by R. Baldwin, Pater-Noster Row, London,Thomas Pearson ; R. Baldwin, Pater-Noster Row, London,
Thomas Pearson ; sold by R. Baldwin, Pater-Noster Row, London,Thomas Pearson ; R. Baldwin, Pater-Noster Row, London,
Thomas Pearson ; sold by R. Baldwin, Pater-Noster Row, London,Thomas Pearson ; R. Baldwin, Pater-Noster Row, London,
Thomas Pearson ; sold by R. Baldwin, Pater-Noster Row, London,Thomas Pearson ; R. Baldwin, Pater-Noster Row, London,
Thomas Pearson ; sold by R. Baldwin, Pater-Noster Row, London,Thomas Pearson ; R. Baldwin, Pater-Noster Row, London,
Thomas Pearson. For J. Johnson, No. 72, St. Paul's Church Yard, London,Thomas Pearson. For J. Johnson, No. 72, St. Paul's Church Yard, London,
Thomas Pearson. Sold by J. Johnson, St. Paul's Church-Yard, London,Thomas Pearson. Sold J. Johnson, St. Paul's Church-Yard, London,
Thomas Pearson. Sold by R. Baldwin, No. 47, Pater-Noster Row, London,Thomas Pearson. Sold R. Baldwin, No. 47, Pater-Noster Row, London,
Thomas Phipson,Thomas Phipson,
Thomas Reeve,Thomas Reeve,
Thomas Sanderson,Thomas Sanderson,
Thomas Sanderson,Thomas Sanderson,
Thomas Smart,Thomas Smart,
Thomas Spence, no. 8, Little-Turnstile, High Holborn,Thomas Spence, no. 8, Little-Turnstile, High Holborn,
Thomas Stewart,Thomas Stewart,
Thomas Taylor,Thomas Taylor,
Thomas Walker,Thomas Walker,
Thomas Waller,Thomas Waller,
Thomas Webster,Thomas Webster,
Thomas Webster,Thomas Webster,
Thomas Webster,Thomas Webster,
Thomas Wiche, No. 12, Beech-Street, Barbican,Thomas Wiche, No. 12, Beech-Street, Barbican,
Thomas Wiche, No. 12, Beech-Street, Chiswell-Street,Thomas Wiche, No. 12, Beech-Street, Chiswell-Street,
Thomas Wilkins, No. 11. Great Turnstile Holborn ; sold,Thomas Wilkins, No. 11. Great Turnstile Holborn,
Thomas Wilson & Robert Spence, High-Ousegate,Thomas Wilson ; Robert Spence, High-Ousegate,
Thomas Wilson & Robert Spence, High-Ousegate ; sold,Thomas Wilson ; Robert Spence, High-Ousegate,
Thomas Wilson & Robert Spence, High-Ousegate. Anno,Thomas Wilson ; Robert Spence, High-Ousegate. Anno,
Thomas Wilson & Robert Spence. Sold by Vernor & Hood, London ; Wilson & Spence, York, M. Turner, Beverley,Thomas Wilson ; Robert Spence. Sold Vernor ; Hood, London ; Wilson ; Spence, York, M. Turner, Beverley,
Thomas Wood,Thomas Wood,
Thomas Wright,Thomas Wright,
Thomas Wright,Thomas Wright,
Thomas Wright,Thomas Wright,
Thomas Wright,Thomas Wright,
Thomas Wright,Thomas Wright,
Thomas Wright,Thomas Wright,
Thomas Wright,Thomas Wright,
Thomas Wright,Thomas Wright,
Thomas Wright,Thomas Wright,
Thomas Wright,Thomas Wright,
Thomas Wright ; most ; shops in the adjoining counties,Thomas Wright ; most ; shops adjoining counties,
Thomas Wright ; sold at his office, New-Street End,Thomas Wright ; at his office, New-Street End,
Thomas Wright, no. 4, Peterborough Court, Fleet-street ; communications intended for this paper will be received ; where advertisements,Thomas Wright, no. 4, Peterborough Court, Fleet-street ; communications intended for this paper will be received ; where advertisements,
Thomson & Ferris ; press,Thomson ; Ferris ; press,
Thorn ; sold for Payne, Faulder, Rivington,Thorn ; for Payne, Faulder, Rivington,
Thornill & Sheppard,Thornill ; Sheppard,
Thos. Phipson,Thos. Phipson,
Tim Dignam,Tim Dignam,
Timothy Harding,Timothy Harding,
Tindal, No. 112, Great Portland-Street ; sold by Carpenter, No. 12, Fleet-Street,Tindal, No. 112, Great Portland-Street ; Carpenter, No. 12, Fleet-Street,
Token House-Yard ; William Prince's ; subscription every Friday,Token House-Yard ; William Prince's ; subscription every Friday,
Tomahawk Office, No. 240, Strand, near Temple Bar,Tomahawk Office, No. 240, Strand, near Temple Bar,
Tomaso Pearson, e vendonsi parimente da R. Baldwin, Londra,Tomaso Pearson, e vendonsi parimente da R. Baldwin, Londra,
Tomkins,Tomkins,
TonsonStrand,TonsonStrand,
Tooke's Court, Chancery Lane ; W. Blackader ; W. Stewart, No. 194, opposite york house, Piccadilly,Tooke's Court, Chancery Lane ; W. Blackader ; W. Stewart, No. 194, opposite york house, Piccadilly,
tous les libraires d 'Oxford,tous les libraires d 'Oxford,
traveling,traveling,
traveling,traveling,
travelling,travelling,
travelling,travelling,
travelling,travelling,
travelling,travelling,
travelling,travelling,
travelling,travelling,
travelling,travelling,
travelling,travelling,
travelling,travelling,
travelling,travelling,
travelling,travelling,
travelling,travelling,
travelling,travelling,
travelling,travelling,
travelling,travelling,
travelling,travelling,
travelling station,travelling station,
Treen,Treen,
Tregoning,Tregoning,
Tregoning & Philp, Truro,Tregoning ; Philp, Truro,
Trewman,Trewman,
Trewman,Trewman,
Trewman,Trewman,
Trewman & Haydon,Trewman ; Haydon,
Trewmans,Trewmans,
Trewmans,Trewmans,
trouve íæ Londres chez J. de Boffe,trouve íæ Londres chez J. de Boffe,
trouve íæ Paris chez Merigot,trouve íæ Paris chez Merigot,
trouve íæ Paris, chí©s les libraires nommí©s en tíÈte du,trouve íæ Paris, chí©s les libraires nommí©s en tíÈte du,
trouve chez de Boffe, Libraire, Gerrard-Street, Soho-Square,trouve chez de Boffe, Libraire, Gerrard-Street, Soho-Square,
trouve chez J. Debrett, Libraire, Piccadilly. aoíét,trouve chez J. Debrett, Libraire, Piccadilly. aoíét,
trouve chez J. Debrett, Libraire, vis-a-vis L'Hotel de Burlington, Piccadilly,trouve chez J. Debrett, Libraire, vis-a-vis L'Hotel de Burlington, Piccadilly,
trouve chez J. Wright, No. 169, Piccadilly,trouve chez J. Wright, No. 169, Piccadilly,
trouve chez l'auteur,trouve chez l'auteur,
trovasi in Firenze presso Luigi Carlieri Librajo in Via de' Guicciardini,trovasi Firenze presso Luigi Carlieri Librajo Via de' Guicciardini,
Trovasi vendibile da Francesco Andreola,Trovasi vendibile da Francesco Andreola,
Trueman ; sold by R. Faulder, New Bond Street, Harding, Croydon,Trueman ; R. Faulder, New Bond Street, Harding, Croydon,
trustrees,trustrees,
Turner,Turner,
Turner,Turner,
Turner,Turner,
Turner,Turner,
typographeo Clarendoniano,typographeo Clarendoniano,
typographeo Clarendoniano,typographeo Clarendoniano,
typographeo Clarendoniano,typographeo Clarendoniano,
typographeo Clarendoniano,typographeo Clarendoniano,
typographeo Clarendoniano,typographeo Clarendoniano,
Typographeo Clarendoniano,Typographeo Clarendoniano,
Typographeo Clarendoniano,Typographeo Clarendoniano,
typographeo Clarendoniano,typographeo Clarendoniano,
Typographeo Clarendoniano,Typographeo Clarendoniano,
typographeo Clarendoniano,typographeo Clarendoniano,
typographeo Clarendoniano,typographeo Clarendoniano,
Typographeo clarendoniano,Typographeo clarendoniano,
typographeo clarendoniano,typographeo clarendoniano,
typographeo Clarendoniano,typographeo Clarendoniano,
typographeo Clarendoniano,typographeo Clarendoniano,
typographeo Clarendoniano,typographeo Clarendoniano,
typographeo Clarendoniano,typographeo Clarendoniano,
typographeo Clarendoniano,typographeo Clarendoniano,
typographeo J. Nichols. Veneunt apud W. Clarke,typographeo J. Nichols. Veneunt apud W. Clarke,
United,United,
United Kingdoms ; W. Barrett, 7. Monkwell-Street, Capplegate,United Kingdoms ; W. Barrett, 7. Monkwell-Street, Capplegate,
United Kingdoms ; W. Charnly, Newcastle ; W. Creech, Esq ; W. Phorson ; sold by B,United Kingdoms ; W. Charnly, Newcastle ; W. Creech, Esq ; W. Phorson ; B,
University Press ; sold by John Deighton, Cambridge,University Press ; John Deighton, Cambridge,
University Press ; W. Hilliard,University Press ; W. Hilliard,
Upham, Mount Street, Grosvenor Square,Upham, Mount Street, Grosvenor Square,
use of a society,use of a society,
use of the Society,use of Society,
V & R. Green ; l'imprimerie de T. Spilsbury. A Londres,V ; R. Green ; l'imprimerie de T. Spilsbury. A Londres,
V & R. Green, Newman-street, Oxford-road, London,V ; R. Green, Newman-street, Oxford-road, London,
V. Griffiths,V. Griffiths,
V. Griffiths,V. Griffiths,
V. Griffiths,V. Griffiths,
V. Griffiths,V. Griffiths,
V. Griffiths ; W. Row ; sold by J. Parsons,V. Griffiths ; W. Row ; J. Parsons,
V. Griffiths No. 169, Strand ; W. Miller, Old Bond-Street,V. Griffiths No. 169, ; W. Miller, Old Bond-Street,
V. Griffiths, No. 169, Strand,V. Griffiths, No. 169,,
V. Griffiths, No. 169, Strand ; W. Miller, Old Bond-Street,V. Griffiths, No. 169, ; W. Miller, Old Bond-Street,
V. Griffiths, Paternoster-Row,V. Griffiths, Paternoster-Row,
V.R. Green,V.R. Green,
Vaillant, W. Strahan, J. F & C. Rivington, R. Horsfield, Clarke,Vaillant, W. Strahan, J. F ; C. Rivington, R. Horsfield, Clarke,
Valentine Derry,Valentine Derry,
Vaughan Griffiths, Paternoster-Row,Vaughan Griffiths, Paternoster-Row,
Venales prostant apud bibliopolas. Typis D. Buchanani, Monteresarum,Venales prostant apud bibliopolas. Typis D. Buchanani, Monteresarum,
venalis prostat apud J. Johnson, ad aedes divi Pauli,venalis prostat apud J. Johnson, ad aedes divi Pauli,
vende dai Molini in Hay market,vende dai Molini Hay market,
vendono in Cockspur Street, No. 12,vendono Cockspur Street, No. 12,
vendono presso l'editore, NO. 42, Broad-Street Carnaby Market, e presso Duleau e Co. In Wardour Street, Soho,vendono presso l'editore, NO. 42, Broad-Street Carnaby Market, e presso Duleau e Co. In Wardour Street, Soho,
vendu par Jean Marshall,vendu par Jean Marshall,
vendu par Jean Marshall, No.4, Aldermary Church-Yard, Bow-Lane, & No.17, Queen-Street, Cheapside,vendu par Jean Marshall, No.4, Aldermary Church-Yard, Bow-Lane, ; No.17, Queen-Street, Cheapside,
Vernor & Hood,Vernor ; Hood,
Vernor & Hood,Vernor ; Hood,
Vernor & Hood,Vernor ; Hood,
Vernor & Hood,Vernor ; Hood,
Vernor & Hood,Vernor ; Hood,
Vernor & Hood,Vernor ; Hood,
Vernor & Hood,Vernor ; Hood,
Vernor & Hood,Vernor ; Hood,
Vernor & Hood,Vernor ; Hood,
Vernor & Hood,Vernor ; Hood,
Vernor & Hood,Vernor ; Hood,
Vernor & Hood,Vernor ; Hood,
Vernor & Hood,Vernor ; Hood,
Vernor & Hood,Vernor ; Hood,
Vernor & Hood,Vernor ; Hood,
Vernor & Hood ; sold by E. Newbery,Vernor ; Hood ; E. Newbery,
Vernor & Hood ; toy-shop in the kingdom,Vernor ; Hood ; toy-shop kingdom,
Vernor & Hood ; W. Rawson, Hull,Vernor ; Hood ; W. Rawson, Hull,
Vernor & Hood, 31 Poultry,Vernor ; Hood, 31 Poultry,
Vernor & Hood, Birchin Lane,Vernor ; Hood, Birchin Lane,
Vernor & Hood, Birchin Lane, Cornhill,Vernor ; Hood, Birchin Lane, Cornhill,
Vernor & Hood, Birchin Lane, Cornhill,Vernor ; Hood, Birchin Lane, Cornhill,
Vernor & Hood, Birchin Lane, Cornhill,Vernor ; Hood, Birchin Lane, Cornhill,
Vernor & Hood, Birchin Lane, Cornhill,Vernor ; Hood, Birchin Lane, Cornhill,
Vernor & Hood, Birchin Lane, Cornhill,Vernor ; Hood, Birchin Lane, Cornhill,
Vernor & Hood, Birchin Lane, Cornhill,Vernor ; Hood, Birchin Lane, Cornhill,
Vernor & Hood, Birchin Lane, Cornhill,Vernor ; Hood, Birchin Lane, Cornhill,
Vernor & Hood, Birchin Lane, Cornhill,Vernor ; Hood, Birchin Lane, Cornhill,
Vernor & Hood, Birchin Lane, Cornhill,Vernor ; Hood, Birchin Lane, Cornhill,
Vernor & Hood, Birchin lane, Cornhill,Vernor ; Hood, Birchin lane, Cornhill,
Vernor & Hood, Birchin-Lane,Vernor ; Hood, Birchin-Lane,
Vernor & Hood, Birchin-Lane,Vernor ; Hood, Birchin-Lane,
Vernor & Hood, Birchin-Lane,Vernor ; Hood, Birchin-Lane,
Vernor & Hood, Birchin-Lane,Vernor ; Hood, Birchin-Lane,
Vernor & Hood, Birchin-Lane, Cornhill,Vernor ; Hood, Birchin-Lane, Cornhill,
Vernor & Hood, Birchin-Lane, Cornhill,Vernor ; Hood, Birchin-Lane, Cornhill,
Vernor & Hood, Birchin-Lane, London ; sold by Crane & Jones, Castle-Street,Vernor ; Hood, Birchin-Lane, London ; Crane ; Jones, Castle-Street,
Vernor & Hood, Crosby & Letterman, London ; sold by Brook & Lancashire. Sold,Vernor ; Hood, Crosby ; Letterman, London ; Brook ; Lancashire. Sold,
Vernor & Hood, Dec,Vernor ; Hood, Dec,
Vernor & Hood, London ; benefit of an emigrant ecclesiastic ; sold ; sold by S. Hazard,Vernor ; Hood, London ; benefit of an emigrant ecclesiastic ; S. Hazard,
Vernor & Hood, London ; sold ; sold by Brook & Lancashire,Vernor ; Hood, London ; Brook ; Lancashire,
Vernor & Hood, London ; sold ; sold by S. Woolmer, Exeter,Vernor ; Hood, London ; S. Woolmer, Exeter,
Vernor & Hood, London ; sold by S. Woolmer, sold,Vernor ; Hood, London ; S. Woolmer,,
Vernor & Hood, No. 10, Birchin Lane,Vernor ; Hood, No. 10, Birchin Lane,
Vernor & Hood, No. 19, Poultry ; sold by J. Hatchard, Piccadilly,Vernor ; Hood, No. 19, Poultry ; J. Hatchard, Piccadilly,
Vernor & Hood, NO. 31, Poultry,Vernor ; Hood, NO. 31, Poultry,
Vernor & Hood, No. 31, Poultry,Vernor ; Hood, No. 31, Poultry,
Vernor & Hood, No. 31, Poultry,Vernor ; Hood, No. 31, Poultry,
Vernor & Hood, No. 31, Poultry,Vernor ; Hood, No. 31, Poultry,
Vernor & Hood, No. 31, Poultry,Vernor ; Hood, No. 31, Poultry,
Vernor & Hood, No. 31, Poultry,Vernor ; Hood, No. 31, Poultry,
Vernor & Hood, No. 31, Poultry,Vernor ; Hood, No. 31, Poultry,
Vernor & Hood, No. 31, Poultry,Vernor ; Hood, No. 31, Poultry,
Vernor & Hood, No. 31, Poultry,Vernor ; Hood, No. 31, Poultry,
Vernor & Hood, No. 31, Poultry,Vernor ; Hood, No. 31, Poultry,
Vernor & Hood, No. 31, Poultry,Vernor ; Hood, No. 31, Poultry,
Vernor & Hood, NO. 31, Poultry,Vernor ; Hood, NO. 31, Poultry,
Vernor & Hood, No. 31, Poultry,Vernor ; Hood, No. 31, Poultry,
Vernor & Hood, No. 31, Poultry,Vernor ; Hood, No. 31, Poultry,
Vernor & Hood, Ogilvy & Speare, & T. Boosey,Vernor ; Hood, Ogilvy ; Speare, ; T. Boosey,
Vernor & Hood, Poultry,Vernor ; Hood, Poultry,
Vernor & Hood, Poultry,Vernor ; Hood, Poultry,
Vernor & Hood, Poultry,Vernor ; Hood, Poultry,
Vernor & Hood, Poultry, London ; sold ; sold by S. Hazard,Vernor ; Hood, Poultry, London ; S. Hazard,
Vernor & Hood, Poultry, London ; sold ; sold by S. Hazard,Vernor ; Hood, Poultry, London ; S. Hazard,
Vernor & Hood, Poultry, London ; sold ; sold by S. Hazard,Vernor ; Hood, Poultry, London ; S. Hazard,
Vernor & Hood, T. Boosey, Darton & Harvey, & A. Dulau,Vernor ; Hood, T. Boosey, Darton ; Harvey, ; A. Dulau,
Vernor & Hood. Febr. 18th,Vernor ; Hood. Febr. 18th,
W & A. Lee,W ; A. Lee,
W & A. Lee,W ; A. Lee,
W & A. Lee,W ; A. Lee,
W & A. Lee,W ; A. Lee,
W & A. Lee,W ; A. Lee,
W & A. Lee,W ; A. Lee,
W & A. Lee,W ; A. Lee,
W & A. Lee,W ; A. Lee,
W & A. Lee,W ; A. Lee,
W & A. Lee,W ; A. Lee,
W & A. Lee,W ; A. Lee,
W & A. Lee,W ; A. Lee,
W & A. Lee,W ; A. Lee,
W & A. Lee,W ; A. Lee,
W & A. Lee,W ; A. Lee,
W & A. Lee,W ; A. Lee,
W & A. Lee,W ; A. Lee,
W & A. Lee,W ; A. Lee,
W & A. Lee,W ; A. Lee,
W & A. Lee,W ; A. Lee,
W & A. Lee,W ; A. Lee,
W & A. Lee,W ; A. Lee,
W & A. Lee ; W. Lee, Lewes ; sold by J.F & C. Rivington, ST. Paul's Church-Yard, London,W ; A. Lee ; W. Lee, Lewes ; J.F ; C. Rivington, ST. Paul's Church-Yard, London,
W & C. Spilsbury ; sold by J. Butterworth, No. 43, Fleet-Street,W ; C. Spilsbury ; J. Butterworth, No. 43, Fleet-Street,
W & C. Spilsbury, Snow-Hill ; West & Hughes, No 40, Paternoster-Row ; sold,W ; C. Spilsbury, Snow-Hill ; West ; Hughes, No 40, Paternoster-Row,
W & C. Spilsbury, Snow-Hill ; West & Hughes, no. 40, Paternoster-Row ; sold,W ; C. Spilsbury, Snow-Hill ; West ; Hughes, no. 40, Paternoster-Row,
W & C. Spilsbury, Snowhill,W ; C. Spilsbury, Snowhill,
W & E. Hall,W ; E. Hall,
W & J. Shelmerdine,W ; J. Shelmerdine,
W & J. Shelmerdine,W ; J. Shelmerdine,
W & J. Shelmerdine,W ; J. Shelmerdine,
W & J. Shelmerdise,W ; J. Shelmerdise,
W & J. Stratford,W ; J. Stratford,
W & J. Stratford,W ; J. Stratford,
W & J. Stratford,W ; J. Stratford,
W & J. Stratford,W ; J. Stratford,
W & J. Stratford, Holborn-Hill,W ; J. Stratford, Holborn-Hill,
W & J. Stratford, No. 112, Holborn-Hill,W ; J. Stratford, No. 112, Holborn-Hill,
W & J. Stratford, No. 112, Holborn-Hill,W ; J. Stratford, No. 112, Holborn-Hill,
W & J. Stratford, No. 112, Holborn-Hill,W ; J. Stratford, No. 112, Holborn-Hill,
W & J. Stratford, No. 112, Holborn-Hill,W ; J. Stratford, No. 112, Holborn-Hill,
W & J. Stratford, No. 112, Holborn-Hill,W ; J. Stratford, No. 112, Holborn-Hill,
W & J. Stratford, No. 112, Holborn-Hill,W ; J. Stratford, No. 112, Holborn-Hill,
W & J. Stratford, No. 112, Holborn-Hill,W ; J. Stratford, No. 112, Holborn-Hill,
W & J. Stratford, No. 112, Holborn-Hill ; W. Smith, King-Street, Seven-Dials ; sold by J. Mathews, No. 18, Strand,W ; J. Stratford, No. 112, Holborn-Hill ; W. Smith, King-Street, Seven-Dials ; J. Mathews, No. 18,,
W & J. Stratford, NO. 112, Near Hatton-Garden, Holborn,W ; J. Stratford, NO. 112, Near Hatton-Garden, Holborn,
W & J. Stratford, no.112, Holborn-Hill,W ; J. Stratford, no.112, Holborn-Hill,
W & S. Jones, No. 135, Holborn,W ; S. Jones, No. 135, Holborn,
W & T. Cowdroy,W ; T. Cowdroy,
W & T. Cowdroy,W ; T. Cowdroy,
W & W. Ginger,W ; W. Ginger,
W Blake,W Blake,
W Blake,W Blake,
W Blake,W Blake,
W Blake,W Blake,
W Blake,W Blake,
W Blake,W Blake,
W Cooper for Nathaniel Frobisher In The Pavement, York,W Cooper for Nathaniel Frobisher In The Pavement, York,
W. & C. Spilsbury ; sold by J. Debrett & J. Wright, J. de Boffe, L'Homme, & W.J. & J Richardson,W. ; C. Spilsbury ; J. Debrett ; J. Wright, J. de Boffe, L'Homme, ; W.J. ; J Richardson,
W. & J. Shelmerdine,W. ; J. Shelmerdine,
W. & J. Shelmerdine,W. ; J. Shelmerdine,
W. & J. Shelmerdine,W. ; J. Shelmerdine,
W. & J. Shelmerdine,W. ; J. Shelmerdine,
W. & J. Shelmerdine,W. ; J. Shelmerdine,
W. & J. Shelmerdine,W. ; J. Shelmerdine,
W. & J. Shelmerdine,W. ; J. Shelmerdine,
W. & J. Stratford, Holborn-Hill ; sold by T. Hookham, New-Bond-Street,W. ; J. Stratford, Holborn-Hill ; T. Hookham, New-Bond-Street,
W. & J. Stratford, Holborn-Hill ; sold by T. Hookham, New-Bond-Street,W. ; J. Stratford, Holborn-Hill ; T. Hookham, New-Bond-Street,
W. & J. Stratford, no. 112 Holborn Hill,W. ; J. Stratford, no. 112 Holborn Hill,
W. & J. Stratford, no. 112, near Hatton-Garden, Holborn,W. ; J. Stratford, no. 112, near Hatton-Garden, Holborn,
W. & T. Bailey, Bishopsgate-Street,W. ; T. Bailey, Bishopsgate-Street,
W. & T. Bailey, No. 50, Bishopsgate,W. ; T. Bailey, No. 50, Bishopsgate,
W. & T. Bailey, No. 50, Bishopsgate within, London,W. ; T. Bailey, No. 50, Bishopsgate within, London,
W. Adlard, Rue Menilmontant. London ; sold,W. Adlard, Rue Menilmontant. London,
W. Allen,W. Allen,
W. Allen,W. Allen,
W. Angus, Gwynne's Buildings, Islington, Feby,W. Angus, Gwynne's Buildings, Islington, Feby,
W. Appleton,W. Appleton,
W. Appleton,W. Appleton,
W. Armstrong,W. Armstrong,
W. Ash, Little Tower Street & L. Wayland, Middle-Row, Holborn ; sold by W. Button, Newington-Causey,W. Ash, Little Tower Street ; L. Wayland, Middle-Row, Holborn ; W. Button, Newington-Causey,
W. Ash, London ; sold ; sold by W. Brackett,W. Ash, London ; W. Brackett,
W. Bacon,W. Bacon,
W. Bacon,W. Bacon,
W. Bailey,W. Bailey,
W. Bailey,W. Bailey,
W. Bailey,W. Bailey,
W. Bailey, No. 42, Bishopsgate ; sold by L. I. Higham, No 2, Ray-street, Clerkenwell,W. Bailey, No. 42, Bishopsgate ; L. I. Higham, No 2, Ray-street, Clerkenwell,
W. Bailey, No. 42, Bishopsgate ; sold by L. I. Higham, No. 2, Ray-street, Clerkenwell,W. Bailey, No. 42, Bishopsgate ; L. I. Higham, No. 2, Ray-street, Clerkenwell,
W. Bailey, No. 42, Bishopsgate ; sold by L. I. Higham, Ray-street, Clerkenwell,W. Bailey, No. 42, Bishopsgate ; L. I. Higham, Ray-street, Clerkenwell,
W. Barker,W. Barker,
W. Barnes,W. Barnes,
W. Battersby, No 133, Bishopgate-Street,W. Battersby, No 133, Bishopgate-Street,
W. Baynes,W. Baynes,
W. Baynes,W. Baynes,
W. Baynes,W. Baynes,
W. Baynes,W. Baynes,
W. Baynes,W. Baynes,
W. Baynes & J. Catnach, Alnwick,W. Baynes ; J. Catnach, Alnwick,
W. Baynes Paternoster-Row,W. Baynes Paternoster-Row,
W. Baynes, 54, Paternoster-Row,W. Baynes, 54, Paternoster-Row,
W. Baynes, No. 54, Paternoster Row,W. Baynes, No. 54, Paternoster Row,
W. Baynes, No. 54, Paternoster-Row,W. Baynes, No. 54, Paternoster-Row,
W. Baynes, No. 54, Paternoster-Row, London ; sold by J. Heming. Sold,W. Baynes, No. 54, Paternoster-Row, London ; J. Heming. Sold,
W. Baynes, Paternoster Row,W. Baynes, Paternoster Row,
W. Baynes, Paternoster-Row,W. Baynes, Paternoster-Row,
W. Beilby,W. Beilby,
W. Beilby,W. Beilby,
W. Beilby ; sold by H. D. Symonds,W. Beilby ; H. D. Symonds,
W. Bennett,W. Bennett,
W. Bennett, Angel Court, Charing Cross,W. Bennett, Angel Court, Charing Cross,
W. Bennett, Marsham Street, Westminster,W. Bennett, Marsham Street, Westminster,
W. Bent,W. Bent,
W. Bent,W. Bent,
W. Bent,W. Bent,
W. Bent,W. Bent,
W. Bent,W. Bent,
W. Bent,W. Bent,
W. Bent,W. Bent,
W. Bent,W. Bent,
W. Bent, Pater noster Row,W. Bent, Pater noster Row,
W. Bent, Pater noster Row,W. Bent, Pater noster Row,
W. Bent, Pater Noster Row,W. Bent, Pater Noster Row,
W. Bent, Pater Noster Row,W. Bent, Pater Noster Row,
W. Bent, Pater Noster Row,W. Bent, Pater Noster Row,
W. Bent, Pater Noster Row,W. Bent, Pater Noster Row,
W. Bent, Pater Noster Row,W. Bent, Pater Noster Row,
W. Bent, Pater Noster Row,W. Bent, Pater Noster Row,
W. Bent, Pater-Noster Row,W. Bent, Pater-Noster Row,
W. Bent, Pater-Noster Row,W. Bent, Pater-Noster Row,
W. Bent, Paternoster Row,W. Bent, Paternoster Row,
W. Bent, Paternoster Row,W. Bent, Paternoster Row,
W. Bent, Paternoster-Row,W. Bent, Paternoster-Row,
W. Bent. at the King's Arms, Pater-Noster row,W. Bent. at King's Arms, Pater-Noster row,
W. Bent. at the King's Arms, Pater-noster row,W. Bent. at King's Arms, Pater-noster row,
W. Bingley ; sold,W. Bingley,
W. Bingley, Red Lion Passage, Fleet Street,W. Bingley, Red Lion Passage, Fleet Street,
W. Bingley's ; sold,W. Bingley's,
W. Blackader,W. Blackader,
W. Blackader,W. Blackader,
W. Blackader, No 22, Kirby-Street, Hatton-Garden,W. Blackader, No 22, Kirby-Street, Hatton-Garden,
W. Blackader, No. 10. Tooke's Court, Cursitor Street, Chancery Lane,W. Blackader, No. 10. Tooke's Court, Cursitor Street, Chancery Lane,
W. Blackader, No. 22, Kirby-Street, Hatton-Garden,W. Blackader, No. 22, Kirby-Street, Hatton-Garden,
W. Blackader, NO.10. Took's Court, Chancery Lane,W. Blackader, NO.10. Took's Court, Chancery Lane,
W. Blackader, Tooke's Court, Chancery Lane ; W. Richardson, Royal-Exchange ; sold by Elliot & Kay, Strand,W. Blackader, Tooke's Court, Chancery Lane ; W. Richardson, Royal-Exchange ; Elliot ; Kay,,
W. Blanchard,W. Blanchard,
W. Blanchard,W. Blanchard,
W. Blanchard,W. Blanchard,
W. Blanchard,W. Blanchard,
W. Blanchard,W. Blanchard,
W. Blanchard,W. Blanchard,
W. Blanchard,W. Blanchard,
W. Blanchard ; sold,W. Blanchard,
W. Blanchard ; sold by F & C. Rivington, St. Paul's Church Yard, London,W. Blanchard ; F ; C. Rivington, St. Paul's Church Yard, London,
W. Blanchard ; sold by J. Todd,W. Blanchard ; J. Todd,
W. Blanchard ; sold by W. Tesseyman,W. Blanchard ; W. Tesseyman,
W. Blanchard in Coppergate,W. Blanchard Coppergate,
W. Boag, Holborn,W. Boag, Holborn,
W. Boag, Turn-Stile, Holborn ; sold by A. Macpherson, No. 3, Russel-Court, Drury-Lane,W. Boag, Turn-Stile, Holborn ; A. Macpherson, No. 3, Russel-Court, Drury-Lane,
W. Boag, Turnstile, Holborn ; sold by A. Macpherson, Russel-Court, Drury-Lane,W. Boag, Turnstile, Holborn ; A. Macpherson, Russel-Court, Drury-Lane,
W. Brackett,W. Brackett,
W. Brackett ; sold by J.F. & C. Rivingtons, London,W. Brackett ; J.F. ; C. Rivingtons, London,
W. Bridges, No. 104, St. John's-Street, West-Smithfield,W. Bridges, No. 104, St. John's-Street, West-Smithfield,
W. Bristow ; parade, St. Andrew's ; whom advertisements & articles of intelligence are received,W. Bristow ; parade, St. Andrew's ; whom advertisements ; articles of intelligence are received,
W. Bristow ; sold by Johnson, St. Paul's Church-Yard, London,W. Bristow ; Johnson, St. Paul's Church-Yard, London,
W. Bristow, on the Parade,W. Bristow, on Parade,
W. Bristow, on the Parade,W. Bristow, on Parade,
W. Bristow, on the Parade,W. Bristow, on Parade,
W. Bristow, ON The Parade,W. Bristow, ON The Parade,
W. Bristow, on the Parade ; sold by C. Law, No. 13, Ave-Maria-Lane, London,W. Bristow, on Parade ; C. Law, No. 13, Ave-Maria-Lane, London,
W. Bristow, on the Parade & sold by C. Law, No. 13, Ave-Maria-Lane, London,W. Bristow, on Parade ; C. Law, No. 13, Ave-Maria-Lane, London,
W. Bristow, Parade, Canterbury,W. Bristow, Parade, Canterbury,
W. Brooke,W. Brooke,
W. Brooke,W. Brooke,
W. Brooke,W. Brooke,
W. Brown,W. Brown,
W. Browne ; sold,W. Browne,
W. Browne ; sold ; sold by R. Edwards,W. Browne ; R. Edwards,
W. Bulgin ; sold by Messrs. Bulgin & Sheppard,W. Bulgin ; Messrs. Bulgin ; Sheppard,
W. Bulmer,W. Bulmer,
W. Bulmer,W. Bulmer,
W. Bulmer,W. Bulmer,
W. Bulmer,W. Bulmer,
W. Bulmer,W. Bulmer,
W. Bulmer,W. Bulmer,
W. Bulmer,W. Bulmer,
W. Bulmer,W. Bulmer,
W. Bulmer,W. Bulmer,
W. Bulmer,W. Bulmer,
W. Bulmer,W. Bulmer,
W. Bulmer,W. Bulmer,
W. Bulmer,W. Bulmer,
W. Bulmer,W. Bulmer,
W. Bulmer,W. Bulmer,
W. Bulmer,W. Bulmer,
W. Bulmer,W. Bulmer,
W. Bulmer,W. Bulmer,
W. Bulmer,W. Bulmer,
W. Bulmer,W. Bulmer,
W. Bulmer,W. Bulmer,
W. Bulmer,W. Bulmer,
W. Bulmer,W. Bulmer,
W. Bulmer,W. Bulmer,
W. Bulmer,W. Bulmer,
W. Bulmer,W. Bulmer,
W. Bulmer,W. Bulmer,
W. Bulmer,W. Bulmer,
W. Bulmer,W. Bulmer,
W. Bulmer,W. Bulmer,
W. Bulmer,W. Bulmer,
W. Bulmer,W. Bulmer,
W. Bulmer,W. Bulmer,
W. Bulmer,W. Bulmer,
W. Bulmer,W. Bulmer,
W. Bulmer ; consideration of the Board,W. Bulmer ; consideration of Board,
W. Bulmer ; sold by G & W. Nicol,W. Bulmer ; G ; W. Nicol,
W. Bulmer ; sold by G & W. Nicol,W. Bulmer ; G ; W. Nicol,
W. Bulmer ; sold by G & W. Nicol,W. Bulmer ; G ; W. Nicol,
W. Bulmer ; sold by G. Nicol,W. Bulmer ; G. Nicol,
W. Bulmer ; sold by G. Nicol,W. Bulmer ; G. Nicol,
W. Bulmer ; sold by G. Nicol,W. Bulmer ; G. Nicol,
W. Bulmer ; sold by G. Nicol,W. Bulmer ; G. Nicol,
W. Bulmer ; sold by G. Nicol,W. Bulmer ; G. Nicol,
W. Bulmer ; sold by G. Nicol,W. Bulmer ; G. Nicol,
W. Bulmer ; sold by G. Nicol,W. Bulmer ; G. Nicol,
W. Bulmer ; sold by G. Nicol, Pall-Mall,W. Bulmer ; G. Nicol, Pall-Mall,
W. Bulmer ; sold by J. Edwards, No. 77, Pall-Mall,W. Bulmer ; J. Edwards, No. 77, Pall-Mall,
W. Bulmer ; sold by P. Elmsly, Strand,W. Bulmer ; P. Elmsly,,
W. Bulmer ; sold by R. Faulder,W. Bulmer ; R. Faulder,
W. Bulmer ; sold by R. Faulder, Bond-Street,W. Bulmer ; R. Faulder, Bond-Street,
W. Bulmer ; sold by R. Faulder, New Bond-Street,W. Bulmer ; R. Faulder, New Bond-Street,
W. Bulmer ; W. Faden,W. Bulmer ; W. Faden,
W. Bulmer ; W. Faden,W. Bulmer ; W. Faden,
W. Bulmer ; W. Richardson, Royal Exchange ; sold by G. Nicol,W. Bulmer ; W. Richardson, Royal Exchange ; G. Nicol,
W. Bulmer ; W. Richardson, Royal Exchange ; sold by G. Nicol,W. Bulmer ; W. Richardson, Royal Exchange ; G. Nicol,
W. Bulmer ; W. Richardson, Royal Exchange ; sold by G. Nicol,W. Bulmer ; W. Richardson, Royal Exchange ; G. Nicol,
W. Burrell,W. Burrell,
W. Burrell, Newmarket,W. Burrell, Newmarket,
W. Burton, 54, North Street, City Road ; sold by Teulon, No. 100, Houndsditch,W. Burton, 54, North Street, City Road ; Teulon, No. 100, Houndsditch,
W. Button,W. Button,
W. Button,W. Button,
W. Button,W. Button,
W. Button,W. Button,
W. Button,W. Button,
W. Button,W. Button,
W. Button ; sold by C. Dilly,W. Button ; C. Dilly,
W. Button ; W. Jackson ; late Mr. Fuller's,W. Button ; W. Jackson ; late Mr. Fuller's,
W. Button, Newington Causey, London ; sold by Tho. Clout jun. Sold,W. Button, Newington Causey, London ; Tho. Clout jun. Sold,
W. Button, No 24, Paternoster Row,W. Button, No 24, Paternoster Row,
W. Button, NO. 24, Paternoster-Row,W. Button, NO. 24, Paternoster-Row,
W. Button, No. 24, Paternoster-Row,W. Button, No. 24, Paternoster-Row,
W. Button, No. 24, Paternoster-Row,W. Button, No. 24, Paternoster-Row,
W. Button, Pater Noster Row,W. Button, Pater Noster Row,
W. Button, Pater Noster Row,W. Button, Pater Noster Row,
W. Button, Pater Noster Row,W. Button, Pater Noster Row,
W. Button, Pater Noster Row,W. Button, Pater Noster Row,
W. Button, Paternoster Row ; W. Winterbotham ; sold by J. Ridgway, York Street, ST. James's Square,W. Button, Paternoster Row ; W. Winterbotham ; J. Ridgway, York Street, ST. James's Square,
W. Button, Paternoster-Row,W. Button, Paternoster-Row,
W. Button, Paternoster-Row,W. Button, Paternoster-Row,
W. Button, Paternoster-Row,W. Button, Paternoster-Row,
W. Byrne,W. Byrne,
W. Cavell, Middle Row, Holborn,W. Cavell, Middle Row, Holborn,
W. Cavell, Middle Row, Holborn,W. Cavell, Middle Row, Holborn,
W. Cavell, near Gray's Inn, Holborn,W. Cavell, near Gray's Inn, Holborn,
W. Cavil,W. Cavil,
W. Cavil, T. Martin, T. French & J. Taylor, Berwick,W. Cavil, T. Martin, T. French ; J. Taylor, Berwick,
W. Cavill,W. Cavill,
W. Cavill, Middle-Row, Holborn,W. Cavill, Middle-Row, Holborn,
W. Chalklen,W. Chalklen,
W. Chalklen, No. 49, Gracechurch Street,W. Chalklen, No. 49, Gracechurch Street,
W. Clark ; sold by W. Boag,W. Clark ; W. Boag,
W. Clark, New Bond-Street,W. Clark, New Bond-Street,
W. Clarke,W. Clarke,
W. Clarke,W. Clarke,
W. Clarke,W. Clarke,
W. Clarke,W. Clarke,
W. Clarke,W. Clarke,
W. Clarke,W. Clarke,
W. Clarke,W. Clarke,
W. Clarke,W. Clarke,
W. Clarke,W. Clarke,
W. Clarke,W. Clarke,
W. Clarke,W. Clarke,
W. Clarke & filius, Portugal-Street, Lincoln's-Inn,W. Clarke ; filius, Portugal-Street, Lincoln's-Inn,
W. Clarke, New Bond Street,W. Clarke, New Bond Street,
W. Clarke, New Bond Street,W. Clarke, New Bond Street,
W. Clarke, New Bond Street,W. Clarke, New Bond Street,
W. Clarke, New Bond Street,W. Clarke, New Bond Street,
W. Clarke, New Bond Street,W. Clarke, New Bond Street,
W. Clarke, New Bond-Street ; W. Richardson, Royal-Exchange ; W. West, No. 27, Pater-Noster-Row,W. Clarke, New Bond-Street ; W. Richardson, Royal-Exchange ; W. West, No. 27, Pater-Noster-Row,
W. Clarke, New Bond-Street ; W. Richardson, Royal-Exchange ; W. West, No. 27, Pater-Noster-Row,W. Clarke, New Bond-Street ; W. Richardson, Royal-Exchange ; W. West, No. 27, Pater-Noster-Row,
W. Clarke, No. 38, New Bond Street,W. Clarke, No. 38, New Bond Street,
W. Clarke, No. 38, New Bond-Street ; sold by F & C. Rivington, No. 62, St. Paul's Church Yard,W. Clarke, No. 38, New Bond-Street ; F ; C. Rivington, No. 62, St. Paul's Church Yard,
W. Clarke, No. 38, New Bond-Street ; sold by J. Sewell, Cornhill,W. Clarke, No. 38, New Bond-Street ; J. Sewell, Cornhill,
W. Clarke, Portugal-Street, Lincoln's-Inn,W. Clarke, Portugal-Street, Lincoln's-Inn,
W. Clarke, Portugal-Street, Lincoln's-Inn,W. Clarke, Portugal-Street, Lincoln's-Inn,
W. Clement,W. Clement,
W. Clindon, No. 4, Coventry-Cown, Hay-Market,W. Clindon, No. 4, Coventry-Cown, Hay-Market,
W. Collins, No. 19, Bolsover-Street, Oxford-Street ; sold,W. Collins, No. 19, Bolsover-Street, Oxford-Street,
W. Cope ; sold,W. Cope,
W. Cowley, Lowgate, Hull,W. Cowley, Lowgate, Hull,
W. Creech, Edinburgh ; sold by J. Murray, No. 32, Fleet-Street,W. Creech ; J. Murray, No. 32, Fleet-Street,
W. Cruttwell,W. Cruttwell,
W. Cruttwell,W. Cruttwell,
W. Cruttwell ; sold by J. Johnson, No. 72, St. Paul's Church-Yard, London,W. Cruttwell ; J. Johnson, No. 72, St. Paul's Church-Yard, London,
W. Curtis,W. Curtis,
W. Curtis,W. Curtis,
W. Curtis,W. Curtis,
W. Curtis,W. Curtis,
W. Curtis,W. Curtis,
W. Curtis St. Georges Crescent St. Georges Fields,W. Curtis St. Georges Crescent St. Georges Fields,
W. Curtis, No. 3, St. George's-Crescent, Black-Friars-Road ; sold,W. Curtis, No. 3, St. George's-Crescent, Black-Friars-Road,
W. Darnton,W. Darnton,
W. Darton ; W. Richardson,W. Darton ; W. Richardson,
W. Darton & J. Harvey,W. Darton ; J. Harvey,
W. Darton & J. Harvey London,W. Darton ; J. Harvey London,
W. Darton, & J. Harvey, Dec. 30,W. Darton, ; J. Harvey, Dec. 30,
W. Dawes, St. George's Square,W. Dawes, St. George's Square,
W. Dawson,W. Dawson,
W. Dixon,W. Dixon,
W. Dobson,W. Dobson,
W. Dobson,W. Dobson,
W. Donaldson,W. Donaldson,
W. Donaldson,W. Donaldson,
W. Donaldson,W. Donaldson,
W. Donaldson,W. Donaldson,
W. Donaldson,W. Donaldson,
W. Donaldson,W. Donaldson,
W. Donaldson, Portsmouth,W. Donaldson, Portsmouth,
W. Donaldson, Portsmouth ; sold by W. Richardson, Royal Exchange,W. Donaldson, Portsmouth ; W. Richardson, Royal Exchange,
W. Dyde ; sold by W. West, Paternoster-Row, London,W. Dyde ; W. West, Paternoster-Row, London,
W. Edwards,W. Edwards,
W. Edwards,W. Edwards,
W. Epps,W. Epps,
W. Epps ; sold by S & J. Reed, London,W. Epps ; S ; J. Reed, London,
W. Epps ; sold by S & J. Reed, No. 26 St. James's Street, London,W. Epps ; S ; J. Reed, No. 26 St. James's Street, London,
W. Epps ; sold by S & J. Reed, No. 26, St. James's Street, London,W. Epps ; S ; J. Reed, No. 26, St. James's Street, London,
W. Epps, Margate,W. Epps, Margate,
W. Eyres,W. Eyres,
W. Eyres,W. Eyres,
W. Eyres,W. Eyres,
W. Eyres,W. Eyres,
W. Eyres,W. Eyres,
W. Eyres,W. Eyres,
W. Eyres,W. Eyres,
W. Eyres,W. Eyres,
W. Eyres,W. Eyres,
W. Eyres,W. Eyres,
W. Eyres,W. Eyres,
W. Eyres,W. Eyres,
W. Eyres,W. Eyres,
W. Eyres,W. Eyres,
W. Eyres,W. Eyres,
W. Eyres,W. Eyres,
W. Eyres,W. Eyres,
W. Eyres,W. Eyres,
W. Eyres,W. Eyres,
W. Eyres,W. Eyres,
W. Eyres,W. Eyres,
W. Eyres,W. Eyres,
W. Eyres,W. Eyres,
W. Eyres,W. Eyres,
W. Eyres,W. Eyres,
W. Eyres,W. Eyres,
W. Eyres,W. Eyres,
W. Eyres,W. Eyres,
W. Eyres,W. Eyres,
W. Eyres for J. Debrett, Piccadilly, London,W. Eyres for J. Debrett, Piccadilly, London,
W. Eyres. For J. Deighton, No. 274, Holbourn, London,W. Eyres. For J. Deighton, No. 274, Holbourn, London,
W. Faden,W. Faden,
W. Faden,W. Faden,
W. Faden,W. Faden,
W. Faden Charing Cross July 1st,W. Faden Charing Cross July 1st,
W. Faden, Charing Cross ; sold by Messrs. Longman & Rees, Pater-Noster Row,W. Faden, Charing Cross ; Messrs. Longman ; Rees, Pater-Noster Row,
W. Faden, Charing Cross ; sold by Messrs. Longman & Rees, Pater-Noster Row,W. Faden, Charing Cross ; Messrs. Longman ; Rees, Pater-Noster Row,
W. Faden, Geographer,W. Faden, Geographer,
W. Faden, Geographer,W. Faden, Geographer,
W. Faden, Geographer,W. Faden, Geographer,
W. Farrer,W. Farrer,
W. Fawdington,W. Fawdington,
W. Felton, Ludlow,W. Felton, Ludlow,
W. Flexney Holborn,W. Flexney Holborn,
W. Flexney, Opposite Gray's-Inn-Gate, Holborn,W. Flexney, Opposite Gray's-Inn-Gate, Holborn,
W. Flexney, Opposite Gray's-Inn-Gate, Holborn,W. Flexney, Opposite Gray's-Inn-Gate, Holborn,
W. Flexney, opposite Gray's-Inn-Gate, Holborn,W. Flexney, opposite Gray's-Inn-Gate, Holborn,
W. Flexney, Warwick Court, Holborn,W. Flexney, Warwick Court, Holborn,
W. Gillman, Rochester ; sold by Simmons & Kirkby, Canterbury,W. Gillman, Rochester ; Simmons ; Kirkby, Canterbury,
W. Gillman, Rochester ; sold by the Robinsons, Pater-Noster-Row, London,W. Gillman, Rochester ; Robinsons, Pater-Noster-Row, London,
W. Ginger,W. Ginger,
W. Ginger,W. Ginger,
W. Glendinning,W. Glendinning,
W. Glendinning, No. 25, Hatton-Garden,W. Glendinning, No. 25, Hatton-Garden,
W. Glindon,W. Glindon,
W. Glindon & sold,W. Glindon ;,
W. Glindon, 32 Frith-Street,W. Glindon, 32 Frith-Street,
W. Glindon, Coventry-Court, Hay-market,W. Glindon, Coventry-Court, Hay-market,
W. Glindon, Coventry-Court, Hay-market,W. Glindon, Coventry-Court, Hay-market,
W. Glindon, Coventry-Court, Hay-market,W. Glindon, Coventry-Court, Hay-market,
W. Glindon, Coventry-Court, Hay-market,W. Glindon, Coventry-Court, Hay-market,
W. Glindon, Coventry-Court, Hay-market,W. Glindon, Coventry-Court, Hay-market,
W. Glindon, Coventry-Court, Hay-Market,W. Glindon, Coventry-Court, Hay-Market,
W. Glindon, Coventry-Court, Hay-Market,W. Glindon, Coventry-Court, Hay-Market,
W. Glindon, Coventry-Court, Hay-Market,W. Glindon, Coventry-Court, Hay-Market,
W. Glindon, Coventry-Court, Hay-Market,W. Glindon, Coventry-Court, Hay-Market,
W. Glindon, Coventry-Court, Hay-Market,W. Glindon, Coventry-Court, Hay-Market,
W. Glindon, Hay-Market,W. Glindon, Hay-Market,
W. Glindon, No. 32, Frith Street, Soho,W. Glindon, No. 32, Frith Street, Soho,
W. Glindon, No. 32, Frith Street, Soho,W. Glindon, No. 32, Frith Street, Soho,
W. Glindon, No. 32, Frith Street, Soho,W. Glindon, No. 32, Frith Street, Soho,
W. Glindon, No. 32, Frith Street, Soho,W. Glindon, No. 32, Frith Street, Soho,
W. Glindon, No. 32, Frith-Street, Soho,W. Glindon, No. 32, Frith-Street, Soho,
W. Glindon, No. 32, Frith-Street, Soho,W. Glindon, No. 32, Frith-Street, Soho,
W. Glindon, No. 32, Frith-Street, Soho,W. Glindon, No. 32, Frith-Street, Soho,
W. Glindon, No. 32, Frith-Street, Soho,W. Glindon, No. 32, Frith-Street, Soho,
W. Glindon, No. 32, Frith-Street, Soho,W. Glindon, No. 32, Frith-Street, Soho,
W. Glindon, No. 32, Frith-Street, Soho,W. Glindon, No. 32, Frith-Street, Soho,
W. Glindon, no. 32, Frith-street, Soho,W. Glindon, no. 32, Frith-street, Soho,
W. Glindon, No. 4, Coventry-Court, Hay-Market,W. Glindon, No. 4, Coventry-Court, Hay-Market,
W. Glindon, NO. 4, Coventry-Court, Haymarket,W. Glindon, NO. 4, Coventry-Court, Haymarket,
W. Glindon, No. 48, Rupert-Street Coventry-Street, Hay-Market ; sold by G. Riebau, Blandford-Street, St. Marylebone,W. Glindon, No. 48, Rupert-Street Coventry-Street, Hay-Market ; G. Riebau, Blandford-Street, St. Marylebone,
W. Glindon, no. 48, Rupert-Street, Coventry-Street,W. Glindon, no. 48, Rupert-Street, Coventry-Street,
W. Glindon, No.4, Coventry Court, Hay Market,W. Glindon, No.4, Coventry Court, Hay Market,
W. Glindon, No.4, Coventry-Court, Hay-Market,W. Glindon, No.4, Coventry-Court, Hay-Market,
W. Gray,W. Gray,
W. Gray,W. Gray,
W. Gray opposite the Hen Cross,W. Gray opposite Hen Cross,
W. Gray, opposite the Post-Office & Hen-Cross,W. Gray, opposite Post-Office ; Hen-Cross,
W. Grigg,W. Grigg,
W. Gye,W. Gye,
W. Gye,W. Gye,
W. Gye's ; benefit of the Casualty Hospital ; box-lobby of the theatre ; sold at the libraries,W. Gye's ; benefit of Casualty Hospital ; box-lobby of theatre ; at libraries,
W. H. Lunn,W. H. Lunn,
W. H. Lunn ; sold by J. Deighton, No. 325, Holborn, London,W. H. Lunn ; J. Deighton, No. 325, Holborn, London,
W. Hales, Fenchurch Street,W. Hales, Fenchurch Street,
W. Halhead,W. Halhead,
W. Halhead. Sold by W. Richardson, London,W. Halhead. Sold W. Richardson, London,
W. Hallgarth, Jun. at the Minerva press,W. Hallgarth, Jun. at Minerva press,
W. Harrison,W. Harrison,
W. Harrison,W. Harrison,
W. Harrod,W. Harrod,
W. Harrod,W. Harrod,
W. Harrod ; sold by Johnson, St. Paul's Church-Yard, London,W. Harrod ; Johnson, St. Paul's Church-Yard, London,
W. Harry,W. Harry,
W. Harry,W. Harry,
W. Heptinstal, No. 3, Wood-Street, Spa Fields, Clerkenwell,W. Heptinstal, No. 3, Wood-Street, Spa Fields, Clerkenwell,
W. Hick, Stonegate,W. Hick, Stonegate,
W. Hixon & V. Griffiths,W. Hixon ; V. Griffiths,
W. Holland,W. Holland,
W. Holland, Garrick's Richard, No. 50, Oxford-Street,W. Holland, Garrick's Richard, No. 50, Oxford-Street,
W. Holland, No 50, Oxford Street,W. Holland, No 50, Oxford Street,
W. Holland, No 50, Oxford Street,W. Holland, No 50, Oxford Street,
W. Holland, No. 50, Oxford-street,W. Holland, No. 50, Oxford-street,
W. Holloway,W. Holloway,
W. Holloway,W. Holloway,
W. Hopwood,W. Hopwood,
