W. Hopwood,W. Hopwood,
W. Hughes,W. Hughes,
W. Hughes, No 19, Hosier-Lane, West Smithfield,W. Hughes, No 19, Hosier-Lane, West Smithfield,
W. Innes,W. Innes,
W. J & J. Richardson,W. J ; J. Richardson,
W. J & J. Richardson,W. J ; J. Richardson,
W. J & J. Richardson,W. J ; J. Richardson,
W. J & J. Richardson, Royal Exchange,W. J ; J. Richardson, Royal Exchange,
W. J. & J. Richardson,W. J. ; J. Richardson,
W. J. & J. Richardson,W. J. ; J. Richardson,
W. J. & J. Richardson,W. J. ; J. Richardson,
W. J. & J. Richardson, Royal Exchange,W. J. ; J. Richardson, Royal Exchange,
W. Jackson,W. Jackson,
W. Jackson & A. Hamilton ; sold by W. Dawson, London,W. Jackson ; A. Hamilton ; W. Dawson, London,
W. Jackson & W. Dawson ; sold at the Oxford Bible Warehouse, London,W. Jackson ; W. Dawson ; at Oxford Bible Warehouse, London,
W. Jennings,W. Jennings,
W. Justins,W. Justins,
W. Justins ; first,W. Justins ; first,
W. Justins ; sold by J. Murgatroyd,W. Justins ; J. Murgatroyd,
W. Justins, Blackfriars,W. Justins, Blackfriars,
W. Justins. Anno mund,W. Justins. Anno mund,
W. Kelley,W. Kelley,
W. Kelley,W. Kelley,
W. Kelley,W. Kelley,
W. Kelley,W. Kelley,
W. Kelley,W. Kelley,
W. Kelley,W. Kelley,
W. Kelley,W. Kelley,
W. Kelley,W. Kelley,
W. Kelley,W. Kelley,
W. Kelley,W. Kelley,
W. Kelley ; sold by J. Bew, Paternoster Row, London,W. Kelley ; J. Bew, Paternoster Row, London,
W. Kemmish,W. Kemmish,
W. Kemmish,W. Kemmish,
W. Kemmish,W. Kemmish,
W. Kemmish,W. Kemmish,
W. Kemmish,W. Kemmish,
W. Kemmish ; sold by T. Longman, Paternoster-Row,W. Kemmish ; T. Longman, Paternoster-Row,
W. Kemmish ; sold by T. N. Longman,W. Kemmish ; T. N. Longman,
W. Kemmish, 17, King-Street, Borough,W. Kemmish, 17, King-Street, Borough,
W. Kemmish, King-Street, Borough,W. Kemmish, King-Street, Borough,
W. Kemmish, King-Street, Borough,W. Kemmish, King-Street, Borough,
W. Kemmish, King-Street, Borough ; sold,W. Kemmish, King-Street, Borough,
W. Kemmish, King-street, Borough & sold,W. Kemmish, King-street, Borough ;,
W. Kemmish, No. 17, King Street, Borough,W. Kemmish, No. 17, King Street, Borough,
W. Kemmish, No. 17, King-Street, Borough,W. Kemmish, No. 17, King-Street, Borough,
W. Kemmish, no. 17, King-street, Borough ; sold by T.N. Longman, Paternoster-Row,W. Kemmish, no. 17, King-street, Borough ; T.N. Longman, Paternoster-Row,
W. Kemmish, No. 61, King-Street, Borough,W. Kemmish, No. 61, King-Street, Borough,
W. Kemmish, No. 61, King-Street, Borough,W. Kemmish, No. 61, King-Street, Borough,
W. Keymer,W. Keymer,
W. Keymer, Colchester ; sold by F & C. Rivington, G. G & J. Robinson, H. Gardner,W. Keymer, Colchester ; F ; C. Rivington, G. G ; J. Robinson, H. Gardner,
W. Keymer, Colchester ; sold by F & C. Rivington, G. G. J & J. Robinson, H. Gardner,W. Keymer, Colchester ; F ; C. Rivington, G. G. J ; J. Robinson, H. Gardner,
W. Keymer, Colchester ; sold by F & C. Rivington, G. G. J & J. Robinson, H. Gardner,W. Keymer, Colchester ; F ; C. Rivington, G. G. J ; J. Robinson, H. Gardner,
W. Keymer, Jun,W. Keymer, Jr.,
W. Keymer, jun,W. Keymer, Jr.,
W. Keymer, jun,W. Keymer, Jr.,
W. Keymer, jun ; press,W. Keymer, Jr. ; press,
W. Keymer, Jun, Colchester,W. Keymer, Jun, Colchester,
W. Keymer, jun. High-Street,W. Keymer, jun. High-Street,
W. Keymer, jun. in the High-Street,W. Keymer, jun. High-Street,
W. Keymer, jun. in the High-Street,W. Keymer, jun. High-Street,
W. Keymer, jun. in the High-Street,W. Keymer, jun. High-Street,
W. Lamb,W. Lamb,
W. Lane,W. Lane,
W. Lane,W. Lane,
W. Lane,W. Lane,
W. Lane,W. Lane,
W. Lane,W. Lane,
W. Lane,W. Lane,
W. Lane,W. Lane,
W. Lane,W. Lane,
W. Lane,W. Lane,
W. Lane,W. Lane,
W. Lane,W. Lane,
W. Lane,W. Lane,
W. Lane,W. Lane,
W. Lane,W. Lane,
W. Lane,W. Lane,
W. Lane,W. Lane,
W. Lane,W. Lane,
W. Lane,W. Lane,
W. Lane,W. Lane,
W. Lane,W. Lane,
W. Lane,W. Lane,
W. Lane,W. Lane,
W. Lane,W. Lane,
W. Lane,W. Lane,
W. Lane,W. Lane,
W. Lane ; sold by Crane, Gore, Eyres, Hodson & Fletcher, Liverpool,W. Lane ; Crane, Gore, Eyres, Hodson ; Fletcher, Liverpool,
W. Lane, Leaden-Hall-Street,W. Lane, Leaden-Hall-Street,
W. Lane, Leadenhall Street,W. Lane, Leadenhall Street,
W. Lane, Leadenhall Street,W. Lane, Leadenhall Street,
W. Lane, Leadenhall Street,W. Lane, Leadenhall Street,
W. Lane, Leadenhall Street,W. Lane, Leadenhall Street,
W. Lane, Leadenhall Street,W. Lane, Leadenhall Street,
W. Lane, Leadenhall-Street,W. Lane, Leadenhall-Street,
W. Lane, Leadenhall-Street,W. Lane, Leadenhall-Street,
W. Lane, Leadenhall-Street,W. Lane, Leadenhall-Street,
W. Lane, Leadenhall-Street,W. Lane, Leadenhall-Street,
W. Lane, Leadenhall-Street,W. Lane, Leadenhall-Street,
W. Lane, Leadenhall-Street,W. Lane, Leadenhall-Street,
W. Lane, Leadenhall-Street,W. Lane, Leadenhall-Street,
W. Lane, Leadenhall-street,W. Lane, Leadenhall-street,
W. Lane, Leadenhall-Street,W. Lane, Leadenhall-Street,
W. Lane, Leadenhall-Street,W. Lane, Leadenhall-Street,
W. Lane, Leadenhall-Street,W. Lane, Leadenhall-Street,
W. Lane, Leadenhall-Street,W. Lane, Leadenhall-Street,
W. Lane, Leadenhall-Street,W. Lane, Leadenhall-Street,
W. Lane, Leadenhall-Street,W. Lane, Leadenhall-Street,
W. Lane, Leadenhall-Street,W. Lane, Leadenhall-Street,
W. Lane, Leadenhall-Street,W. Lane, Leadenhall-Street,
W. Lane, Leadenhall-Street,W. Lane, Leadenhall-Street,
W. Lane, Leadenhall-Street,W. Lane, Leadenhall-Street,
W. Lane, Leadenhall-Street,W. Lane, Leadenhall-Street,
W. Lane, Leadenhall-Street,W. Lane, Leadenhall-Street,
W. Lane, Leadenhall-Street,W. Lane, Leadenhall-Street,
W. Lane, Leadenhall-Street,W. Lane, Leadenhall-Street,
W. Lane, Leadenhall-Street,W. Lane, Leadenhall-Street,
W. Lane, Leadenhall-Street,W. Lane, Leadenhall-Street,
W. Lane, Leadenhall-Street,W. Lane, Leadenhall-Street,
W. Lane, Leadenhall-Street,W. Lane, Leadenhall-Street,
W. Lane, Leadenhall-Street,W. Lane, Leadenhall-Street,
W. Lane, Leadenhall-Street,W. Lane, Leadenhall-Street,
W. Lane, Leadenhall-Street,W. Lane, Leadenhall-Street,
W. Lane, Leadenhall-Street,W. Lane, Leadenhall-Street,
W. Lane, Leadenhall-Street,W. Lane, Leadenhall-Street,
W. Lane, Leadenhall-Street,W. Lane, Leadenhall-Street,
W. Lane, Leadenhall-Street,W. Lane, Leadenhall-Street,
W. Lane, Leadenhall-Street,W. Lane, Leadenhall-Street,
W. Lane, Leadenhall-Street,W. Lane, Leadenhall-Street,
W. Lane, Leadenhall-Street ; sold,W. Lane, Leadenhall-Street,
W. Lane, Leadenhull-Street,W. Lane, Leadenhull-Street,
W. Lane, Leadon-Hall Street,W. Lane, Leadon-Hall Street,
W. Lee,W. Lee,
W. Lee,W. Lee,
W. Lee,W. Lee,
W. Lee,W. Lee,
W. Lee,W. Lee,
W. Lee,W. Lee,
W. Lee,W. Lee,
W. Lee,W. Lee,
W. Lee,W. Lee,
W. Leicester,W. Leicester,
W. Leicester ; W. Minshull,W. Leicester ; W. Minshull,
W. Leicester, Chester ; sold by W. Darton,W. Leicester, Chester ; W. Darton,
W. Leicester, Sankey-street, Warrington,W. Leicester, Sankey-street, Warrington,
W. Lewes,W. Lewes,
W. Lewes, Russell-Street, Covent-Garden,W. Lewes, Russell-Street, Covent-Garden,
W. Locke,W. Locke,
W. Locke,W. Locke,
W. Locke,W. Locke,
W. Locke ; sold by D. Brewman,W. Locke ; D. Brewman,
W. Locke, No 12, Red Lion Street, Holborn,W. Locke, No 12, Red Lion Street, Holborn,
W. Locke, No. 12, Red Lion Street, Holborn,W. Locke, No. 12, Red Lion Street, Holborn,
W. Locke, NO. 12, Red Lion Street, Holborn,W. Locke, NO. 12, Red Lion Street, Holborn,
W. Locke, No. 12, Red Lion-Street, Holborn,W. Locke, No. 12, Red Lion-Street, Holborn,
W. Locke, no. 12, Red-Lion Street, Holborn,W. Locke, no. 12, Red-Lion Street, Holborn,
W. Locke, no. 12, Red-Lion Street, Holborn,W. Locke, no. 12, Red-Lion Street, Holborn,
W. Locke, no. 12, Red-Lion Street, Holborn ; newscarriers in town & country ; sold,W. Locke, no. 12, Red-Lion Street, Holborn ; newscarriers town ; country,
W. Locke, No. 12, Red-Lion-Street, Holborn,W. Locke, No. 12, Red-Lion-Street, Holborn,
W. Locke, No. 283, Strand, opposite Norfolk-Street, where advertisements & articles of intelligence will be received,W. Locke, No. 283, Strand, opposite Norfolk-Street, where advertisements ; articles of intelligence will be received,
W. Locke, Red Lion Street, Holborn ; sold by D. Brewman, New Street, Shoe Lane,W. Locke, Red Lion Street, Holborn ; D. Brewman, New Street, Shoe Lane,
W. Locke, Red Lion Street, Holborn ; sold by D. Brewman, New Street, Shoe Lane,W. Locke, Red Lion Street, Holborn ; D. Brewman, New Street, Shoe Lane,
W. Lowdnes, No. 76, Fleet-Street,W. Lowdnes, No. 76, Fleet-Street,
W. Lowndes,W. Lowndes,
W. Lowndes,W. Lowndes,
W. Lowndes,W. Lowndes,
W. Lowndes ; W. Nicoll & S. Bladon,W. Lowndes ; W. Nicoll ; S. Bladon,
W. Lowndes ; W. Nicolls & S. Bladon,W. Lowndes ; W. Nicolls ; S. Bladon,
W. Lowndes & S. Bladon,W. Lowndes ; S. Bladon,
W. Lowndes & S. Bladon,W. Lowndes ; S. Bladon,
W. Lowndes & S. Bladon,W. Lowndes ; S. Bladon,
W. Lowndes & S. Bladon,W. Lowndes ; S. Bladon,
W. Lowndes & S. Bladon,W. Lowndes ; S. Bladon,
W. Lowndes No. 76, Fleet-Street,W. Lowndes No. 76, Fleet-Street,
W. Lowndes No. 76. Fleet Street,W. Lowndes No. 76. Fleet Street,
W. Lowndes, 76, Fleet-Street,W. Lowndes, 76, Fleet-Street,
W. Lowndes, J. Nichols S. Bladon ; W. Nicholl,W. Lowndes, J. Nichols S. Bladon ; W. Nicholl,
W. Lowndes, J. Nichols, S. Bladom ; W. Nicoll,W. Lowndes, J. Nichols, S. Bladom ; W. Nicoll,
W. Lowndes, J. Nichols, S. Bladon ; W. Nicoll,W. Lowndes, J. Nichols, S. Bladon ; W. Nicoll,
W. Lowndes, J. Nichols, S. Bladon ; W. Nicoll,W. Lowndes, J. Nichols, S. Bladon ; W. Nicoll,
W. Lowndes, J. Nichols, S. Bladon ; W. Nicoll,W. Lowndes, J. Nichols, S. Bladon ; W. Nicoll,
W. Lowndes, J. Nichols, S. Bladon & W. Nicoll,W. Lowndes, J. Nichols, S. Bladon ; W. Nicoll,
W. Lowndes, No 77, Fleet-Street,W. Lowndes, No 77, Fleet-Street,
W. Lowndes, No 77, Fleet-Street,W. Lowndes, No 77, Fleet-Street,
W. Lowndes, No. 76, Felet-Street,W. Lowndes, No. 76, Felet-Street,
W. Lowndes, No. 76, Fleet Street,W. Lowndes, No. 76, Fleet Street,
W. Lowndes, No. 76, Fleet Street,W. Lowndes, No. 76, Fleet Street,
W. Lowndes, No. 76, Fleet Street,W. Lowndes, No. 76, Fleet Street,
W. Lowndes, No. 76, Fleet Street,W. Lowndes, No. 76, Fleet Street,
W. Lowndes, No. 76, Fleet-Street,W. Lowndes, No. 76, Fleet-Street,
W. Lowndes, No. 76, Fleet-Street,W. Lowndes, No. 76, Fleet-Street,
W. Lowndes, No. 76, Fleet-Street,W. Lowndes, No. 76, Fleet-Street,
W. Lowndes, no. 76, Fleet-Street ; sold by G. Sael, 192, Strand,W. Lowndes, no. 76, Fleet-Street ; G. Sael, 192,,
W. Lowndes, No. 77, Fleet Street,W. Lowndes, No. 77, Fleet Street,
W. Lowndes, No. 77, Fleet Street,W. Lowndes, No. 77, Fleet Street,
W. Lowndes, No. 77, Fleet street. The Map & Plan may be had separate,W. Lowndes, No. 77, Fleet street. The Map ; Plan may be had separate,
W. Lowndes, No. 77, Fleet-Street,W. Lowndes, No. 77, Fleet-Street,
W. Lowndes, No. 77, Fleet-Street,W. Lowndes, No. 77, Fleet-Street,
W. Lowndes, No. 77, Fleet-Street,W. Lowndes, No. 77, Fleet-Street,
W. Lowndes, No. 77, Fleet-Street,W. Lowndes, No. 77, Fleet-Street,
W. Lowndes, No. 77, Fleet-Street,W. Lowndes, No. 77, Fleet-Street,
W. Lowndes, No. 77, Fleet-Street,W. Lowndes, No. 77, Fleet-Street,
W. Lowndes, No. 77, Fleet-Street,W. Lowndes, No. 77, Fleet-Street,
W. Lowndes, No.76, Fleet-Street,W. Lowndes, No.76, Fleet-Street,
W. Lowndes, No.76, Fleet-Street,W. Lowndes, No.76, Fleet-Street,
W. Lowndes, No.77, Fleet Street,W. Lowndes, No.77, Fleet Street,
W. Lowndes, No.77, Fleet Street,W. Lowndes, No.77, Fleet Street,
W. Lowndes, No.77, Fleet-Street,W. Lowndes, No.77, Fleet-Street,
W. Lowndes, S. Bladon ; W. Nicoll,W. Lowndes, S. Bladon ; W. Nicoll,
W. Lowndes. S. Bladon & W. Nicoll,W. Lowndes. S. Bladon ; W. Nicoll,
W. Lowudes No. 762. Fleet Street,W. Lowudes No. 762. Fleet Street,
W. Lyon,W. Lyon,
W. Lyon,W. Lyon,
W. Lyon,W. Lyon,
W. Lyon,W. Lyon,
W. Lyon ; sold at the vestry of Cannon-Street Chapel, Manchester,W. Lyon ; at vestry of Cannon-Street Chapel, Manchester,
W. Lyon ; W. Richardson, Royal Exchange, London ; sold,W. Lyon ; W. Richardson, Royal Exchange, London,
W. Mackintosh ; sold by J. Downes, No.240, Temple Bar,W. Mackintosh ; J. Downes, No.240, Temple Bar,
W. Mackintosh ; sold by J. Downes, No.240, Temple Bar,W. Mackintosh ; J. Downes, No.240, Temple Bar,
W. Mackintosh ; sold by J. Downes, No.240, Temple Bar,W. Mackintosh ; J. Downes, No.240, Temple Bar,
W. Matthews, No. 62, Broad-Mead,W. Matthews, No. 62, Broad-Mead,
W. Matthews, No. 62, Broad-Mead, sold,W. Matthews, No. 62, Broad-Mead,,
W. Meyler,W. Meyler,
W. Meyler,W. Meyler,
W. Meyler,W. Meyler,
W. Meyler ; sold,W. Meyler,
W. Meyler ; sold by G. G & J. Robinson, Pater-Noster-Row, London,W. Meyler ; G. G ; J. Robinson, Pater-Noster-Row, London,
W. Meyler ; sold by Messrs. Robinson, Paternoster-Row, London,W. Meyler ; Messrs. Robinson, Paternoster-Row, London,
W. Miller,W. Miller,
W. Miller,W. Miller,
W. Miller,W. Miller,
W. Miller,W. Miller,
W. Miller,W. Miller,
W. Miller, No. 5, Old Bond-Street,W. Miller, No. 5, Old Bond-Street,
W. Miller, No. 5, Old Bond-Street,W. Miller, No. 5, Old Bond-Street,
W. Miller, No. 5. Old Bond-Street, London ; W. Sheardown, Doncaster,W. Miller, No. 5. Old Bond-Street, London ; W. Sheardown, Doncaster,
W. Miller, Old Bond Street,W. Miller, Old Bond Street,
W. Miller, Old Bond Street,W. Miller, Old Bond Street,
W. Miller, Old Bond Street,W. Miller, Old Bond Street,
W. Miller, old Bond Street,W. Miller, old Bond Street,
W. Miller, old Bond Street,W. Miller, old Bond Street,
W. Miller, Old Bond Street,W. Miller, Old Bond Street,
W. Miller, Old Bond Street,W. Miller, Old Bond Street,
W. Miller, Old Bond Street,W. Miller, Old Bond Street,
W. Miller, Old Bond-Srreet,W. Miller, Old Bond-Srreet,
W. Miller, old Bond-Street,W. Miller, old Bond-Street,
W. Miller, Old Bond-Street,W. Miller, Old Bond-Street,
W. Miller, Old Bond-Street,W. Miller, Old Bond-Street,
W. Miller, Old Bondstreet,W. Miller, Old Bondstreet,
W. Moore,W. Moore,
W. More,W. More,
W. Morgan,W. Morgan,
W. Mowbray,W. Mowbray,
W. Mowbray,W. Mowbray,
W. Mowbray,W. Mowbray,
W. Mowbray ; sold,W. Mowbray,
W. Mowbray ; sold by J. Stead, Gosport,W. Mowbray ; J. Stead, Gosport,
W. Mowbray ; sold by Mr. Jordan, Fleet-Street,W. Mowbray ; Mr. Jordan, Fleet-Street,
W. Mowbray, Portsmouth,W. Mowbray, Portsmouth,
W. Newman, 27, Widegate Street, Bishopsgate,W. Newman, 27, Widegate Street, Bishopsgate,
W. Nichol,W. Nichol,
W. Nicholson,W. Nicholson,
W. Nicol, jun ; sold by J. Southern,W. Nicol, Jr. ; J. Southern,
W. Nicol, Jun. St. Paul's Church-yard ; most ; sold by J. Southern, St. James's-street,W. Nicol, Jun. St. Paul's Church-yard ; most ; J. Southern, St. James's-street,
W. Osborne,W. Osborne,
W. Osborne,W. Osborne,
W. Osborne & T. Griffin,W. Osborne ; T. Griffin,
W. Osborne, T. Griffin ; sold by H & G. Mozley Gainsbro',W. Osborne, T. Griffin ; H ; G. Mozley Gainsbro',
W. Owen, Piccadilly ; l'imprimerie de T. Spilsbury & Fils, Snow-Hill. Se vend chez T. Booker, New-Bond-Street,W. Owen, Piccadilly ; l'imprimerie de T. Spilsbury ; Fils, Snow-Hill. Se vend chez T. Booker, New-Bond-Street,
W. Owen, Piccadilly ; sold by J. Johnson, St. Paul's Church-Yard,W. Owen, Piccadilly ; J. Johnson, St. Paul's Church-Yard,
W. P. Norris,W. P. Norris,
W. P. Norris, London,W. P. Norris, London,
W. P. Norris, London,W. P. Norris, London,
W. Page, Holt ; Yarington & Bacon, Norwich ; sold by T. Becket & R. Baldwin, London,W. Page, Holt ; Yarington ; Bacon, Norwich ; T. Becket ; R. Baldwin, London,
W. Payne, Pater-Noster-Row,W. Payne, Pater-Noster-Row,
W. Peacock,W. Peacock,
W. Peacock,W. Peacock,
W. Peacock,W. Peacock,
W. Peacock,W. Peacock,
W. Peacock & sold,W. Peacock ;,
W. Peacock & sold,W. Peacock ;,
W. Peacock NO. 18, Salisbury Square,W. Peacock NO. 18, Salisbury Square,
W. Peacock Salisbury Square, Fleet Street,W. Peacock Salisbury Square, Fleet Street,
W. Peacock, No. 18, Salisbury-Court,W. Peacock, No. 18, Salisbury-Court,
W. Peacock, Salisbury-Court, Fleet-Street & sold,W. Peacock, Salisbury-Court, Fleet-Street ;,
W. Pelham, Boston, New England ; W. Row ; sold by J. Walker, J. Matthews, J. Barker, T. Wood, Shrewsbury,W. Pelham, Boston, New England ; W. Row ; J. Walker, J. Matthews, J. Barker, T. Wood, Shrewsbury,
W. Pennington,W. Pennington,
W. Pennington,W. Pennington,
W. Pennington,W. Pennington,
W. Pennington,W. Pennington,
W. Pennington,W. Pennington,
W. Pennington,W. Pennington,
W. Pennington,W. Pennington,
W. Pennington,W. Pennington,
W. Pennington,W. Pennington,
W. Pennington,W. Pennington,
W. Pennington,W. Pennington,
W. Pennington,W. Pennington,
W. Pennington,W. Pennington,
W. Pennington,W. Pennington,
W. Pennington,W. Pennington,
W. Pennington,W. Pennington,
W. Pennington, Kendal,W. Pennington, Kendal,
W. Pennington, Kendal,W. Pennington, Kendal,
W. Perks,W. Perks,
W. Phillips, George Yard, Lombard Street,W. Phillips, George Yard, Lombard Street,
W. Phorson,W. Phorson,
W. Phorson,W. Phorson,
W. Phorson,W. Phorson,
W. Phorson,W. Phorson,
W. Phorson,W. Phorson,
W. Phorson,W. Phorson,
W. Phorson,W. Phorson,
W. Phorson,W. Phorson,
W. Phorson,W. Phorson,
W. Phorson,W. Phorson,
W. Phorson,W. Phorson,
W. Phorson,W. Phorson,
W. Phorson,W. Phorson,
W. Phorson,W. Phorson,
W. Phorson,W. Phorson,
W. Phorson,W. Phorson,
W. Phorson,W. Phorson,
W. Phorson,W. Phorson,
W. Phorson,W. Phorson,
W. Phorson,W. Phorson,
W. Phorson,W. Phorson,
W. Phorson,W. Phorson,
W. Phorson,W. Phorson,
W. Phorson,W. Phorson,
W. Phorson,W. Phorson,
W. Phorson,W. Phorson,
W. Phorson,W. Phorson,
W. Phorson,W. Phorson,
W. Phorson,W. Phorson,
W. Phorson,W. Phorson,
W. Phorson,W. Phorson,
W. Phorson,W. Phorson,
W. Phorson,W. Phorson,
W. Phorson,W. Phorson,
W. Phorson ; sold by B,W. Phorson ; B,
W. Phorson Bridge-Street,W. Phorson Bridge-Street,
W. Phorson, Bridge-Street,W. Phorson, Bridge-Street,
W. Phorson, Bridge-Street,W. Phorson, Bridge-Street,
W. Phorson, Bridge-Street,W. Phorson, Bridge-Street,
W. Phorson, Bridge-Street,W. Phorson, Bridge-Street,
W. Phorson, Bridge-Street,W. Phorson, Bridge-Street,
W. Phorson, Bridge-Street,W. Phorson, Bridge-Street,
W. Phorson, Bridge-Street,W. Phorson, Bridge-Street,
W. Pine,W. Pine,
W. Pine,W. Pine,
W. Pine,W. Pine,
W. Pine,W. Pine,
W. Pine ; sold by W. Bulgin, W. Browne, W. Sheppard, E. Palmer, Jackson, Lower Maudlin-Lane,W. Pine ; W. Bulgin, W. Browne, W. Sheppard, E. Palmer, Jackson, Lower Maudlin-Lane,
W. Pine ; Wine-Street,W. Pine ; Wine-Street,
W. Pine ; Wine-Street,W. Pine ; Wine-Street,
W. Pine ; Wine-Street,W. Pine ; Wine-Street,
W. Pine ; Wine-street,W. Pine ; Wine-street,
W. Pine ; Wine-Street,W. Pine ; Wine-Street,
W. Pine ; Wine-Street,W. Pine ; Wine-Street,
W. Pine ; Wine-Street,W. Pine ; Wine-Street,
W. Pine, Wine-Street,W. Pine, Wine-Street,
W. Ramsey,W. Ramsey,
W. Ramsey, Bell-Yard, Temple-Bar ; sold by J. Marsom, High-Holborn,W. Ramsey, Bell-Yard, Temple-Bar ; J. Marsom, High-Holborn,
W. Rawson,W. Rawson,
W. Rawson,W. Rawson,
W. Read,W. Read,
W. Read near the Eastgate,W. Read near Eastgate,
W. Richardson,W. Richardson,
W. Richardson,W. Richardson,
W. Richardson,W. Richardson,
W. Richardson,W. Richardson,
W. Richardson,W. Richardson,
W. Richardson,W. Richardson,
W. Richardson,W. Richardson,
W. Richardson,W. Richardson,
W. Richardson,W. Richardson,
W. Richardson,W. Richardson,
W. Richardson ; sold by E. Harlow,W. Richardson ; E. Harlow,
W. Richardson ; sold by T & J. Egerton,W. Richardson ; T ; J. Egerton,
W. Richardson, Castle Street, Leicester Fields,W. Richardson, Castle Street, Leicester Fields,
W. Richardson, Cornhill,W. Richardson, Cornhill,
W. Richardson, London ; sold ; sold by J. Rackham,W. Richardson, London ; J. Rackham,
W. Richardson, London ; sold ; sold by R. Richards,W. Richardson, London ; R. Richards,
W. Richardson, No 91, proche de la Bourse Royale,W. Richardson, No 91, proche de la Bourse Royale,
W. Richardson, No 91, Royal Exchange,W. Richardson, No 91, Royal Exchange,
W. Richardson, No. 91, Royal Exchange,W. Richardson, No. 91, Royal Exchange,
W. Richardson, No. 91, Royal-Exchange, London,W. Richardson, No. 91, Royal-Exchange, London,
W. Richardson, Opposite The Royal Exchange ; sold by T. Whieldon & Butterworth, Fleet Street,W. Richardson, Opposite The Royal Exchange ; T. Whieldon ; Butterworth, Fleet Street,
W. Richardson, Royal Exchange,W. Richardson, Royal Exchange,
W. Richardson, Royal Exchange,W. Richardson, Royal Exchange,
W. Richardson, Royal Exchange,W. Richardson, Royal Exchange,
W. Richardson, Royal Exchange,W. Richardson, Royal Exchange,
W. Richardson, Royal Exchange,W. Richardson, Royal Exchange,
W. Richardson, Royal Exchange ; sold by J. Debrett, opposite Burlington-House, Piccadilly,W. Richardson, Royal Exchange ; J. Debrett, opposite Burlington-House, Piccadilly,
W. Richardson, Royal Exchange, London ; sold ; sold by J. Rackham, Angel-Hill,W. Richardson, Royal Exchange, London ; J. Rackham, Angel-Hill,
W. Richardson, Royal Exchange, London ; sold by R. Phillips, Castle-Street, sold,W. Richardson, Royal Exchange, London ; R. Phillips, Castle-Street,,
W. Richardson, Royal-Exchange,W. Richardson, Royal-Exchange,
W. Richardson, Royal-Exchange,W. Richardson, Royal-Exchange,
W. Richardson, Royal-Exchange, London ; most ; sold ; sold by J. Rackham,W. Richardson, Royal-Exchange, London ; most ; J. Rackham,
W. Row, Great Marlborough Street ; sold by James Mathews, Strand. Walker Paternoster Row, Barker, Russell Court, & Wm. Pelham, Boston New England,W. Row, Great Marlborough Street ; James Mathews, Strand. Walker Paternoster Row, Barker, Russell Court, ; Wm. Pelham, Boston New England,
W. Row, Great Marlborough-Street, September,W. Row, Great Marlborough-Street, September,
W. S. Wilson,W. S. Wilson,
W. Sheardown,W. Sheardown,
W. Sheardown,W. Sheardown,
W. Sheardown, Doncaster,W. Sheardown, Doncaster,
W. Sheardown, Doncaster,W. Sheardown, Doncaster,
W. Sheardown, Gazette-Office, High-Street,W. Sheardown, Gazette-Office, High-Street,
W. Shelmerdine,W. Shelmerdine,
W. Shelmerdine,W. Shelmerdine,
W. Shelmerdine,W. Shelmerdine,
W. Shelmerdine ; sold by Messrs. I & W. Clarke,W. Shelmerdine ; Messrs. I ; W. Clarke,
W. Sheppard, Bristol ; sold by Longman & Rees,W. Sheppard, Bristol ; Longman ; Rees,
W. Sleater,W. Sleater,
W. Sleater,W. Sleater,
W. Sleater,W. Sleater,
W. Sleater,W. Sleater,
W. Sleater, No. 28, Dame-Street,W. Sleater, No. 28, Dame-Street,
W. Smith,W. Smith,
W. Smith,W. Smith,
W. Smith,W. Smith,
W. Smith,W. Smith,
W. Smith,W. Smith,
W. Smith,W. Smith,
W. Smith,W. Smith,
W. Smith,W. Smith,
W. Smith,W. Smith,
W. Smith,W. Smith,
W. Smith,W. Smith,
W. Smith,W. Smith,
W. Smith,W. Smith,
W. Smith,W. Smith,
W. Smith,W. Smith,
W. Smith,W. Smith,
W. Smith,W. Smith,
W. Smith,W. Smith,
W. Smith,W. Smith,
W. Smith,W. Smith,
W. Smith,W. Smith,
W. Smith,W. Smith,
W. Smith,W. Smith,
W. Smith,W. Smith,
W. Smith,W. Smith,
W. Smith,W. Smith,
W. Smith,W. Smith,
W. Smith,W. Smith,
W. Smith,W. Smith,
W. Smith,W. Smith,
W. Smith,W. Smith,
W. Smith,W. Smith,
W. Smith,W. Smith,
W. Smith,W. Smith,
W. Smith, Bedford,W. Smith, Bedford,
W. Smith, King-Street, Seven-Dials,W. Smith, King-Street, Seven-Dials,
W. Smith, no. 49, King Street, Seven Dials,W. Smith, no. 49, King Street, Seven Dials,
W. Smith, no.19, King Street, Seven Dials,W. Smith, no.19, King Street, Seven Dials,
W. Sollers, Blandford ; sold ; sold by E. Easton,W. Sollers, Blandford ; E. Easton,
W. Squance,W. Squance,
W. Squance,W. Squance,
W. Stewart, No. 194, Piccadilly,W. Stewart, No. 194, Piccadilly,
W. Stewart, Opposite York-House, Piccadilly,W. Stewart, Opposite York-House, Piccadilly,
W. Storry,W. Storry,
W. Storry, Petergate,W. Storry, Petergate,
W. Storry, Petergate,W. Storry, Petergate,
W. Stratford, Temple-Bar,W. Stratford, Temple-Bar,
W. Taylor ; sold wholesale & retail by Alex. Hogg,W. Taylor ; wholesale ; retail Alex. Hogg,
W. Taylor, Shoe Maker Row, Black Friars ; William Button, No 24, Paternoster Row,W. Taylor, Shoe Maker Row, Black Friars ; William Button, No 24, Paternoster Row,
W. Thiselton, Goodge Street, Tottenham Court Road,W. Thiselton, Goodge Street, Tottenham Court Road,
W. Thompson,W. Thompson,
W. Thompson,W. Thompson,
W. Thompson,W. Thompson,
W. Thompson,W. Thompson,
W. Thompson,W. Thompson,
W. Thompson,W. Thompson,
W. Thompson,W. Thompson,
W. Thompson,W. Thompson,
W. Thompson,W. Thompson,
W. Thompson,W. Thompson,
W. Tooke, Acton ; country ; sold,W. Tooke, Acton ; country,
W. Treen,W. Treen,
W. Treppas. Sold ; vestry, Bartholomew Street Chapel, Birmingham ; vestry, City Chapel, Grub Street,W. Treppas. Sold ; vestry, Bartholomew Street Chapel, Birmingham ; vestry, City Chapel, Grub Street,
W. Treppass, No. 31, St. Martin's-le-Grand,W. Treppass, No. 31, St. Martin's-le-Grand,
W. Ward,W. Ward,
W. Ward ; sold by G. G. J. & J. Robinson, London,W. Ward ; G. G. J. ; J. Robinson, London,
W. Watson,W. Watson,
W. Webb,W. Webb,
W. West, No. 27, Paternoster-Row,W. West, No. 27, Paternoster-Row,
W. West, No. 27, Paternoster-Row,W. West, No. 27, Paternoster-Row,
W. Whittingham,W. Whittingham,
W. Whittingham ; sold by R. Baldwin, London,W. Whittingham ; R. Baldwin, London,
W. Whittingham ; sold by S. Crowder, Pater Noster Row,W. Whittingham ; S. Crowder, Pater Noster Row,
W. Whittingham ; year MDCCXIV,W. Whittingham ; year MDCCXIV,
W. Whittingham & sold by S. Crowder, Pater-Noster-Row, London,W. Whittingham ; S. Crowder, Pater-Noster-Row, London,
W. Wilkins,W. Wilkins,
W. Williams, 35, Chancery-lane,W. Williams, 35, Chancery-lane,
W. Williams, Corner of ship Alley, Well-Close Square,W. Williams, Corner of ship Alley, Well-Close Square,
W. Wilson,W. Wilson,
W. Wilson,W. Wilson,
W. Wilson,W. Wilson,
W. Wilson,W. Wilson,
W. Wilson,W. Wilson,
W. Wilson,W. Wilson,
W. Wilson,W. Wilson,
W. Wilson,W. Wilson,
W. Wilson,W. Wilson,
W. Wilson,W. Wilson,
W. Wilson,W. Wilson,
W. Wilson,W. Wilson,
W. Wilson,W. Wilson,
W. Wilson,W. Wilson,
W. Wilson,W. Wilson,
W. Wilson,W. Wilson,
W. Wilson,W. Wilson,
W. Wilson,W. Wilson,
W. Wilson,W. Wilson,
W. Wilson,W. Wilson,
W. Wilson,W. Wilson,
W. Wilson,W. Wilson,
W. Wilson ; sold by G. G & J. Robinson,W. Wilson ; G. G ; J. Robinson,
W. Wilson ; sold by G. G. J & J. Robinson,W. Wilson ; G. G. J ; J. Robinson,
W. Wilson, Ave Maria Lane, Ludgate Street,W. Wilson, Ave Maria Lane, Ludgate Street,
W. Wilson, Ave Maria Lane, Ludgate Street,W. Wilson, Ave Maria Lane, Ludgate Street,
W. Wilson, Ave Maria Lane, Ludgate Street,W. Wilson, Ave Maria Lane, Ludgate Street,
W. Wilson, Ave Maria Lane, Ludgate Street,W. Wilson, Ave Maria Lane, Ludgate Street,
W. Wilson, Ave Maria Lane, Ludgate Street,W. Wilson, Ave Maria Lane, Ludgate Street,
W. Wilson, Ave Maria Lane, Ludgate Street ; sold by Messrs. Rivington, St. Paul's Church-Yard,W. Wilson, Ave Maria Lane, Ludgate Street ; Messrs. Rivington, St. Paul's Church-Yard,
W. Wilson, Ave-Maria Lane ; sold by G.G.J & J. Robinson, Paternoster-Row,W. Wilson, Ave-Maria Lane ; G.G.J ; J. Robinson, Paternoster-Row,
W. Wilson, Ave-Maria-Lane, Ludgate-Street ; sold by G. G. J & J. Robinson, Paternoster-Row,W. Wilson, Ave-Maria-Lane, Ludgate-Street ; G. G. J ; J. Robinson, Paternoster-Row,
W. Wilson, Ave-Maria-Lane, Ludgate-Street ; sold by G. G. J & J. Robinson, Paternoster-Row,W. Wilson, Ave-Maria-Lane, Ludgate-Street ; G. G. J ; J. Robinson, Paternoster-Row,
W. Wilson, No 8, Ave-Maria-Lane, Ludgate-Street ; particular request of the Lord-Mayor & court of Aldermen,W. Wilson, No 8, Ave-Maria-Lane, Ludgate-Street ; particular request of Lord-Mayor ; court of Aldermen,
W. Wilson, No. 15, St. Peter's-Hill, Little Knight-Rider-Street, Doctors' Commons,W. Wilson, No. 15, St. Peter's-Hill, Little Knight-Rider-Street, Doctors' Commons,
W. Wilson, No. 15, St. Peter's-Hill, Little Knight-Rider-Street, Doctors' Commons,W. Wilson, No. 15, St. Peter's-Hill, Little Knight-Rider-Street, Doctors' Commons,
W. Wilson, No. 15, St. Peter's-Hill, Little Knight-Rider-Street, Doctors'-Commons,W. Wilson, No. 15, St. Peter's-Hill, Little Knight-Rider-Street, Doctors'-Commons,
W. Wilson, St. Peter's Hill, Doctors' Commons ; sold by Messrs. Rivington, St. Paul's Church-Yard,W. Wilson, St. Peter's Hill, Doctors' Commons ; Messrs. Rivington, St. Paul's Church-Yard,
W. Wilson, St. Peter's Hill, Doctors' Commons ; sold by W. Collins, Exchange Alley, Cornhill,W. Wilson, St. Peter's Hill, Doctors' Commons ; W. Collins, Exchange Alley, Cornhill,
W. Wilson, St. Peter's Hill, Doctors' Commons & sold by T. Egerton, Whitehall,W. Wilson, St. Peter's Hill, Doctors' Commons ; T. Egerton, Whitehall,
W. Wilson, St. Peter's-Hill, Doctors-Common & sold by Messrs. Rivingtons, St. Paul's Church-Yard,W. Wilson, St. Peter's-Hill, Doctors-Common ; Messrs. Rivingtons, St. Paul's Church-Yard,
W. Wilson, St. Peter's-Hill, Doctors'-Commons,W. Wilson, St. Peter's-Hill, Doctors'-Commons,
W. Wilson, St. Peter's-Hill, Doctors'-Commons,W. Wilson, St. Peter's-Hill, Doctors'-Commons,
W. Wilson, St. Peter's-Hill, Doctors'-Commons,W. Wilson, St. Peter's-Hill, Doctors'-Commons,
W. Wilson, St. Peter's-Hill, Doctors'-Commons,W. Wilson, St. Peter's-Hill, Doctors'-Commons,
W. Wilson, St. Peter's-Hill, Doctors'-Commons,W. Wilson, St. Peter's-Hill, Doctors'-Commons,
W. Wilson, St. Peter's-Hill, Doctors'-Commons,W. Wilson, St. Peter's-Hill, Doctors'-Commons,
W. Wilson, St. Peter's-Hill, Doctors'-Commons,W. Wilson, St. Peter's-Hill, Doctors'-Commons,
W. Wilson, St. Peter's-Hill, Doctors'-Commons,W. Wilson, St. Peter's-Hill, Doctors'-Commons,
W. Wilson, St. Peter's-Hill, Doctors'-Commons,W. Wilson, St. Peter's-Hill, Doctors'-Commons,
W. Wilson, St. Peter's-Hill, Doctors'-Commons,W. Wilson, St. Peter's-Hill, Doctors'-Commons,
W. Wilson, St. Peter's-Hill, Doctors'-Commons,W. Wilson, St. Peter's-Hill, Doctors'-Commons,
W. Wilson, St. Peter's-Hill, Doctors'-Commons,W. Wilson, St. Peter's-Hill, Doctors'-Commons,
W. Woodfall,W. Woodfall,
W. Woodfall,W. Woodfall,
W. Woodfall ; sold at the printing-office of The Diary,W. Woodfall ; at printing-office of The Diary,
W. Woodfall ; sold at the printing-office of The Diary,W. Woodfall ; at printing-office of The Diary,
W. Woodfall ; sold at the printing-office of The Diary Salisbury-Square, Fleet-Street,W. Woodfall ; at printing-office of The Diary Salisbury-Square, Fleet-Street,
W. Woodfall ; sold at the printing-office of The Diary, Salisbury-Square, Fleet-Street,W. Woodfall ; at printing-office of The Diary, Salisbury-Square, Fleet-Street,
W. Woodfall ; sold at the printing-office of The Diary, Salisbury-Square, Fleet-Street,W. Woodfall ; at printing-office of The Diary, Salisbury-Square, Fleet-Street,
W. Woodfall ; sold at the printing-office of The Diary, Salisbury-Square, Fleet-Street,W. Woodfall ; at printing-office of The Diary, Salisbury-Square, Fleet-Street,
W. Woodfall ; sold by J. Stockdale, Piccadilly,W. Woodfall ; J. Stockdale, Piccadilly,
W. Woodfall ; sold by Mess. Egertons,W. Woodfall ; Mess. Egertons,
W. Woodfall ; sold by Mess. Egertons, opposite the Admiralty,W. Woodfall ; Mess. Egertons, opposite Admiralty,
W. Woodfall ; sold by T. N. Longman, Paternoster-Row,W. Woodfall ; T. N. Longman, Paternoster-Row,
W. Woodfall ; sold by T. N. Longman, Paternoster-Row,W. Woodfall ; T. N. Longman, Paternoster-Row,
W. Woodfall & sold by Mess. Egertons, opposite the Admiralty,W. Woodfall ; Mess. Egertons, opposite Admiralty,
W. Woodfall, Salisbury Square, Fleet-Street,W. Woodfall, Salisbury Square, Fleet-Street,
W. Woodfall. For T. N. Longman, Paternoster-Row,W. Woodfall. For T. N. Longman, Paternoster-Row,
W. Woodman,W. Woodman,
W. Woodrfall ; sold by T.N. Longman, Paternoster-Row,W. Woodrfall ; T.N. Longman, Paternoster-Row,
W.Button,W.Button,
W.Button,W.Button,
W.Button,W.Button,
W.Button,W.Button,
W.Button,W.Button,
W.Button,W.Button,
W.H. Parker, Broad Capuchin-Lane,W.H. Parker, Broad Capuchin-Lane,
W.J & J. Richardson,W.J ; J. Richardson,
W.J & J. Richardson, Royal-Exchange ; sold by J. Wright, No. 169, Opposite Bond-Street, Piccadilly,W.J ; J. Richardson, Royal-Exchange ; J. Wright, No. 169, Opposite Bond-Street, Piccadilly,
W.Locke, no. 12, Red-Lion-street, Holborn ; newscarriers in town & country ; sold,W.Locke, no. 12, Red-Lion-street, Holborn ; newscarriers town ; country,
Walbrook ; William Bryan,Walbrook ; William Bryan,
Walker & Kay,Walker ; Kay,
Walker, No. 44, Pater-noster Row,Walker, No. 44, Pater-noster Row,
Walker, Paternoster-Row ; sold by Johnson, St. Paul's Church-Yard,Walker, Paternoster-Row ; Johnson, St. Paul's Church-Yard,
Walker's office,Walker's office,
walking,walking,
walking,walking,
Waller,Waller,
Waller,Waller,
Wallis ; printing-office of T. Baylis. Sold at Debrett's, Richardson's, J. Murray & S. Highley,Wallis ; printing-office of T. Baylis. Sold at Debrett's, Richardson's, J. Murray ; S. Highley,
Walr. Downess, Near Fleet-Street,Walr. Downess, Near Fleet-Street,
Walter Mowbray,Walter Mowbray,
War Office ; Whitehall ; sold by T. Egerton, Military Library,War Office ; Whitehall ; T. Egerton, Military Library,
War Office ; Whitehall ; sold by T. Egerton, Military Library,War Office ; Whitehall ; T. Egerton, Military Library,
War-Off,War-Off,
War-Office,War-Office,
War-Office ; sold by J. Walker,War-Office ; J. Walker,
War-Office ; sold by J. Walker,War-Office ; J. Walker,
War-Office ; sold by J. Walter,War-Office ; J. Walter,
War-office ; sold by J. Walter,War-office ; J. Walter,
War-Office ; sold by J. Walter,War-Office ; J. Walter,
War-Office ; sold by J. Walter,War-Office ; J. Walter,
War-Office ; sold by J. Walter, Charing Cross,War-Office ; J. Walter, Charing Cross,
War-Office ; sold by J. Walter, Charing Cross,War-Office ; J. Walter, Charing Cross,
War-Office ; sold by J. Walter, Charing-Cross,War-Office ; J. Walter, Charing-Cross,
War-Office ; sold by J. Walter, Charing-Cross,War-Office ; J. Walter, Charing-Cross,
War-Office ; sold by J. Walter, Charing-Cross,War-Office ; J. Walter, Charing-Cross,
War-Office ; sold by J. Walter, Charing-Cross,War-Office ; J. Walter, Charing-Cross,
War-Office ; sold by J. Walter, Charing-Cross,War-Office ; J. Walter, Charing-Cross,
War-Office ; sold by J. Walter, Charing-Cross,War-Office ; J. Walter, Charing-Cross,
War-Office ; sold by J. Walter, Charing-Cross,War-Office ; J. Walter, Charing-Cross,
War-Office ; sold by J. Walter, Charing-Cross,War-Office ; J. Walter, Charing-Cross,
Ward,Ward,
Ward,Ward,
Wardour - Street. Soho ; l'imprimerie de Baylis, 15, Greville Street, Holborn. Se trouve chez A. Dulau,Wardour - Street. Soho ; l'imprimerie de Baylis, 15, Greville Street, Holborn. Se trouve chez A. Dulau,
Wardour-Street, Soho ; l'imprimerie de W. & C. Spilsbury. Se vend chez J. de Boffe, Gerard-Street, Soho, A. Dulau ; tous les autres Libraires,Wardour-Street, Soho ; l'imprimerie de W. ; C. Spilsbury. Se vend chez J. de Boffe, Gerard-Street, Soho, A. Dulau ; tous les autres Libraires,
Ware,Ware,
Ware, print. Whitehaven,Ware, print. Whitehaven,
Ware, print. Whitehaven,Ware, print. Whitehaven,
Warren,Warren,
Warren, Margate,Warren, Margate,
Warren, Margate,Warren, Margate,
Watson ; sold by R. Dampier, J. Thompson, W. Manson, T. Davidson,Watson ; R. Dampier, J. Thompson, W. Manson, T. Davidson,
Watson ; sold by R. Dampier, J. Thompson, W. Manson, T. Davidson,Watson ; R. Dampier, J. Thompson, W. Manson, T. Davidson,
Watts & Bridgewater,Watts ; Bridgewater,
Watts & Bridgewater,Watts ; Bridgewater,
Watts & Bridgewater,Watts ; Bridgewater,
Watts & Slatter, Oxford ; press,Watts ; Slatter, Oxford ; press,
Wayland ; sold,Wayland,
Wayte, typographer, Burton,Wayte, typographer, Burton,
weekly by William Kersey & James Edie,weekly William Kersey ; James Edie,
Weir,Weir,
Weir,Weir,
Weir,Weir,
Weir,Weir,
Weir,Weir,
Wenman & Hodgson,Wenman ; Hodgson,
Wenman & Hodgson,Wenman ; Hodgson,
Wenman & Hodgson,Wenman ; Hodgson,
Wenman & Hodgson,Wenman ; Hodgson,
Wenman & Hodgson,Wenman ; Hodgson,
Wenman & Hodgson, NO. 144, Fleet-Street,Wenman ; Hodgson, NO. 144, Fleet-Street,
Wenman & Hodgson, No. 144, Fleet-Street,Wenman ; Hodgson, No. 144, Fleet-Street,
Wenman & Hodgson, No. 144, Fleet-Street,Wenman ; Hodgson, No. 144, Fleet-Street,
Wenman & Hodgson, No. 144, Fleet-Street,Wenman ; Hodgson, No. 144, Fleet-Street,
Wenman & Hodgson, No. 144, Fleet-Street,Wenman ; Hodgson, No. 144, Fleet-Street,
Wenman & Hodgson, No. 144, Fleet-Street,Wenman ; Hodgson, No. 144, Fleet-Street,
Wenman & Hodgson, NO. 144. Fleet-Street,Wenman ; Hodgson, NO. 144. Fleet-Street,
West-Smithfield, London ; sold by J. Evans, No. 41, Long-Lane,West-Smithfield, London ; J. Evans, No. 41, Long-Lane,
Whieldon & Butterworth,Whieldon ; Butterworth,
Whieldon & Butterworth,Whieldon ; Butterworth,
Whieldon & Butterworth,Whieldon ; Butterworth,
Whieldon & Butterworth,Whieldon ; Butterworth,
Whieldon & Butterworth, Fleet-Street,Whieldon ; Butterworth, Fleet-Street,
Whieldon & Butterworth, Fleet-Street,Whieldon ; Butterworth, Fleet-Street,
White,White,
White ; Wisbech,White ; Wisbech,
White-Hart-Yard, Strand,White-Hart-Yard,,
Whitehall ; military Library ; sold by T. Egerton,Whitehall ; military Library ; T. Egerton,
Whitehall ; sold by T. Egerton, Military Library,Whitehall ; T. Egerton, Military Library,
Whitehall ; sold by T. Egerton, Military Library,Whitehall ; T. Egerton, Military Library,
Whitehall ; sold by T. Egerton, Military Library,Whitehall ; T. Egerton, Military Library,
Whitehall ; sold by T. Egerton, Military Library,Whitehall ; T. Egerton, Military Library,
widow,widow,
widow,widow,
Wilkins, No. 60, Holborn Hill ; sold by T. Bennett, No. 7, Plough Court, Fetter Lane Holborn ; sold by T. Massey, No. 18, Snow Hill, M. Trapp, No. 1, Pater-Noster-Row M. Gurney, No. 128,Wilkins, No. 60, Holborn Hill ; T. Bennett, No. 7, Plough Court, Fetter Lane Holborn ; T. Massey, No. 18, Snow Hill, M. Trapp, No. 1, Pater-Noster-Row M. Gurney, No. 128,
Wilkinson, Carey Street, Lincoln's-Inn,Wilkinson, Carey Street, Lincoln's-Inn,
Wilks, Grafton & Reddell, Brimingham,Wilks, Grafton ; Reddell, Brimingham,
Will in Napier, Music sllen to their Majesties, No. 19 Great Queen, Street Lincoln's Inn Fields,Will Napier, Music sllen to their Majesties, No. 19 Great Queen, Street Lincoln's Inn Fields,
Will. Blake,Will. Blake,
William & Spence,William ; Spence,
William Adlard ; sold by Edward Beetham, No 27, Fleet Street,William Adlard ; Edward Beetham, No 27, Fleet Street,
William Adlard, No.10, Salisbury Square, Fleet Street,William Adlard, No.10, Salisbury Square, Fleet Street,
William Bailey,William Bailey,
William Bailey ; little a, no. 42, within Bishopsgate ; sold,William Bailey ; little a, no. 42, within Bishopsgate,
William Bancks,William Bancks,
William Bancks,William Bancks,
William Barker,William Barker,
William Barnes,William Barnes,
William Baugh, Ellesmere,William Baugh, Ellesmere,
William Baynes,William Baynes,
William Baynes,William Baynes,
William Baynes,William Baynes,
William Baynes, No 54. Paternoster Row,William Baynes, No 54. Paternoster Row,
William Baynes, No. 16, Chiswell Street, Moorfields ; sold by J. Parsons, No. 24, Paternoster-Row & Alcock & Sutton, Nottingham,William Baynes, No. 16, Chiswell Street, Moorfields ; J. Parsons, No. 24, Paternoster-Row ; Alcock ; Sutton, Nottingham,
William Bingley, No. 2, Red-lion-passage, Fleet-street,William Bingley, No. 2, Red-lion-passage, Fleet-street,
William Blake,William Blake,
William Blake in the year,William Blake year,
William Blanchard,William Blanchard,
William Blanchard,William Blanchard,
William Blanchard,William Blanchard,
William Blanchard ; sold,William Blanchard,
William Blanchard ; sold,William Blanchard,
William Boag, Holborn,William Boag, Holborn,
William Bray, Book-Binder,William Bray, Book-Binder,
William Burrell,William Burrell,
William Byrne, London,William Byrne, London,
William Cavell,William Cavell,
William Charnley,William Charnley,
William Darton ; no.55, Gracechurch Street ; sold,William Darton ; no.55, Gracechurch Street,
William Dawson, No 7, Pater-Noster-Row, Cheapside,William Dawson, No 7, Pater-Noster-Row, Cheapside,
William Dobson,William Dobson,
William Dyde,William Dyde,
William Eckford,William Eckford,
William Elstob, market-place, Stockton,William Elstob, market-place, Stockton,
William Epps,William Epps,
William Epps,William Epps,
William Eyres,William Eyres,
William Eyres,William Eyres,
William Halhead,William Halhead,
William Hallgarth,William Hallgarth,
William Harrod,William Harrod,
William Holland,William Holland,
William Holland,William Holland,
William Holland,William Holland,
William Holland, No. 50, Oxford Street,William Holland, No. 50, Oxford Street,
William Holland, No. 50, Oxford Street,William Holland, No. 50, Oxford Street,
William Holland, No. 50, Oxford Street ; considerable additions,William Holland, No. 50, Oxford Street ; considerable additions,
William Holland, NO. 50, Oxford-Street,William Holland, NO. 50, Oxford-Street,
William Holland, No. 50, Oxford-Street,William Holland, No. 50, Oxford-Street,
William Holland, NO. 50, Oxford-Street,William Holland, NO. 50, Oxford-Street,
William Huston, No. 4, Castle-Green,William Huston, No. 4, Castle-Green,
William Innes, No. 1, Grace-Church-Street,William Innes, No. 1, Grace-Church-Street,
William Innes, No. 1, Gracechurch-Street ; authoress,William Innes, No. 1, Gracechurch-Street ; authoress,
William Jackson,William Jackson,
William Jackson,William Jackson,
William Jones,William Jones,
William Jones ; castle street,William Jones ; castle street,
William Kemmish, London,William Kemmish, London,
William Lane,William Lane,
William Lane,William Lane,
William Lane,William Lane,
William Lane,William Lane,
William Lane,William Lane,
William Lane,William Lane,
William Lane,William Lane,
William Lane,William Lane,
William Lane,William Lane,
William Lane,William Lane,
William Lane,William Lane,
William Lane,William Lane,
William Lane,William Lane,
William Lane,William Lane,
William Lane,William Lane,
William Lane,William Lane,
William Lane,William Lane,
William Lane,William Lane,
William Lane,William Lane,
William Lane,William Lane,
William Lane,William Lane,
William Lane,William Lane,
William Lane,William Lane,
William Lane,William Lane,
William Lane,William Lane,
William Lane ; sold at Portsmouth, Plymouth, Chatham,William Lane ; at Portsmouth, Plymouth, Chatham,
William Lane, at the Minerva Office, Leadenhall Street,William Lane, at Minerva Office, Leadenhall Street,
William Lane, at the Minerva Office, Leadenhall Street,William Lane, at Minerva Office, Leadenhall Street,
William Lane, at the Minerva Office, Leadenhall Street,William Lane, at Minerva Office, Leadenhall Street,
William Lane, at the Minerva Office, Leadenhall Street,William Lane, at Minerva Office, Leadenhall Street,
William Lane, at the Minerva Office, Leadenhall Street,William Lane, at Minerva Office, Leadenhall Street,
William Lane, at the Minerva Office, Leadenhall Street,William Lane, at Minerva Office, Leadenhall Street,
William Lane, at the Minerva Office, Leadenhall Street ; sold by J. S. Jordan, B. Crosby, E. Harlow,William Lane, at Minerva Office, Leadenhall Street ; J. S. Jordan, B. Crosby, E. Harlow,
William Lane, Leadenhall Street,William Lane, Leadenhall Street,
William Lane, Leadenhall Street,William Lane, Leadenhall Street,
William Lane, Leadenhall-Street,William Lane, Leadenhall-Street,
William Lane, Leadenhall-Street,William Lane, Leadenhall-Street,
William Lane, Leadenhall-Street,William Lane, Leadenhall-Street,
William Lane, Leadenhall-Street,William Lane, Leadenhall-Street,
William Lane, Leadenhall-Street,William Lane, Leadenhall-Street,
William Lane, Leadenhall-Street,William Lane, Leadenhall-Street,
William Lane, Leadenhall-Street,William Lane, Leadenhall-Street,
William Lane, Leadenhall-Street,William Lane, Leadenhall-Street,
William Lane, Leadenhall-Street,William Lane, Leadenhall-Street,
William Lane, Leadenhall-street,William Lane, Leadenhall-street,
William Lane, Leadenhall-street,William Lane, Leadenhall-street,
William Lane, Leadenhall-Street ; sold,William Lane, Leadenhall-Street,
William Lee,William Lee,
William Matthews, No. 62, Broad-Mead,William Matthews, No. 62, Broad-Mead,
William Miller, Old Bond Street,William Miller, Old Bond Street,
William Miller, Old Bond Street,William Miller, Old Bond Street,
William Miller, Old Bond-Street,William Miller, Old Bond-Street,
William Moore, No. 8, Leadenhall-Street,William Moore, No. 8, Leadenhall-Street,
William Nevett,William Nevett,
William Nicholson,William Nicholson,
William Osborne,William Osborne,
William Osborne,William Osborne,
William Pennington,William Pennington,
William Pennington,William Pennington,
William Phorson,William Phorson,
William Phorson,William Phorson,
William Phorson,William Phorson,
William Phorson,William Phorson,
William Phorson,William Phorson,
William Pine,William Pine,
William Pine,William Pine,
William Pine ; Wine-Street,William Pine ; Wine-Street,
William Pine & sold by W. Bulgin,William Pine ; W. Bulgin,
William Pine. Sold in London by C. Dilly & in Bristol,William Pine. Sold London C. Dilly ; Bristol,
William Ramsey ; sold by John Marsom,William Ramsey ; John Marsom,
William Richardson,William Richardson,
William Richardson,William Richardson,
William Richardson,William Richardson,
William Richardson ; said Commissioners ; sold by P. Elmsly, Strand,William Richardson ; said Commissioners ; P. Elmsly,,
William Richardson ; said Commissioners ; sold by P. Elmsly, Strand,William Richardson ; said Commissioners ; P. Elmsly,,
William Richardson ; said Commissioners ; sold by P. Elmsly, Strand,William Richardson ; said Commissioners ; P. Elmsly,,
William Richardson ; said Commissioners ; sold by P. Elmsly, Strand,William Richardson ; said Commissioners ; P. Elmsly,,
William Richardson ; sold by J. Murray, no 32, Fleet-street,William Richardson ; J. Murray, no 32, Fleet-street,
William Richardson ; sold by P. Elmsly,William Richardson ; P. Elmsly,
William Richardson, Royal-Exchange,William Richardson, Royal-Exchange,
William Simmons, Paternoster-Row,William Simmons, Paternoster-Row,
William Stewart, opposite York-House, Piccadilly ; parsons, Paternoster Row,William Stewart, opposite York-House, Piccadilly ; parsons, Paternoster Row,
William Strahan,William Strahan,
William Strahan,William Strahan,
William Strahan,William Strahan,
William Strahan,William Strahan,
William Strahan,William Strahan,
William Strahan,William Strahan,
William Strahan,William Strahan,
William Strahan,William Strahan,
William Strahan,William Strahan,
William Stuart,William Stuart,
William Turner,William Turner,
William Turner,William Turner,
William Vowell,William Vowell,
William Watton, 25, Church-Street,William Watton, 25, Church-Street,
William Woodfall, Salisbury-Square,William Woodfall, Salisbury-Square,
Williams,Williams,
Williamson & Billinge, Castle-street,Williamson ; Billinge, Castle-street,
Willm Napier No. 49 Great Queen Street Lincoln's Inn Fields,Willm Napier No. 49 Great Queen Street Lincoln's Inn Fields,
Willm. Blake,Willm. Blake,
Willm. Napier,Willm. Napier,
Willm. Napier,Willm. Napier,
Willm. Napier,Willm. Napier,
Wilson & Branthwaite,Wilson ; Branthwaite,
Wilson Spence & Mawman,Wilson Spence ; Mawman,
Wilson, Spence & Mawman,Wilson, Spence ; Mawman,
Wilson, Spence & Mawman,Wilson, Spence ; Mawman,
Wilson, Spence & Mawman,Wilson, Spence ; Mawman,
Wilson, Spence & Mawman,Wilson, Spence ; Mawman,
Wilson, Spence & Mawman,Wilson, Spence ; Mawman,
Wilson, Spence & Mawman, York,Wilson, Spence ; Mawman, York,
Wilson, Spence, & Mawman,Wilson, Spence, ; Mawman,
Wilson, Spence, & Mawman,Wilson, Spence, ; Mawman,
Wilson, Spence, & Mawman,Wilson, Spence, ; Mawman,
Wilson, Spence, & Mawman,Wilson, Spence, ; Mawman,
Wilson, Spence, & Mawman,Wilson, Spence, ; Mawman,
Wilson, Spence, & Mawman,Wilson, Spence, ; Mawman,
Wilson, Spence, & Mawman,Wilson, Spence, ; Mawman,
Wilson, Spence, & Mawman,Wilson, Spence, ; Mawman,
Wilson, Spence, & Mawman,Wilson, Spence, ; Mawman,
Wilson, Spence, & Mawman,Wilson, Spence, ; Mawman,
Wilson, Spence, & Mawman,Wilson, Spence, ; Mawman,
Wilson, Spence, & Mawman,Wilson, Spence, ; Mawman,
Wilson, Spence, & Mawman,Wilson, Spence, ; Mawman,
Wilson, Spence, & Mawman ; sold by Cadell jun & Davies, London,Wilson, Spence, ; Mawman ; Cadell Jr. ; Davies, London,
Wilson, Spence, & Mawman ; sold by Cadell, Jun & Davies, London,Wilson, Spence, ; Mawman ; Cadell, Jr. ; Davies, London,
Wilson, Spence, & Mawman, Anno,Wilson, Spence, ; Mawman, Anno,
Wilson, Spence, & Mawman, High-Gusegate,Wilson, Spence, ; Mawman, High-Gusegate,
Wilson, Spence, & Mawman. Anno,Wilson, Spence, ; Mawman. Anno,
Wilson, Spence, & Mawman. Anno,Wilson, Spence, ; Mawman. Anno,
Windsor Guide ; sold by C. Knight, Castle-Street. Of whom,Windsor Guide ; C. Knight, Castle-Street. Of whom,
Winght ; da' torchi di Gio,Winght ; da' torchi di Gio,
Wm. Blanchard,Wm. Blanchard,
Wm. Blanchard,Wm. Blanchard,
Wm. Blanchard,Wm. Blanchard,
Wm. Blanchard,Wm. Blanchard,
Wm. Blanchard,Wm. Blanchard,
Wm. Burrell,Wm. Burrell,
Wm. Holland, No. 50. Oxford street,Wm. Holland, No. 50. Oxford street,
Wm. Jones,Wm. Jones,
Wm. Nevett,Wm. Nevett,
Wm. Nevett,Wm. Nevett,
Wm. Vidler ; general. Jan ; sold by Teulon,Wm. Vidler ; general. Jan ; Teulon,
Wn. Brown, Corner of Essex Street, Strand,Wn. Brown, Corner of Essex Street,,
Wocan, No. 23, Old-Bridge,Wocan, No. 23, Old-Bridge,
Wooding & Arnold & deliver'd ; gratis ; their office, & at Mr. T. Cadell's. Jany. 31,Wooding ; Arnold ; deliver'd ; gratis ; their office, ; at Mr. T. Cadell's. Jany. 31,
Woodward, Portsea,Woodward, Portsea,
Woodward, Portsea,Woodward, Portsea,
Woolmer,Woolmer,
Woolmer ; sold by Mr. Button, Paternoster-Row,Woolmer ; Mr. Button, Paternoster-Row,
World ; World-Office,World ; World-Office,
World Printing-Office,World Printing-Office,
Worrall & Tovey,Worrall ; Tovey,
Wotton-uder-edge ; sold at the Printing-Office, near the Market-Place,Wotton-uder-edge ; at Printing-Office, near Market-Place,
Yard, London ; sold in Alder,Yard, London ; Alder,
Yarington & Bacon,Yarington ; Bacon,
Yarington & Bacon,Yarington ; Bacon,
Yarington & Bacon,Yarington ; Bacon,
Yarington & Bacon,Yarington ; Bacon,
Yarington & Bacon,Yarington ; Bacon,
Yarington & Bacon ; sold by C. Dilly, Poultry, London,Yarington ; Bacon ; C. Dilly, Poultry, London,
Yarington & Bacon, Norwich,Yarington ; Bacon, Norwich,
Yarington & Bacon, Norwich,Yarington ; Bacon, Norwich,
Yarington & Bacon, Norwich,Yarington ; Bacon, Norwich,
Yarington & Bacon, Norwich,Yarington ; Bacon, Norwich,
Yarington & Bacon, Norwich,Yarington ; Bacon, Norwich,
Yarington & Bacon, Norwich,Yarington ; Bacon, Norwich,
Yarington & Bacon, Norwich,Yarington ; Bacon, Norwich,
Yarington & Bacon, Norwich ; sold,Yarington ; Bacon, Norwich,
Yarington & Bacon, Norwich ; sold,Yarington ; Bacon, Norwich,
year,year,
year,year,
year M Lcc LXXXX. Aand sold by J. Johnson, No. 72, St. Paul's Church-Yard, London,year M Lcc LXXXX. Aand J. Johnson, No. 72, St. Paul's Church-Yard, London,
year M,DCC,XC,year M,DCC,XC,
year M.DCC.LVII ; year M.DCC.V,year M.DCC.LVII ; year M.DCC.V,
year MDCXCV,year MDCXCV,
year of Christ,year of Christ,
year of Christ,year of Christ,
year of Christ,year of Christ,
year of Christ,year of Christ,
year of Christ,year of Christ,
year of Christ,year of Christ,
year of Christ,year of Christ,
year of Christ,year of Christ,
year of Christ,year of Christ,
year of Christ,year of Christ,
year of Christ,year of Christ,
year of Christ,year of Christ,
year of Christ,year of Christ,
year of Christ,year of Christ,
year of Christ,year of Christ,
year of Christ,year of Christ,
year of Christ,year of Christ,
year of Christ,year of Christ,
year of Christ,year of Christ,
year of Christ,year of Christ,
year of Christ,year of Christ,
year of Christ M DCC Xcv. Sold at J. Wright's, No. 48, Dorset-Street, Manchester-Square,year of Christ M DCC Xcv. Sold at J. Wright's, No. 48, Dorset-Street, Manchester-Square,
year of our Lord,year of our Lord,
year of Our Lord,year of Our Lord,
yeay,yeay,
Yn Llundain y cyhoedded, ac ar werth gan yr awdur, Gwerth 6s,Yn Llundain y cyhoedded, ac ar werth gan yr awdur, Gwerth 6s,
yn Ngwrecsam, ac ar werth yno gan R. Marsh, Yn y flwyddyn,yn Ngwrecsam, ac ar werth yno gan R. Marsh, Yn y flwyddyn,
yn y Flwyddyn,yn y Flwyddyn,
yn y Mwythig, gan J. a W. Eddowes,yn y Mwythig, gan J. a W. Eddowes,
Ynghroesoswallt, gan W. Edwards,Ynghroesoswallt, gan W. Edwards,
Yockney,Yockney,
York ; late Edwd. Wickstead. By Thomas Wilson,York ; late Edwd. Wickstead. By Thomas Wilson,
zu haben bei J. Young, Buchhaendler No. 4. Brydges-Street, Covent Garden,zu haben bei J. Young, Buchhaendler No. 4. Brydges-Street, Covent Garden,
